[0.014s] Invoking command in '/home/nithish/ROS/moveit2_ws/build/moveit2_controller': CMAKE_PREFIX_PATH=${CMAKE_PREFIX_PATH}:/opt/ros/jazzy DEBUGINFOD_URLS=https://debuginfod.ubuntu.com /usr/bin/cmake --build /home/nithish/ROS/moveit2_ws/build/moveit2_controller -- -j8 -l8
[0.068s] Invoked command in '/home/nithish/ROS/moveit2_ws/build/moveit2_controller' returned '0': CMAKE_PREFIX_PATH=${CMAKE_PREFIX_PATH}:/opt/ros/jazzy DEBUGINFOD_URLS=https://debuginfod.ubuntu.com /usr/bin/cmake --build /home/nithish/ROS/moveit2_ws/build/moveit2_controller -- -j8 -l8
[0.069s] Invoking command in '/home/nithish/ROS/moveit2_ws/build/moveit2_controller': CMAKE_PREFIX_PATH=${CMAKE_PREFIX_PATH}:/opt/ros/jazzy DEBUGINFOD_URLS=https://debuginfod.ubuntu.com /usr/bin/cmake --install /home/nithish/ROS/moveit2_ws/build/moveit2_controller
[0.075s] -- Install configuration: ""
[0.076s] -- Up-to-date: /home/nithish/ROS/moveit2_ws/install/moveit2_controller/share/moveit2_controller/config
[0.076s] -- Up-to-date: /home/nithish/ROS/moveit2_ws/install/moveit2_controller/share/moveit2_controller/config/ros2_controllers.yaml
[0.076s] -- Up-to-date: /home/nithish/ROS/moveit2_ws/install/moveit2_controller/share/moveit2_controller/launch
[0.076s] -- Up-to-date: /home/nithish/ROS/moveit2_ws/install/moveit2_controller/share/moveit2_controller/launch/controller.launch.py
[0.076s] -- Up-to-date: /home/nithish/ROS/moveit2_ws/install/moveit2_controller/share/ament_index/resource_index/package_run_dependencies/moveit2_controller
[0.076s] -- Up-to-date: /home/nithish/ROS/moveit2_ws/install/moveit2_controller/share/ament_index/resource_index/parent_prefix_path/moveit2_controller
[0.076s] -- Up-to-date: /home/nithish/ROS/moveit2_ws/install/moveit2_controller/share/moveit2_controller/environment/ament_prefix_path.sh
[0.076s] -- Up-to-date: /home/nithish/ROS/moveit2_ws/install/moveit2_controller/share/moveit2_controller/environment/ament_prefix_path.dsv
[0.076s] -- Up-to-date: /home/nithish/ROS/moveit2_ws/install/moveit2_controller/share/moveit2_controller/environment/path.sh
[0.076s] -- Up-to-date: /home/nithish/ROS/moveit2_ws/install/moveit2_controller/share/moveit2_controller/environment/path.dsv
[0.078s] -- Up-to-date: /home/nithish/ROS/moveit2_ws/install/moveit2_controller/share/moveit2_controller/local_setup.bash
[0.079s] -- Up-to-date: /home/nithish/ROS/moveit2_ws/install/moveit2_controller/share/moveit2_controller/local_setup.sh
[0.079s] -- Up-to-date: /home/nithish/ROS/moveit2_ws/install/moveit2_controller/share/moveit2_controller/local_setup.zsh
[0.079s] -- Up-to-date: /home/nithish/ROS/moveit2_ws/install/moveit2_controller/share/moveit2_controller/local_setup.dsv
[0.079s] -- Installing: /home/nithish/ROS/moveit2_ws/install/moveit2_controller/share/moveit2_controller/package.dsv
[0.079s] -- Up-to-date: /home/nithish/ROS/moveit2_ws/install/moveit2_controller/share/ament_index/resource_index/packages/moveit2_controller
[0.079s] -- Up-to-date: /home/nithish/ROS/moveit2_ws/install/moveit2_controller/share/moveit2_controller/cmake/moveit2_controllerConfig.cmake
[0.079s] -- Up-to-date: /home/nithish/ROS/moveit2_ws/install/moveit2_controller/share/moveit2_controller/cmake/moveit2_controllerConfig-version.cmake
[0.079s] -- Up-to-date: /home/nithish/ROS/moveit2_ws/install/moveit2_controller/share/moveit2_controller/package.xml
[0.097s] Invoked command in '/home/nithish/ROS/moveit2_ws/build/moveit2_controller' returned '0': CMAKE_PREFIX_PATH=${CMAKE_PREFIX_PATH}:/opt/ros/jazzy DEBUGINFOD_URLS=https://debuginfod.ubuntu.com /usr/bin/cmake --install /home/nithish/ROS/moveit2_ws/build/moveit2_controller
