-- Install configuration: ""
-- Up-to-date: /home/nithish/ROS/moveit2_ws/install/moveit2_description/share/moveit2_description/meshes
-- Up-to-date: /home/nithish/ROS/moveit2_ws/install/moveit2_description/share/moveit2_description/meshes/visual
-- Up-to-date: /home/nithish/ROS/moveit2_ws/install/moveit2_description/share/moveit2_description/meshes/visual/hand.dae
-- Up-to-date: /home/nithish/ROS/moveit2_ws/install/moveit2_description/share/moveit2_description/meshes/visual/link0.dae
-- Up-to-date: /home/nithish/ROS/moveit2_ws/install/moveit2_description/share/moveit2_description/meshes/visual/link6.dae
-- Up-to-date: /home/nithish/ROS/moveit2_ws/install/moveit2_description/share/moveit2_description/meshes/visual/link3.dae
-- Up-to-date: /home/nithish/ROS/moveit2_ws/install/moveit2_description/share/moveit2_description/meshes/visual/link5.dae
-- Up-to-date: /home/nithish/ROS/moveit2_ws/install/moveit2_description/share/moveit2_description/meshes/visual/finger.dae
-- Up-to-date: /home/nithish/ROS/moveit2_ws/install/moveit2_description/share/moveit2_description/meshes/visual/finger_old.dae
-- Up-to-date: /home/nithish/ROS/moveit2_ws/install/moveit2_description/share/moveit2_description/meshes/visual/link4.dae
-- Up-to-date: /home/nithish/ROS/moveit2_ws/install/moveit2_description/share/moveit2_description/meshes/visual/link7.dae
-- Up-to-date: /home/nithish/ROS/moveit2_ws/install/moveit2_description/share/moveit2_description/meshes/visual/link2.dae
-- Up-to-date: /home/nithish/ROS/moveit2_ws/install/moveit2_description/share/moveit2_description/meshes/visual/camera.dae
-- Up-to-date: /home/nithish/ROS/moveit2_ws/install/moveit2_description/share/moveit2_description/meshes/visual/link1.dae
-- Up-to-date: /home/nithish/ROS/moveit2_ws/install/moveit2_description/share/moveit2_description/meshes/collision
-- Up-to-date: /home/nithish/ROS/moveit2_ws/install/moveit2_description/share/moveit2_description/meshes/collision/link6.stl
-- Up-to-date: /home/nithish/ROS/moveit2_ws/install/moveit2_description/share/moveit2_description/meshes/collision/link1.stl
-- Up-to-date: /home/nithish/ROS/moveit2_ws/install/moveit2_description/share/moveit2_description/meshes/collision/finger.stl
-- Up-to-date: /home/nithish/ROS/moveit2_ws/install/moveit2_description/share/moveit2_description/meshes/collision/link3.stl
-- Up-to-date: /home/nithish/ROS/moveit2_ws/install/moveit2_description/share/moveit2_description/meshes/collision/finger_old.stl
-- Up-to-date: /home/nithish/ROS/moveit2_ws/install/moveit2_description/share/moveit2_description/meshes/collision/link2.stl
-- Up-to-date: /home/nithish/ROS/moveit2_ws/install/moveit2_description/share/moveit2_description/meshes/collision/link0.stl
-- Up-to-date: /home/nithish/ROS/moveit2_ws/install/moveit2_description/share/moveit2_description/meshes/collision/link5.stl
-- Up-to-date: /home/nithish/ROS/moveit2_ws/install/moveit2_description/share/moveit2_description/meshes/collision/hand.stl
-- Up-to-date: /home/nithish/ROS/moveit2_ws/install/moveit2_description/share/moveit2_description/meshes/collision/link4.stl
-- Up-to-date: /home/nithish/ROS/moveit2_ws/install/moveit2_description/share/moveit2_description/meshes/collision/camera.stl
-- Up-to-date: /home/nithish/ROS/moveit2_ws/install/moveit2_description/share/moveit2_description/meshes/collision/link7.stl
-- Up-to-date: /home/nithish/ROS/moveit2_ws/install/moveit2_description/share/moveit2_description/urdf
-- Up-to-date: /home/nithish/ROS/moveit2_ws/install/moveit2_description/share/moveit2_description/urdf/panda.gazebo_ros2_control.xacro
-- Up-to-date: /home/nithish/ROS/moveit2_ws/install/moveit2_description/share/moveit2_description/urdf/panda.urdf
-- Up-to-date: /home/nithish/ROS/moveit2_ws/install/moveit2_description/share/moveit2_description/urdf/panda.urdf.xacro
-- Up-to-date: /home/nithish/ROS/moveit2_ws/install/moveit2_description/share/moveit2_description/urdf/camera
-- Up-to-date: /home/nithish/ROS/moveit2_ws/install/moveit2_description/share/moveit2_description/urdf/camera/camera.gazebo
-- Up-to-date: /home/nithish/ROS/moveit2_ws/install/moveit2_description/share/moveit2_description/urdf/camera/camera.xacro
-- Up-to-date: /home/nithish/ROS/moveit2_ws/install/moveit2_description/share/moveit2_description/urdf/initial_positions.yaml
-- Up-to-date: /home/nithish/ROS/moveit2_ws/install/moveit2_description/share/moveit2_description/launch
-- Up-to-date: /home/nithish/ROS/moveit2_ws/install/moveit2_description/share/moveit2_description/launch/rviz.launch.py
-- Up-to-date: /home/nithish/ROS/moveit2_ws/install/moveit2_description/share/moveit2_description/launch/gazebo.launch.py
-- Up-to-date: /home/nithish/ROS/moveit2_ws/install/moveit2_description/share/moveit2_description/worlds
-- Up-to-date: /home/nithish/ROS/moveit2_ws/install/moveit2_description/share/moveit2_description/worlds/table
-- Up-to-date: /home/nithish/ROS/moveit2_ws/install/moveit2_description/share/moveit2_description/worlds/table/model-1_4.sdf
-- Up-to-date: /home/nithish/ROS/moveit2_ws/install/moveit2_description/share/moveit2_description/worlds/table/model.config
-- Up-to-date: /home/nithish/ROS/moveit2_ws/install/moveit2_description/share/moveit2_description/worlds/table/model-1_2.sdf
-- Up-to-date: /home/nithish/ROS/moveit2_ws/install/moveit2_description/share/moveit2_description/worlds/table/model-1_3.sdf
-- Up-to-date: /home/nithish/ROS/moveit2_ws/install/moveit2_description/share/moveit2_description/worlds/table/model.sdf
-- Installing: /home/nithish/ROS/moveit2_ws/install/moveit2_description/share/moveit2_description/worlds/gazebo_world.sdf
-- Up-to-date: /home/nithish/ROS/moveit2_ws/install/moveit2_description/share/moveit2_description/worlds/camera
-- Up-to-date: /home/nithish/ROS/moveit2_ws/install/moveit2_description/share/moveit2_description/worlds/camera/meshes
-- Up-to-date: /home/nithish/ROS/moveit2_ws/install/moveit2_description/share/moveit2_description/worlds/camera/meshes/camera.dae
-- Up-to-date: /home/nithish/ROS/moveit2_ws/install/moveit2_description/share/moveit2_description/worlds/camera/meshes/camera.stl
-- Up-to-date: /home/nithish/ROS/moveit2_ws/install/moveit2_description/share/moveit2_description/worlds/camera/model.config
-- Up-to-date: /home/nithish/ROS/moveit2_ws/install/moveit2_description/share/moveit2_description/worlds/camera/model.sdf
-- Up-to-date: /home/nithish/ROS/moveit2_ws/install/moveit2_description/share/moveit2_description/config
-- Up-to-date: /home/nithish/ROS/moveit2_ws/install/moveit2_description/share/moveit2_description/config/ros_gz_bridge.yaml
-- Up-to-date: /home/nithish/ROS/moveit2_ws/install/moveit2_description/share/ament_index/resource_index/package_run_dependencies/moveit2_description
-- Up-to-date: /home/nithish/ROS/moveit2_ws/install/moveit2_description/share/ament_index/resource_index/parent_prefix_path/moveit2_description
-- Up-to-date: /home/nithish/ROS/moveit2_ws/install/moveit2_description/share/moveit2_description/environment/ament_prefix_path.sh
-- Up-to-date: /home/nithish/ROS/moveit2_ws/install/moveit2_description/share/moveit2_description/environment/ament_prefix_path.dsv
-- Up-to-date: /home/nithish/ROS/moveit2_ws/install/moveit2_description/share/moveit2_description/environment/path.sh
-- Up-to-date: /home/nithish/ROS/moveit2_ws/install/moveit2_description/share/moveit2_description/environment/path.dsv
-- Up-to-date: /home/nithish/ROS/moveit2_ws/install/moveit2_description/share/moveit2_description/local_setup.bash
-- Up-to-date: /home/nithish/ROS/moveit2_ws/install/moveit2_description/share/moveit2_description/local_setup.sh
-- Up-to-date: /home/nithish/ROS/moveit2_ws/install/moveit2_description/share/moveit2_description/local_setup.zsh
-- Up-to-date: /home/nithish/ROS/moveit2_ws/install/moveit2_description/share/moveit2_description/local_setup.dsv
-- Installing: /home/nithish/ROS/moveit2_ws/install/moveit2_description/share/moveit2_description/package.dsv
-- Up-to-date: /home/nithish/ROS/moveit2_ws/install/moveit2_description/share/ament_index/resource_index/packages/moveit2_description
-- Up-to-date: /home/nithish/ROS/moveit2_ws/install/moveit2_description/share/moveit2_description/cmake/moveit2_descriptionConfig.cmake
-- Up-to-date: /home/nithish/ROS/moveit2_ws/install/moveit2_description/share/moveit2_description/cmake/moveit2_descriptionConfig-version.cmake
-- Up-to-date: /home/nithish/ROS/moveit2_ws/install/moveit2_description/share/moveit2_description/package.xml
