[0.086s] DEBUG:colcon:Command line arguments: ['/usr/bin/colcon', 'build']
[0.087s] DEBUG:colcon:Parsed command line arguments: Namespace(log_base=None, log_level=None, verb_name='build', build_base='build', install_base='install', merge_install=False, symlink_install=False, test_result_base=None, continue_on_error=False, executor='parallel', parallel_workers=8, event_handlers=None, ignore_user_meta=False, metas=['./colcon.meta'], base_paths=['.'], packages_ignore=None, packages_ignore_regex=None, paths=None, packages_up_to=None, packages_up_to_regex=None, packages_above=None, packages_above_and_dependencies=None, packages_above_depth=None, packages_select_by_dep=None, packages_skip_by_dep=None, packages_skip_up_to=None, packages_select_build_failed=False, packages_skip_build_finished=False, packages_select_test_failures=False, packages_skip_test_passed=False, packages_select=None, packages_skip=None, packages_select_regex=None, packages_skip_regex=None, packages_start=None, packages_end=None, allow_overriding=[], cmake_args=None, cmake_target=None, cmake_target_skip_unavailable=False, cmake_clean_cache=False, cmake_clean_first=False, cmake_force_configure=False, ament_cmake_args=None, catkin_cmake_args=None, catkin_skip_building_tests=False, mixin_files=None, mixin=None, verb_parser=<colcon_mixin.mixin.mixin_argument.MixinArgumentDecorator object at 0x75aa9faf0f50>, verb_extension=<colcon_core.verb.build.BuildVerb object at 0x75aa9faf0890>, main=<bound method BuildVerb.main of <colcon_core.verb.build.BuildVerb object at 0x75aa9faf0890>>, mixin_verb=('build',))
[0.112s] Level 1:colcon.colcon_core.package_discovery:discover_packages(colcon_meta) check parameters
[0.112s] Level 1:colcon.colcon_core.package_discovery:discover_packages(recursive) check parameters
[0.112s] Level 1:colcon.colcon_core.package_discovery:discover_packages(ignore) check parameters
[0.112s] Level 1:colcon.colcon_core.package_discovery:discover_packages(path) check parameters
[0.112s] Level 1:colcon.colcon_core.package_discovery:discover_packages(colcon_meta) discover
[0.112s] Level 1:colcon.colcon_core.package_discovery:discover_packages(recursive) discover
[0.112s] INFO:colcon.colcon_core.package_discovery:Crawling recursively for packages in '/home/nithish/ROS/moveit2_ws'
[0.112s] Level 1:colcon.colcon_core.package_identification:_identify(.) by extensions ['ignore', 'ignore_ament_install']
[0.112s] Level 1:colcon.colcon_core.package_identification:_identify(.) by extension 'ignore'
[0.113s] Level 1:colcon.colcon_core.package_identification:_identify(.) by extension 'ignore_ament_install'
[0.113s] Level 1:colcon.colcon_core.package_identification:_identify(.) by extensions ['colcon_pkg']
[0.113s] Level 1:colcon.colcon_core.package_identification:_identify(.) by extension 'colcon_pkg'
[0.113s] Level 1:colcon.colcon_core.package_identification:_identify(.) by extensions ['colcon_meta']
[0.113s] Level 1:colcon.colcon_core.package_identification:_identify(.) by extension 'colcon_meta'
[0.113s] Level 1:colcon.colcon_core.package_identification:_identify(.) by extensions ['ros']
[0.113s] Level 1:colcon.colcon_core.package_identification:_identify(.) by extension 'ros'
[0.132s] Level 1:colcon.colcon_core.package_identification:_identify(.) by extensions ['cmake', 'python']
[0.132s] Level 1:colcon.colcon_core.package_identification:_identify(.) by extension 'cmake'
[0.132s] Level 1:colcon.colcon_core.package_identification:_identify(.) by extension 'python'
[0.132s] Level 1:colcon.colcon_core.package_identification:_identify(.) by extensions ['python_setup_py']
[0.132s] Level 1:colcon.colcon_core.package_identification:_identify(.) by extension 'python_setup_py'
[0.132s] Level 1:colcon.colcon_core.package_identification:_identify(build) by extensions ['ignore', 'ignore_ament_install']
[0.132s] Level 1:colcon.colcon_core.package_identification:_identify(build) by extension 'ignore'
[0.132s] Level 1:colcon.colcon_core.package_identification:_identify(build) ignored
[0.132s] Level 1:colcon.colcon_core.package_identification:_identify(install) by extensions ['ignore', 'ignore_ament_install']
[0.132s] Level 1:colcon.colcon_core.package_identification:_identify(install) by extension 'ignore'
[0.132s] Level 1:colcon.colcon_core.package_identification:_identify(install) ignored
[0.132s] Level 1:colcon.colcon_core.package_identification:_identify(log) by extensions ['ignore', 'ignore_ament_install']
[0.132s] Level 1:colcon.colcon_core.package_identification:_identify(log) by extension 'ignore'
[0.132s] Level 1:colcon.colcon_core.package_identification:_identify(log) ignored
[0.132s] Level 1:colcon.colcon_core.package_identification:_identify(src) by extensions ['ignore', 'ignore_ament_install']
[0.132s] Level 1:colcon.colcon_core.package_identification:_identify(src) by extension 'ignore'
[0.132s] Level 1:colcon.colcon_core.package_identification:_identify(src) by extension 'ignore_ament_install'
[0.132s] Level 1:colcon.colcon_core.package_identification:_identify(src) by extensions ['colcon_pkg']
[0.132s] Level 1:colcon.colcon_core.package_identification:_identify(src) by extension 'colcon_pkg'
[0.132s] Level 1:colcon.colcon_core.package_identification:_identify(src) by extensions ['colcon_meta']
[0.132s] Level 1:colcon.colcon_core.package_identification:_identify(src) by extension 'colcon_meta'
[0.132s] Level 1:colcon.colcon_core.package_identification:_identify(src) by extensions ['ros']
[0.132s] Level 1:colcon.colcon_core.package_identification:_identify(src) by extension 'ros'
[0.133s] Level 1:colcon.colcon_core.package_identification:_identify(src) by extensions ['cmake', 'python']
[0.133s] Level 1:colcon.colcon_core.package_identification:_identify(src) by extension 'cmake'
[0.133s] Level 1:colcon.colcon_core.package_identification:_identify(src) by extension 'python'
[0.133s] Level 1:colcon.colcon_core.package_identification:_identify(src) by extensions ['python_setup_py']
[0.133s] Level 1:colcon.colcon_core.package_identification:_identify(src) by extension 'python_setup_py'
[0.133s] Level 1:colcon.colcon_core.package_identification:_identify(src/moveit2_controller) by extensions ['ignore', 'ignore_ament_install']
[0.133s] Level 1:colcon.colcon_core.package_identification:_identify(src/moveit2_controller) by extension 'ignore'
[0.133s] Level 1:colcon.colcon_core.package_identification:_identify(src/moveit2_controller) by extension 'ignore_ament_install'
[0.133s] Level 1:colcon.colcon_core.package_identification:_identify(src/moveit2_controller) by extensions ['colcon_pkg']
[0.133s] Level 1:colcon.colcon_core.package_identification:_identify(src/moveit2_controller) by extension 'colcon_pkg'
[0.133s] Level 1:colcon.colcon_core.package_identification:_identify(src/moveit2_controller) by extensions ['colcon_meta']
[0.133s] Level 1:colcon.colcon_core.package_identification:_identify(src/moveit2_controller) by extension 'colcon_meta'
[0.133s] Level 1:colcon.colcon_core.package_identification:_identify(src/moveit2_controller) by extensions ['ros']
[0.133s] Level 1:colcon.colcon_core.package_identification:_identify(src/moveit2_controller) by extension 'ros'
[0.134s] DEBUG:colcon.colcon_core.package_identification:Package 'src/moveit2_controller' with type 'ros.ament_cmake' and name 'moveit2_controller'
[0.134s] Level 1:colcon.colcon_core.package_identification:_identify(src/moveit2_description) by extensions ['ignore', 'ignore_ament_install']
[0.135s] Level 1:colcon.colcon_core.package_identification:_identify(src/moveit2_description) by extension 'ignore'
[0.135s] Level 1:colcon.colcon_core.package_identification:_identify(src/moveit2_description) by extension 'ignore_ament_install'
[0.135s] Level 1:colcon.colcon_core.package_identification:_identify(src/moveit2_description) by extensions ['colcon_pkg']
[0.135s] Level 1:colcon.colcon_core.package_identification:_identify(src/moveit2_description) by extension 'colcon_pkg'
[0.135s] Level 1:colcon.colcon_core.package_identification:_identify(src/moveit2_description) by extensions ['colcon_meta']
[0.135s] Level 1:colcon.colcon_core.package_identification:_identify(src/moveit2_description) by extension 'colcon_meta'
[0.135s] Level 1:colcon.colcon_core.package_identification:_identify(src/moveit2_description) by extensions ['ros']
[0.135s] Level 1:colcon.colcon_core.package_identification:_identify(src/moveit2_description) by extension 'ros'
[0.135s] DEBUG:colcon.colcon_core.package_identification:Package 'src/moveit2_description' with type 'ros.ament_cmake' and name 'moveit2_description'
[0.135s] Level 1:colcon.colcon_core.package_identification:_identify(src/moveit2_moveit) by extensions ['ignore', 'ignore_ament_install']
[0.135s] Level 1:colcon.colcon_core.package_identification:_identify(src/moveit2_moveit) by extension 'ignore'
[0.135s] Level 1:colcon.colcon_core.package_identification:_identify(src/moveit2_moveit) by extension 'ignore_ament_install'
[0.135s] Level 1:colcon.colcon_core.package_identification:_identify(src/moveit2_moveit) by extensions ['colcon_pkg']
[0.135s] Level 1:colcon.colcon_core.package_identification:_identify(src/moveit2_moveit) by extension 'colcon_pkg'
[0.135s] Level 1:colcon.colcon_core.package_identification:_identify(src/moveit2_moveit) by extensions ['colcon_meta']
[0.135s] Level 1:colcon.colcon_core.package_identification:_identify(src/moveit2_moveit) by extension 'colcon_meta'
[0.135s] Level 1:colcon.colcon_core.package_identification:_identify(src/moveit2_moveit) by extensions ['ros']
[0.135s] Level 1:colcon.colcon_core.package_identification:_identify(src/moveit2_moveit) by extension 'ros'
[0.136s] DEBUG:colcon.colcon_core.package_identification:Package 'src/moveit2_moveit' with type 'ros.ament_cmake' and name 'moveit2_moveit'
[0.136s] Level 1:colcon.colcon_core.package_discovery:discover_packages(recursive) using defaults
[0.136s] Level 1:colcon.colcon_core.package_discovery:discover_packages(ignore) discover
[0.136s] Level 1:colcon.colcon_core.package_discovery:discover_packages(ignore) using defaults
[0.136s] Level 1:colcon.colcon_core.package_discovery:discover_packages(path) discover
[0.136s] Level 1:colcon.colcon_core.package_discovery:discover_packages(path) using defaults
[0.149s] Level 1:colcon.colcon_core.package_discovery:discover_packages(prefix_path) check parameters
[0.149s] Level 1:colcon.colcon_core.package_discovery:discover_packages(prefix_path) discover
[0.151s] DEBUG:colcon.colcon_installed_package_information.package_discovery:Found 529 installed packages in /opt/ros/jazzy
[0.153s] Level 1:colcon.colcon_core.package_discovery:discover_packages(prefix_path) using defaults
[0.207s] Level 5:colcon.colcon_core.verb:set package 'moveit2_controller' build argument 'cmake_args' from command line to 'None'
[0.207s] Level 5:colcon.colcon_core.verb:set package 'moveit2_controller' build argument 'cmake_target' from command line to 'None'
[0.207s] Level 5:colcon.colcon_core.verb:set package 'moveit2_controller' build argument 'cmake_target_skip_unavailable' from command line to 'False'
[0.207s] Level 5:colcon.colcon_core.verb:set package 'moveit2_controller' build argument 'cmake_clean_cache' from command line to 'False'
[0.207s] Level 5:colcon.colcon_core.verb:set package 'moveit2_controller' build argument 'cmake_clean_first' from command line to 'False'
[0.207s] Level 5:colcon.colcon_core.verb:set package 'moveit2_controller' build argument 'cmake_force_configure' from command line to 'False'
[0.207s] Level 5:colcon.colcon_core.verb:set package 'moveit2_controller' build argument 'ament_cmake_args' from command line to 'None'
[0.207s] Level 5:colcon.colcon_core.verb:set package 'moveit2_controller' build argument 'catkin_cmake_args' from command line to 'None'
[0.207s] Level 5:colcon.colcon_core.verb:set package 'moveit2_controller' build argument 'catkin_skip_building_tests' from command line to 'False'
[0.207s] DEBUG:colcon.colcon_core.verb:Building package 'moveit2_controller' with the following arguments: {'ament_cmake_args': None, 'build_base': '/home/nithish/ROS/moveit2_ws/build/moveit2_controller', 'catkin_cmake_args': None, 'catkin_skip_building_tests': False, 'cmake_args': None, 'cmake_clean_cache': False, 'cmake_clean_first': False, 'cmake_force_configure': False, 'cmake_target': None, 'cmake_target_skip_unavailable': False, 'install_base': '/home/nithish/ROS/moveit2_ws/install/moveit2_controller', 'merge_install': False, 'path': '/home/nithish/ROS/moveit2_ws/src/moveit2_controller', 'symlink_install': False, 'test_result_base': None}
[0.207s] Level 5:colcon.colcon_core.verb:set package 'moveit2_description' build argument 'cmake_args' from command line to 'None'
[0.207s] Level 5:colcon.colcon_core.verb:set package 'moveit2_description' build argument 'cmake_target' from command line to 'None'
[0.207s] Level 5:colcon.colcon_core.verb:set package 'moveit2_description' build argument 'cmake_target_skip_unavailable' from command line to 'False'
[0.207s] Level 5:colcon.colcon_core.verb:set package 'moveit2_description' build argument 'cmake_clean_cache' from command line to 'False'
[0.207s] Level 5:colcon.colcon_core.verb:set package 'moveit2_description' build argument 'cmake_clean_first' from command line to 'False'
[0.207s] Level 5:colcon.colcon_core.verb:set package 'moveit2_description' build argument 'cmake_force_configure' from command line to 'False'
[0.207s] Level 5:colcon.colcon_core.verb:set package 'moveit2_description' build argument 'ament_cmake_args' from command line to 'None'
[0.207s] Level 5:colcon.colcon_core.verb:set package 'moveit2_description' build argument 'catkin_cmake_args' from command line to 'None'
[0.207s] Level 5:colcon.colcon_core.verb:set package 'moveit2_description' build argument 'catkin_skip_building_tests' from command line to 'False'
[0.207s] DEBUG:colcon.colcon_core.verb:Building package 'moveit2_description' with the following arguments: {'ament_cmake_args': None, 'build_base': '/home/nithish/ROS/moveit2_ws/build/moveit2_description', 'catkin_cmake_args': None, 'catkin_skip_building_tests': False, 'cmake_args': None, 'cmake_clean_cache': False, 'cmake_clean_first': False, 'cmake_force_configure': False, 'cmake_target': None, 'cmake_target_skip_unavailable': False, 'install_base': '/home/nithish/ROS/moveit2_ws/install/moveit2_description', 'merge_install': False, 'path': '/home/nithish/ROS/moveit2_ws/src/moveit2_description', 'symlink_install': False, 'test_result_base': None}
[0.208s] Level 5:colcon.colcon_core.verb:set package 'moveit2_moveit' build argument 'cmake_args' from command line to 'None'
[0.208s] Level 5:colcon.colcon_core.verb:set package 'moveit2_moveit' build argument 'cmake_target' from command line to 'None'
[0.208s] Level 5:colcon.colcon_core.verb:set package 'moveit2_moveit' build argument 'cmake_target_skip_unavailable' from command line to 'False'
[0.208s] Level 5:colcon.colcon_core.verb:set package 'moveit2_moveit' build argument 'cmake_clean_cache' from command line to 'False'
[0.208s] Level 5:colcon.colcon_core.verb:set package 'moveit2_moveit' build argument 'cmake_clean_first' from command line to 'False'
[0.208s] Level 5:colcon.colcon_core.verb:set package 'moveit2_moveit' build argument 'cmake_force_configure' from command line to 'False'
[0.208s] Level 5:colcon.colcon_core.verb:set package 'moveit2_moveit' build argument 'ament_cmake_args' from command line to 'None'
[0.208s] Level 5:colcon.colcon_core.verb:set package 'moveit2_moveit' build argument 'catkin_cmake_args' from command line to 'None'
[0.208s] Level 5:colcon.colcon_core.verb:set package 'moveit2_moveit' build argument 'catkin_skip_building_tests' from command line to 'False'
[0.208s] DEBUG:colcon.colcon_core.verb:Building package 'moveit2_moveit' with the following arguments: {'ament_cmake_args': None, 'build_base': '/home/nithish/ROS/moveit2_ws/build/moveit2_moveit', 'catkin_cmake_args': None, 'catkin_skip_building_tests': False, 'cmake_args': None, 'cmake_clean_cache': False, 'cmake_clean_first': False, 'cmake_force_configure': False, 'cmake_target': None, 'cmake_target_skip_unavailable': False, 'install_base': '/home/nithish/ROS/moveit2_ws/install/moveit2_moveit', 'merge_install': False, 'path': '/home/nithish/ROS/moveit2_ws/src/moveit2_moveit', 'symlink_install': False, 'test_result_base': None}
[0.208s] INFO:colcon.colcon_core.executor:Executing jobs using 'parallel' executor
[0.209s] DEBUG:colcon.colcon_parallel_executor.executor.parallel:run_until_complete
[0.209s] INFO:colcon.colcon_ros.task.ament_cmake.build:Building ROS package in '/home/nithish/ROS/moveit2_ws/src/moveit2_controller' with build type 'ament_cmake'
[0.209s] INFO:colcon.colcon_cmake.task.cmake.build:Building CMake package in '/home/nithish/ROS/moveit2_ws/src/moveit2_controller'
[0.210s] INFO:colcon.colcon_core.plugin_system:Skipping extension 'colcon_core.shell.bat': Not used on non-Windows systems
[0.210s] INFO:colcon.colcon_core.shell:Skip shell extension 'powershell' for command environment: Not usable outside of PowerShell
[0.210s] DEBUG:colcon.colcon_core.shell:Skip shell extension 'dsv' for command environment
[0.213s] INFO:colcon.colcon_ros.task.ament_cmake.build:Building ROS package in '/home/nithish/ROS/moveit2_ws/src/moveit2_description' with build type 'ament_cmake'
[0.213s] INFO:colcon.colcon_cmake.task.cmake.build:Building CMake package in '/home/nithish/ROS/moveit2_ws/src/moveit2_description'
[0.213s] INFO:colcon.colcon_core.shell:Skip shell extension 'powershell' for command environment: Not usable outside of PowerShell
[0.213s] DEBUG:colcon.colcon_core.shell:Skip shell extension 'dsv' for command environment
[0.216s] INFO:colcon.colcon_ros.task.ament_cmake.build:Building ROS package in '/home/nithish/ROS/moveit2_ws/src/moveit2_moveit' with build type 'ament_cmake'
[0.216s] INFO:colcon.colcon_cmake.task.cmake.build:Building CMake package in '/home/nithish/ROS/moveit2_ws/src/moveit2_moveit'
[0.216s] INFO:colcon.colcon_core.shell:Skip shell extension 'powershell' for command environment: Not usable outside of PowerShell
[0.216s] DEBUG:colcon.colcon_core.shell:Skip shell extension 'dsv' for command environment
[0.226s] DEBUG:colcon.colcon_core.event_handler.log_command:Invoking command in '/home/nithish/ROS/moveit2_ws/build/moveit2_controller': CMAKE_PREFIX_PATH=${CMAKE_PREFIX_PATH}:/opt/ros/jazzy DEBUGINFOD_URLS=https://debuginfod.ubuntu.com /usr/bin/cmake --build /home/nithish/ROS/moveit2_ws/build/moveit2_controller -- -j8 -l8
[0.228s] DEBUG:colcon.colcon_core.event_handler.log_command:Invoking command in '/home/nithish/ROS/moveit2_ws/build/moveit2_description': CMAKE_PREFIX_PATH=${CMAKE_PREFIX_PATH}:/opt/ros/jazzy DEBUGINFOD_URLS=https://debuginfod.ubuntu.com /usr/bin/cmake --build /home/nithish/ROS/moveit2_ws/build/moveit2_description -- -j8 -l8
[0.230s] DEBUG:colcon.colcon_core.event_handler.log_command:Invoking command in '/home/nithish/ROS/moveit2_ws/build/moveit2_moveit': CMAKE_PREFIX_PATH=${CMAKE_PREFIX_PATH}:/opt/ros/jazzy DEBUGINFOD_URLS=https://debuginfod.ubuntu.com /usr/bin/cmake /home/nithish/ROS/moveit2_ws/src/moveit2_moveit -DCMAKE_INSTALL_PREFIX=/home/nithish/ROS/moveit2_ws/install/moveit2_moveit
[0.259s] DEBUG:colcon.colcon_core.event_handler.log_command:Invoked command in '/home/nithish/ROS/moveit2_ws/build/moveit2_description' returned '0': CMAKE_PREFIX_PATH=${CMAKE_PREFIX_PATH}:/opt/ros/jazzy DEBUGINFOD_URLS=https://debuginfod.ubuntu.com /usr/bin/cmake --build /home/nithish/ROS/moveit2_ws/build/moveit2_description -- -j8 -l8
[0.267s] DEBUG:colcon.colcon_core.event_handler.log_command:Invoking command in '/home/nithish/ROS/moveit2_ws/build/moveit2_description': CMAKE_PREFIX_PATH=${CMAKE_PREFIX_PATH}:/opt/ros/jazzy DEBUGINFOD_URLS=https://debuginfod.ubuntu.com /usr/bin/cmake --install /home/nithish/ROS/moveit2_ws/build/moveit2_description
[0.268s] DEBUG:colcon.colcon_core.event_handler.log_command:Invoked command in '/home/nithish/ROS/moveit2_ws/build/moveit2_controller' returned '0': CMAKE_PREFIX_PATH=${CMAKE_PREFIX_PATH}:/opt/ros/jazzy DEBUGINFOD_URLS=https://debuginfod.ubuntu.com /usr/bin/cmake --build /home/nithish/ROS/moveit2_ws/build/moveit2_controller -- -j8 -l8
[0.269s] DEBUG:colcon.colcon_core.event_handler.log_command:Invoking command in '/home/nithish/ROS/moveit2_ws/build/moveit2_controller': CMAKE_PREFIX_PATH=${CMAKE_PREFIX_PATH}:/opt/ros/jazzy DEBUGINFOD_URLS=https://debuginfod.ubuntu.com /usr/bin/cmake --install /home/nithish/ROS/moveit2_ws/build/moveit2_controller
[0.280s] Level 1:colcon.colcon_core.environment:create_environment_scripts_only(moveit2_description)
[0.281s] DEBUG:colcon.colcon_core.event_handler.log_command:Invoked command in '/home/nithish/ROS/moveit2_ws/build/moveit2_description' returned '0': CMAKE_PREFIX_PATH=${CMAKE_PREFIX_PATH}:/opt/ros/jazzy DEBUGINFOD_URLS=https://debuginfod.ubuntu.com /usr/bin/cmake --install /home/nithish/ROS/moveit2_ws/build/moveit2_description
[0.282s] Level 1:colcon.colcon_core.environment:checking '/home/nithish/ROS/moveit2_ws/install/moveit2_description' for CMake module files
[0.283s] Level 1:colcon.colcon_core.environment:checking '/home/nithish/ROS/moveit2_ws/install/moveit2_description' for CMake config files
[0.283s] Level 1:colcon.colcon_core.shell:create_environment_hook('moveit2_description', 'cmake_prefix_path')
[0.283s] INFO:colcon.colcon_core.shell:Creating environment hook '/home/nithish/ROS/moveit2_ws/install/moveit2_description/share/moveit2_description/hook/cmake_prefix_path.ps1'
[0.284s] INFO:colcon.colcon_core.shell:Creating environment descriptor '/home/nithish/ROS/moveit2_ws/install/moveit2_description/share/moveit2_description/hook/cmake_prefix_path.dsv'
[0.284s] INFO:colcon.colcon_core.shell:Creating environment hook '/home/nithish/ROS/moveit2_ws/install/moveit2_description/share/moveit2_description/hook/cmake_prefix_path.sh'
[0.284s] Level 1:colcon.colcon_core.environment:checking '/home/nithish/ROS/moveit2_ws/install/moveit2_description/bin'
[0.284s] Level 1:colcon.colcon_core.environment:checking '/home/nithish/ROS/moveit2_ws/install/moveit2_description/lib/pkgconfig/moveit2_description.pc'
[0.285s] Level 1:colcon.colcon_core.environment:checking '/home/nithish/ROS/moveit2_ws/install/moveit2_description/lib/python3.12/site-packages'
[0.285s] Level 1:colcon.colcon_core.environment:checking '/home/nithish/ROS/moveit2_ws/install/moveit2_description/bin'
[0.285s] INFO:colcon.colcon_core.shell:Creating package script '/home/nithish/ROS/moveit2_ws/install/moveit2_description/share/moveit2_description/package.ps1'
[0.285s] INFO:colcon.colcon_core.shell:Creating package descriptor '/home/nithish/ROS/moveit2_ws/install/moveit2_description/share/moveit2_description/package.dsv'
[0.285s] INFO:colcon.colcon_core.shell:Creating package script '/home/nithish/ROS/moveit2_ws/install/moveit2_description/share/moveit2_description/package.sh'
[0.286s] INFO:colcon.colcon_core.shell:Creating package script '/home/nithish/ROS/moveit2_ws/install/moveit2_description/share/moveit2_description/package.bash'
[0.286s] INFO:colcon.colcon_core.shell:Creating package script '/home/nithish/ROS/moveit2_ws/install/moveit2_description/share/moveit2_description/package.zsh'
[0.287s] Level 1:colcon.colcon_core.environment:create_file_with_runtime_dependencies(/home/nithish/ROS/moveit2_ws/install/moveit2_description/share/colcon-core/packages/moveit2_description)
[0.287s] Level 1:colcon.colcon_core.environment:create_environment_scripts_only(moveit2_description)
[0.287s] Level 1:colcon.colcon_core.environment:checking '/home/nithish/ROS/moveit2_ws/install/moveit2_description' for CMake module files
[0.288s] Level 1:colcon.colcon_core.environment:checking '/home/nithish/ROS/moveit2_ws/install/moveit2_description' for CMake config files
[0.288s] Level 1:colcon.colcon_core.shell:create_environment_hook('moveit2_description', 'cmake_prefix_path')
[0.288s] INFO:colcon.colcon_core.shell:Creating environment hook '/home/nithish/ROS/moveit2_ws/install/moveit2_description/share/moveit2_description/hook/cmake_prefix_path.ps1'
[0.288s] INFO:colcon.colcon_core.shell:Creating environment descriptor '/home/nithish/ROS/moveit2_ws/install/moveit2_description/share/moveit2_description/hook/cmake_prefix_path.dsv'
[0.288s] INFO:colcon.colcon_core.shell:Creating environment hook '/home/nithish/ROS/moveit2_ws/install/moveit2_description/share/moveit2_description/hook/cmake_prefix_path.sh'
[0.289s] Level 1:colcon.colcon_core.environment:checking '/home/nithish/ROS/moveit2_ws/install/moveit2_description/bin'
[0.289s] Level 1:colcon.colcon_core.environment:checking '/home/nithish/ROS/moveit2_ws/install/moveit2_description/lib/pkgconfig/moveit2_description.pc'
[0.289s] Level 1:colcon.colcon_core.environment:checking '/home/nithish/ROS/moveit2_ws/install/moveit2_description/lib/python3.12/site-packages'
[0.289s] Level 1:colcon.colcon_core.environment:checking '/home/nithish/ROS/moveit2_ws/install/moveit2_description/bin'
[0.289s] INFO:colcon.colcon_core.shell:Creating package script '/home/nithish/ROS/moveit2_ws/install/moveit2_description/share/moveit2_description/package.ps1'
[0.290s] INFO:colcon.colcon_core.shell:Creating package descriptor '/home/nithish/ROS/moveit2_ws/install/moveit2_description/share/moveit2_description/package.dsv'
[0.290s] INFO:colcon.colcon_core.shell:Creating package script '/home/nithish/ROS/moveit2_ws/install/moveit2_description/share/moveit2_description/package.sh'
[0.290s] INFO:colcon.colcon_core.shell:Creating package script '/home/nithish/ROS/moveit2_ws/install/moveit2_description/share/moveit2_description/package.bash'
[0.290s] INFO:colcon.colcon_core.shell:Creating package script '/home/nithish/ROS/moveit2_ws/install/moveit2_description/share/moveit2_description/package.zsh'
[0.291s] Level 1:colcon.colcon_core.environment:create_file_with_runtime_dependencies(/home/nithish/ROS/moveit2_ws/install/moveit2_description/share/colcon-core/packages/moveit2_description)
[0.291s] Level 1:colcon.colcon_core.environment:create_environment_scripts_only(moveit2_controller)
[0.291s] Level 1:colcon.colcon_core.environment:checking '/home/nithish/ROS/moveit2_ws/install/moveit2_controller' for CMake module files
[0.292s] DEBUG:colcon.colcon_core.event_handler.log_command:Invoked command in '/home/nithish/ROS/moveit2_ws/build/moveit2_controller' returned '0': CMAKE_PREFIX_PATH=${CMAKE_PREFIX_PATH}:/opt/ros/jazzy DEBUGINFOD_URLS=https://debuginfod.ubuntu.com /usr/bin/cmake --install /home/nithish/ROS/moveit2_ws/build/moveit2_controller
[0.292s] Level 1:colcon.colcon_core.environment:checking '/home/nithish/ROS/moveit2_ws/install/moveit2_controller' for CMake config files
[0.292s] Level 1:colcon.colcon_core.shell:create_environment_hook('moveit2_controller', 'cmake_prefix_path')
[0.292s] INFO:colcon.colcon_core.shell:Creating environment hook '/home/nithish/ROS/moveit2_ws/install/moveit2_controller/share/moveit2_controller/hook/cmake_prefix_path.ps1'
[0.292s] INFO:colcon.colcon_core.shell:Creating environment descriptor '/home/nithish/ROS/moveit2_ws/install/moveit2_controller/share/moveit2_controller/hook/cmake_prefix_path.dsv'
[0.293s] INFO:colcon.colcon_core.shell:Creating environment hook '/home/nithish/ROS/moveit2_ws/install/moveit2_controller/share/moveit2_controller/hook/cmake_prefix_path.sh'
[0.293s] Level 1:colcon.colcon_core.environment:checking '/home/nithish/ROS/moveit2_ws/install/moveit2_controller/bin'
[0.293s] Level 1:colcon.colcon_core.environment:checking '/home/nithish/ROS/moveit2_ws/install/moveit2_controller/lib/pkgconfig/moveit2_controller.pc'
[0.293s] Level 1:colcon.colcon_core.environment:checking '/home/nithish/ROS/moveit2_ws/install/moveit2_controller/lib/python3.12/site-packages'
[0.293s] Level 1:colcon.colcon_core.environment:checking '/home/nithish/ROS/moveit2_ws/install/moveit2_controller/bin'
[0.293s] INFO:colcon.colcon_core.shell:Creating package script '/home/nithish/ROS/moveit2_ws/install/moveit2_controller/share/moveit2_controller/package.ps1'
[0.294s] INFO:colcon.colcon_core.shell:Creating package descriptor '/home/nithish/ROS/moveit2_ws/install/moveit2_controller/share/moveit2_controller/package.dsv'
[0.294s] INFO:colcon.colcon_core.shell:Creating package script '/home/nithish/ROS/moveit2_ws/install/moveit2_controller/share/moveit2_controller/package.sh'
[0.294s] INFO:colcon.colcon_core.shell:Creating package script '/home/nithish/ROS/moveit2_ws/install/moveit2_controller/share/moveit2_controller/package.bash'
[0.294s] INFO:colcon.colcon_core.shell:Creating package script '/home/nithish/ROS/moveit2_ws/install/moveit2_controller/share/moveit2_controller/package.zsh'
[0.294s] Level 1:colcon.colcon_core.environment:create_file_with_runtime_dependencies(/home/nithish/ROS/moveit2_ws/install/moveit2_controller/share/colcon-core/packages/moveit2_controller)
[0.295s] Level 1:colcon.colcon_core.environment:create_environment_scripts_only(moveit2_controller)
[0.295s] Level 1:colcon.colcon_core.environment:checking '/home/nithish/ROS/moveit2_ws/install/moveit2_controller' for CMake module files
[0.295s] Level 1:colcon.colcon_core.environment:checking '/home/nithish/ROS/moveit2_ws/install/moveit2_controller' for CMake config files
[0.295s] Level 1:colcon.colcon_core.shell:create_environment_hook('moveit2_controller', 'cmake_prefix_path')
[0.295s] INFO:colcon.colcon_core.shell:Creating environment hook '/home/nithish/ROS/moveit2_ws/install/moveit2_controller/share/moveit2_controller/hook/cmake_prefix_path.ps1'
[0.296s] INFO:colcon.colcon_core.shell:Creating environment descriptor '/home/nithish/ROS/moveit2_ws/install/moveit2_controller/share/moveit2_controller/hook/cmake_prefix_path.dsv'
[0.296s] INFO:colcon.colcon_core.shell:Creating environment hook '/home/nithish/ROS/moveit2_ws/install/moveit2_controller/share/moveit2_controller/hook/cmake_prefix_path.sh'
[0.296s] Level 1:colcon.colcon_core.environment:checking '/home/nithish/ROS/moveit2_ws/install/moveit2_controller/bin'
[0.296s] Level 1:colcon.colcon_core.environment:checking '/home/nithish/ROS/moveit2_ws/install/moveit2_controller/lib/pkgconfig/moveit2_controller.pc'
[0.296s] Level 1:colcon.colcon_core.environment:checking '/home/nithish/ROS/moveit2_ws/install/moveit2_controller/lib/python3.12/site-packages'
[0.296s] Level 1:colcon.colcon_core.environment:checking '/home/nithish/ROS/moveit2_ws/install/moveit2_controller/bin'
[0.297s] INFO:colcon.colcon_core.shell:Creating package script '/home/nithish/ROS/moveit2_ws/install/moveit2_controller/share/moveit2_controller/package.ps1'
[0.297s] INFO:colcon.colcon_core.shell:Creating package descriptor '/home/nithish/ROS/moveit2_ws/install/moveit2_controller/share/moveit2_controller/package.dsv'
[0.297s] INFO:colcon.colcon_core.shell:Creating package script '/home/nithish/ROS/moveit2_ws/install/moveit2_controller/share/moveit2_controller/package.sh'
[0.297s] INFO:colcon.colcon_core.shell:Creating package script '/home/nithish/ROS/moveit2_ws/install/moveit2_controller/share/moveit2_controller/package.bash'
[0.298s] INFO:colcon.colcon_core.shell:Creating package script '/home/nithish/ROS/moveit2_ws/install/moveit2_controller/share/moveit2_controller/package.zsh'
[0.298s] Level 1:colcon.colcon_core.environment:create_file_with_runtime_dependencies(/home/nithish/ROS/moveit2_ws/install/moveit2_controller/share/colcon-core/packages/moveit2_controller)
[0.845s] DEBUG:colcon.colcon_core.event_handler.log_command:Invoked command in '/home/nithish/ROS/moveit2_ws/build/moveit2_moveit' returned '0': CMAKE_PREFIX_PATH=${CMAKE_PREFIX_PATH}:/opt/ros/jazzy DEBUGINFOD_URLS=https://debuginfod.ubuntu.com /usr/bin/cmake /home/nithish/ROS/moveit2_ws/src/moveit2_moveit -DCMAKE_INSTALL_PREFIX=/home/nithish/ROS/moveit2_ws/install/moveit2_moveit
[0.846s] DEBUG:colcon.colcon_core.event_handler.log_command:Invoking command in '/home/nithish/ROS/moveit2_ws/build/moveit2_moveit': CMAKE_PREFIX_PATH=${CMAKE_PREFIX_PATH}:/opt/ros/jazzy DEBUGINFOD_URLS=https://debuginfod.ubuntu.com /usr/bin/cmake --build /home/nithish/ROS/moveit2_ws/build/moveit2_moveit -- -j8 -l8
[0.879s] DEBUG:colcon.colcon_core.event_handler.log_command:Invoked command in '/home/nithish/ROS/moveit2_ws/build/moveit2_moveit' returned '0': CMAKE_PREFIX_PATH=${CMAKE_PREFIX_PATH}:/opt/ros/jazzy DEBUGINFOD_URLS=https://debuginfod.ubuntu.com /usr/bin/cmake --build /home/nithish/ROS/moveit2_ws/build/moveit2_moveit -- -j8 -l8
[0.880s] DEBUG:colcon.colcon_core.event_handler.log_command:Invoking command in '/home/nithish/ROS/moveit2_ws/build/moveit2_moveit': CMAKE_PREFIX_PATH=${CMAKE_PREFIX_PATH}:/opt/ros/jazzy DEBUGINFOD_URLS=https://debuginfod.ubuntu.com /usr/bin/cmake --install /home/nithish/ROS/moveit2_ws/build/moveit2_moveit
[0.888s] Level 1:colcon.colcon_core.environment:create_environment_scripts_only(moveit2_moveit)
[0.888s] Level 1:colcon.colcon_core.environment:checking '/home/nithish/ROS/moveit2_ws/install/moveit2_moveit' for CMake module files
[0.889s] DEBUG:colcon.colcon_core.event_handler.log_command:Invoked command in '/home/nithish/ROS/moveit2_ws/build/moveit2_moveit' returned '0': CMAKE_PREFIX_PATH=${CMAKE_PREFIX_PATH}:/opt/ros/jazzy DEBUGINFOD_URLS=https://debuginfod.ubuntu.com /usr/bin/cmake --install /home/nithish/ROS/moveit2_ws/build/moveit2_moveit
[0.889s] Level 1:colcon.colcon_core.environment:checking '/home/nithish/ROS/moveit2_ws/install/moveit2_moveit' for CMake config files
[0.889s] Level 1:colcon.colcon_core.shell:create_environment_hook('moveit2_moveit', 'cmake_prefix_path')
[0.889s] INFO:colcon.colcon_core.shell:Creating environment hook '/home/nithish/ROS/moveit2_ws/install/moveit2_moveit/share/moveit2_moveit/hook/cmake_prefix_path.ps1'
[0.890s] INFO:colcon.colcon_core.shell:Creating environment descriptor '/home/nithish/ROS/moveit2_ws/install/moveit2_moveit/share/moveit2_moveit/hook/cmake_prefix_path.dsv'
[0.890s] INFO:colcon.colcon_core.shell:Creating environment hook '/home/nithish/ROS/moveit2_ws/install/moveit2_moveit/share/moveit2_moveit/hook/cmake_prefix_path.sh'
[0.890s] Level 1:colcon.colcon_core.environment:checking '/home/nithish/ROS/moveit2_ws/install/moveit2_moveit/bin'
[0.890s] Level 1:colcon.colcon_core.environment:checking '/home/nithish/ROS/moveit2_ws/install/moveit2_moveit/lib/pkgconfig/moveit2_moveit.pc'
[0.890s] Level 1:colcon.colcon_core.environment:checking '/home/nithish/ROS/moveit2_ws/install/moveit2_moveit/lib/python3.12/site-packages'
[0.890s] Level 1:colcon.colcon_core.environment:checking '/home/nithish/ROS/moveit2_ws/install/moveit2_moveit/bin'
[0.891s] INFO:colcon.colcon_core.shell:Creating package script '/home/nithish/ROS/moveit2_ws/install/moveit2_moveit/share/moveit2_moveit/package.ps1'
[0.891s] INFO:colcon.colcon_core.shell:Creating package descriptor '/home/nithish/ROS/moveit2_ws/install/moveit2_moveit/share/moveit2_moveit/package.dsv'
[0.891s] INFO:colcon.colcon_core.shell:Creating package script '/home/nithish/ROS/moveit2_ws/install/moveit2_moveit/share/moveit2_moveit/package.sh'
[0.892s] INFO:colcon.colcon_core.shell:Creating package script '/home/nithish/ROS/moveit2_ws/install/moveit2_moveit/share/moveit2_moveit/package.bash'
[0.892s] INFO:colcon.colcon_core.shell:Creating package script '/home/nithish/ROS/moveit2_ws/install/moveit2_moveit/share/moveit2_moveit/package.zsh'
[0.892s] Level 1:colcon.colcon_core.environment:create_file_with_runtime_dependencies(/home/nithish/ROS/moveit2_ws/install/moveit2_moveit/share/colcon-core/packages/moveit2_moveit)
[0.892s] Level 1:colcon.colcon_core.environment:create_environment_scripts_only(moveit2_moveit)
[0.892s] Level 1:colcon.colcon_core.environment:checking '/home/nithish/ROS/moveit2_ws/install/moveit2_moveit' for CMake module files
[0.893s] Level 1:colcon.colcon_core.environment:checking '/home/nithish/ROS/moveit2_ws/install/moveit2_moveit' for CMake config files
[0.893s] Level 1:colcon.colcon_core.shell:create_environment_hook('moveit2_moveit', 'cmake_prefix_path')
[0.893s] INFO:colcon.colcon_core.shell:Creating environment hook '/home/nithish/ROS/moveit2_ws/install/moveit2_moveit/share/moveit2_moveit/hook/cmake_prefix_path.ps1'
[0.893s] INFO:colcon.colcon_core.shell:Creating environment descriptor '/home/nithish/ROS/moveit2_ws/install/moveit2_moveit/share/moveit2_moveit/hook/cmake_prefix_path.dsv'
[0.893s] INFO:colcon.colcon_core.shell:Creating environment hook '/home/nithish/ROS/moveit2_ws/install/moveit2_moveit/share/moveit2_moveit/hook/cmake_prefix_path.sh'
[0.894s] Level 1:colcon.colcon_core.environment:checking '/home/nithish/ROS/moveit2_ws/install/moveit2_moveit/bin'
[0.894s] Level 1:colcon.colcon_core.environment:checking '/home/nithish/ROS/moveit2_ws/install/moveit2_moveit/lib/pkgconfig/moveit2_moveit.pc'
[0.894s] Level 1:colcon.colcon_core.environment:checking '/home/nithish/ROS/moveit2_ws/install/moveit2_moveit/lib/python3.12/site-packages'
[0.894s] Level 1:colcon.colcon_core.environment:checking '/home/nithish/ROS/moveit2_ws/install/moveit2_moveit/bin'
[0.894s] INFO:colcon.colcon_core.shell:Creating package script '/home/nithish/ROS/moveit2_ws/install/moveit2_moveit/share/moveit2_moveit/package.ps1'
[0.895s] INFO:colcon.colcon_core.shell:Creating package descriptor '/home/nithish/ROS/moveit2_ws/install/moveit2_moveit/share/moveit2_moveit/package.dsv'
[0.895s] INFO:colcon.colcon_core.shell:Creating package script '/home/nithish/ROS/moveit2_ws/install/moveit2_moveit/share/moveit2_moveit/package.sh'
[0.895s] INFO:colcon.colcon_core.shell:Creating package script '/home/nithish/ROS/moveit2_ws/install/moveit2_moveit/share/moveit2_moveit/package.bash'
[0.895s] INFO:colcon.colcon_core.shell:Creating package script '/home/nithish/ROS/moveit2_ws/install/moveit2_moveit/share/moveit2_moveit/package.zsh'
[0.895s] Level 1:colcon.colcon_core.environment:create_file_with_runtime_dependencies(/home/nithish/ROS/moveit2_ws/install/moveit2_moveit/share/colcon-core/packages/moveit2_moveit)
[0.896s] DEBUG:colcon.colcon_parallel_executor.executor.parallel:closing loop
[0.896s] DEBUG:colcon.colcon_parallel_executor.executor.parallel:loop closed
[0.896s] DEBUG:colcon.colcon_parallel_executor.executor.parallel:run_until_complete finished with '0'
[0.896s] DEBUG:colcon.colcon_core.event_reactor:joining thread
[0.900s] INFO:colcon.colcon_core.plugin_system:Skipping extension 'colcon_notification.desktop_notification.terminal_notifier': Not used on non-Darwin systems
[0.900s] INFO:colcon.colcon_core.plugin_system:Skipping extension 'colcon_notification.desktop_notification.win32': Not used on non-Windows systems
[0.900s] INFO:colcon.colcon_notification.desktop_notification:Sending desktop notification using 'notify2'
[0.911s] DEBUG:colcon.colcon_core.event_reactor:joined thread
[0.912s] INFO:colcon.colcon_core.shell:Creating prefix script '/home/nithish/ROS/moveit2_ws/install/local_setup.ps1'
[0.912s] INFO:colcon.colcon_core.shell:Creating prefix util module '/home/nithish/ROS/moveit2_ws/install/_local_setup_util_ps1.py'
[0.913s] INFO:colcon.colcon_core.shell:Creating prefix chain script '/home/nithish/ROS/moveit2_ws/install/setup.ps1'
[0.914s] INFO:colcon.colcon_core.shell:Creating prefix script '/home/nithish/ROS/moveit2_ws/install/local_setup.sh'
[0.914s] INFO:colcon.colcon_core.shell:Creating prefix util module '/home/nithish/ROS/moveit2_ws/install/_local_setup_util_sh.py'
[0.915s] INFO:colcon.colcon_core.shell:Creating prefix chain script '/home/nithish/ROS/moveit2_ws/install/setup.sh'
[0.915s] INFO:colcon.colcon_core.shell:Creating prefix script '/home/nithish/ROS/moveit2_ws/install/local_setup.bash'
[0.916s] INFO:colcon.colcon_core.shell:Creating prefix chain script '/home/nithish/ROS/moveit2_ws/install/setup.bash'
[0.916s] INFO:colcon.colcon_core.shell:Creating prefix script '/home/nithish/ROS/moveit2_ws/install/local_setup.zsh'
[0.916s] INFO:colcon.colcon_core.shell:Creating prefix chain script '/home/nithish/ROS/moveit2_ws/install/setup.zsh'
