[0.024s] Invoking command in '/home/nithish/ROS/moveit2_ws/build/moveit2_description': CMAKE_PREFIX_PATH=${CMAKE_PREFIX_PATH}:/opt/ros/jazzy DEBUGINFOD_URLS=https://debuginfod.ubuntu.com /usr/bin/cmake /home/nithish/ROS/moveit2_ws/src/moveit2_description -DCMAKE_INSTALL_PREFIX=/home/nithish/ROS/moveit2_ws/install/moveit2_description
[0.118s] -- The C compiler identification is GNU 13.3.0
[0.191s] -- The CXX compiler identification is GNU 13.3.0
[0.226s] -- Detecting C compiler ABI info
[0.374s] -- Detecting C compiler ABI info - done
[0.391s] -- Check for working C compiler: /usr/bin/cc - skipped
[0.391s] -- Detecting C compile features
[0.393s] -- Detecting C compile features - done
[0.411s] -- Detecting CXX compiler ABI info
[0.586s] -- Detecting CXX compiler ABI info - done
[0.600s] -- Check for working CXX compiler: /usr/bin/c++ - skipped
[0.601s] -- Detecting CXX compile features
[0.602s] -- Detecting CXX compile features - done
[0.615s] -- Found ament_cmake: 2.5.4 (/opt/ros/jazzy/share/ament_cmake/cmake)
[0.862s] -- Found Python3: /usr/bin/python3 (found version "3.12.3") found components: Interpreter 
[1.063s] -- Found urdf: 2.10.0 (/opt/ros/jazzy/share/urdf/cmake)
[1.131s] -- Found TinyXML2 via Config file: /usr/lib/x86_64-linux-gnu/cmake/tinyxml2
[1.151s] -- Found ament_lint_auto: 0.17.3 (/opt/ros/jazzy/share/ament_lint_auto/cmake)
[1.306s] -- Added test 'flake8' to check Python code syntax and style conventions
[1.306s] -- Configured 'flake8' exclude dirs and/or files: 
[1.307s] -- Added test 'lint_cmake' to check CMake code style
[1.309s] -- Added test 'pep257' to check Python code against some of the docstring style conventions in PEP 257
[1.313s] -- Added test 'xmllint' to check XML markup files
[1.313s] -- Configuring done (1.3s)
[1.316s] -- Generating done (0.0s)
[1.318s] -- Build files have been written to: /home/nithish/ROS/moveit2_ws/build/moveit2_description
[1.327s] Invoked command in '/home/nithish/ROS/moveit2_ws/build/moveit2_description' returned '0': CMAKE_PREFIX_PATH=${CMAKE_PREFIX_PATH}:/opt/ros/jazzy DEBUGINFOD_URLS=https://debuginfod.ubuntu.com /usr/bin/cmake /home/nithish/ROS/moveit2_ws/src/moveit2_description -DCMAKE_INSTALL_PREFIX=/home/nithish/ROS/moveit2_ws/install/moveit2_description
[1.329s] Invoking command in '/home/nithish/ROS/moveit2_ws/build/moveit2_description': CMAKE_PREFIX_PATH=${CMAKE_PREFIX_PATH}:/opt/ros/jazzy DEBUGINFOD_URLS=https://debuginfod.ubuntu.com /usr/bin/cmake --build /home/nithish/ROS/moveit2_ws/build/moveit2_description -- -j8 -l8
[1.385s] Invoked command in '/home/nithish/ROS/moveit2_ws/build/moveit2_description' returned '0': CMAKE_PREFIX_PATH=${CMAKE_PREFIX_PATH}:/opt/ros/jazzy DEBUGINFOD_URLS=https://debuginfod.ubuntu.com /usr/bin/cmake --build /home/nithish/ROS/moveit2_ws/build/moveit2_description -- -j8 -l8
[1.387s] Invoking command in '/home/nithish/ROS/moveit2_ws/build/moveit2_description': CMAKE_PREFIX_PATH=${CMAKE_PREFIX_PATH}:/opt/ros/jazzy DEBUGINFOD_URLS=https://debuginfod.ubuntu.com /usr/bin/cmake --install /home/nithish/ROS/moveit2_ws/build/moveit2_description
[1.400s] -- Install configuration: ""
[1.400s] -- Installing: /home/nithish/ROS/moveit2_ws/install/moveit2_description/share/moveit2_description/meshes
[1.400s] -- Installing: /home/nithish/ROS/moveit2_ws/install/moveit2_description/share/moveit2_description/meshes/visual
[1.401s] -- Installing: /home/nithish/ROS/moveit2_ws/install/moveit2_description/share/moveit2_description/meshes/visual/hand.dae
[1.402s] -- Installing: /home/nithish/ROS/moveit2_ws/install/moveit2_description/share/moveit2_description/meshes/visual/link0.dae
[1.406s] -- Installing: /home/nithish/ROS/moveit2_ws/install/moveit2_description/share/moveit2_description/meshes/visual/link6.dae
[1.411s] -- Installing: /home/nithish/ROS/moveit2_ws/install/moveit2_description/share/moveit2_description/meshes/visual/link3.dae
[1.414s] -- Installing: /home/nithish/ROS/moveit2_ws/install/moveit2_description/share/moveit2_description/meshes/visual/link5.dae
[1.418s] -- Installing: /home/nithish/ROS/moveit2_ws/install/moveit2_description/share/moveit2_description/meshes/visual/finger.dae
[1.418s] -- Installing: /home/nithish/ROS/moveit2_ws/install/moveit2_description/share/moveit2_description/meshes/visual/finger_old.dae
[1.419s] -- Installing: /home/nithish/ROS/moveit2_ws/install/moveit2_description/share/moveit2_description/meshes/visual/link4.dae
[1.423s] -- Installing: /home/nithish/ROS/moveit2_ws/install/moveit2_description/share/moveit2_description/meshes/visual/link7.dae
[1.425s] -- Installing: /home/nithish/ROS/moveit2_ws/install/moveit2_description/share/moveit2_description/meshes/visual/link2.dae
[1.428s] -- Installing: /home/nithish/ROS/moveit2_ws/install/moveit2_description/share/moveit2_description/meshes/visual/camera.dae
[1.428s] -- Installing: /home/nithish/ROS/moveit2_ws/install/moveit2_description/share/moveit2_description/meshes/visual/link1.dae
[1.431s] -- Installing: /home/nithish/ROS/moveit2_ws/install/moveit2_description/share/moveit2_description/meshes/collision
[1.431s] -- Installing: /home/nithish/ROS/moveit2_ws/install/moveit2_description/share/moveit2_description/meshes/collision/link6.stl
[1.431s] -- Installing: /home/nithish/ROS/moveit2_ws/install/moveit2_description/share/moveit2_description/meshes/collision/link1.stl
[1.432s] -- Installing: /home/nithish/ROS/moveit2_ws/install/moveit2_description/share/moveit2_description/meshes/collision/finger.stl
[1.432s] -- Installing: /home/nithish/ROS/moveit2_ws/install/moveit2_description/share/moveit2_description/meshes/collision/link3.stl
[1.432s] -- Installing: /home/nithish/ROS/moveit2_ws/install/moveit2_description/share/moveit2_description/meshes/collision/finger_old.stl
[1.432s] -- Installing: /home/nithish/ROS/moveit2_ws/install/moveit2_description/share/moveit2_description/meshes/collision/link2.stl
[1.433s] -- Installing: /home/nithish/ROS/moveit2_ws/install/moveit2_description/share/moveit2_description/meshes/collision/link0.stl
[1.434s] -- Installing: /home/nithish/ROS/moveit2_ws/install/moveit2_description/share/moveit2_description/meshes/collision/link5.stl
[1.434s] -- Installing: /home/nithish/ROS/moveit2_ws/install/moveit2_description/share/moveit2_description/meshes/collision/hand.stl
[1.434s] -- Installing: /home/nithish/ROS/moveit2_ws/install/moveit2_description/share/moveit2_description/meshes/collision/link4.stl
[1.435s] -- Installing: /home/nithish/ROS/moveit2_ws/install/moveit2_description/share/moveit2_description/meshes/collision/camera.stl
[1.435s] -- Installing: /home/nithish/ROS/moveit2_ws/install/moveit2_description/share/moveit2_description/meshes/collision/link7.stl
[1.435s] -- Installing: /home/nithish/ROS/moveit2_ws/install/moveit2_description/share/moveit2_description/urdf
[1.435s] -- Installing: /home/nithish/ROS/moveit2_ws/install/moveit2_description/share/moveit2_description/urdf/panda.gazebo_ros2_control.xacro
[1.436s] -- Installing: /home/nithish/ROS/moveit2_ws/install/moveit2_description/share/moveit2_description/urdf/panda.urdf
[1.436s] -- Installing: /home/nithish/ROS/moveit2_ws/install/moveit2_description/share/moveit2_description/urdf/panda.urdf.xacro
[1.436s] -- Installing: /home/nithish/ROS/moveit2_ws/install/moveit2_description/share/moveit2_description/urdf/camera
[1.436s] -- Installing: /home/nithish/ROS/moveit2_ws/install/moveit2_description/share/moveit2_description/urdf/camera/camera.gazebo
[1.436s] -- Installing: /home/nithish/ROS/moveit2_ws/install/moveit2_description/share/moveit2_description/urdf/camera/camera.xacro
[1.437s] -- Installing: /home/nithish/ROS/moveit2_ws/install/moveit2_description/share/moveit2_description/urdf/initial_positions.yaml
[1.437s] -- Installing: /home/nithish/ROS/moveit2_ws/install/moveit2_description/share/moveit2_description/launch
[1.437s] -- Installing: /home/nithish/ROS/moveit2_ws/install/moveit2_description/share/moveit2_description/launch/rviz.launch.py
[1.438s] -- Installing: /home/nithish/ROS/moveit2_ws/install/moveit2_description/share/moveit2_description/launch/gazebo.launch.py
[1.438s] -- Installing: /home/nithish/ROS/moveit2_ws/install/moveit2_description/share/moveit2_description/worlds
[1.438s] -- Installing: /home/nithish/ROS/moveit2_ws/install/moveit2_description/share/moveit2_description/worlds/gazebo_world.sdf
[1.438s] -- Installing: /home/nithish/ROS/moveit2_ws/install/moveit2_description/share/ament_index/resource_index/package_run_dependencies/moveit2_description
[1.438s] -- Installing: /home/nithish/ROS/moveit2_ws/install/moveit2_description/share/ament_index/resource_index/parent_prefix_path/moveit2_description
[1.439s] -- Installing: /home/nithish/ROS/moveit2_ws/install/moveit2_description/share/moveit2_description/environment/ament_prefix_path.sh
[1.439s] -- Installing: /home/nithish/ROS/moveit2_ws/install/moveit2_description/share/moveit2_description/environment/ament_prefix_path.dsv
[1.439s] -- Installing: /home/nithish/ROS/moveit2_ws/install/moveit2_description/share/moveit2_description/environment/path.sh
[1.439s] -- Installing: /home/nithish/ROS/moveit2_ws/install/moveit2_description/share/moveit2_description/environment/path.dsv
[1.440s] -- Installing: /home/nithish/ROS/moveit2_ws/install/moveit2_description/share/moveit2_description/local_setup.bash
[1.440s] -- Installing: /home/nithish/ROS/moveit2_ws/install/moveit2_description/share/moveit2_description/local_setup.sh
[1.440s] -- Installing: /home/nithish/ROS/moveit2_ws/install/moveit2_description/share/moveit2_description/local_setup.zsh
[1.440s] -- Installing: /home/nithish/ROS/moveit2_ws/install/moveit2_description/share/moveit2_description/local_setup.dsv
[1.441s] -- Installing: /home/nithish/ROS/moveit2_ws/install/moveit2_description/share/moveit2_description/package.dsv
[1.441s] -- Installing: /home/nithish/ROS/moveit2_ws/install/moveit2_description/share/ament_index/resource_index/packages/moveit2_description
[1.441s] -- Installing: /home/nithish/ROS/moveit2_ws/install/moveit2_description/share/moveit2_description/cmake/moveit2_descriptionConfig.cmake
[1.441s] -- Installing: /home/nithish/ROS/moveit2_ws/install/moveit2_description/share/moveit2_description/cmake/moveit2_descriptionConfig-version.cmake
[1.442s] -- Installing: /home/nithish/ROS/moveit2_ws/install/moveit2_description/share/moveit2_description/package.xml
[1.445s] Invoked command in '/home/nithish/ROS/moveit2_ws/build/moveit2_description' returned '0': CMAKE_PREFIX_PATH=${CMAKE_PREFIX_PATH}:/opt/ros/jazzy DEBUGINFOD_URLS=https://debuginfod.ubuntu.com /usr/bin/cmake --install /home/nithish/ROS/moveit2_ws/build/moveit2_description
