[0.137s] DEBUG:colcon:Command line arguments: ['/usr/bin/colcon', 'build']
[0.137s] DEBUG:colcon:Parsed command line arguments: Namespace(log_base=None, log_level=None, verb_name='build', build_base='build', install_base='install', merge_install=False, symlink_install=False, test_result_base=None, continue_on_error=False, executor='parallel', parallel_workers=8, event_handlers=None, ignore_user_meta=False, metas=['./colcon.meta'], base_paths=['.'], packages_ignore=None, packages_ignore_regex=None, paths=None, packages_up_to=None, packages_up_to_regex=None, packages_above=None, packages_above_and_dependencies=None, packages_above_depth=None, packages_select_by_dep=None, packages_skip_by_dep=None, packages_skip_up_to=None, packages_select_build_failed=False, packages_skip_build_finished=False, packages_select_test_failures=False, packages_skip_test_passed=False, packages_select=None, packages_skip=None, packages_select_regex=None, packages_skip_regex=None, packages_start=None, packages_end=None, allow_overriding=[], cmake_args=None, cmake_target=None, cmake_target_skip_unavailable=False, cmake_clean_cache=False, cmake_clean_first=False, cmake_force_configure=False, ament_cmake_args=None, catkin_cmake_args=None, catkin_skip_building_tests=False, mixin_files=None, mixin=None, verb_parser=<colcon_mixin.mixin.mixin_argument.MixinArgumentDecorator object at 0x702fb31f90a0>, verb_extension=<colcon_core.verb.build.BuildVerb object at 0x702fb31f8b30>, main=<bound method BuildVerb.main of <colcon_core.verb.build.BuildVerb object at 0x702fb31f8b30>>, mixin_verb=('build',))
[0.179s] Level 1:colcon.colcon_core.package_discovery:discover_packages(colcon_meta) check parameters
[0.179s] Level 1:colcon.colcon_core.package_discovery:discover_packages(recursive) check parameters
[0.179s] Level 1:colcon.colcon_core.package_discovery:discover_packages(ignore) check parameters
[0.179s] Level 1:colcon.colcon_core.package_discovery:discover_packages(path) check parameters
[0.179s] Level 1:colcon.colcon_core.package_discovery:discover_packages(colcon_meta) discover
[0.179s] Level 1:colcon.colcon_core.package_discovery:discover_packages(recursive) discover
[0.179s] INFO:colcon.colcon_core.package_discovery:Crawling recursively for packages in '/home/nithish/ROS/moveit2_ws'
[0.179s] Level 1:colcon.colcon_core.package_identification:_identify(.) by extensions ['ignore', 'ignore_ament_install']
[0.180s] Level 1:colcon.colcon_core.package_identification:_identify(.) by extension 'ignore'
[0.180s] Level 1:colcon.colcon_core.package_identification:_identify(.) by extension 'ignore_ament_install'
[0.180s] Level 1:colcon.colcon_core.package_identification:_identify(.) by extensions ['colcon_pkg']
[0.180s] Level 1:colcon.colcon_core.package_identification:_identify(.) by extension 'colcon_pkg'
[0.180s] Level 1:colcon.colcon_core.package_identification:_identify(.) by extensions ['colcon_meta']
[0.180s] Level 1:colcon.colcon_core.package_identification:_identify(.) by extension 'colcon_meta'
[0.180s] Level 1:colcon.colcon_core.package_identification:_identify(.) by extensions ['ros']
[0.180s] Level 1:colcon.colcon_core.package_identification:_identify(.) by extension 'ros'
[0.206s] Level 1:colcon.colcon_core.package_identification:_identify(.) by extensions ['cmake', 'python']
[0.206s] Level 1:colcon.colcon_core.package_identification:_identify(.) by extension 'cmake'
[0.206s] Level 1:colcon.colcon_core.package_identification:_identify(.) by extension 'python'
[0.206s] Level 1:colcon.colcon_core.package_identification:_identify(.) by extensions ['python_setup_py']
[0.206s] Level 1:colcon.colcon_core.package_identification:_identify(.) by extension 'python_setup_py'
[0.207s] Level 1:colcon.colcon_core.package_identification:_identify(build) by extensions ['ignore', 'ignore_ament_install']
[0.207s] Level 1:colcon.colcon_core.package_identification:_identify(build) by extension 'ignore'
[0.207s] Level 1:colcon.colcon_core.package_identification:_identify(build) ignored
[0.207s] Level 1:colcon.colcon_core.package_identification:_identify(install) by extensions ['ignore', 'ignore_ament_install']
[0.207s] Level 1:colcon.colcon_core.package_identification:_identify(install) by extension 'ignore'
[0.207s] Level 1:colcon.colcon_core.package_identification:_identify(install) ignored
[0.207s] Level 1:colcon.colcon_core.package_identification:_identify(log) by extensions ['ignore', 'ignore_ament_install']
[0.207s] Level 1:colcon.colcon_core.package_identification:_identify(log) by extension 'ignore'
[0.207s] Level 1:colcon.colcon_core.package_identification:_identify(log) ignored
[0.207s] Level 1:colcon.colcon_core.package_identification:_identify(src) by extensions ['ignore', 'ignore_ament_install']
[0.207s] Level 1:colcon.colcon_core.package_identification:_identify(src) by extension 'ignore'
[0.207s] Level 1:colcon.colcon_core.package_identification:_identify(src) by extension 'ignore_ament_install'
[0.208s] Level 1:colcon.colcon_core.package_identification:_identify(src) by extensions ['colcon_pkg']
[0.208s] Level 1:colcon.colcon_core.package_identification:_identify(src) by extension 'colcon_pkg'
[0.208s] Level 1:colcon.colcon_core.package_identification:_identify(src) by extensions ['colcon_meta']
[0.208s] Level 1:colcon.colcon_core.package_identification:_identify(src) by extension 'colcon_meta'
[0.208s] Level 1:colcon.colcon_core.package_identification:_identify(src) by extensions ['ros']
[0.208s] Level 1:colcon.colcon_core.package_identification:_identify(src) by extension 'ros'
[0.208s] Level 1:colcon.colcon_core.package_identification:_identify(src) by extensions ['cmake', 'python']
[0.208s] Level 1:colcon.colcon_core.package_identification:_identify(src) by extension 'cmake'
[0.208s] Level 1:colcon.colcon_core.package_identification:_identify(src) by extension 'python'
[0.208s] Level 1:colcon.colcon_core.package_identification:_identify(src) by extensions ['python_setup_py']
[0.208s] Level 1:colcon.colcon_core.package_identification:_identify(src) by extension 'python_setup_py'
[0.208s] Level 1:colcon.colcon_core.package_identification:_identify(src/moveit2_controller) by extensions ['ignore', 'ignore_ament_install']
[0.208s] Level 1:colcon.colcon_core.package_identification:_identify(src/moveit2_controller) by extension 'ignore'
[0.208s] Level 1:colcon.colcon_core.package_identification:_identify(src/moveit2_controller) by extension 'ignore_ament_install'
[0.208s] Level 1:colcon.colcon_core.package_identification:_identify(src/moveit2_controller) by extensions ['colcon_pkg']
[0.208s] Level 1:colcon.colcon_core.package_identification:_identify(src/moveit2_controller) by extension 'colcon_pkg'
[0.208s] Level 1:colcon.colcon_core.package_identification:_identify(src/moveit2_controller) by extensions ['colcon_meta']
[0.208s] Level 1:colcon.colcon_core.package_identification:_identify(src/moveit2_controller) by extension 'colcon_meta'
[0.208s] Level 1:colcon.colcon_core.package_identification:_identify(src/moveit2_controller) by extensions ['ros']
[0.208s] Level 1:colcon.colcon_core.package_identification:_identify(src/moveit2_controller) by extension 'ros'
[0.211s] DEBUG:colcon.colcon_core.package_identification:Package 'src/moveit2_controller' with type 'ros.ament_cmake' and name 'moveit2_controller'
[0.211s] Level 1:colcon.colcon_core.package_identification:_identify(src/moveit2_description) by extensions ['ignore', 'ignore_ament_install']
[0.211s] Level 1:colcon.colcon_core.package_identification:_identify(src/moveit2_description) by extension 'ignore'
[0.211s] Level 1:colcon.colcon_core.package_identification:_identify(src/moveit2_description) by extension 'ignore_ament_install'
[0.211s] Level 1:colcon.colcon_core.package_identification:_identify(src/moveit2_description) by extensions ['colcon_pkg']
[0.211s] Level 1:colcon.colcon_core.package_identification:_identify(src/moveit2_description) by extension 'colcon_pkg'
[0.211s] Level 1:colcon.colcon_core.package_identification:_identify(src/moveit2_description) by extensions ['colcon_meta']
[0.211s] Level 1:colcon.colcon_core.package_identification:_identify(src/moveit2_description) by extension 'colcon_meta'
[0.211s] Level 1:colcon.colcon_core.package_identification:_identify(src/moveit2_description) by extensions ['ros']
[0.211s] Level 1:colcon.colcon_core.package_identification:_identify(src/moveit2_description) by extension 'ros'
[0.212s] DEBUG:colcon.colcon_core.package_identification:Package 'src/moveit2_description' with type 'ros.ament_cmake' and name 'moveit2_description'
[0.212s] Level 1:colcon.colcon_core.package_discovery:discover_packages(recursive) using defaults
[0.212s] Level 1:colcon.colcon_core.package_discovery:discover_packages(ignore) discover
[0.212s] Level 1:colcon.colcon_core.package_discovery:discover_packages(ignore) using defaults
[0.212s] Level 1:colcon.colcon_core.package_discovery:discover_packages(path) discover
[0.212s] Level 1:colcon.colcon_core.package_discovery:discover_packages(path) using defaults
[0.230s] Level 1:colcon.colcon_core.package_discovery:discover_packages(prefix_path) check parameters
[0.230s] Level 1:colcon.colcon_core.package_discovery:discover_packages(prefix_path) discover
[0.233s] DEBUG:colcon.colcon_installed_package_information.package_discovery:Found 529 installed packages in /opt/ros/jazzy
[0.235s] Level 1:colcon.colcon_core.package_discovery:discover_packages(prefix_path) using defaults
[0.315s] Level 5:colcon.colcon_core.verb:set package 'moveit2_controller' build argument 'cmake_args' from command line to 'None'
[0.315s] Level 5:colcon.colcon_core.verb:set package 'moveit2_controller' build argument 'cmake_target' from command line to 'None'
[0.315s] Level 5:colcon.colcon_core.verb:set package 'moveit2_controller' build argument 'cmake_target_skip_unavailable' from command line to 'False'
[0.315s] Level 5:colcon.colcon_core.verb:set package 'moveit2_controller' build argument 'cmake_clean_cache' from command line to 'False'
[0.315s] Level 5:colcon.colcon_core.verb:set package 'moveit2_controller' build argument 'cmake_clean_first' from command line to 'False'
[0.315s] Level 5:colcon.colcon_core.verb:set package 'moveit2_controller' build argument 'cmake_force_configure' from command line to 'False'
[0.315s] Level 5:colcon.colcon_core.verb:set package 'moveit2_controller' build argument 'ament_cmake_args' from command line to 'None'
[0.315s] Level 5:colcon.colcon_core.verb:set package 'moveit2_controller' build argument 'catkin_cmake_args' from command line to 'None'
[0.315s] Level 5:colcon.colcon_core.verb:set package 'moveit2_controller' build argument 'catkin_skip_building_tests' from command line to 'False'
[0.315s] DEBUG:colcon.colcon_core.verb:Building package 'moveit2_controller' with the following arguments: {'ament_cmake_args': None, 'build_base': '/home/nithish/ROS/moveit2_ws/build/moveit2_controller', 'catkin_cmake_args': None, 'catkin_skip_building_tests': False, 'cmake_args': None, 'cmake_clean_cache': False, 'cmake_clean_first': False, 'cmake_force_configure': False, 'cmake_target': None, 'cmake_target_skip_unavailable': False, 'install_base': '/home/nithish/ROS/moveit2_ws/install/moveit2_controller', 'merge_install': False, 'path': '/home/nithish/ROS/moveit2_ws/src/moveit2_controller', 'symlink_install': False, 'test_result_base': None}
[0.315s] Level 5:colcon.colcon_core.verb:set package 'moveit2_description' build argument 'cmake_args' from command line to 'None'
[0.315s] Level 5:colcon.colcon_core.verb:set package 'moveit2_description' build argument 'cmake_target' from command line to 'None'
[0.315s] Level 5:colcon.colcon_core.verb:set package 'moveit2_description' build argument 'cmake_target_skip_unavailable' from command line to 'False'
[0.315s] Level 5:colcon.colcon_core.verb:set package 'moveit2_description' build argument 'cmake_clean_cache' from command line to 'False'
[0.315s] Level 5:colcon.colcon_core.verb:set package 'moveit2_description' build argument 'cmake_clean_first' from command line to 'False'
[0.315s] Level 5:colcon.colcon_core.verb:set package 'moveit2_description' build argument 'cmake_force_configure' from command line to 'False'
[0.315s] Level 5:colcon.colcon_core.verb:set package 'moveit2_description' build argument 'ament_cmake_args' from command line to 'None'
[0.315s] Level 5:colcon.colcon_core.verb:set package 'moveit2_description' build argument 'catkin_cmake_args' from command line to 'None'
[0.315s] Level 5:colcon.colcon_core.verb:set package 'moveit2_description' build argument 'catkin_skip_building_tests' from command line to 'False'
[0.315s] DEBUG:colcon.colcon_core.verb:Building package 'moveit2_description' with the following arguments: {'ament_cmake_args': None, 'build_base': '/home/nithish/ROS/moveit2_ws/build/moveit2_description', 'catkin_cmake_args': None, 'catkin_skip_building_tests': False, 'cmake_args': None, 'cmake_clean_cache': False, 'cmake_clean_first': False, 'cmake_force_configure': False, 'cmake_target': None, 'cmake_target_skip_unavailable': False, 'install_base': '/home/nithish/ROS/moveit2_ws/install/moveit2_description', 'merge_install': False, 'path': '/home/nithish/ROS/moveit2_ws/src/moveit2_description', 'symlink_install': False, 'test_result_base': None}
[0.316s] INFO:colcon.colcon_core.executor:Executing jobs using 'parallel' executor
[0.317s] DEBUG:colcon.colcon_parallel_executor.executor.parallel:run_until_complete
[0.317s] INFO:colcon.colcon_ros.task.ament_cmake.build:Building ROS package in '/home/nithish/ROS/moveit2_ws/src/moveit2_controller' with build type 'ament_cmake'
[0.317s] INFO:colcon.colcon_cmake.task.cmake.build:Building CMake package in '/home/nithish/ROS/moveit2_ws/src/moveit2_controller'
[0.320s] INFO:colcon.colcon_core.plugin_system:Skipping extension 'colcon_core.shell.bat': Not used on non-Windows systems
[0.320s] INFO:colcon.colcon_core.shell:Skip shell extension 'powershell' for command environment: Not usable outside of PowerShell
[0.320s] DEBUG:colcon.colcon_core.shell:Skip shell extension 'dsv' for command environment
[0.324s] INFO:colcon.colcon_ros.task.ament_cmake.build:Building ROS package in '/home/nithish/ROS/moveit2_ws/src/moveit2_description' with build type 'ament_cmake'
[0.324s] INFO:colcon.colcon_cmake.task.cmake.build:Building CMake package in '/home/nithish/ROS/moveit2_ws/src/moveit2_description'
[0.324s] INFO:colcon.colcon_core.shell:Skip shell extension 'powershell' for command environment: Not usable outside of PowerShell
[0.324s] DEBUG:colcon.colcon_core.shell:Skip shell extension 'dsv' for command environment
[0.334s] DEBUG:colcon.colcon_core.event_handler.log_command:Invoking command in '/home/nithish/ROS/moveit2_ws/build/moveit2_controller': CMAKE_PREFIX_PATH=${CMAKE_PREFIX_PATH}:/opt/ros/jazzy DEBUGINFOD_URLS=https://debuginfod.ubuntu.com /usr/bin/cmake --build /home/nithish/ROS/moveit2_ws/build/moveit2_controller -- -j8 -l8
[0.338s] DEBUG:colcon.colcon_core.event_handler.log_command:Invoking command in '/home/nithish/ROS/moveit2_ws/build/moveit2_description': CMAKE_PREFIX_PATH=${CMAKE_PREFIX_PATH}:/opt/ros/jazzy DEBUGINFOD_URLS=https://debuginfod.ubuntu.com /usr/bin/cmake --build /home/nithish/ROS/moveit2_ws/build/moveit2_description -- -j8 -l8
[0.382s] DEBUG:colcon.colcon_core.event_handler.log_command:Invoked command in '/home/nithish/ROS/moveit2_ws/build/moveit2_controller' returned '0': CMAKE_PREFIX_PATH=${CMAKE_PREFIX_PATH}:/opt/ros/jazzy DEBUGINFOD_URLS=https://debuginfod.ubuntu.com /usr/bin/cmake --build /home/nithish/ROS/moveit2_ws/build/moveit2_controller -- -j8 -l8
[0.393s] DEBUG:colcon.colcon_core.event_handler.log_command:Invoking command in '/home/nithish/ROS/moveit2_ws/build/moveit2_controller': CMAKE_PREFIX_PATH=${CMAKE_PREFIX_PATH}:/opt/ros/jazzy DEBUGINFOD_URLS=https://debuginfod.ubuntu.com /usr/bin/cmake --install /home/nithish/ROS/moveit2_ws/build/moveit2_controller
[0.394s] DEBUG:colcon.colcon_core.event_handler.log_command:Invoked command in '/home/nithish/ROS/moveit2_ws/build/moveit2_description' returned '0': CMAKE_PREFIX_PATH=${CMAKE_PREFIX_PATH}:/opt/ros/jazzy DEBUGINFOD_URLS=https://debuginfod.ubuntu.com /usr/bin/cmake --build /home/nithish/ROS/moveit2_ws/build/moveit2_description -- -j8 -l8
[0.395s] DEBUG:colcon.colcon_core.event_handler.log_command:Invoking command in '/home/nithish/ROS/moveit2_ws/build/moveit2_description': CMAKE_PREFIX_PATH=${CMAKE_PREFIX_PATH}:/opt/ros/jazzy DEBUGINFOD_URLS=https://debuginfod.ubuntu.com /usr/bin/cmake --install /home/nithish/ROS/moveit2_ws/build/moveit2_description
[0.409s] Level 1:colcon.colcon_core.environment:create_environment_scripts_only(moveit2_controller)
[0.410s] DEBUG:colcon.colcon_core.event_handler.log_command:Invoked command in '/home/nithish/ROS/moveit2_ws/build/moveit2_controller' returned '0': CMAKE_PREFIX_PATH=${CMAKE_PREFIX_PATH}:/opt/ros/jazzy DEBUGINFOD_URLS=https://debuginfod.ubuntu.com /usr/bin/cmake --install /home/nithish/ROS/moveit2_ws/build/moveit2_controller
[0.412s] Level 1:colcon.colcon_core.environment:checking '/home/nithish/ROS/moveit2_ws/install/moveit2_controller' for CMake module files
[0.412s] Level 1:colcon.colcon_core.environment:checking '/home/nithish/ROS/moveit2_ws/install/moveit2_controller' for CMake config files
[0.413s] Level 1:colcon.colcon_core.shell:create_environment_hook('moveit2_controller', 'cmake_prefix_path')
[0.413s] INFO:colcon.colcon_core.shell:Creating environment hook '/home/nithish/ROS/moveit2_ws/install/moveit2_controller/share/moveit2_controller/hook/cmake_prefix_path.ps1'
[0.413s] INFO:colcon.colcon_core.shell:Creating environment descriptor '/home/nithish/ROS/moveit2_ws/install/moveit2_controller/share/moveit2_controller/hook/cmake_prefix_path.dsv'
[0.414s] INFO:colcon.colcon_core.shell:Creating environment hook '/home/nithish/ROS/moveit2_ws/install/moveit2_controller/share/moveit2_controller/hook/cmake_prefix_path.sh'
[0.414s] Level 1:colcon.colcon_core.environment:checking '/home/nithish/ROS/moveit2_ws/install/moveit2_controller/bin'
[0.414s] Level 1:colcon.colcon_core.environment:checking '/home/nithish/ROS/moveit2_ws/install/moveit2_controller/lib/pkgconfig/moveit2_controller.pc'
[0.415s] Level 1:colcon.colcon_core.environment:checking '/home/nithish/ROS/moveit2_ws/install/moveit2_controller/lib/python3.12/site-packages'
[0.415s] Level 1:colcon.colcon_core.environment:checking '/home/nithish/ROS/moveit2_ws/install/moveit2_controller/bin'
[0.415s] INFO:colcon.colcon_core.shell:Creating package script '/home/nithish/ROS/moveit2_ws/install/moveit2_controller/share/moveit2_controller/package.ps1'
[0.416s] INFO:colcon.colcon_core.shell:Creating package descriptor '/home/nithish/ROS/moveit2_ws/install/moveit2_controller/share/moveit2_controller/package.dsv'
[0.416s] INFO:colcon.colcon_core.shell:Creating package script '/home/nithish/ROS/moveit2_ws/install/moveit2_controller/share/moveit2_controller/package.sh'
[0.417s] INFO:colcon.colcon_core.shell:Creating package script '/home/nithish/ROS/moveit2_ws/install/moveit2_controller/share/moveit2_controller/package.bash'
[0.417s] INFO:colcon.colcon_core.shell:Creating package script '/home/nithish/ROS/moveit2_ws/install/moveit2_controller/share/moveit2_controller/package.zsh'
[0.418s] Level 1:colcon.colcon_core.environment:create_file_with_runtime_dependencies(/home/nithish/ROS/moveit2_ws/install/moveit2_controller/share/colcon-core/packages/moveit2_controller)
[0.418s] Level 1:colcon.colcon_core.environment:create_environment_scripts_only(moveit2_controller)
[0.418s] Level 1:colcon.colcon_core.environment:checking '/home/nithish/ROS/moveit2_ws/install/moveit2_controller' for CMake module files
[0.419s] Level 1:colcon.colcon_core.environment:checking '/home/nithish/ROS/moveit2_ws/install/moveit2_controller' for CMake config files
[0.419s] Level 1:colcon.colcon_core.shell:create_environment_hook('moveit2_controller', 'cmake_prefix_path')
[0.419s] INFO:colcon.colcon_core.shell:Creating environment hook '/home/nithish/ROS/moveit2_ws/install/moveit2_controller/share/moveit2_controller/hook/cmake_prefix_path.ps1'
[0.419s] INFO:colcon.colcon_core.shell:Creating environment descriptor '/home/nithish/ROS/moveit2_ws/install/moveit2_controller/share/moveit2_controller/hook/cmake_prefix_path.dsv'
[0.420s] INFO:colcon.colcon_core.shell:Creating environment hook '/home/nithish/ROS/moveit2_ws/install/moveit2_controller/share/moveit2_controller/hook/cmake_prefix_path.sh'
[0.420s] Level 1:colcon.colcon_core.environment:checking '/home/nithish/ROS/moveit2_ws/install/moveit2_controller/bin'
[0.420s] Level 1:colcon.colcon_core.environment:checking '/home/nithish/ROS/moveit2_ws/install/moveit2_controller/lib/pkgconfig/moveit2_controller.pc'
[0.420s] Level 1:colcon.colcon_core.environment:checking '/home/nithish/ROS/moveit2_ws/install/moveit2_controller/lib/python3.12/site-packages'
[0.421s] Level 1:colcon.colcon_core.environment:checking '/home/nithish/ROS/moveit2_ws/install/moveit2_controller/bin'
[0.421s] INFO:colcon.colcon_core.shell:Creating package script '/home/nithish/ROS/moveit2_ws/install/moveit2_controller/share/moveit2_controller/package.ps1'
[0.421s] INFO:colcon.colcon_core.shell:Creating package descriptor '/home/nithish/ROS/moveit2_ws/install/moveit2_controller/share/moveit2_controller/package.dsv'
[0.422s] INFO:colcon.colcon_core.shell:Creating package script '/home/nithish/ROS/moveit2_ws/install/moveit2_controller/share/moveit2_controller/package.sh'
[0.422s] INFO:colcon.colcon_core.shell:Creating package script '/home/nithish/ROS/moveit2_ws/install/moveit2_controller/share/moveit2_controller/package.bash'
[0.422s] INFO:colcon.colcon_core.shell:Creating package script '/home/nithish/ROS/moveit2_ws/install/moveit2_controller/share/moveit2_controller/package.zsh'
[0.423s] Level 1:colcon.colcon_core.environment:create_file_with_runtime_dependencies(/home/nithish/ROS/moveit2_ws/install/moveit2_controller/share/colcon-core/packages/moveit2_controller)
[0.423s] Level 1:colcon.colcon_core.environment:create_environment_scripts_only(moveit2_description)
[0.423s] Level 1:colcon.colcon_core.environment:checking '/home/nithish/ROS/moveit2_ws/install/moveit2_description' for CMake module files
[0.424s] Level 1:colcon.colcon_core.environment:checking '/home/nithish/ROS/moveit2_ws/install/moveit2_description' for CMake config files
[0.425s] DEBUG:colcon.colcon_core.event_handler.log_command:Invoked command in '/home/nithish/ROS/moveit2_ws/build/moveit2_description' returned '0': CMAKE_PREFIX_PATH=${CMAKE_PREFIX_PATH}:/opt/ros/jazzy DEBUGINFOD_URLS=https://debuginfod.ubuntu.com /usr/bin/cmake --install /home/nithish/ROS/moveit2_ws/build/moveit2_description
[0.426s] Level 1:colcon.colcon_core.shell:create_environment_hook('moveit2_description', 'cmake_prefix_path')
[0.426s] INFO:colcon.colcon_core.shell:Creating environment hook '/home/nithish/ROS/moveit2_ws/install/moveit2_description/share/moveit2_description/hook/cmake_prefix_path.ps1'
[0.427s] INFO:colcon.colcon_core.shell:Creating environment descriptor '/home/nithish/ROS/moveit2_ws/install/moveit2_description/share/moveit2_description/hook/cmake_prefix_path.dsv'
[0.427s] INFO:colcon.colcon_core.shell:Creating environment hook '/home/nithish/ROS/moveit2_ws/install/moveit2_description/share/moveit2_description/hook/cmake_prefix_path.sh'
[0.427s] Level 1:colcon.colcon_core.environment:checking '/home/nithish/ROS/moveit2_ws/install/moveit2_description/bin'
[0.428s] Level 1:colcon.colcon_core.environment:checking '/home/nithish/ROS/moveit2_ws/install/moveit2_description/lib/pkgconfig/moveit2_description.pc'
[0.428s] Level 1:colcon.colcon_core.environment:checking '/home/nithish/ROS/moveit2_ws/install/moveit2_description/lib/python3.12/site-packages'
[0.428s] Level 1:colcon.colcon_core.environment:checking '/home/nithish/ROS/moveit2_ws/install/moveit2_description/bin'
[0.428s] INFO:colcon.colcon_core.shell:Creating package script '/home/nithish/ROS/moveit2_ws/install/moveit2_description/share/moveit2_description/package.ps1'
[0.429s] INFO:colcon.colcon_core.shell:Creating package descriptor '/home/nithish/ROS/moveit2_ws/install/moveit2_description/share/moveit2_description/package.dsv'
[0.430s] INFO:colcon.colcon_core.shell:Creating package script '/home/nithish/ROS/moveit2_ws/install/moveit2_description/share/moveit2_description/package.sh'
[0.431s] INFO:colcon.colcon_core.shell:Creating package script '/home/nithish/ROS/moveit2_ws/install/moveit2_description/share/moveit2_description/package.bash'
[0.431s] INFO:colcon.colcon_core.shell:Creating package script '/home/nithish/ROS/moveit2_ws/install/moveit2_description/share/moveit2_description/package.zsh'
[0.431s] Level 1:colcon.colcon_core.environment:create_file_with_runtime_dependencies(/home/nithish/ROS/moveit2_ws/install/moveit2_description/share/colcon-core/packages/moveit2_description)
[0.432s] Level 1:colcon.colcon_core.environment:create_environment_scripts_only(moveit2_description)
[0.432s] Level 1:colcon.colcon_core.environment:checking '/home/nithish/ROS/moveit2_ws/install/moveit2_description' for CMake module files
[0.433s] Level 1:colcon.colcon_core.environment:checking '/home/nithish/ROS/moveit2_ws/install/moveit2_description' for CMake config files
[0.433s] Level 1:colcon.colcon_core.shell:create_environment_hook('moveit2_description', 'cmake_prefix_path')
[0.433s] INFO:colcon.colcon_core.shell:Creating environment hook '/home/nithish/ROS/moveit2_ws/install/moveit2_description/share/moveit2_description/hook/cmake_prefix_path.ps1'
[0.434s] INFO:colcon.colcon_core.shell:Creating environment descriptor '/home/nithish/ROS/moveit2_ws/install/moveit2_description/share/moveit2_description/hook/cmake_prefix_path.dsv'
[0.435s] INFO:colcon.colcon_core.shell:Creating environment hook '/home/nithish/ROS/moveit2_ws/install/moveit2_description/share/moveit2_description/hook/cmake_prefix_path.sh'
[0.435s] Level 1:colcon.colcon_core.environment:checking '/home/nithish/ROS/moveit2_ws/install/moveit2_description/bin'
[0.436s] Level 1:colcon.colcon_core.environment:checking '/home/nithish/ROS/moveit2_ws/install/moveit2_description/lib/pkgconfig/moveit2_description.pc'
[0.436s] Level 1:colcon.colcon_core.environment:checking '/home/nithish/ROS/moveit2_ws/install/moveit2_description/lib/python3.12/site-packages'
[0.436s] Level 1:colcon.colcon_core.environment:checking '/home/nithish/ROS/moveit2_ws/install/moveit2_description/bin'
[0.437s] INFO:colcon.colcon_core.shell:Creating package script '/home/nithish/ROS/moveit2_ws/install/moveit2_description/share/moveit2_description/package.ps1'
[0.437s] INFO:colcon.colcon_core.shell:Creating package descriptor '/home/nithish/ROS/moveit2_ws/install/moveit2_description/share/moveit2_description/package.dsv'
[0.439s] INFO:colcon.colcon_core.shell:Creating package script '/home/nithish/ROS/moveit2_ws/install/moveit2_description/share/moveit2_description/package.sh'
[0.439s] INFO:colcon.colcon_core.shell:Creating package script '/home/nithish/ROS/moveit2_ws/install/moveit2_description/share/moveit2_description/package.bash'
[0.440s] INFO:colcon.colcon_core.shell:Creating package script '/home/nithish/ROS/moveit2_ws/install/moveit2_description/share/moveit2_description/package.zsh'
[0.441s] Level 1:colcon.colcon_core.environment:create_file_with_runtime_dependencies(/home/nithish/ROS/moveit2_ws/install/moveit2_description/share/colcon-core/packages/moveit2_description)
[0.441s] DEBUG:colcon.colcon_parallel_executor.executor.parallel:closing loop
[0.441s] DEBUG:colcon.colcon_parallel_executor.executor.parallel:loop closed
[0.441s] DEBUG:colcon.colcon_parallel_executor.executor.parallel:run_until_complete finished with '0'
[0.442s] DEBUG:colcon.colcon_core.event_reactor:joining thread
[0.450s] INFO:colcon.colcon_core.plugin_system:Skipping extension 'colcon_notification.desktop_notification.terminal_notifier': Not used on non-Darwin systems
[0.450s] INFO:colcon.colcon_core.plugin_system:Skipping extension 'colcon_notification.desktop_notification.win32': Not used on non-Windows systems
[0.450s] INFO:colcon.colcon_notification.desktop_notification:Sending desktop notification using 'notify2'
[0.472s] DEBUG:colcon.colcon_core.event_reactor:joined thread
[0.472s] INFO:colcon.colcon_core.shell:Creating prefix script '/home/nithish/ROS/moveit2_ws/install/local_setup.ps1'
[0.474s] INFO:colcon.colcon_core.shell:Creating prefix util module '/home/nithish/ROS/moveit2_ws/install/_local_setup_util_ps1.py'
[0.476s] INFO:colcon.colcon_core.shell:Creating prefix chain script '/home/nithish/ROS/moveit2_ws/install/setup.ps1'
[0.477s] INFO:colcon.colcon_core.shell:Creating prefix script '/home/nithish/ROS/moveit2_ws/install/local_setup.sh'
[0.478s] INFO:colcon.colcon_core.shell:Creating prefix util module '/home/nithish/ROS/moveit2_ws/install/_local_setup_util_sh.py'
[0.478s] INFO:colcon.colcon_core.shell:Creating prefix chain script '/home/nithish/ROS/moveit2_ws/install/setup.sh'
[0.480s] INFO:colcon.colcon_core.shell:Creating prefix script '/home/nithish/ROS/moveit2_ws/install/local_setup.bash'
[0.480s] INFO:colcon.colcon_core.shell:Creating prefix chain script '/home/nithish/ROS/moveit2_ws/install/setup.bash'
[0.481s] INFO:colcon.colcon_core.shell:Creating prefix script '/home/nithish/ROS/moveit2_ws/install/local_setup.zsh'
[0.482s] INFO:colcon.colcon_core.shell:Creating prefix chain script '/home/nithish/ROS/moveit2_ws/install/setup.zsh'
