[0.014s] Invoking command in '/home/nithish/ROS/moveit2_ws/build/moveit2_description': CMAKE_PREFIX_PATH=${CMAKE_PREFIX_PATH}:/opt/ros/jazzy DEBUGINFOD_URLS=https://debuginfod.ubuntu.com /usr/bin/cmake --build /home/nithish/ROS/moveit2_ws/build/moveit2_description -- -j8 -l8
[0.069s] Invoked command in '/home/nithish/ROS/moveit2_ws/build/moveit2_description' returned '0': CMAKE_PREFIX_PATH=${CMAKE_PREFIX_PATH}:/opt/ros/jazzy DEBUGINFOD_URLS=https://debuginfod.ubuntu.com /usr/bin/cmake --build /home/nithish/ROS/moveit2_ws/build/moveit2_description -- -j8 -l8
[0.070s] Invoking command in '/home/nithish/ROS/moveit2_ws/build/moveit2_description': CMAKE_PREFIX_PATH=${CMAKE_PREFIX_PATH}:/opt/ros/jazzy DEBUGINFOD_URLS=https://debuginfod.ubuntu.com /usr/bin/cmake --install /home/nithish/ROS/moveit2_ws/build/moveit2_description
[0.079s] -- Install configuration: ""
[0.080s] -- Up-to-date: /home/nithish/ROS/moveit2_ws/install/moveit2_description/share/moveit2_description/meshes
[0.080s] -- Up-to-date: /home/nithish/ROS/moveit2_ws/install/moveit2_description/share/moveit2_description/meshes/visual
[0.080s] -- Up-to-date: /home/nithish/ROS/moveit2_ws/install/moveit2_description/share/moveit2_description/meshes/visual/hand.dae
[0.080s] -- Up-to-date: /home/nithish/ROS/moveit2_ws/install/moveit2_description/share/moveit2_description/meshes/visual/link0.dae
[0.080s] -- Up-to-date: /home/nithish/ROS/moveit2_ws/install/moveit2_description/share/moveit2_description/meshes/visual/link6.dae
[0.080s] -- Up-to-date: /home/nithish/ROS/moveit2_ws/install/moveit2_description/share/moveit2_description/meshes/visual/link3.dae
[0.080s] -- Up-to-date: /home/nithish/ROS/moveit2_ws/install/moveit2_description/share/moveit2_description/meshes/visual/link5.dae
[0.080s] -- Up-to-date: /home/nithish/ROS/moveit2_ws/install/moveit2_description/share/moveit2_description/meshes/visual/finger.dae
[0.081s] -- Up-to-date: /home/nithish/ROS/moveit2_ws/install/moveit2_description/share/moveit2_description/meshes/visual/finger_old.dae
[0.081s] -- Up-to-date: /home/nithish/ROS/moveit2_ws/install/moveit2_description/share/moveit2_description/meshes/visual/link4.dae
[0.081s] -- Up-to-date: /home/nithish/ROS/moveit2_ws/install/moveit2_description/share/moveit2_description/meshes/visual/link7.dae
[0.081s] -- Up-to-date: /home/nithish/ROS/moveit2_ws/install/moveit2_description/share/moveit2_description/meshes/visual/link2.dae
[0.081s] -- Up-to-date: /home/nithish/ROS/moveit2_ws/install/moveit2_description/share/moveit2_description/meshes/visual/camera.dae
[0.081s] -- Up-to-date: /home/nithish/ROS/moveit2_ws/install/moveit2_description/share/moveit2_description/meshes/visual/link1.dae
[0.081s] -- Up-to-date: /home/nithish/ROS/moveit2_ws/install/moveit2_description/share/moveit2_description/meshes/collision
[0.081s] -- Up-to-date: /home/nithish/ROS/moveit2_ws/install/moveit2_description/share/moveit2_description/meshes/collision/link6.stl
[0.081s] -- Up-to-date: /home/nithish/ROS/moveit2_ws/install/moveit2_description/share/moveit2_description/meshes/collision/link1.stl
[0.081s] -- Up-to-date: /home/nithish/ROS/moveit2_ws/install/moveit2_description/share/moveit2_description/meshes/collision/finger.stl
[0.081s] -- Up-to-date: /home/nithish/ROS/moveit2_ws/install/moveit2_description/share/moveit2_description/meshes/collision/link3.stl
[0.081s] -- Up-to-date: /home/nithish/ROS/moveit2_ws/install/moveit2_description/share/moveit2_description/meshes/collision/finger_old.stl
[0.081s] -- Up-to-date: /home/nithish/ROS/moveit2_ws/install/moveit2_description/share/moveit2_description/meshes/collision/link2.stl
[0.082s] -- Up-to-date: /home/nithish/ROS/moveit2_ws/install/moveit2_description/share/moveit2_description/meshes/collision/link0.stl
[0.082s] -- Up-to-date: /home/nithish/ROS/moveit2_ws/install/moveit2_description/share/moveit2_description/meshes/collision/link5.stl
[0.082s] -- Up-to-date: /home/nithish/ROS/moveit2_ws/install/moveit2_description/share/moveit2_description/meshes/collision/hand.stl
[0.082s] -- Up-to-date: /home/nithish/ROS/moveit2_ws/install/moveit2_description/share/moveit2_description/meshes/collision/link4.stl
[0.082s] -- Up-to-date: /home/nithish/ROS/moveit2_ws/install/moveit2_description/share/moveit2_description/meshes/collision/camera.stl
[0.082s] -- Up-to-date: /home/nithish/ROS/moveit2_ws/install/moveit2_description/share/moveit2_description/meshes/collision/link7.stl
[0.082s] -- Up-to-date: /home/nithish/ROS/moveit2_ws/install/moveit2_description/share/moveit2_description/urdf
[0.082s] -- Up-to-date: /home/nithish/ROS/moveit2_ws/install/moveit2_description/share/moveit2_description/urdf/panda.gazebo_ros2_control.xacro
[0.082s] -- Up-to-date: /home/nithish/ROS/moveit2_ws/install/moveit2_description/share/moveit2_description/urdf/panda.urdf
[0.082s] -- Up-to-date: /home/nithish/ROS/moveit2_ws/install/moveit2_description/share/moveit2_description/urdf/panda.urdf.xacro
[0.082s] -- Up-to-date: /home/nithish/ROS/moveit2_ws/install/moveit2_description/share/moveit2_description/urdf/camera
[0.082s] -- Up-to-date: /home/nithish/ROS/moveit2_ws/install/moveit2_description/share/moveit2_description/urdf/camera/camera.gazebo
[0.083s] -- Up-to-date: /home/nithish/ROS/moveit2_ws/install/moveit2_description/share/moveit2_description/urdf/camera/camera.xacro
[0.083s] -- Up-to-date: /home/nithish/ROS/moveit2_ws/install/moveit2_description/share/moveit2_description/urdf/initial_positions.yaml
[0.083s] -- Up-to-date: /home/nithish/ROS/moveit2_ws/install/moveit2_description/share/moveit2_description/launch
[0.083s] -- Up-to-date: /home/nithish/ROS/moveit2_ws/install/moveit2_description/share/moveit2_description/launch/rviz.launch.py
[0.083s] -- Up-to-date: /home/nithish/ROS/moveit2_ws/install/moveit2_description/share/moveit2_description/launch/gazebo.launch.py
[0.083s] -- Up-to-date: /home/nithish/ROS/moveit2_ws/install/moveit2_description/share/moveit2_description/worlds
[0.083s] -- Up-to-date: /home/nithish/ROS/moveit2_ws/install/moveit2_description/share/moveit2_description/worlds/gazebo_world.sdf
[0.083s] -- Up-to-date: /home/nithish/ROS/moveit2_ws/install/moveit2_description/share/moveit2_description/config
[0.083s] -- Up-to-date: /home/nithish/ROS/moveit2_ws/install/moveit2_description/share/moveit2_description/config/ros_gz_bridge.yaml
[0.083s] -- Up-to-date: /home/nithish/ROS/moveit2_ws/install/moveit2_description/share/ament_index/resource_index/package_run_dependencies/moveit2_description
[0.083s] -- Up-to-date: /home/nithish/ROS/moveit2_ws/install/moveit2_description/share/ament_index/resource_index/parent_prefix_path/moveit2_description
[0.083s] -- Up-to-date: /home/nithish/ROS/moveit2_ws/install/moveit2_description/share/moveit2_description/environment/ament_prefix_path.sh
[0.084s] -- Up-to-date: /home/nithish/ROS/moveit2_ws/install/moveit2_description/share/moveit2_description/environment/ament_prefix_path.dsv
[0.084s] -- Up-to-date: /home/nithish/ROS/moveit2_ws/install/moveit2_description/share/moveit2_description/environment/path.sh
[0.084s] -- Up-to-date: /home/nithish/ROS/moveit2_ws/install/moveit2_description/share/moveit2_description/environment/path.dsv
[0.084s] -- Up-to-date: /home/nithish/ROS/moveit2_ws/install/moveit2_description/share/moveit2_description/local_setup.bash
[0.084s] -- Up-to-date: /home/nithish/ROS/moveit2_ws/install/moveit2_description/share/moveit2_description/local_setup.sh
[0.084s] -- Up-to-date: /home/nithish/ROS/moveit2_ws/install/moveit2_description/share/moveit2_description/local_setup.zsh
[0.084s] -- Up-to-date: /home/nithish/ROS/moveit2_ws/install/moveit2_description/share/moveit2_description/local_setup.dsv
[0.084s] -- Installing: /home/nithish/ROS/moveit2_ws/install/moveit2_description/share/moveit2_description/package.dsv
[0.084s] -- Up-to-date: /home/nithish/ROS/moveit2_ws/install/moveit2_description/share/ament_index/resource_index/packages/moveit2_description
[0.084s] -- Up-to-date: /home/nithish/ROS/moveit2_ws/install/moveit2_description/share/moveit2_description/cmake/moveit2_descriptionConfig.cmake
[0.084s] -- Up-to-date: /home/nithish/ROS/moveit2_ws/install/moveit2_description/share/moveit2_description/cmake/moveit2_descriptionConfig-version.cmake
[0.084s] -- Up-to-date: /home/nithish/ROS/moveit2_ws/install/moveit2_description/share/moveit2_description/package.xml
[0.101s] Invoked command in '/home/nithish/ROS/moveit2_ws/build/moveit2_description' returned '0': CMAKE_PREFIX_PATH=${CMAKE_PREFIX_PATH}:/opt/ros/jazzy DEBUGINFOD_URLS=https://debuginfod.ubuntu.com /usr/bin/cmake --install /home/nithish/ROS/moveit2_ws/build/moveit2_description
