[0.018s] Invoking command in '/home/nithish/ROS/moveit2_ws/build/yolov8_obb': CMAKE_PREFIX_PATH=${CMAKE_PREFIX_PATH}:/opt/ros/jazzy DEBUGINFOD_URLS=https://debuginfod.ubuntu.com PS1=(yolov8-env) \[\e]0;\u@\h: \w\a\]${debian_chroot:+($debian_chroot)}\[\033[01;32m\]\u@\h\[\033[00m\]:\[\033[01;34m\]\w\[\033[00m\]\$ VIRTUAL_ENV_PROMPT=(yolov8-env) /usr/bin/cmake --build /home/nithish/ROS/moveit2_ws/build/yolov8_obb -- -j8 -l8
[0.060s] Invoked command in '/home/nithish/ROS/moveit2_ws/build/yolov8_obb' returned '0': CMAKE_PREFIX_PATH=${CMAKE_PREFIX_PATH}:/opt/ros/jazzy DEBUGINFOD_URLS=https://debuginfod.ubuntu.com PS1=(yolov8-env) \[\e]0;\u@\h: \w\a\]${debian_chroot:+($debian_chroot)}\[\033[01;32m\]\u@\h\[\033[00m\]:\[\033[01;34m\]\w\[\033[00m\]\$ VIRTUAL_ENV_PROMPT=(yolov8-env) /usr/bin/cmake --build /home/nithish/ROS/moveit2_ws/build/yolov8_obb -- -j8 -l8
[0.061s] Invoking command in '/home/nithish/ROS/moveit2_ws/build/yolov8_obb': CMAKE_PREFIX_PATH=${CMAKE_PREFIX_PATH}:/opt/ros/jazzy DEBUGINFOD_URLS=https://debuginfod.ubuntu.com PS1=(yolov8-env) \[\e]0;\u@\h: \w\a\]${debian_chroot:+($debian_chroot)}\[\033[01;32m\]\u@\h\[\033[00m\]:\[\033[01;34m\]\w\[\033[00m\]\$ VIRTUAL_ENV_PROMPT=(yolov8-env) /usr/bin/cmake --install /home/nithish/ROS/moveit2_ws/build/yolov8_obb
[0.078s] -- Install configuration: ""
[0.078s] -- Up-to-date: /home/nithish/ROS/moveit2_ws/install/yolov8_obb/share/yolov8_obb//scripts
[0.078s] -- Up-to-date: /home/nithish/ROS/moveit2_ws/install/yolov8_obb/share/yolov8_obb//scripts/yolov8_obb_publisher.py
[0.078s] -- Up-to-date: /home/nithish/ROS/moveit2_ws/install/yolov8_obb/share/yolov8_obb//scripts/yolov8_obb_subscriber.py
[0.078s] -- Up-to-date: /home/nithish/ROS/moveit2_ws/install/yolov8_obb/share/yolov8_obb//scripts/best.pt
[0.079s] -- Up-to-date: /home/nithish/ROS/moveit2_ws/install/yolov8_obb/share/yolov8_obb//launch
[0.079s] -- Up-to-date: /home/nithish/ROS/moveit2_ws/install/yolov8_obb/share/yolov8_obb//launch/yolov8_obb.launch.py
[0.080s] -- Up-to-date: /home/nithish/ROS/moveit2_ws/install/yolov8_obb/lib/yolov8_obb/yolov8_obb_publisher.py
[0.080s] -- Up-to-date: /home/nithish/ROS/moveit2_ws/install/yolov8_obb/lib/yolov8_obb/yolov8_obb_subscriber.py
[0.080s] -- Up-to-date: /home/nithish/ROS/moveit2_ws/install/yolov8_obb/lib/yolov8_obb/yolov8_obb.launch.py
[0.080s] -- Up-to-date: /home/nithish/ROS/moveit2_ws/install/yolov8_obb/share/ament_index/resource_index/package_run_dependencies/yolov8_obb
[0.080s] -- Up-to-date: /home/nithish/ROS/moveit2_ws/install/yolov8_obb/share/ament_index/resource_index/parent_prefix_path/yolov8_obb
[0.080s] -- Up-to-date: /home/nithish/ROS/moveit2_ws/install/yolov8_obb/share/yolov8_obb/environment/ament_prefix_path.sh
[0.080s] -- Up-to-date: /home/nithish/ROS/moveit2_ws/install/yolov8_obb/share/yolov8_obb/environment/ament_prefix_path.dsv
[0.081s] -- Up-to-date: /home/nithish/ROS/moveit2_ws/install/yolov8_obb/share/yolov8_obb/environment/path.sh
[0.081s] -- Up-to-date: /home/nithish/ROS/moveit2_ws/install/yolov8_obb/share/yolov8_obb/environment/path.dsv
[0.081s] -- Up-to-date: /home/nithish/ROS/moveit2_ws/install/yolov8_obb/share/yolov8_obb/local_setup.bash
[0.081s] -- Up-to-date: /home/nithish/ROS/moveit2_ws/install/yolov8_obb/share/yolov8_obb/local_setup.sh
[0.081s] -- Up-to-date: /home/nithish/ROS/moveit2_ws/install/yolov8_obb/share/yolov8_obb/local_setup.zsh
[0.081s] -- Up-to-date: /home/nithish/ROS/moveit2_ws/install/yolov8_obb/share/yolov8_obb/local_setup.dsv
[0.081s] -- Installing: /home/nithish/ROS/moveit2_ws/install/yolov8_obb/share/yolov8_obb/package.dsv
[0.081s] -- Up-to-date: /home/nithish/ROS/moveit2_ws/install/yolov8_obb/share/ament_index/resource_index/packages/yolov8_obb
[0.082s] -- Up-to-date: /home/nithish/ROS/moveit2_ws/install/yolov8_obb/share/yolov8_obb/cmake/yolov8_obbConfig.cmake
[0.082s] -- Up-to-date: /home/nithish/ROS/moveit2_ws/install/yolov8_obb/share/yolov8_obb/cmake/yolov8_obbConfig-version.cmake
[0.082s] -- Up-to-date: /home/nithish/ROS/moveit2_ws/install/yolov8_obb/share/yolov8_obb/package.xml
[0.110s] Invoked command in '/home/nithish/ROS/moveit2_ws/build/yolov8_obb' returned '0': CMAKE_PREFIX_PATH=${CMAKE_PREFIX_PATH}:/opt/ros/jazzy DEBUGINFOD_URLS=https://debuginfod.ubuntu.com PS1=(yolov8-env) \[\e]0;\u@\h: \w\a\]${debian_chroot:+($debian_chroot)}\[\033[01;32m\]\u@\h\[\033[00m\]:\[\033[01;34m\]\w\[\033[00m\]\$ VIRTUAL_ENV_PROMPT=(yolov8-env) /usr/bin/cmake --install /home/nithish/ROS/moveit2_ws/build/yolov8_obb
