[0.022s] Invoking command in '/home/nithish/ROS/moveit2_ws/build/yolov8_obb_msgs': CMAKE_PREFIX_PATH=${CMAKE_PREFIX_PATH}:/opt/ros/jazzy DEBUGINFOD_URLS=https://debuginfod.ubuntu.com /usr/bin/cmake --build /home/nithish/ROS/moveit2_ws/build/yolov8_obb_msgs -- -j8 -l8
[0.099s] [  2%] Built target yolov8_obb_msgs__rosidl_generator_type_description
[0.100s] [  2%] Built target ament_cmake_python_copy_yolov8_obb_msgs
[0.107s] [  4%] Built target yolov8_obb_msgs__cpp
[0.112s] [ 22%] Built target yolov8_obb_msgs__rosidl_generator_c
[0.145s] [ 50%] Built target yolov8_obb_msgs__rosidl_typesupport_cpp
[0.145s] [ 52%] Built target yolov8_obb_msgs__rosidl_typesupport_c
[0.145s] [ 59%] Built target yolov8_obb_msgs__rosidl_typesupport_introspection_c
[0.145s] [ 63%] Built target yolov8_obb_msgs__rosidl_typesupport_fastrtps_c
[0.145s] [ 68%] Built target yolov8_obb_msgs__rosidl_typesupport_fastrtps_cpp
[0.146s] [ 77%] Built target yolov8_obb_msgs__rosidl_typesupport_introspection_cpp
[0.168s] [ 77%] Built target yolov8_obb_msgs
[0.189s] [ 79%] Built target yolov8_obb_msgs__py
[0.210s] [ 86%] Built target yolov8_obb_msgs__rosidl_generator_py
[0.229s] [ 95%] Built target yolov8_obb_msgs_s__rosidl_typesupport_c
[0.229s] [ 95%] Built target yolov8_obb_msgs_s__rosidl_typesupport_introspection_c
[0.229s] [100%] Built target yolov8_obb_msgs_s__rosidl_typesupport_fastrtps_c
[0.358s] running egg_info
[0.385s] writing yolov8_obb_msgs.egg-info/PKG-INFO
[0.385s] writing dependency_links to yolov8_obb_msgs.egg-info/dependency_links.txt
[0.385s] writing top-level names to yolov8_obb_msgs.egg-info/top_level.txt
[0.461s] reading manifest file 'yolov8_obb_msgs.egg-info/SOURCES.txt'
[0.461s] writing manifest file 'yolov8_obb_msgs.egg-info/SOURCES.txt'
[0.488s] [100%] Built target ament_cmake_python_build_yolov8_obb_msgs_egg
[0.498s] Invoked command in '/home/nithish/ROS/moveit2_ws/build/yolov8_obb_msgs' returned '0': CMAKE_PREFIX_PATH=${CMAKE_PREFIX_PATH}:/opt/ros/jazzy DEBUGINFOD_URLS=https://debuginfod.ubuntu.com /usr/bin/cmake --build /home/nithish/ROS/moveit2_ws/build/yolov8_obb_msgs -- -j8 -l8
[0.499s] Invoking command in '/home/nithish/ROS/moveit2_ws/build/yolov8_obb_msgs': CMAKE_PREFIX_PATH=${CMAKE_PREFIX_PATH}:/opt/ros/jazzy DEBUGINFOD_URLS=https://debuginfod.ubuntu.com /usr/bin/cmake --install /home/nithish/ROS/moveit2_ws/build/yolov8_obb_msgs
[0.511s] -- Install configuration: ""
[0.511s] -- Up-to-date: /home/nithish/ROS/moveit2_ws/install/yolov8_obb_msgs/share/ament_index/resource_index/rosidl_interfaces/yolov8_obb_msgs
[0.511s] -- Up-to-date: /home/nithish/ROS/moveit2_ws/install/yolov8_obb_msgs/share/yolov8_obb_msgs/msg/InferenceResult.json
[0.511s] -- Up-to-date: /home/nithish/ROS/moveit2_ws/install/yolov8_obb_msgs/share/yolov8_obb_msgs/msg/Yolov8Inference.json
[0.512s] -- Up-to-date: /home/nithish/ROS/moveit2_ws/install/yolov8_obb_msgs/include/yolov8_obb_msgs/yolov8_obb_msgs
[0.512s] -- Up-to-date: /home/nithish/ROS/moveit2_ws/install/yolov8_obb_msgs/include/yolov8_obb_msgs/yolov8_obb_msgs/msg
[0.512s] -- Up-to-date: /home/nithish/ROS/moveit2_ws/install/yolov8_obb_msgs/include/yolov8_obb_msgs/yolov8_obb_msgs/msg/yolov8_inference.h
[0.512s] -- Up-to-date: /home/nithish/ROS/moveit2_ws/install/yolov8_obb_msgs/include/yolov8_obb_msgs/yolov8_obb_msgs/msg/detail
[0.512s] -- Up-to-date: /home/nithish/ROS/moveit2_ws/install/yolov8_obb_msgs/include/yolov8_obb_msgs/yolov8_obb_msgs/msg/detail/inference_result__type_support.h
[0.512s] -- Up-to-date: /home/nithish/ROS/moveit2_ws/install/yolov8_obb_msgs/include/yolov8_obb_msgs/yolov8_obb_msgs/msg/detail/yolov8_inference__type_support.c
[0.512s] -- Up-to-date: /home/nithish/ROS/moveit2_ws/install/yolov8_obb_msgs/include/yolov8_obb_msgs/yolov8_obb_msgs/msg/detail/yolov8_inference__type_support.h
[0.512s] -- Up-to-date: /home/nithish/ROS/moveit2_ws/install/yolov8_obb_msgs/include/yolov8_obb_msgs/yolov8_obb_msgs/msg/detail/inference_result__functions.h
[0.512s] -- Up-to-date: /home/nithish/ROS/moveit2_ws/install/yolov8_obb_msgs/include/yolov8_obb_msgs/yolov8_obb_msgs/msg/detail/yolov8_inference__description.c
[0.512s] -- Up-to-date: /home/nithish/ROS/moveit2_ws/install/yolov8_obb_msgs/include/yolov8_obb_msgs/yolov8_obb_msgs/msg/detail/inference_result__type_support.c
[0.512s] -- Up-to-date: /home/nithish/ROS/moveit2_ws/install/yolov8_obb_msgs/include/yolov8_obb_msgs/yolov8_obb_msgs/msg/detail/inference_result__struct.h
[0.512s] -- Up-to-date: /home/nithish/ROS/moveit2_ws/install/yolov8_obb_msgs/include/yolov8_obb_msgs/yolov8_obb_msgs/msg/detail/inference_result__description.c
[0.512s] -- Up-to-date: /home/nithish/ROS/moveit2_ws/install/yolov8_obb_msgs/include/yolov8_obb_msgs/yolov8_obb_msgs/msg/detail/yolov8_inference__functions.c
[0.512s] -- Up-to-date: /home/nithish/ROS/moveit2_ws/install/yolov8_obb_msgs/include/yolov8_obb_msgs/yolov8_obb_msgs/msg/detail/inference_result__functions.c
[0.512s] -- Up-to-date: /home/nithish/ROS/moveit2_ws/install/yolov8_obb_msgs/include/yolov8_obb_msgs/yolov8_obb_msgs/msg/detail/yolov8_inference__struct.h
[0.512s] -- Up-to-date: /home/nithish/ROS/moveit2_ws/install/yolov8_obb_msgs/include/yolov8_obb_msgs/yolov8_obb_msgs/msg/detail/yolov8_inference__functions.h
[0.513s] -- Up-to-date: /home/nithish/ROS/moveit2_ws/install/yolov8_obb_msgs/include/yolov8_obb_msgs/yolov8_obb_msgs/msg/inference_result.h
[0.513s] -- Up-to-date: /home/nithish/ROS/moveit2_ws/install/yolov8_obb_msgs/include/yolov8_obb_msgs/yolov8_obb_msgs/msg/rosidl_generator_c__visibility_control.h
[0.513s] -- Up-to-date: /home/nithish/ROS/moveit2_ws/install/yolov8_obb_msgs/share/yolov8_obb_msgs/environment/library_path.sh
[0.513s] -- Up-to-date: /home/nithish/ROS/moveit2_ws/install/yolov8_obb_msgs/share/yolov8_obb_msgs/environment/library_path.dsv
[0.513s] -- Up-to-date: /home/nithish/ROS/moveit2_ws/install/yolov8_obb_msgs/lib/libyolov8_obb_msgs__rosidl_generator_c.so
[0.513s] -- Up-to-date: /home/nithish/ROS/moveit2_ws/install/yolov8_obb_msgs/include/yolov8_obb_msgs/yolov8_obb_msgs
[0.513s] -- Up-to-date: /home/nithish/ROS/moveit2_ws/install/yolov8_obb_msgs/include/yolov8_obb_msgs/yolov8_obb_msgs/msg
[0.513s] -- Up-to-date: /home/nithish/ROS/moveit2_ws/install/yolov8_obb_msgs/include/yolov8_obb_msgs/yolov8_obb_msgs/msg/rosidl_typesupport_fastrtps_c__visibility_control.h
[0.513s] -- Up-to-date: /home/nithish/ROS/moveit2_ws/install/yolov8_obb_msgs/include/yolov8_obb_msgs/yolov8_obb_msgs/msg/detail
[0.513s] -- Up-to-date: /home/nithish/ROS/moveit2_ws/install/yolov8_obb_msgs/include/yolov8_obb_msgs/yolov8_obb_msgs/msg/detail/inference_result__rosidl_typesupport_fastrtps_c.h
[0.513s] -- Up-to-date: /home/nithish/ROS/moveit2_ws/install/yolov8_obb_msgs/include/yolov8_obb_msgs/yolov8_obb_msgs/msg/detail/yolov8_inference__rosidl_typesupport_fastrtps_c.h
[0.513s] -- Up-to-date: /home/nithish/ROS/moveit2_ws/install/yolov8_obb_msgs/lib/libyolov8_obb_msgs__rosidl_typesupport_fastrtps_c.so
[0.513s] -- Up-to-date: /home/nithish/ROS/moveit2_ws/install/yolov8_obb_msgs/include/yolov8_obb_msgs/yolov8_obb_msgs
[0.513s] -- Up-to-date: /home/nithish/ROS/moveit2_ws/install/yolov8_obb_msgs/include/yolov8_obb_msgs/yolov8_obb_msgs/msg
[0.513s] -- Up-to-date: /home/nithish/ROS/moveit2_ws/install/yolov8_obb_msgs/include/yolov8_obb_msgs/yolov8_obb_msgs/msg/inference_result.hpp
[0.513s] -- Up-to-date: /home/nithish/ROS/moveit2_ws/install/yolov8_obb_msgs/include/yolov8_obb_msgs/yolov8_obb_msgs/msg/rosidl_generator_cpp__visibility_control.hpp
[0.513s] -- Up-to-date: /home/nithish/ROS/moveit2_ws/install/yolov8_obb_msgs/include/yolov8_obb_msgs/yolov8_obb_msgs/msg/detail
[0.513s] -- Up-to-date: /home/nithish/ROS/moveit2_ws/install/yolov8_obb_msgs/include/yolov8_obb_msgs/yolov8_obb_msgs/msg/detail/yolov8_inference__type_support.hpp
[0.513s] -- Up-to-date: /home/nithish/ROS/moveit2_ws/install/yolov8_obb_msgs/include/yolov8_obb_msgs/yolov8_obb_msgs/msg/detail/yolov8_inference__traits.hpp
[0.513s] -- Up-to-date: /home/nithish/ROS/moveit2_ws/install/yolov8_obb_msgs/include/yolov8_obb_msgs/yolov8_obb_msgs/msg/detail/yolov8_inference__builder.hpp
[0.513s] -- Up-to-date: /home/nithish/ROS/moveit2_ws/install/yolov8_obb_msgs/include/yolov8_obb_msgs/yolov8_obb_msgs/msg/detail/yolov8_inference__struct.hpp
[0.514s] -- Up-to-date: /home/nithish/ROS/moveit2_ws/install/yolov8_obb_msgs/include/yolov8_obb_msgs/yolov8_obb_msgs/msg/detail/inference_result__traits.hpp
[0.514s] -- Up-to-date: /home/nithish/ROS/moveit2_ws/install/yolov8_obb_msgs/include/yolov8_obb_msgs/yolov8_obb_msgs/msg/detail/inference_result__struct.hpp
[0.514s] -- Up-to-date: /home/nithish/ROS/moveit2_ws/install/yolov8_obb_msgs/include/yolov8_obb_msgs/yolov8_obb_msgs/msg/detail/inference_result__builder.hpp
[0.514s] -- Up-to-date: /home/nithish/ROS/moveit2_ws/install/yolov8_obb_msgs/include/yolov8_obb_msgs/yolov8_obb_msgs/msg/detail/inference_result__type_support.hpp
[0.514s] -- Up-to-date: /home/nithish/ROS/moveit2_ws/install/yolov8_obb_msgs/include/yolov8_obb_msgs/yolov8_obb_msgs/msg/yolov8_inference.hpp
[0.514s] -- Up-to-date: /home/nithish/ROS/moveit2_ws/install/yolov8_obb_msgs/include/yolov8_obb_msgs/yolov8_obb_msgs
[0.514s] -- Up-to-date: /home/nithish/ROS/moveit2_ws/install/yolov8_obb_msgs/include/yolov8_obb_msgs/yolov8_obb_msgs/msg
[0.514s] -- Up-to-date: /home/nithish/ROS/moveit2_ws/install/yolov8_obb_msgs/include/yolov8_obb_msgs/yolov8_obb_msgs/msg/rosidl_typesupport_fastrtps_cpp__visibility_control.h
[0.514s] -- Up-to-date: /home/nithish/ROS/moveit2_ws/install/yolov8_obb_msgs/include/yolov8_obb_msgs/yolov8_obb_msgs/msg/detail
[0.514s] -- Up-to-date: /home/nithish/ROS/moveit2_ws/install/yolov8_obb_msgs/include/yolov8_obb_msgs/yolov8_obb_msgs/msg/detail/yolov8_inference__rosidl_typesupport_fastrtps_cpp.hpp
[0.514s] -- Up-to-date: /home/nithish/ROS/moveit2_ws/install/yolov8_obb_msgs/include/yolov8_obb_msgs/yolov8_obb_msgs/msg/detail/inference_result__rosidl_typesupport_fastrtps_cpp.hpp
[0.514s] -- Up-to-date: /home/nithish/ROS/moveit2_ws/install/yolov8_obb_msgs/include/yolov8_obb_msgs/yolov8_obb_msgs/msg/detail/dds_fastrtps
[0.514s] -- Up-to-date: /home/nithish/ROS/moveit2_ws/install/yolov8_obb_msgs/lib/libyolov8_obb_msgs__rosidl_typesupport_fastrtps_cpp.so
[0.514s] -- Up-to-date: /home/nithish/ROS/moveit2_ws/install/yolov8_obb_msgs/include/yolov8_obb_msgs/yolov8_obb_msgs
[0.514s] -- Up-to-date: /home/nithish/ROS/moveit2_ws/install/yolov8_obb_msgs/include/yolov8_obb_msgs/yolov8_obb_msgs/msg
[0.514s] -- Up-to-date: /home/nithish/ROS/moveit2_ws/install/yolov8_obb_msgs/include/yolov8_obb_msgs/yolov8_obb_msgs/msg/rosidl_typesupport_introspection_c__visibility_control.h
[0.514s] -- Up-to-date: /home/nithish/ROS/moveit2_ws/install/yolov8_obb_msgs/include/yolov8_obb_msgs/yolov8_obb_msgs/msg/detail
[0.514s] -- Up-to-date: /home/nithish/ROS/moveit2_ws/install/yolov8_obb_msgs/include/yolov8_obb_msgs/yolov8_obb_msgs/msg/detail/yolov8_inference__type_support.c
[0.514s] -- Up-to-date: /home/nithish/ROS/moveit2_ws/install/yolov8_obb_msgs/include/yolov8_obb_msgs/yolov8_obb_msgs/msg/detail/inference_result__rosidl_typesupport_introspection_c.h
[0.514s] -- Up-to-date: /home/nithish/ROS/moveit2_ws/install/yolov8_obb_msgs/include/yolov8_obb_msgs/yolov8_obb_msgs/msg/detail/inference_result__type_support.c
[0.514s] -- Up-to-date: /home/nithish/ROS/moveit2_ws/install/yolov8_obb_msgs/include/yolov8_obb_msgs/yolov8_obb_msgs/msg/detail/yolov8_inference__rosidl_typesupport_introspection_c.h
[0.514s] -- Up-to-date: /home/nithish/ROS/moveit2_ws/install/yolov8_obb_msgs/lib/libyolov8_obb_msgs__rosidl_typesupport_introspection_c.so
[0.515s] -- Up-to-date: /home/nithish/ROS/moveit2_ws/install/yolov8_obb_msgs/lib/libyolov8_obb_msgs__rosidl_typesupport_c.so
[0.515s] -- Up-to-date: /home/nithish/ROS/moveit2_ws/install/yolov8_obb_msgs/include/yolov8_obb_msgs/yolov8_obb_msgs
[0.515s] -- Up-to-date: /home/nithish/ROS/moveit2_ws/install/yolov8_obb_msgs/include/yolov8_obb_msgs/yolov8_obb_msgs/msg
[0.515s] -- Up-to-date: /home/nithish/ROS/moveit2_ws/install/yolov8_obb_msgs/include/yolov8_obb_msgs/yolov8_obb_msgs/msg/detail
[0.515s] -- Up-to-date: /home/nithish/ROS/moveit2_ws/install/yolov8_obb_msgs/include/yolov8_obb_msgs/yolov8_obb_msgs/msg/detail/inference_result__type_support.cpp
[0.515s] -- Up-to-date: /home/nithish/ROS/moveit2_ws/install/yolov8_obb_msgs/include/yolov8_obb_msgs/yolov8_obb_msgs/msg/detail/inference_result__rosidl_typesupport_introspection_cpp.hpp
[0.515s] -- Up-to-date: /home/nithish/ROS/moveit2_ws/install/yolov8_obb_msgs/include/yolov8_obb_msgs/yolov8_obb_msgs/msg/detail/yolov8_inference__rosidl_typesupport_introspection_cpp.hpp
[0.515s] -- Up-to-date: /home/nithish/ROS/moveit2_ws/install/yolov8_obb_msgs/include/yolov8_obb_msgs/yolov8_obb_msgs/msg/detail/yolov8_inference__type_support.cpp
[0.515s] -- Up-to-date: /home/nithish/ROS/moveit2_ws/install/yolov8_obb_msgs/lib/libyolov8_obb_msgs__rosidl_typesupport_introspection_cpp.so
[0.515s] -- Up-to-date: /home/nithish/ROS/moveit2_ws/install/yolov8_obb_msgs/lib/libyolov8_obb_msgs__rosidl_typesupport_cpp.so
[0.515s] -- Up-to-date: /home/nithish/ROS/moveit2_ws/install/yolov8_obb_msgs/share/yolov8_obb_msgs/environment/pythonpath.sh
[0.515s] -- Up-to-date: /home/nithish/ROS/moveit2_ws/install/yolov8_obb_msgs/share/yolov8_obb_msgs/environment/pythonpath.dsv
[0.515s] -- Up-to-date: /home/nithish/ROS/moveit2_ws/install/yolov8_obb_msgs/lib/python3.12/site-packages/yolov8_obb_msgs-0.0.0-py3.12.egg-info
[0.515s] -- Installing: /home/nithish/ROS/moveit2_ws/install/yolov8_obb_msgs/lib/python3.12/site-packages/yolov8_obb_msgs-0.0.0-py3.12.egg-info/SOURCES.txt
[0.515s] -- Installing: /home/nithish/ROS/moveit2_ws/install/yolov8_obb_msgs/lib/python3.12/site-packages/yolov8_obb_msgs-0.0.0-py3.12.egg-info/PKG-INFO
[0.515s] -- Installing: /home/nithish/ROS/moveit2_ws/install/yolov8_obb_msgs/lib/python3.12/site-packages/yolov8_obb_msgs-0.0.0-py3.12.egg-info/dependency_links.txt
[0.515s] -- Installing: /home/nithish/ROS/moveit2_ws/install/yolov8_obb_msgs/lib/python3.12/site-packages/yolov8_obb_msgs-0.0.0-py3.12.egg-info/top_level.txt
[0.515s] -- Up-to-date: /home/nithish/ROS/moveit2_ws/install/yolov8_obb_msgs/lib/python3.12/site-packages/yolov8_obb_msgs
[0.515s] -- Up-to-date: /home/nithish/ROS/moveit2_ws/install/yolov8_obb_msgs/lib/python3.12/site-packages/yolov8_obb_msgs/_yolov8_obb_msgs_s.ep.rosidl_typesupport_fastrtps_c.c
[0.515s] -- Up-to-date: /home/nithish/ROS/moveit2_ws/install/yolov8_obb_msgs/lib/python3.12/site-packages/yolov8_obb_msgs/_yolov8_obb_msgs_s.ep.rosidl_typesupport_introspection_c.c
[0.515s] -- Up-to-date: /home/nithish/ROS/moveit2_ws/install/yolov8_obb_msgs/lib/python3.12/site-packages/yolov8_obb_msgs/yolov8_obb_msgs_s__rosidl_typesupport_c.so
[0.515s] -- Up-to-date: /home/nithish/ROS/moveit2_ws/install/yolov8_obb_msgs/lib/python3.12/site-packages/yolov8_obb_msgs/yolov8_obb_msgs_s__rosidl_typesupport_introspection_c.so
[0.515s] -- Up-to-date: /home/nithish/ROS/moveit2_ws/install/yolov8_obb_msgs/lib/python3.12/site-packages/yolov8_obb_msgs/__init__.py
[0.515s] -- Up-to-date: /home/nithish/ROS/moveit2_ws/install/yolov8_obb_msgs/lib/python3.12/site-packages/yolov8_obb_msgs/yolov8_obb_msgs_s__rosidl_typesupport_fastrtps_c.so
[0.516s] -- Up-to-date: /home/nithish/ROS/moveit2_ws/install/yolov8_obb_msgs/lib/python3.12/site-packages/yolov8_obb_msgs/_yolov8_obb_msgs_s.ep.rosidl_typesupport_c.c
[0.516s] -- Up-to-date: /home/nithish/ROS/moveit2_ws/install/yolov8_obb_msgs/lib/python3.12/site-packages/yolov8_obb_msgs/msg
[0.516s] -- Up-to-date: /home/nithish/ROS/moveit2_ws/install/yolov8_obb_msgs/lib/python3.12/site-packages/yolov8_obb_msgs/msg/_yolov8_inference.py
[0.516s] -- Up-to-date: /home/nithish/ROS/moveit2_ws/install/yolov8_obb_msgs/lib/python3.12/site-packages/yolov8_obb_msgs/msg/_yolov8_inference_s.c
[0.516s] -- Up-to-date: /home/nithish/ROS/moveit2_ws/install/yolov8_obb_msgs/lib/python3.12/site-packages/yolov8_obb_msgs/msg/_inference_result_s.c
[0.516s] -- Up-to-date: /home/nithish/ROS/moveit2_ws/install/yolov8_obb_msgs/lib/python3.12/site-packages/yolov8_obb_msgs/msg/__init__.py
[0.516s] -- Up-to-date: /home/nithish/ROS/moveit2_ws/install/yolov8_obb_msgs/lib/python3.12/site-packages/yolov8_obb_msgs/msg/_inference_result.py
[0.541s] Listing '/home/nithish/ROS/moveit2_ws/install/yolov8_obb_msgs/lib/python3.12/site-packages/yolov8_obb_msgs'...
[0.541s] Listing '/home/nithish/ROS/moveit2_ws/install/yolov8_obb_msgs/lib/python3.12/site-packages/yolov8_obb_msgs/msg'...
[0.546s] -- Up-to-date: /home/nithish/ROS/moveit2_ws/install/yolov8_obb_msgs/lib/python3.12/site-packages/yolov8_obb_msgs/yolov8_obb_msgs_s__rosidl_typesupport_fastrtps_c.so
[0.546s] -- Up-to-date: /home/nithish/ROS/moveit2_ws/install/yolov8_obb_msgs/lib/python3.12/site-packages/yolov8_obb_msgs/yolov8_obb_msgs_s__rosidl_typesupport_introspection_c.so
[0.546s] -- Up-to-date: /home/nithish/ROS/moveit2_ws/install/yolov8_obb_msgs/lib/python3.12/site-packages/yolov8_obb_msgs/yolov8_obb_msgs_s__rosidl_typesupport_c.so
[0.546s] -- Up-to-date: /home/nithish/ROS/moveit2_ws/install/yolov8_obb_msgs/lib/libyolov8_obb_msgs__rosidl_generator_py.so
[0.546s] -- Up-to-date: /home/nithish/ROS/moveit2_ws/install/yolov8_obb_msgs/share/yolov8_obb_msgs/msg/InferenceResult.idl
[0.546s] -- Up-to-date: /home/nithish/ROS/moveit2_ws/install/yolov8_obb_msgs/share/yolov8_obb_msgs/msg/Yolov8Inference.idl
[0.546s] -- Up-to-date: /home/nithish/ROS/moveit2_ws/install/yolov8_obb_msgs/share/yolov8_obb_msgs/msg/InferenceResult.msg
[0.547s] -- Up-to-date: /home/nithish/ROS/moveit2_ws/install/yolov8_obb_msgs/share/yolov8_obb_msgs/msg/Yolov8Inference.msg
[0.547s] -- Up-to-date: /home/nithish/ROS/moveit2_ws/install/yolov8_obb_msgs/share/ament_index/resource_index/package_run_dependencies/yolov8_obb_msgs
[0.547s] -- Up-to-date: /home/nithish/ROS/moveit2_ws/install/yolov8_obb_msgs/share/ament_index/resource_index/parent_prefix_path/yolov8_obb_msgs
[0.547s] -- Up-to-date: /home/nithish/ROS/moveit2_ws/install/yolov8_obb_msgs/share/yolov8_obb_msgs/environment/ament_prefix_path.sh
[0.547s] -- Up-to-date: /home/nithish/ROS/moveit2_ws/install/yolov8_obb_msgs/share/yolov8_obb_msgs/environment/ament_prefix_path.dsv
[0.547s] -- Up-to-date: /home/nithish/ROS/moveit2_ws/install/yolov8_obb_msgs/share/yolov8_obb_msgs/environment/path.sh
[0.547s] -- Up-to-date: /home/nithish/ROS/moveit2_ws/install/yolov8_obb_msgs/share/yolov8_obb_msgs/environment/path.dsv
[0.547s] -- Up-to-date: /home/nithish/ROS/moveit2_ws/install/yolov8_obb_msgs/share/yolov8_obb_msgs/local_setup.bash
[0.547s] -- Up-to-date: /home/nithish/ROS/moveit2_ws/install/yolov8_obb_msgs/share/yolov8_obb_msgs/local_setup.sh
[0.547s] -- Up-to-date: /home/nithish/ROS/moveit2_ws/install/yolov8_obb_msgs/share/yolov8_obb_msgs/local_setup.zsh
[0.548s] -- Up-to-date: /home/nithish/ROS/moveit2_ws/install/yolov8_obb_msgs/share/yolov8_obb_msgs/local_setup.dsv
[0.548s] -- Installing: /home/nithish/ROS/moveit2_ws/install/yolov8_obb_msgs/share/yolov8_obb_msgs/package.dsv
[0.548s] -- Up-to-date: /home/nithish/ROS/moveit2_ws/install/yolov8_obb_msgs/share/ament_index/resource_index/packages/yolov8_obb_msgs
[0.548s] -- Up-to-date: /home/nithish/ROS/moveit2_ws/install/yolov8_obb_msgs/share/yolov8_obb_msgs/cmake/export_yolov8_obb_msgs__rosidl_generator_cExport.cmake
[0.548s] -- Up-to-date: /home/nithish/ROS/moveit2_ws/install/yolov8_obb_msgs/share/yolov8_obb_msgs/cmake/export_yolov8_obb_msgs__rosidl_generator_cExport-noconfig.cmake
[0.548s] -- Up-to-date: /home/nithish/ROS/moveit2_ws/install/yolov8_obb_msgs/share/yolov8_obb_msgs/cmake/export_yolov8_obb_msgs__rosidl_typesupport_fastrtps_cExport.cmake
[0.548s] -- Up-to-date: /home/nithish/ROS/moveit2_ws/install/yolov8_obb_msgs/share/yolov8_obb_msgs/cmake/export_yolov8_obb_msgs__rosidl_typesupport_fastrtps_cExport-noconfig.cmake
[0.548s] -- Up-to-date: /home/nithish/ROS/moveit2_ws/install/yolov8_obb_msgs/share/yolov8_obb_msgs/cmake/export_yolov8_obb_msgs__rosidl_generator_cppExport.cmake
[0.548s] -- Up-to-date: /home/nithish/ROS/moveit2_ws/install/yolov8_obb_msgs/share/yolov8_obb_msgs/cmake/export_yolov8_obb_msgs__rosidl_typesupport_fastrtps_cppExport.cmake
[0.548s] -- Up-to-date: /home/nithish/ROS/moveit2_ws/install/yolov8_obb_msgs/share/yolov8_obb_msgs/cmake/export_yolov8_obb_msgs__rosidl_typesupport_fastrtps_cppExport-noconfig.cmake
[0.548s] -- Up-to-date: /home/nithish/ROS/moveit2_ws/install/yolov8_obb_msgs/share/yolov8_obb_msgs/cmake/yolov8_obb_msgs__rosidl_typesupport_introspection_cExport.cmake
[0.548s] -- Up-to-date: /home/nithish/ROS/moveit2_ws/install/yolov8_obb_msgs/share/yolov8_obb_msgs/cmake/yolov8_obb_msgs__rosidl_typesupport_introspection_cExport-noconfig.cmake
[0.549s] -- Up-to-date: /home/nithish/ROS/moveit2_ws/install/yolov8_obb_msgs/share/yolov8_obb_msgs/cmake/yolov8_obb_msgs__rosidl_typesupport_cExport.cmake
[0.549s] -- Up-to-date: /home/nithish/ROS/moveit2_ws/install/yolov8_obb_msgs/share/yolov8_obb_msgs/cmake/yolov8_obb_msgs__rosidl_typesupport_cExport-noconfig.cmake
[0.549s] -- Up-to-date: /home/nithish/ROS/moveit2_ws/install/yolov8_obb_msgs/share/yolov8_obb_msgs/cmake/yolov8_obb_msgs__rosidl_typesupport_introspection_cppExport.cmake
[0.549s] -- Up-to-date: /home/nithish/ROS/moveit2_ws/install/yolov8_obb_msgs/share/yolov8_obb_msgs/cmake/yolov8_obb_msgs__rosidl_typesupport_introspection_cppExport-noconfig.cmake
[0.549s] -- Up-to-date: /home/nithish/ROS/moveit2_ws/install/yolov8_obb_msgs/share/yolov8_obb_msgs/cmake/yolov8_obb_msgs__rosidl_typesupport_cppExport.cmake
[0.549s] -- Up-to-date: /home/nithish/ROS/moveit2_ws/install/yolov8_obb_msgs/share/yolov8_obb_msgs/cmake/yolov8_obb_msgs__rosidl_typesupport_cppExport-noconfig.cmake
[0.549s] -- Up-to-date: /home/nithish/ROS/moveit2_ws/install/yolov8_obb_msgs/share/yolov8_obb_msgs/cmake/export_yolov8_obb_msgs__rosidl_generator_pyExport.cmake
[0.549s] -- Up-to-date: /home/nithish/ROS/moveit2_ws/install/yolov8_obb_msgs/share/yolov8_obb_msgs/cmake/export_yolov8_obb_msgs__rosidl_generator_pyExport-noconfig.cmake
[0.549s] -- Up-to-date: /home/nithish/ROS/moveit2_ws/install/yolov8_obb_msgs/share/yolov8_obb_msgs/cmake/rosidl_cmake-extras.cmake
[0.549s] -- Up-to-date: /home/nithish/ROS/moveit2_ws/install/yolov8_obb_msgs/share/yolov8_obb_msgs/cmake/ament_cmake_export_dependencies-extras.cmake
[0.549s] -- Up-to-date: /home/nithish/ROS/moveit2_ws/install/yolov8_obb_msgs/share/yolov8_obb_msgs/cmake/ament_cmake_export_include_directories-extras.cmake
[0.549s] -- Up-to-date: /home/nithish/ROS/moveit2_ws/install/yolov8_obb_msgs/share/yolov8_obb_msgs/cmake/ament_cmake_export_libraries-extras.cmake
[0.549s] -- Up-to-date: /home/nithish/ROS/moveit2_ws/install/yolov8_obb_msgs/share/yolov8_obb_msgs/cmake/ament_cmake_export_targets-extras.cmake
[0.549s] -- Up-to-date: /home/nithish/ROS/moveit2_ws/install/yolov8_obb_msgs/share/yolov8_obb_msgs/cmake/rosidl_cmake_export_typesupport_targets-extras.cmake
[0.550s] -- Up-to-date: /home/nithish/ROS/moveit2_ws/install/yolov8_obb_msgs/share/yolov8_obb_msgs/cmake/rosidl_cmake_export_typesupport_libraries-extras.cmake
[0.550s] -- Up-to-date: /home/nithish/ROS/moveit2_ws/install/yolov8_obb_msgs/share/yolov8_obb_msgs/cmake/yolov8_obb_msgsConfig.cmake
[0.550s] -- Up-to-date: /home/nithish/ROS/moveit2_ws/install/yolov8_obb_msgs/share/yolov8_obb_msgs/cmake/yolov8_obb_msgsConfig-version.cmake
[0.550s] -- Up-to-date: /home/nithish/ROS/moveit2_ws/install/yolov8_obb_msgs/share/yolov8_obb_msgs/package.xml
[0.551s] Invoked command in '/home/nithish/ROS/moveit2_ws/build/yolov8_obb_msgs' returned '0': CMAKE_PREFIX_PATH=${CMAKE_PREFIX_PATH}:/opt/ros/jazzy DEBUGINFOD_URLS=https://debuginfod.ubuntu.com /usr/bin/cmake --install /home/nithish/ROS/moveit2_ws/build/yolov8_obb_msgs
