[0.007s] Invoking command in '/home/nithish/ROS/moveit2_ws/build/hello_moveit': CMAKE_PREFIX_PATH=${CMAKE_PREFIX_PATH}:/opt/ros/jazzy DEBUGINFOD_URLS=https://debuginfod.ubuntu.com /usr/bin/cmake /home/nithish/ROS/moveit2_ws/src/hello_moveit -DCMAKE_BUILD_TYPE=Debug -DCMAKE_INSTALL_PREFIX=/home/nithish/ROS/moveit2_ws/install/hello_moveit
[0.072s] -- The C compiler identification is GNU 13.3.0
[0.119s] -- The CXX compiler identification is GNU 13.3.0
[0.132s] -- Detecting C compiler ABI info
[0.197s] -- Detecting C compiler ABI info - done
[0.203s] -- Check for working C compiler: /usr/bin/cc - skipped
[0.204s] -- Detecting C compile features
[0.204s] -- Detecting C compile features - done
[0.212s] -- Detecting CXX compiler ABI info
[0.283s] -- Detecting CXX compiler ABI info - done
[0.289s] -- Check for working CXX compiler: /usr/bin/c++ - skipped
[0.290s] -- Detecting CXX compile features
[0.290s] -- Detecting CXX compile features - done
[0.298s] -- Found ament_cmake: 2.5.4 (/opt/ros/jazzy/share/ament_cmake/cmake)
[0.415s] -- Found Python3: /usr/bin/python3 (found version "3.12.3") found components: Interpreter 
[0.518s] -- Found moveit_ros_planning_interface: 2.12.3 (/opt/ros/jazzy/share/moveit_ros_planning_interface/cmake)
[0.623s] -- Found Boost: /usr/lib/x86_64-linux-gnu/cmake/Boost-1.83.0/BoostConfig.cmake (found version "1.83.0") found components: date_time filesystem program_options system thread 
[0.683s] -- Found rosidl_generator_c: 4.6.6 (/opt/ros/jazzy/share/rosidl_generator_c/cmake)
[0.698s] -- Found rosidl_generator_cpp: 4.6.6 (/opt/ros/jazzy/share/rosidl_generator_cpp/cmake)
[0.718s] -- Using all available rosidl_typesupport_c: rosidl_typesupport_fastrtps_c;rosidl_typesupport_introspection_c
[0.738s] -- Using all available rosidl_typesupport_cpp: rosidl_typesupport_fastrtps_cpp;rosidl_typesupport_introspection_cpp
[1.027s] -- Found Boost: /usr/lib/x86_64-linux-gnu/cmake/Boost-1.83.0/BoostConfig.cmake (found version "1.83.0") found components: chrono date_time filesystem iostreams program_options regex serialization system thread 
[1.105s] -- Found parameter_traits: 0.5.0 (/opt/ros/jazzy/share/parameter_traits/cmake)
[1.165s] -- Found rmw_implementation_cmake: 7.3.2 (/opt/ros/jazzy/share/rmw_implementation_cmake/cmake)
[1.169s] -- Found rmw_fastrtps_cpp: 8.4.3 (/opt/ros/jazzy/share/rmw_fastrtps_cpp/cmake)
[1.251s] -- Found OpenSSL: /usr/lib/x86_64-linux-gnu/libcrypto.so (found version "3.0.13")  
[1.266s] -- Found FastRTPS: /opt/ros/jazzy/include (Required is at least version "2.13") 
[1.284s] -- Using RMW implementation 'rmw_fastrtps_cpp' as default
[1.368s] -- Found rclcpp_lifecycle: 28.1.11 (/opt/ros/jazzy/share/rclcpp_lifecycle/cmake)
[1.404s] -- Found Boost: /usr/lib/x86_64-linux-gnu/cmake/Boost-1.83.0/BoostConfig.cmake (found version "1.83.0") found components: filesystem 
[1.469s] -- Found Eigen3: TRUE (found version "3.4.0") 
[1.469s] -- Ensuring Eigen3 include directory is part of orocos-kdl CMake target
[1.640s] -- Found Boost: /usr/lib/x86_64-linux-gnu/cmake/Boost-1.83.0/BoostConfig.cmake (found version "1.83.0") found components: system filesystem date_time program_options thread chrono 
[1.682s] -- Found Boost: /usr/lib/x86_64-linux-gnu/cmake/Boost-1.83.0/BoostConfig.cmake (found version "1.83.0") found components: thread system filesystem regex date_time program_options 
[1.707s] -- Found Boost: /usr/lib/x86_64-linux-gnu/cmake/Boost-1.83.0/BoostConfig.cmake (found version "1.83.0") found components: system filesystem date_time program_options thread 
[1.745s] -- Found ament_lint_auto: 0.17.3 (/opt/ros/jazzy/share/ament_lint_auto/cmake)
[1.833s] -- Added test 'cppcheck' to perform static code analysis on C / C++ code
[1.833s] -- Configured cppcheck include dirs: $<BUILD_INTERFACE:/home/nithish/ROS/moveit2_ws/src/hello_moveit/include>
[1.833s] -- Configured cppcheck exclude dirs and/or files: 
[1.834s] -- Added test 'lint_cmake' to check CMake code style
[1.835s] -- Added test 'uncrustify' to check C / C++ code style
[1.835s] -- Configured uncrustify additional arguments: 
[1.835s] -- Added test 'xmllint' to check XML markup files
[1.837s] -- Configuring done (1.8s)
[1.862s] -- Generating done (0.0s)
[1.866s] -- Build files have been written to: /home/nithish/ROS/moveit2_ws/build/hello_moveit
[1.878s] Invoked command in '/home/nithish/ROS/moveit2_ws/build/hello_moveit' returned '0': CMAKE_PREFIX_PATH=${CMAKE_PREFIX_PATH}:/opt/ros/jazzy DEBUGINFOD_URLS=https://debuginfod.ubuntu.com /usr/bin/cmake /home/nithish/ROS/moveit2_ws/src/hello_moveit -DCMAKE_BUILD_TYPE=Debug -DCMAKE_INSTALL_PREFIX=/home/nithish/ROS/moveit2_ws/install/hello_moveit
[1.878s] Invoking command in '/home/nithish/ROS/moveit2_ws/build/hello_moveit': CMAKE_PREFIX_PATH=${CMAKE_PREFIX_PATH}:/opt/ros/jazzy DEBUGINFOD_URLS=https://debuginfod.ubuntu.com /usr/bin/cmake --build /home/nithish/ROS/moveit2_ws/build/hello_moveit -- -j8 -l8
[1.923s] [ 50%] [32mBuilding CXX object CMakeFiles/hello_moveit.dir/src/hello_moveit.cpp.o[0m
[10.188s] [100%] [32m[1mLinking CXX executable hello_moveit[0m
[10.591s] [100%] Built target hello_moveit
[10.603s] Invoked command in '/home/nithish/ROS/moveit2_ws/build/hello_moveit' returned '0': CMAKE_PREFIX_PATH=${CMAKE_PREFIX_PATH}:/opt/ros/jazzy DEBUGINFOD_URLS=https://debuginfod.ubuntu.com /usr/bin/cmake --build /home/nithish/ROS/moveit2_ws/build/hello_moveit -- -j8 -l8
[10.611s] Invoking command in '/home/nithish/ROS/moveit2_ws/build/hello_moveit': CMAKE_PREFIX_PATH=${CMAKE_PREFIX_PATH}:/opt/ros/jazzy DEBUGINFOD_URLS=https://debuginfod.ubuntu.com /usr/bin/cmake --install /home/nithish/ROS/moveit2_ws/build/hello_moveit
[10.618s] -- Install configuration: "Debug"
[10.618s] -- Installing: /home/nithish/ROS/moveit2_ws/install/hello_moveit/lib/hello_moveit/hello_moveit
[10.621s] -- Set non-toolchain portion of runtime path of "/home/nithish/ROS/moveit2_ws/install/hello_moveit/lib/hello_moveit/hello_moveit" to ""
[10.621s] -- Installing: /home/nithish/ROS/moveit2_ws/install/hello_moveit/share/ament_index/resource_index/package_run_dependencies/hello_moveit
[10.621s] -- Installing: /home/nithish/ROS/moveit2_ws/install/hello_moveit/share/ament_index/resource_index/parent_prefix_path/hello_moveit
[10.622s] -- Installing: /home/nithish/ROS/moveit2_ws/install/hello_moveit/share/hello_moveit/environment/ament_prefix_path.sh
[10.622s] -- Installing: /home/nithish/ROS/moveit2_ws/install/hello_moveit/share/hello_moveit/environment/ament_prefix_path.dsv
[10.622s] -- Installing: /home/nithish/ROS/moveit2_ws/install/hello_moveit/share/hello_moveit/environment/path.sh
[10.622s] -- Installing: /home/nithish/ROS/moveit2_ws/install/hello_moveit/share/hello_moveit/environment/path.dsv
[10.622s] -- Installing: /home/nithish/ROS/moveit2_ws/install/hello_moveit/share/hello_moveit/local_setup.bash
[10.622s] -- Installing: /home/nithish/ROS/moveit2_ws/install/hello_moveit/share/hello_moveit/local_setup.sh
[10.622s] -- Installing: /home/nithish/ROS/moveit2_ws/install/hello_moveit/share/hello_moveit/local_setup.zsh
[10.622s] -- Installing: /home/nithish/ROS/moveit2_ws/install/hello_moveit/share/hello_moveit/local_setup.dsv
[10.622s] -- Installing: /home/nithish/ROS/moveit2_ws/install/hello_moveit/share/hello_moveit/package.dsv
[10.623s] -- Installing: /home/nithish/ROS/moveit2_ws/install/hello_moveit/share/ament_index/resource_index/packages/hello_moveit
[10.623s] -- Installing: /home/nithish/ROS/moveit2_ws/install/hello_moveit/share/hello_moveit/cmake/hello_moveitConfig.cmake
[10.623s] -- Installing: /home/nithish/ROS/moveit2_ws/install/hello_moveit/share/hello_moveit/cmake/hello_moveitConfig-version.cmake
[10.623s] -- Installing: /home/nithish/ROS/moveit2_ws/install/hello_moveit/share/hello_moveit/package.xml
[10.625s] Invoked command in '/home/nithish/ROS/moveit2_ws/build/hello_moveit' returned '0': CMAKE_PREFIX_PATH=${CMAKE_PREFIX_PATH}:/opt/ros/jazzy DEBUGINFOD_URLS=https://debuginfod.ubuntu.com /usr/bin/cmake --install /home/nithish/ROS/moveit2_ws/build/hello_moveit
