[0.029s] Invoking command in '/home/nithish/ROS/moveit2_ws/build/hello_moveit': CMAKE_PREFIX_PATH=${CMAKE_PREFIX_PATH}:/opt/ros/jazzy DEBUGINFOD_URLS=https://debuginfod.ubuntu.com /usr/bin/cmake --build /home/nithish/ROS/moveit2_ws/build/hello_moveit -- -j8 -l8
[0.114s] [100%] Built target hello_moveit
[0.179s] Invoked command in '/home/nithish/ROS/moveit2_ws/build/hello_moveit' returned '0': CMAKE_PREFIX_PATH=${CMAKE_PREFIX_PATH}:/opt/ros/jazzy DEBUGINFOD_URLS=https://debuginfod.ubuntu.com /usr/bin/cmake --build /home/nithish/ROS/moveit2_ws/build/hello_moveit -- -j8 -l8
[0.180s] Invoking command in '/home/nithish/ROS/moveit2_ws/build/hello_moveit': CMAKE_PREFIX_PATH=${CMAKE_PREFIX_PATH}:/opt/ros/jazzy DEBUGINFOD_URLS=https://debuginfod.ubuntu.com /usr/bin/cmake --install /home/nithish/ROS/moveit2_ws/build/hello_moveit
[0.190s] -- Install configuration: "Debug"
[0.190s] -- Up-to-date: /home/nithish/ROS/moveit2_ws/install/hello_moveit/lib/hello_moveit/hello_moveit
[0.190s] -- Up-to-date: /home/nithish/ROS/moveit2_ws/install/hello_moveit/share/ament_index/resource_index/package_run_dependencies/hello_moveit
[0.190s] -- Up-to-date: /home/nithish/ROS/moveit2_ws/install/hello_moveit/share/ament_index/resource_index/parent_prefix_path/hello_moveit
[0.190s] -- Up-to-date: /home/nithish/ROS/moveit2_ws/install/hello_moveit/share/hello_moveit/environment/ament_prefix_path.sh
[0.190s] -- Up-to-date: /home/nithish/ROS/moveit2_ws/install/hello_moveit/share/hello_moveit/environment/ament_prefix_path.dsv
[0.190s] -- Up-to-date: /home/nithish/ROS/moveit2_ws/install/hello_moveit/share/hello_moveit/environment/path.sh
[0.191s] -- Up-to-date: /home/nithish/ROS/moveit2_ws/install/hello_moveit/share/hello_moveit/environment/path.dsv
[0.191s] -- Up-to-date: /home/nithish/ROS/moveit2_ws/install/hello_moveit/share/hello_moveit/local_setup.bash
[0.191s] -- Up-to-date: /home/nithish/ROS/moveit2_ws/install/hello_moveit/share/hello_moveit/local_setup.sh
[0.191s] -- Up-to-date: /home/nithish/ROS/moveit2_ws/install/hello_moveit/share/hello_moveit/local_setup.zsh
[0.191s] -- Up-to-date: /home/nithish/ROS/moveit2_ws/install/hello_moveit/share/hello_moveit/local_setup.dsv
[0.191s] -- Installing: /home/nithish/ROS/moveit2_ws/install/hello_moveit/share/hello_moveit/package.dsv
[0.191s] -- Up-to-date: /home/nithish/ROS/moveit2_ws/install/hello_moveit/share/ament_index/resource_index/packages/hello_moveit
[0.191s] -- Up-to-date: /home/nithish/ROS/moveit2_ws/install/hello_moveit/share/hello_moveit/cmake/hello_moveitConfig.cmake
[0.191s] -- Up-to-date: /home/nithish/ROS/moveit2_ws/install/hello_moveit/share/hello_moveit/cmake/hello_moveitConfig-version.cmake
[0.191s] -- Up-to-date: /home/nithish/ROS/moveit2_ws/install/hello_moveit/share/hello_moveit/package.xml
[0.193s] Invoked command in '/home/nithish/ROS/moveit2_ws/build/hello_moveit' returned '0': CMAKE_PREFIX_PATH=${CMAKE_PREFIX_PATH}:/opt/ros/jazzy DEBUGINFOD_URLS=https://debuginfod.ubuntu.com /usr/bin/cmake --install /home/nithish/ROS/moveit2_ws/build/hello_moveit
