-- Found ament_cmake: 2.5.4 (/opt/ros/jazzy/share/ament_cmake/cmake)
-- Found moveit_ros_planning_interface: 2.12.3 (/opt/ros/jazzy/share/moveit_ros_planning_interface/cmake)
-- Found Boost: /usr/lib/x86_64-linux-gnu/cmake/Boost-1.83.0/BoostConfig.cmake (found version "1.83.0") found components: date_time filesystem program_options system thread 
-- Found rosidl_generator_c: 4.6.6 (/opt/ros/jazzy/share/rosidl_generator_c/cmake)
-- Found rosidl_generator_cpp: 4.6.6 (/opt/ros/jazzy/share/rosidl_generator_cpp/cmake)
-- Using all available rosidl_typesupport_c: rosidl_typesupport_fastrtps_c;rosidl_typesupport_introspection_c
-- Using all available rosidl_typesupport_cpp: rosidl_typesupport_fastrtps_cpp;rosidl_typesupport_introspection_cpp
-- Found Boost: /usr/lib/x86_64-linux-gnu/cmake/Boost-1.83.0/BoostConfig.cmake (found version "1.83.0") found components: chrono date_time filesystem iostreams program_options regex serialization system thread 
-- Found parameter_traits: 0.5.0 (/opt/ros/jazzy/share/parameter_traits/cmake)
-- Found rmw_implementation_cmake: 7.3.2 (/opt/ros/jazzy/share/rmw_implementation_cmake/cmake)
-- Found rmw_fastrtps_cpp: 8.4.3 (/opt/ros/jazzy/share/rmw_fastrtps_cpp/cmake)
-- Using RMW implementation 'rmw_fastrtps_cpp' as default
-- Found rclcpp_lifecycle: 28.1.11 (/opt/ros/jazzy/share/rclcpp_lifecycle/cmake)
-- Found Boost: /usr/lib/x86_64-linux-gnu/cmake/Boost-1.83.0/BoostConfig.cmake (found version "1.83.0") found components: filesystem 
-- Ensuring Eigen3 include directory is part of orocos-kdl CMake target
-- Found Boost: /usr/lib/x86_64-linux-gnu/cmake/Boost-1.83.0/BoostConfig.cmake (found version "1.83.0") found components: system filesystem date_time program_options thread chrono 
-- Found Boost: /usr/lib/x86_64-linux-gnu/cmake/Boost-1.83.0/BoostConfig.cmake (found version "1.83.0") found components: thread system filesystem regex date_time program_options 
-- Found Boost: /usr/lib/x86_64-linux-gnu/cmake/Boost-1.83.0/BoostConfig.cmake (found version "1.83.0") found components: system filesystem date_time program_options thread 
-- Found ament_lint_auto: 0.17.3 (/opt/ros/jazzy/share/ament_lint_auto/cmake)
-- Added test 'cppcheck' to perform static code analysis on C / C++ code
-- Configured cppcheck include dirs: $<BUILD_INTERFACE:/home/nithish/ROS/moveit2_ws/src/hello_moveit/include>
-- Configured cppcheck exclude dirs and/or files: 
-- Added test 'lint_cmake' to check CMake code style
-- Added test 'uncrustify' to check C / C++ code style
-- Configured uncrustify additional arguments: 
-- Added test 'xmllint' to check XML markup files
-- Configuring done (1.3s)
-- Generating done (0.0s)
-- Build files have been written to: /home/nithish/ROS/moveit2_ws/build/hello_moveit
[100%] Built target hello_moveit
-- Install configuration: "Debug"
-- Up-to-date: /home/nithish/ROS/moveit2_ws/install/hello_moveit/lib/hello_moveit/hello_moveit
-- Up-to-date: /home/nithish/ROS/moveit2_ws/install/hello_moveit/share/ament_index/resource_index/package_run_dependencies/hello_moveit
-- Installing: /home/nithish/ROS/moveit2_ws/install/hello_moveit/share/ament_index/resource_index/parent_prefix_path/hello_moveit
-- Up-to-date: /home/nithish/ROS/moveit2_ws/install/hello_moveit/share/hello_moveit/environment/ament_prefix_path.sh
-- Up-to-date: /home/nithish/ROS/moveit2_ws/install/hello_moveit/share/hello_moveit/environment/ament_prefix_path.dsv
-- Up-to-date: /home/nithish/ROS/moveit2_ws/install/hello_moveit/share/hello_moveit/environment/path.sh
-- Up-to-date: /home/nithish/ROS/moveit2_ws/install/hello_moveit/share/hello_moveit/environment/path.dsv
-- Up-to-date: /home/nithish/ROS/moveit2_ws/install/hello_moveit/share/hello_moveit/local_setup.bash
-- Up-to-date: /home/nithish/ROS/moveit2_ws/install/hello_moveit/share/hello_moveit/local_setup.sh
-- Up-to-date: /home/nithish/ROS/moveit2_ws/install/hello_moveit/share/hello_moveit/local_setup.zsh
-- Up-to-date: /home/nithish/ROS/moveit2_ws/install/hello_moveit/share/hello_moveit/local_setup.dsv
-- Installing: /home/nithish/ROS/moveit2_ws/install/hello_moveit/share/hello_moveit/package.dsv
-- Up-to-date: /home/nithish/ROS/moveit2_ws/install/hello_moveit/share/ament_index/resource_index/packages/hello_moveit
-- Up-to-date: /home/nithish/ROS/moveit2_ws/install/hello_moveit/share/hello_moveit/cmake/hello_moveitConfig.cmake
-- Up-to-date: /home/nithish/ROS/moveit2_ws/install/hello_moveit/share/hello_moveit/cmake/hello_moveitConfig-version.cmake
-- Up-to-date: /home/nithish/ROS/moveit2_ws/install/hello_moveit/share/hello_moveit/package.xml
