[0.036s] Invoking command in '/home/nithish/ROS/moveit2_ws/build/hello_moveit': CMAKE_PREFIX_PATH=${CMAKE_PREFIX_PATH}:/opt/ros/jazzy DEBUGINFOD_URLS=https://debuginfod.ubuntu.com /usr/bin/cmake /home/nithish/ROS/moveit2_ws/src/hello_moveit -DCMAKE_INSTALL_PREFIX=/home/nithish/ROS/moveit2_ws/install/hello_moveit
[0.064s] -- Found ament_cmake: 2.5.4 (/opt/ros/jazzy/share/ament_cmake/cmake)
[0.339s] -- Found moveit_ros_planning_interface: 2.12.3 (/opt/ros/jazzy/share/moveit_ros_planning_interface/cmake)
[0.356s] -- Found Boost: /usr/lib/x86_64-linux-gnu/cmake/Boost-1.83.0/BoostConfig.cmake (found version "1.83.0") found components: date_time filesystem program_options system thread 
[0.393s] -- Found rosidl_generator_c: 4.6.6 (/opt/ros/jazzy/share/rosidl_generator_c/cmake)
[0.403s] -- Found rosidl_generator_cpp: 4.6.6 (/opt/ros/jazzy/share/rosidl_generator_cpp/cmake)
[0.417s] -- Using all available rosidl_typesupport_c: rosidl_typesupport_fastrtps_c;rosidl_typesupport_introspection_c
[0.432s] -- Using all available rosidl_typesupport_cpp: rosidl_typesupport_fastrtps_cpp;rosidl_typesupport_introspection_cpp
[0.773s] -- Found Boost: /usr/lib/x86_64-linux-gnu/cmake/Boost-1.83.0/BoostConfig.cmake (found version "1.83.0") found components: chrono date_time filesystem iostreams program_options regex serialization system thread 
[0.811s] -- Found parameter_traits: 0.5.0 (/opt/ros/jazzy/share/parameter_traits/cmake)
[0.850s] -- Found rmw_implementation_cmake: 7.3.2 (/opt/ros/jazzy/share/rmw_implementation_cmake/cmake)
[0.852s] -- Found rmw_fastrtps_cpp: 8.4.3 (/opt/ros/jazzy/share/rmw_fastrtps_cpp/cmake)
[0.913s] -- Using RMW implementation 'rmw_fastrtps_cpp' as default
[0.984s] -- Found rclcpp_lifecycle: 28.1.11 (/opt/ros/jazzy/share/rclcpp_lifecycle/cmake)
[1.017s] -- Found Boost: /usr/lib/x86_64-linux-gnu/cmake/Boost-1.83.0/BoostConfig.cmake (found version "1.83.0") found components: filesystem 
[1.061s] -- Ensuring Eigen3 include directory is part of orocos-kdl CMake target
[1.187s] -- Found Boost: /usr/lib/x86_64-linux-gnu/cmake/Boost-1.83.0/BoostConfig.cmake (found version "1.83.0") found components: system filesystem date_time program_options thread chrono 
[1.232s] -- Found Boost: /usr/lib/x86_64-linux-gnu/cmake/Boost-1.83.0/BoostConfig.cmake (found version "1.83.0") found components: thread system filesystem regex date_time program_options 
[1.254s] -- Found Boost: /usr/lib/x86_64-linux-gnu/cmake/Boost-1.83.0/BoostConfig.cmake (found version "1.83.0") found components: system filesystem date_time program_options thread 
[1.290s] -- Found ament_lint_auto: 0.17.3 (/opt/ros/jazzy/share/ament_lint_auto/cmake)
[1.372s] -- Added test 'cppcheck' to perform static code analysis on C / C++ code
[1.372s] -- Configured cppcheck include dirs: $<BUILD_INTERFACE:/home/nithish/ROS/moveit2_ws/src/hello_moveit/include>
[1.372s] -- Configured cppcheck exclude dirs and/or files: 
[1.372s] -- Added test 'lint_cmake' to check CMake code style
[1.373s] -- Added test 'uncrustify' to check C / C++ code style
[1.373s] -- Configured uncrustify additional arguments: 
[1.373s] -- Added test 'xmllint' to check XML markup files
[1.375s] -- Configuring done (1.3s)
[1.408s] -- Generating done (0.0s)
[1.414s] -- Build files have been written to: /home/nithish/ROS/moveit2_ws/build/hello_moveit
[1.428s] Invoked command in '/home/nithish/ROS/moveit2_ws/build/hello_moveit' returned '0': CMAKE_PREFIX_PATH=${CMAKE_PREFIX_PATH}:/opt/ros/jazzy DEBUGINFOD_URLS=https://debuginfod.ubuntu.com /usr/bin/cmake /home/nithish/ROS/moveit2_ws/src/hello_moveit -DCMAKE_INSTALL_PREFIX=/home/nithish/ROS/moveit2_ws/install/hello_moveit
[1.428s] Invoking command in '/home/nithish/ROS/moveit2_ws/build/hello_moveit': CMAKE_PREFIX_PATH=${CMAKE_PREFIX_PATH}:/opt/ros/jazzy DEBUGINFOD_URLS=https://debuginfod.ubuntu.com /usr/bin/cmake --build /home/nithish/ROS/moveit2_ws/build/hello_moveit -- -j8 -l8
[1.503s] [100%] Built target hello_moveit
[1.514s] Invoked command in '/home/nithish/ROS/moveit2_ws/build/hello_moveit' returned '0': CMAKE_PREFIX_PATH=${CMAKE_PREFIX_PATH}:/opt/ros/jazzy DEBUGINFOD_URLS=https://debuginfod.ubuntu.com /usr/bin/cmake --build /home/nithish/ROS/moveit2_ws/build/hello_moveit -- -j8 -l8
[1.515s] Invoking command in '/home/nithish/ROS/moveit2_ws/build/hello_moveit': CMAKE_PREFIX_PATH=${CMAKE_PREFIX_PATH}:/opt/ros/jazzy DEBUGINFOD_URLS=https://debuginfod.ubuntu.com /usr/bin/cmake --install /home/nithish/ROS/moveit2_ws/build/hello_moveit
[1.521s] -- Install configuration: "Debug"
[1.522s] -- Up-to-date: /home/nithish/ROS/moveit2_ws/install/hello_moveit/lib/hello_moveit/hello_moveit
[1.522s] -- Up-to-date: /home/nithish/ROS/moveit2_ws/install/hello_moveit/share/ament_index/resource_index/package_run_dependencies/hello_moveit
[1.522s] -- Installing: /home/nithish/ROS/moveit2_ws/install/hello_moveit/share/ament_index/resource_index/parent_prefix_path/hello_moveit
[1.523s] -- Up-to-date: /home/nithish/ROS/moveit2_ws/install/hello_moveit/share/hello_moveit/environment/ament_prefix_path.sh
[1.523s] -- Up-to-date: /home/nithish/ROS/moveit2_ws/install/hello_moveit/share/hello_moveit/environment/ament_prefix_path.dsv
[1.523s] -- Up-to-date: /home/nithish/ROS/moveit2_ws/install/hello_moveit/share/hello_moveit/environment/path.sh
[1.523s] -- Up-to-date: /home/nithish/ROS/moveit2_ws/install/hello_moveit/share/hello_moveit/environment/path.dsv
[1.523s] -- Up-to-date: /home/nithish/ROS/moveit2_ws/install/hello_moveit/share/hello_moveit/local_setup.bash
[1.523s] -- Up-to-date: /home/nithish/ROS/moveit2_ws/install/hello_moveit/share/hello_moveit/local_setup.sh
[1.523s] -- Up-to-date: /home/nithish/ROS/moveit2_ws/install/hello_moveit/share/hello_moveit/local_setup.zsh
[1.523s] -- Up-to-date: /home/nithish/ROS/moveit2_ws/install/hello_moveit/share/hello_moveit/local_setup.dsv
[1.523s] -- Installing: /home/nithish/ROS/moveit2_ws/install/hello_moveit/share/hello_moveit/package.dsv
[1.523s] -- Up-to-date: /home/nithish/ROS/moveit2_ws/install/hello_moveit/share/ament_index/resource_index/packages/hello_moveit
[1.523s] -- Up-to-date: /home/nithish/ROS/moveit2_ws/install/hello_moveit/share/hello_moveit/cmake/hello_moveitConfig.cmake
[1.523s] -- Up-to-date: /home/nithish/ROS/moveit2_ws/install/hello_moveit/share/hello_moveit/cmake/hello_moveitConfig-version.cmake
[1.523s] -- Up-to-date: /home/nithish/ROS/moveit2_ws/install/hello_moveit/share/hello_moveit/package.xml
[1.525s] Invoked command in '/home/nithish/ROS/moveit2_ws/build/hello_moveit' returned '0': CMAKE_PREFIX_PATH=${CMAKE_PREFIX_PATH}:/opt/ros/jazzy DEBUGINFOD_URLS=https://debuginfod.ubuntu.com /usr/bin/cmake --install /home/nithish/ROS/moveit2_ws/build/hello_moveit
