-- Install configuration: ""
-- Up-to-date: /home/nithish/ROS/moveit2_ws/install/moveit2_description/share/moveit2_description/meshes
-- Up-to-date: /home/nithish/ROS/moveit2_ws/install/moveit2_description/share/moveit2_description/meshes/visual
-- Up-to-date: /home/nithish/ROS/moveit2_ws/install/moveit2_description/share/moveit2_description/meshes/visual/hand.dae
-- Up-to-date: /home/nithish/ROS/moveit2_ws/install/moveit2_description/share/moveit2_description/meshes/visual/link0.dae
-- Up-to-date: /home/nithish/ROS/moveit2_ws/install/moveit2_description/share/moveit2_description/meshes/visual/link6.dae
-- Up-to-date: /home/nithish/ROS/moveit2_ws/install/moveit2_description/share/moveit2_description/meshes/visual/link3.dae
-- Up-to-date: /home/nithish/ROS/moveit2_ws/install/moveit2_description/share/moveit2_description/meshes/visual/link5.dae
-- Up-to-date: /home/nithish/ROS/moveit2_ws/install/moveit2_description/share/moveit2_description/meshes/visual/finger.dae
-- Up-to-date: /home/nithish/ROS/moveit2_ws/install/moveit2_description/share/moveit2_description/meshes/visual/finger_old.dae
-- Up-to-date: /home/nithish/ROS/moveit2_ws/install/moveit2_description/share/moveit2_description/meshes/visual/link4.dae
-- Up-to-date: /home/nithish/ROS/moveit2_ws/install/moveit2_description/share/moveit2_description/meshes/visual/link7.dae
-- Up-to-date: /home/nithish/ROS/moveit2_ws/install/moveit2_description/share/moveit2_description/meshes/visual/link2.dae
-- Up-to-date: /home/nithish/ROS/moveit2_ws/install/moveit2_description/share/moveit2_description/meshes/visual/camera.dae
-- Up-to-date: /home/nithish/ROS/moveit2_ws/install/moveit2_description/share/moveit2_description/meshes/visual/link1.dae
-- Up-to-date: /home/nithish/ROS/moveit2_ws/install/moveit2_description/share/moveit2_description/meshes/collision
-- Up-to-date: /home/nithish/ROS/moveit2_ws/install/moveit2_description/share/moveit2_description/meshes/collision/link6.stl
-- Up-to-date: /home/nithish/ROS/moveit2_ws/install/moveit2_description/share/moveit2_description/meshes/collision/link1.stl
-- Up-to-date: /home/nithish/ROS/moveit2_ws/install/moveit2_description/share/moveit2_description/meshes/collision/finger.stl
-- Up-to-date: /home/nithish/ROS/moveit2_ws/install/moveit2_description/share/moveit2_description/meshes/collision/link3.stl
-- Up-to-date: /home/nithish/ROS/moveit2_ws/install/moveit2_description/share/moveit2_description/meshes/collision/finger_old.stl
-- Up-to-date: /home/nithish/ROS/moveit2_ws/install/moveit2_description/share/moveit2_description/meshes/collision/link2.stl
-- Up-to-date: /home/nithish/ROS/moveit2_ws/install/moveit2_description/share/moveit2_description/meshes/collision/link0.stl
-- Up-to-date: /home/nithish/ROS/moveit2_ws/install/moveit2_description/share/moveit2_description/meshes/collision/link5.stl
-- Up-to-date: /home/nithish/ROS/moveit2_ws/install/moveit2_description/share/moveit2_description/meshes/collision/hand.stl
-- Up-to-date: /home/nithish/ROS/moveit2_ws/install/moveit2_description/share/moveit2_description/meshes/collision/link4.stl
-- Up-to-date: /home/nithish/ROS/moveit2_ws/install/moveit2_description/share/moveit2_description/meshes/collision/camera.stl
-- Up-to-date: /home/nithish/ROS/moveit2_ws/install/moveit2_description/share/moveit2_description/meshes/collision/link7.stl
-- Up-to-date: /home/nithish/ROS/moveit2_ws/install/moveit2_description/share/moveit2_description/urdf
-- Up-to-date: /home/nithish/ROS/moveit2_ws/install/moveit2_description/share/moveit2_description/urdf/panda.gazebo_ros2_control.xacro
-- Up-to-date: /home/nithish/ROS/moveit2_ws/install/moveit2_description/share/moveit2_description/urdf/panda.urdf
-- Up-to-date: /home/nithish/ROS/moveit2_ws/install/moveit2_description/share/moveit2_description/urdf/panda.urdf.xacro
-- Up-to-date: /home/nithish/ROS/moveit2_ws/install/moveit2_description/share/moveit2_description/urdf/camera
-- Up-to-date: /home/nithish/ROS/moveit2_ws/install/moveit2_description/share/moveit2_description/urdf/camera/camera.gazebo
-- Up-to-date: /home/nithish/ROS/moveit2_ws/install/moveit2_description/share/moveit2_description/urdf/camera/camera.xacro
-- Up-to-date: /home/nithish/ROS/moveit2_ws/install/moveit2_description/share/moveit2_description/urdf/initial_positions.yaml
-- Up-to-date: /home/nithish/ROS/moveit2_ws/install/moveit2_description/share/moveit2_description/launch
-- Up-to-date: /home/nithish/ROS/moveit2_ws/install/moveit2_description/share/moveit2_description/launch/rviz.launch.py
-- Up-to-date: /home/nithish/ROS/moveit2_ws/install/moveit2_description/share/moveit2_description/launch/gazebo.launch.py
-- Up-to-date: /home/nithish/ROS/moveit2_ws/install/moveit2_description/share/moveit2_description/worlds
-- Up-to-date: /home/nithish/ROS/moveit2_ws/install/moveit2_description/share/moveit2_description/worlds/table
-- Up-to-date: /home/nithish/ROS/moveit2_ws/install/moveit2_description/share/moveit2_description/worlds/table/model-1_4.sdf
-- Up-to-date: /home/nithish/ROS/moveit2_ws/install/moveit2_description/share/moveit2_description/worlds/table/model.config
-- Up-to-date: /home/nithish/ROS/moveit2_ws/install/moveit2_description/share/moveit2_description/worlds/table/model-1_2.sdf
-- Up-to-date: /home/nithish/ROS/moveit2_ws/install/moveit2_description/share/moveit2_description/worlds/table/model-1_3.sdf
-- Up-to-date: /home/nithish/ROS/moveit2_ws/install/moveit2_description/share/moveit2_description/worlds/table/model.sdf
-- Up-to-date: /home/nithish/ROS/moveit2_ws/install/moveit2_description/share/moveit2_description/worlds/BRICK14
-- Up-to-date: /home/nithish/ROS/moveit2_ws/install/moveit2_description/share/moveit2_description/worlds/BRICK14/meshes
-- Up-to-date: /home/nithish/ROS/moveit2_ws/install/moveit2_description/share/moveit2_description/worlds/BRICK14/meshes/BRICK 1X4.STL
-- Up-to-date: /home/nithish/ROS/moveit2_ws/install/moveit2_description/share/moveit2_description/worlds/BRICK14/meshes/BRICK14.stl
-- Up-to-date: /home/nithish/ROS/moveit2_ws/install/moveit2_description/share/moveit2_description/worlds/BRICK14/model.config
-- Installing: /home/nithish/ROS/moveit2_ws/install/moveit2_description/share/moveit2_description/worlds/BRICK14/model.sdf
-- Up-to-date: /home/nithish/ROS/moveit2_ws/install/moveit2_description/share/moveit2_description/worlds/BRICK12
-- Up-to-date: /home/nithish/ROS/moveit2_ws/install/moveit2_description/share/moveit2_description/worlds/BRICK12/meshes
-- Up-to-date: /home/nithish/ROS/moveit2_ws/install/moveit2_description/share/moveit2_description/worlds/BRICK12/meshes/BRICK12.stl
-- Up-to-date: /home/nithish/ROS/moveit2_ws/install/moveit2_description/share/moveit2_description/worlds/BRICK12/model.config
-- Installing: /home/nithish/ROS/moveit2_ws/install/moveit2_description/share/moveit2_description/worlds/BRICK12/model.sdf
-- Up-to-date: /home/nithish/ROS/moveit2_ws/install/moveit2_description/share/moveit2_description/worlds/gazebo_world.sdf
-- Up-to-date: /home/nithish/ROS/moveit2_ws/install/moveit2_description/share/moveit2_description/worlds/BRICK23
-- Up-to-date: /home/nithish/ROS/moveit2_ws/install/moveit2_description/share/moveit2_description/worlds/BRICK23/meshes
-- Up-to-date: /home/nithish/ROS/moveit2_ws/install/moveit2_description/share/moveit2_description/worlds/BRICK23/meshes/BRICK23.stl
-- Up-to-date: /home/nithish/ROS/moveit2_ws/install/moveit2_description/share/moveit2_description/worlds/BRICK23/meshes/BRICK 2X3.STL
-- Up-to-date: /home/nithish/ROS/moveit2_ws/install/moveit2_description/share/moveit2_description/worlds/BRICK23/model.config
-- Installing: /home/nithish/ROS/moveit2_ws/install/moveit2_description/share/moveit2_description/worlds/BRICK23/model.sdf
-- Up-to-date: /home/nithish/ROS/moveit2_ws/install/moveit2_description/share/moveit2_description/worlds/BRICK13
-- Up-to-date: /home/nithish/ROS/moveit2_ws/install/moveit2_description/share/moveit2_description/worlds/BRICK13/meshes
-- Up-to-date: /home/nithish/ROS/moveit2_ws/install/moveit2_description/share/moveit2_description/worlds/BRICK13/meshes/BRICK13.stl
-- Up-to-date: /home/nithish/ROS/moveit2_ws/install/moveit2_description/share/moveit2_description/worlds/BRICK13/meshes/BRICK 1X3.STL
-- Up-to-date: /home/nithish/ROS/moveit2_ws/install/moveit2_description/share/moveit2_description/worlds/BRICK13/model.config
-- Up-to-date: /home/nithish/ROS/moveit2_ws/install/moveit2_description/share/moveit2_description/worlds/BRICK13/model.sdf
-- Up-to-date: /home/nithish/ROS/moveit2_ws/install/moveit2_description/share/moveit2_description/worlds/BRICK26
-- Up-to-date: /home/nithish/ROS/moveit2_ws/install/moveit2_description/share/moveit2_description/worlds/BRICK26/meshes
-- Up-to-date: /home/nithish/ROS/moveit2_ws/install/moveit2_description/share/moveit2_description/worlds/BRICK26/meshes/BRICK 2X6.STL
-- Up-to-date: /home/nithish/ROS/moveit2_ws/install/moveit2_description/share/moveit2_description/worlds/BRICK26/meshes/BRICK26.stl
-- Up-to-date: /home/nithish/ROS/moveit2_ws/install/moveit2_description/share/moveit2_description/worlds/BRICK26/model.config
-- Installing: /home/nithish/ROS/moveit2_ws/install/moveit2_description/share/moveit2_description/worlds/BRICK26/model.sdf
-- Up-to-date: /home/nithish/ROS/moveit2_ws/install/moveit2_description/share/moveit2_description/worlds/camera
-- Up-to-date: /home/nithish/ROS/moveit2_ws/install/moveit2_description/share/moveit2_description/worlds/camera/meshes
-- Up-to-date: /home/nithish/ROS/moveit2_ws/install/moveit2_description/share/moveit2_description/worlds/camera/meshes/camera.dae
-- Up-to-date: /home/nithish/ROS/moveit2_ws/install/moveit2_description/share/moveit2_description/worlds/camera/meshes/camera.stl
-- Up-to-date: /home/nithish/ROS/moveit2_ws/install/moveit2_description/share/moveit2_description/worlds/camera/model.config
-- Up-to-date: /home/nithish/ROS/moveit2_ws/install/moveit2_description/share/moveit2_description/worlds/camera/model.sdf
-- Up-to-date: /home/nithish/ROS/moveit2_ws/install/moveit2_description/share/moveit2_description/worlds/BRICK16
-- Up-to-date: /home/nithish/ROS/moveit2_ws/install/moveit2_description/share/moveit2_description/worlds/BRICK16/meshes
-- Up-to-date: /home/nithish/ROS/moveit2_ws/install/moveit2_description/share/moveit2_description/worlds/BRICK16/meshes/BRICK16.stl
-- Up-to-date: /home/nithish/ROS/moveit2_ws/install/moveit2_description/share/moveit2_description/worlds/BRICK16/meshes/BRICK 1X6.STL
-- Up-to-date: /home/nithish/ROS/moveit2_ws/install/moveit2_description/share/moveit2_description/worlds/BRICK16/model.config
-- Installing: /home/nithish/ROS/moveit2_ws/install/moveit2_description/share/moveit2_description/worlds/BRICK16/model.sdf
-- Up-to-date: /home/nithish/ROS/moveit2_ws/install/moveit2_description/share/moveit2_description/worlds/BRICK22
-- Up-to-date: /home/nithish/ROS/moveit2_ws/install/moveit2_description/share/moveit2_description/worlds/BRICK22/meshes
-- Up-to-date: /home/nithish/ROS/moveit2_ws/install/moveit2_description/share/moveit2_description/worlds/BRICK22/meshes/BRICK 2X2.STL
-- Up-to-date: /home/nithish/ROS/moveit2_ws/install/moveit2_description/share/moveit2_description/worlds/BRICK22/meshes/BRICK22.stl
-- Up-to-date: /home/nithish/ROS/moveit2_ws/install/moveit2_description/share/moveit2_description/worlds/BRICK22/meshes/LEGO-22-L.stl
-- Up-to-date: /home/nithish/ROS/moveit2_ws/install/moveit2_description/share/moveit2_description/worlds/BRICK22/model.config
-- Installing: /home/nithish/ROS/moveit2_ws/install/moveit2_description/share/moveit2_description/worlds/BRICK22/model.sdf
-- Up-to-date: /home/nithish/ROS/moveit2_ws/install/moveit2_description/share/moveit2_description/worlds/BRICK24
-- Up-to-date: /home/nithish/ROS/moveit2_ws/install/moveit2_description/share/moveit2_description/worlds/BRICK24/meshes
-- Up-to-date: /home/nithish/ROS/moveit2_ws/install/moveit2_description/share/moveit2_description/worlds/BRICK24/meshes/BRICK 2X4.STL
-- Up-to-date: /home/nithish/ROS/moveit2_ws/install/moveit2_description/share/moveit2_description/worlds/BRICK24/meshes/BRICK24.stl
-- Up-to-date: /home/nithish/ROS/moveit2_ws/install/moveit2_description/share/moveit2_description/worlds/BRICK24/model.config
-- Installing: /home/nithish/ROS/moveit2_ws/install/moveit2_description/share/moveit2_description/worlds/BRICK24/model.sdf
-- Up-to-date: /home/nithish/ROS/moveit2_ws/install/moveit2_description/share/moveit2_description/config
-- Up-to-date: /home/nithish/ROS/moveit2_ws/install/moveit2_description/share/moveit2_description/config/ros_gz_bridge.yaml
-- Up-to-date: /home/nithish/ROS/moveit2_ws/install/moveit2_description/share/ament_index/resource_index/package_run_dependencies/moveit2_description
-- Up-to-date: /home/nithish/ROS/moveit2_ws/install/moveit2_description/share/ament_index/resource_index/parent_prefix_path/moveit2_description
-- Up-to-date: /home/nithish/ROS/moveit2_ws/install/moveit2_description/share/moveit2_description/environment/ament_prefix_path.sh
-- Up-to-date: /home/nithish/ROS/moveit2_ws/install/moveit2_description/share/moveit2_description/environment/ament_prefix_path.dsv
-- Up-to-date: /home/nithish/ROS/moveit2_ws/install/moveit2_description/share/moveit2_description/environment/path.sh
-- Up-to-date: /home/nithish/ROS/moveit2_ws/install/moveit2_description/share/moveit2_description/environment/path.dsv
-- Up-to-date: /home/nithish/ROS/moveit2_ws/install/moveit2_description/share/moveit2_description/local_setup.bash
-- Up-to-date: /home/nithish/ROS/moveit2_ws/install/moveit2_description/share/moveit2_description/local_setup.sh
-- Up-to-date: /home/nithish/ROS/moveit2_ws/install/moveit2_description/share/moveit2_description/local_setup.zsh
-- Up-to-date: /home/nithish/ROS/moveit2_ws/install/moveit2_description/share/moveit2_description/local_setup.dsv
-- Installing: /home/nithish/ROS/moveit2_ws/install/moveit2_description/share/moveit2_description/package.dsv
-- Up-to-date: /home/nithish/ROS/moveit2_ws/install/moveit2_description/share/ament_index/resource_index/packages/moveit2_description
-- Up-to-date: /home/nithish/ROS/moveit2_ws/install/moveit2_description/share/moveit2_description/cmake/moveit2_descriptionConfig.cmake
-- Up-to-date: /home/nithish/ROS/moveit2_ws/install/moveit2_description/share/moveit2_description/cmake/moveit2_descriptionConfig-version.cmake
-- Up-to-date: /home/nithish/ROS/moveit2_ws/install/moveit2_description/share/moveit2_description/package.xml
