[0.009s] Invoking command in '/home/nithish/ROS/moveit2_ws/build/moveit2_controller': CMAKE_PREFIX_PATH=${CMAKE_PREFIX_PATH}:/opt/ros/jazzy DEBUGINFOD_URLS=https://debuginfod.ubuntu.com /usr/bin/cmake --build /home/nithish/ROS/moveit2_ws/build/moveit2_controller -- -j8 -l8
[0.032s] -- Found ament_cmake: 2.5.4 (/opt/ros/jazzy/share/ament_cmake/cmake)
[0.207s] -- Found ament_lint_auto: 0.17.3 (/opt/ros/jazzy/share/ament_lint_auto/cmake)
[0.279s] -- Added test 'flake8' to check Python code syntax and style conventions
[0.279s] -- Configured 'flake8' exclude dirs and/or files: 
[0.279s] -- Added test 'lint_cmake' to check CMake code style
[0.280s] -- Added test 'pep257' to check Python code against some of the docstring style conventions in PEP 257
[0.281s] -- Added test 'xmllint' to check XML markup files
[0.281s] -- Configuring done (0.3s)
[0.285s] -- Generating done (0.0s)
[0.286s] -- Build files have been written to: /home/nithish/ROS/moveit2_ws/build/moveit2_controller
[0.303s] Invoked command in '/home/nithish/ROS/moveit2_ws/build/moveit2_controller' returned '0': CMAKE_PREFIX_PATH=${CMAKE_PREFIX_PATH}:/opt/ros/jazzy DEBUGINFOD_URLS=https://debuginfod.ubuntu.com /usr/bin/cmake --build /home/nithish/ROS/moveit2_ws/build/moveit2_controller -- -j8 -l8
[0.304s] Invoking command in '/home/nithish/ROS/moveit2_ws/build/moveit2_controller': CMAKE_PREFIX_PATH=${CMAKE_PREFIX_PATH}:/opt/ros/jazzy DEBUGINFOD_URLS=https://debuginfod.ubuntu.com /usr/bin/cmake --install /home/nithish/ROS/moveit2_ws/build/moveit2_controller
[0.310s] -- Install configuration: ""
[0.310s] -- Up-to-date: /home/nithish/ROS/moveit2_ws/install/moveit2_controller/share/moveit2_controller/config
[0.310s] -- Up-to-date: /home/nithish/ROS/moveit2_ws/install/moveit2_controller/share/moveit2_controller/config/ros2_controllers.yaml
[0.310s] -- Installing: /home/nithish/ROS/moveit2_ws/install/moveit2_controller/share/moveit2_controller/launch
[0.310s] -- Installing: /home/nithish/ROS/moveit2_ws/install/moveit2_controller/share/moveit2_controller/launch/controller.launch.py
[0.310s] -- Up-to-date: /home/nithish/ROS/moveit2_ws/install/moveit2_controller/share/ament_index/resource_index/package_run_dependencies/moveit2_controller
[0.310s] -- Up-to-date: /home/nithish/ROS/moveit2_ws/install/moveit2_controller/share/ament_index/resource_index/parent_prefix_path/moveit2_controller
[0.310s] -- Up-to-date: /home/nithish/ROS/moveit2_ws/install/moveit2_controller/share/moveit2_controller/environment/ament_prefix_path.sh
[0.310s] -- Up-to-date: /home/nithish/ROS/moveit2_ws/install/moveit2_controller/share/moveit2_controller/environment/ament_prefix_path.dsv
[0.310s] -- Up-to-date: /home/nithish/ROS/moveit2_ws/install/moveit2_controller/share/moveit2_controller/environment/path.sh
[0.310s] -- Up-to-date: /home/nithish/ROS/moveit2_ws/install/moveit2_controller/share/moveit2_controller/environment/path.dsv
[0.310s] -- Up-to-date: /home/nithish/ROS/moveit2_ws/install/moveit2_controller/share/moveit2_controller/local_setup.bash
[0.310s] -- Up-to-date: /home/nithish/ROS/moveit2_ws/install/moveit2_controller/share/moveit2_controller/local_setup.sh
[0.310s] -- Up-to-date: /home/nithish/ROS/moveit2_ws/install/moveit2_controller/share/moveit2_controller/local_setup.zsh
[0.310s] -- Up-to-date: /home/nithish/ROS/moveit2_ws/install/moveit2_controller/share/moveit2_controller/local_setup.dsv
[0.310s] -- Installing: /home/nithish/ROS/moveit2_ws/install/moveit2_controller/share/moveit2_controller/package.dsv
[0.311s] -- Up-to-date: /home/nithish/ROS/moveit2_ws/install/moveit2_controller/share/ament_index/resource_index/packages/moveit2_controller
[0.311s] -- Up-to-date: /home/nithish/ROS/moveit2_ws/install/moveit2_controller/share/moveit2_controller/cmake/moveit2_controllerConfig.cmake
[0.311s] -- Up-to-date: /home/nithish/ROS/moveit2_ws/install/moveit2_controller/share/moveit2_controller/cmake/moveit2_controllerConfig-version.cmake
[0.311s] -- Up-to-date: /home/nithish/ROS/moveit2_ws/install/moveit2_controller/share/moveit2_controller/package.xml
[0.312s] Invoked command in '/home/nithish/ROS/moveit2_ws/build/moveit2_controller' returned '0': CMAKE_PREFIX_PATH=${CMAKE_PREFIX_PATH}:/opt/ros/jazzy DEBUGINFOD_URLS=https://debuginfod.ubuntu.com /usr/bin/cmake --install /home/nithish/ROS/moveit2_ws/build/moveit2_controller
