-- Install configuration: ""
-- Up-to-date: /home/nithish/ROS/moveit2_ws/install/moveit2_moveit/share/moveit2_moveit/config
-- Up-to-date: /home/nithish/ROS/moveit2_ws/install/moveit2_moveit/share/moveit2_moveit/config/moveit_controllers.yaml
-- Up-to-date: /home/nithish/ROS/moveit2_ws/install/moveit2_moveit/share/moveit2_moveit/config/sensors_kinect_depthmap.yaml
-- Up-to-date: /home/nithish/ROS/moveit2_ws/install/moveit2_moveit/share/moveit2_moveit/config/gripper_moveit_controllers.yaml
-- Up-to-date: /home/nithish/ROS/moveit2_ws/install/moveit2_moveit/share/moveit2_moveit/config/panda.srdf
-- Installing: /home/nithish/ROS/moveit2_ws/install/moveit2_moveit/share/moveit2_moveit/config/motion_planning.rviz
-- Up-to-date: /home/nithish/ROS/moveit2_ws/install/moveit2_moveit/share/moveit2_moveit/config/trajopt_planning.yaml
-- Up-to-date: /home/nithish/ROS/moveit2_ws/install/moveit2_moveit/share/moveit2_moveit/config/joint_limits.yaml
-- Up-to-date: /home/nithish/ROS/moveit2_ws/install/moveit2_moveit/share/moveit2_moveit/config/kinematics.yaml
-- Up-to-date: /home/nithish/ROS/moveit2_ws/install/moveit2_moveit/share/moveit2_moveit/config/initial_positions.yaml
-- Up-to-date: /home/nithish/ROS/moveit2_ws/install/moveit2_moveit/share/moveit2_moveit/config/ompl_planning.yaml
-- Up-to-date: /home/nithish/ROS/moveit2_ws/install/moveit2_moveit/share/moveit2_moveit/config/sensors_kinect_pointcloud.yaml
-- Up-to-date: /home/nithish/ROS/moveit2_ws/install/moveit2_moveit/share/moveit2_moveit/config/controller_setting.yaml
-- Up-to-date: /home/nithish/ROS/moveit2_ws/install/moveit2_moveit/share/moveit2_moveit/config/pilz_cartesian_limits.yaml
-- Up-to-date: /home/nithish/ROS/moveit2_ws/install/moveit2_moveit/share/moveit2_moveit/config/lerp_planning.yaml
-- Up-to-date: /home/nithish/ROS/moveit2_ws/install/moveit2_moveit/share/moveit2_moveit/launch
-- Up-to-date: /home/nithish/ROS/moveit2_ws/install/moveit2_moveit/share/moveit2_moveit/launch/moveit.launch.py
-- Up-to-date: /home/nithish/ROS/moveit2_ws/install/moveit2_moveit/share/ament_index/resource_index/package_run_dependencies/moveit2_moveit
-- Up-to-date: /home/nithish/ROS/moveit2_ws/install/moveit2_moveit/share/ament_index/resource_index/parent_prefix_path/moveit2_moveit
-- Up-to-date: /home/nithish/ROS/moveit2_ws/install/moveit2_moveit/share/moveit2_moveit/environment/ament_prefix_path.sh
-- Up-to-date: /home/nithish/ROS/moveit2_ws/install/moveit2_moveit/share/moveit2_moveit/environment/ament_prefix_path.dsv
-- Up-to-date: /home/nithish/ROS/moveit2_ws/install/moveit2_moveit/share/moveit2_moveit/environment/path.sh
-- Up-to-date: /home/nithish/ROS/moveit2_ws/install/moveit2_moveit/share/moveit2_moveit/environment/path.dsv
-- Up-to-date: /home/nithish/ROS/moveit2_ws/install/moveit2_moveit/share/moveit2_moveit/local_setup.bash
-- Up-to-date: /home/nithish/ROS/moveit2_ws/install/moveit2_moveit/share/moveit2_moveit/local_setup.sh
-- Up-to-date: /home/nithish/ROS/moveit2_ws/install/moveit2_moveit/share/moveit2_moveit/local_setup.zsh
-- Up-to-date: /home/nithish/ROS/moveit2_ws/install/moveit2_moveit/share/moveit2_moveit/local_setup.dsv
-- Installing: /home/nithish/ROS/moveit2_ws/install/moveit2_moveit/share/moveit2_moveit/package.dsv
-- Up-to-date: /home/nithish/ROS/moveit2_ws/install/moveit2_moveit/share/ament_index/resource_index/packages/moveit2_moveit
-- Up-to-date: /home/nithish/ROS/moveit2_ws/install/moveit2_moveit/share/moveit2_moveit/cmake/moveit2_moveitConfig.cmake
-- Up-to-date: /home/nithish/ROS/moveit2_ws/install/moveit2_moveit/share/moveit2_moveit/cmake/moveit2_moveitConfig-version.cmake
-- Up-to-date: /home/nithish/ROS/moveit2_ws/install/moveit2_moveit/share/moveit2_moveit/package.xml
