-- Install configuration: ""
-- Up-to-date: /home/nithish/ROS/moveit2_ws/install/yolov8_obb/share/yolov8_obb//scripts
-- Installing: /home/nithish/ROS/moveit2_ws/install/yolov8_obb/share/yolov8_obb//scripts/yolov8_obb_publisher.py
-- Up-to-date: /home/nithish/ROS/moveit2_ws/install/yolov8_obb/share/yolov8_obb//scripts/yolov8_obb_subscriber.py
-- Up-to-date: /home/nithish/ROS/moveit2_ws/install/yolov8_obb/share/yolov8_obb//scripts/best.pt
-- Up-to-date: /home/nithish/ROS/moveit2_ws/install/yolov8_obb/share/yolov8_obb//launch
-- Up-to-date: /home/nithish/ROS/moveit2_ws/install/yolov8_obb/share/yolov8_obb//launch/yolov8_obb.launch.py
-- Installing: /home/nithish/ROS/moveit2_ws/install/yolov8_obb/lib/yolov8_obb/yolov8_obb_publisher.py
-- Up-to-date: /home/nithish/ROS/moveit2_ws/install/yolov8_obb/lib/yolov8_obb/yolov8_obb_subscriber.py
-- Up-to-date: /home/nithish/ROS/moveit2_ws/install/yolov8_obb/lib/yolov8_obb/yolov8_obb.launch.py
-- Up-to-date: /home/nithish/ROS/moveit2_ws/install/yolov8_obb/share/ament_index/resource_index/package_run_dependencies/yolov8_obb
-- Up-to-date: /home/nithish/ROS/moveit2_ws/install/yolov8_obb/share/ament_index/resource_index/parent_prefix_path/yolov8_obb
-- Up-to-date: /home/nithish/ROS/moveit2_ws/install/yolov8_obb/share/yolov8_obb/environment/ament_prefix_path.sh
-- Up-to-date: /home/nithish/ROS/moveit2_ws/install/yolov8_obb/share/yolov8_obb/environment/ament_prefix_path.dsv
-- Up-to-date: /home/nithish/ROS/moveit2_ws/install/yolov8_obb/share/yolov8_obb/environment/path.sh
-- Up-to-date: /home/nithish/ROS/moveit2_ws/install/yolov8_obb/share/yolov8_obb/environment/path.dsv
-- Up-to-date: /home/nithish/ROS/moveit2_ws/install/yolov8_obb/share/yolov8_obb/local_setup.bash
-- Up-to-date: /home/nithish/ROS/moveit2_ws/install/yolov8_obb/share/yolov8_obb/local_setup.sh
-- Up-to-date: /home/nithish/ROS/moveit2_ws/install/yolov8_obb/share/yolov8_obb/local_setup.zsh
-- Up-to-date: /home/nithish/ROS/moveit2_ws/install/yolov8_obb/share/yolov8_obb/local_setup.dsv
-- Up-to-date: /home/nithish/ROS/moveit2_ws/install/yolov8_obb/share/yolov8_obb/package.dsv
-- Up-to-date: /home/nithish/ROS/moveit2_ws/install/yolov8_obb/share/ament_index/resource_index/packages/yolov8_obb
-- Up-to-date: /home/nithish/ROS/moveit2_ws/install/yolov8_obb/share/yolov8_obb/cmake/yolov8_obbConfig.cmake
-- Up-to-date: /home/nithish/ROS/moveit2_ws/install/yolov8_obb/share/yolov8_obb/cmake/yolov8_obbConfig-version.cmake
-- Up-to-date: /home/nithish/ROS/moveit2_ws/install/yolov8_obb/share/yolov8_obb/package.xml
