[0.027s] Invoking command in '/home/nithish/ROS/moveit2_ws/build/moveit2_controller': CMAKE_PREFIX_PATH=${CMAKE_PREFIX_PATH}:/opt/ros/jazzy DEBUGINFOD_URLS=https://debuginfod.ubuntu.com PS1=(yolov8-env) \[\e]0;\u@\h: \w\a\]${debian_chroot:+($debian_chroot)}\[\033[01;32m\]\u@\h\[\033[00m\]:\[\033[01;34m\]\w\[\033[00m\]\$ VIRTUAL_ENV_PROMPT=(yolov8-env) /usr/bin/cmake --build /home/nithish/ROS/moveit2_ws/build/moveit2_controller -- -j8 -l8
[0.060s] Invoked command in '/home/nithish/ROS/moveit2_ws/build/moveit2_controller' returned '0': CMAKE_PREFIX_PATH=${CMAKE_PREFIX_PATH}:/opt/ros/jazzy DEBUGINFOD_URLS=https://debuginfod.ubuntu.com PS1=(yolov8-env) \[\e]0;\u@\h: \w\a\]${debian_chroot:+($debian_chroot)}\[\033[01;32m\]\u@\h\[\033[00m\]:\[\033[01;34m\]\w\[\033[00m\]\$ VIRTUAL_ENV_PROMPT=(yolov8-env) /usr/bin/cmake --build /home/nithish/ROS/moveit2_ws/build/moveit2_controller -- -j8 -l8
[0.070s] Invoking command in '/home/nithish/ROS/moveit2_ws/build/moveit2_controller': CMAKE_PREFIX_PATH=${CMAKE_PREFIX_PATH}:/opt/ros/jazzy DEBUGINFOD_URLS=https://debuginfod.ubuntu.com PS1=(yolov8-env) \[\e]0;\u@\h: \w\a\]${debian_chroot:+($debian_chroot)}\[\033[01;32m\]\u@\h\[\033[00m\]:\[\033[01;34m\]\w\[\033[00m\]\$ VIRTUAL_ENV_PROMPT=(yolov8-env) /usr/bin/cmake --install /home/nithish/ROS/moveit2_ws/build/moveit2_controller
[0.077s] -- Install configuration: ""
[0.078s] -- Up-to-date: /home/nithish/ROS/moveit2_ws/install/moveit2_controller/share/moveit2_controller/config
[0.078s] -- Up-to-date: /home/nithish/ROS/moveit2_ws/install/moveit2_controller/share/moveit2_controller/config/ros2_controllers.yaml
[0.078s] -- Up-to-date: /home/nithish/ROS/moveit2_ws/install/moveit2_controller/share/moveit2_controller/launch
[0.078s] -- Up-to-date: /home/nithish/ROS/moveit2_ws/install/moveit2_controller/share/moveit2_controller/launch/controller.launch.py
[0.078s] -- Up-to-date: /home/nithish/ROS/moveit2_ws/install/moveit2_controller/share/ament_index/resource_index/package_run_dependencies/moveit2_controller
[0.078s] -- Up-to-date: /home/nithish/ROS/moveit2_ws/install/moveit2_controller/share/ament_index/resource_index/parent_prefix_path/moveit2_controller
[0.078s] -- Up-to-date: /home/nithish/ROS/moveit2_ws/install/moveit2_controller/share/moveit2_controller/environment/ament_prefix_path.sh
[0.078s] -- Up-to-date: /home/nithish/ROS/moveit2_ws/install/moveit2_controller/share/moveit2_controller/environment/ament_prefix_path.dsv
[0.078s] -- Up-to-date: /home/nithish/ROS/moveit2_ws/install/moveit2_controller/share/moveit2_controller/environment/path.sh
[0.078s] -- Up-to-date: /home/nithish/ROS/moveit2_ws/install/moveit2_controller/share/moveit2_controller/environment/path.dsv
[0.078s] -- Up-to-date: /home/nithish/ROS/moveit2_ws/install/moveit2_controller/share/moveit2_controller/local_setup.bash
[0.079s] -- Up-to-date: /home/nithish/ROS/moveit2_ws/install/moveit2_controller/share/moveit2_controller/local_setup.sh
[0.079s] -- Up-to-date: /home/nithish/ROS/moveit2_ws/install/moveit2_controller/share/moveit2_controller/local_setup.zsh
[0.079s] -- Up-to-date: /home/nithish/ROS/moveit2_ws/install/moveit2_controller/share/moveit2_controller/local_setup.dsv
[0.079s] -- Installing: /home/nithish/ROS/moveit2_ws/install/moveit2_controller/share/moveit2_controller/package.dsv
[0.079s] -- Up-to-date: /home/nithish/ROS/moveit2_ws/install/moveit2_controller/share/ament_index/resource_index/packages/moveit2_controller
[0.079s] -- Up-to-date: /home/nithish/ROS/moveit2_ws/install/moveit2_controller/share/moveit2_controller/cmake/moveit2_controllerConfig.cmake
[0.079s] -- Up-to-date: /home/nithish/ROS/moveit2_ws/install/moveit2_controller/share/moveit2_controller/cmake/moveit2_controllerConfig-version.cmake
[0.079s] -- Up-to-date: /home/nithish/ROS/moveit2_ws/install/moveit2_controller/share/moveit2_controller/package.xml
[0.092s] Invoked command in '/home/nithish/ROS/moveit2_ws/build/moveit2_controller' returned '0': CMAKE_PREFIX_PATH=${CMAKE_PREFIX_PATH}:/opt/ros/jazzy DEBUGINFOD_URLS=https://debuginfod.ubuntu.com PS1=(yolov8-env) \[\e]0;\u@\h: \w\a\]${debian_chroot:+($debian_chroot)}\[\033[01;32m\]\u@\h\[\033[00m\]:\[\033[01;34m\]\w\[\033[00m\]\$ VIRTUAL_ENV_PROMPT=(yolov8-env) /usr/bin/cmake --install /home/nithish/ROS/moveit2_ws/build/moveit2_controller
