[0.027s] Invoking command in '/home/nithish/ROS/moveit2_ws/build/yolov8_obb_msgs': CMAKE_PREFIX_PATH=${CMAKE_PREFIX_PATH}:/opt/ros/jazzy DEBUGINFOD_URLS=https://debuginfod.ubuntu.com /usr/bin/cmake --build /home/nithish/ROS/moveit2_ws/build/yolov8_obb_msgs -- -j8 -l8
[0.091s] [  2%] Built target yolov8_obb_msgs__rosidl_generator_type_description
[0.097s] [  2%] Built target ament_cmake_python_copy_yolov8_obb_msgs
[0.106s] [  4%] Built target yolov8_obb_msgs__cpp
[0.112s] [ 22%] Built target yolov8_obb_msgs__rosidl_generator_c
[0.151s] [ 31%] Built target yolov8_obb_msgs__rosidl_typesupport_cpp
[0.151s] [ 40%] Built target yolov8_obb_msgs__rosidl_typesupport_c
[0.151s] [ 50%] Built target yolov8_obb_msgs__rosidl_typesupport_introspection_cpp
[0.154s] [ 65%] Built target yolov8_obb_msgs__rosidl_typesupport_fastrtps_cpp
[0.154s] [ 75%] Built target yolov8_obb_msgs__rosidl_typesupport_introspection_c
[0.155s] [ 77%] Built target yolov8_obb_msgs__rosidl_typesupport_fastrtps_c
[0.175s] [ 77%] Built target yolov8_obb_msgs
[0.199s] [ 79%] Built target yolov8_obb_msgs__py
[0.221s] [ 86%] Built target yolov8_obb_msgs__rosidl_generator_py
[0.241s] [100%] Built target yolov8_obb_msgs_s__rosidl_typesupport_fastrtps_c
[0.241s] [100%] Built target yolov8_obb_msgs_s__rosidl_typesupport_introspection_c
[0.241s] [100%] Built target yolov8_obb_msgs_s__rosidl_typesupport_c
[0.372s] running egg_info
[0.400s] writing yolov8_obb_msgs.egg-info/PKG-INFO
[0.400s] writing dependency_links to yolov8_obb_msgs.egg-info/dependency_links.txt
[0.400s] writing top-level names to yolov8_obb_msgs.egg-info/top_level.txt
[0.481s] reading manifest file 'yolov8_obb_msgs.egg-info/SOURCES.txt'
[0.482s] writing manifest file 'yolov8_obb_msgs.egg-info/SOURCES.txt'
[0.507s] [100%] Built target ament_cmake_python_build_yolov8_obb_msgs_egg
[0.517s] Invoked command in '/home/nithish/ROS/moveit2_ws/build/yolov8_obb_msgs' returned '0': CMAKE_PREFIX_PATH=${CMAKE_PREFIX_PATH}:/opt/ros/jazzy DEBUGINFOD_URLS=https://debuginfod.ubuntu.com /usr/bin/cmake --build /home/nithish/ROS/moveit2_ws/build/yolov8_obb_msgs -- -j8 -l8
[0.518s] Invoking command in '/home/nithish/ROS/moveit2_ws/build/yolov8_obb_msgs': CMAKE_PREFIX_PATH=${CMAKE_PREFIX_PATH}:/opt/ros/jazzy DEBUGINFOD_URLS=https://debuginfod.ubuntu.com /usr/bin/cmake --install /home/nithish/ROS/moveit2_ws/build/yolov8_obb_msgs
[0.525s] -- Install configuration: ""
[0.525s] -- Up-to-date: /home/nithish/ROS/moveit2_ws/install/yolov8_obb_msgs/share/ament_index/resource_index/rosidl_interfaces/yolov8_obb_msgs
[0.525s] -- Up-to-date: /home/nithish/ROS/moveit2_ws/install/yolov8_obb_msgs/share/yolov8_obb_msgs/msg/InferenceResult.json
[0.525s] -- Up-to-date: /home/nithish/ROS/moveit2_ws/install/yolov8_obb_msgs/share/yolov8_obb_msgs/msg/Yolov8Inference.json
[0.525s] -- Up-to-date: /home/nithish/ROS/moveit2_ws/install/yolov8_obb_msgs/include/yolov8_obb_msgs/yolov8_obb_msgs
[0.525s] -- Up-to-date: /home/nithish/ROS/moveit2_ws/install/yolov8_obb_msgs/include/yolov8_obb_msgs/yolov8_obb_msgs/msg
[0.525s] -- Up-to-date: /home/nithish/ROS/moveit2_ws/install/yolov8_obb_msgs/include/yolov8_obb_msgs/yolov8_obb_msgs/msg/yolov8_inference.h
[0.525s] -- Up-to-date: /home/nithish/ROS/moveit2_ws/install/yolov8_obb_msgs/include/yolov8_obb_msgs/yolov8_obb_msgs/msg/detail
[0.525s] -- Up-to-date: /home/nithish/ROS/moveit2_ws/install/yolov8_obb_msgs/include/yolov8_obb_msgs/yolov8_obb_msgs/msg/detail/inference_result__type_support.h
[0.525s] -- Up-to-date: /home/nithish/ROS/moveit2_ws/install/yolov8_obb_msgs/include/yolov8_obb_msgs/yolov8_obb_msgs/msg/detail/yolov8_inference__type_support.c
[0.525s] -- Up-to-date: /home/nithish/ROS/moveit2_ws/install/yolov8_obb_msgs/include/yolov8_obb_msgs/yolov8_obb_msgs/msg/detail/yolov8_inference__type_support.h
[0.525s] -- Up-to-date: /home/nithish/ROS/moveit2_ws/install/yolov8_obb_msgs/include/yolov8_obb_msgs/yolov8_obb_msgs/msg/detail/inference_result__functions.h
[0.525s] -- Up-to-date: /home/nithish/ROS/moveit2_ws/install/yolov8_obb_msgs/include/yolov8_obb_msgs/yolov8_obb_msgs/msg/detail/yolov8_inference__description.c
[0.525s] -- Up-to-date: /home/nithish/ROS/moveit2_ws/install/yolov8_obb_msgs/include/yolov8_obb_msgs/yolov8_obb_msgs/msg/detail/inference_result__type_support.c
[0.526s] -- Up-to-date: /home/nithish/ROS/moveit2_ws/install/yolov8_obb_msgs/include/yolov8_obb_msgs/yolov8_obb_msgs/msg/detail/inference_result__struct.h
[0.526s] -- Up-to-date: /home/nithish/ROS/moveit2_ws/install/yolov8_obb_msgs/include/yolov8_obb_msgs/yolov8_obb_msgs/msg/detail/inference_result__description.c
[0.526s] -- Up-to-date: /home/nithish/ROS/moveit2_ws/install/yolov8_obb_msgs/include/yolov8_obb_msgs/yolov8_obb_msgs/msg/detail/yolov8_inference__functions.c
[0.526s] -- Up-to-date: /home/nithish/ROS/moveit2_ws/install/yolov8_obb_msgs/include/yolov8_obb_msgs/yolov8_obb_msgs/msg/detail/inference_result__functions.c
[0.526s] -- Up-to-date: /home/nithish/ROS/moveit2_ws/install/yolov8_obb_msgs/include/yolov8_obb_msgs/yolov8_obb_msgs/msg/detail/yolov8_inference__struct.h
[0.526s] -- Up-to-date: /home/nithish/ROS/moveit2_ws/install/yolov8_obb_msgs/include/yolov8_obb_msgs/yolov8_obb_msgs/msg/detail/yolov8_inference__functions.h
[0.526s] -- Up-to-date: /home/nithish/ROS/moveit2_ws/install/yolov8_obb_msgs/include/yolov8_obb_msgs/yolov8_obb_msgs/msg/inference_result.h
[0.526s] -- Up-to-date: /home/nithish/ROS/moveit2_ws/install/yolov8_obb_msgs/include/yolov8_obb_msgs/yolov8_obb_msgs/msg/rosidl_generator_c__visibility_control.h
[0.526s] -- Up-to-date: /home/nithish/ROS/moveit2_ws/install/yolov8_obb_msgs/share/yolov8_obb_msgs/environment/library_path.sh
[0.526s] -- Up-to-date: /home/nithish/ROS/moveit2_ws/install/yolov8_obb_msgs/share/yolov8_obb_msgs/environment/library_path.dsv
[0.526s] -- Up-to-date: /home/nithish/ROS/moveit2_ws/install/yolov8_obb_msgs/lib/libyolov8_obb_msgs__rosidl_generator_c.so
[0.526s] -- Up-to-date: /home/nithish/ROS/moveit2_ws/install/yolov8_obb_msgs/include/yolov8_obb_msgs/yolov8_obb_msgs
[0.526s] -- Up-to-date: /home/nithish/ROS/moveit2_ws/install/yolov8_obb_msgs/include/yolov8_obb_msgs/yolov8_obb_msgs/msg
[0.526s] -- Up-to-date: /home/nithish/ROS/moveit2_ws/install/yolov8_obb_msgs/include/yolov8_obb_msgs/yolov8_obb_msgs/msg/rosidl_typesupport_fastrtps_c__visibility_control.h
[0.526s] -- Up-to-date: /home/nithish/ROS/moveit2_ws/install/yolov8_obb_msgs/include/yolov8_obb_msgs/yolov8_obb_msgs/msg/detail
[0.526s] -- Up-to-date: /home/nithish/ROS/moveit2_ws/install/yolov8_obb_msgs/include/yolov8_obb_msgs/yolov8_obb_msgs/msg/detail/inference_result__rosidl_typesupport_fastrtps_c.h
[0.526s] -- Up-to-date: /home/nithish/ROS/moveit2_ws/install/yolov8_obb_msgs/include/yolov8_obb_msgs/yolov8_obb_msgs/msg/detail/yolov8_inference__rosidl_typesupport_fastrtps_c.h
[0.526s] -- Up-to-date: /home/nithish/ROS/moveit2_ws/install/yolov8_obb_msgs/lib/libyolov8_obb_msgs__rosidl_typesupport_fastrtps_c.so
[0.526s] -- Up-to-date: /home/nithish/ROS/moveit2_ws/install/yolov8_obb_msgs/include/yolov8_obb_msgs/yolov8_obb_msgs
[0.526s] -- Up-to-date: /home/nithish/ROS/moveit2_ws/install/yolov8_obb_msgs/include/yolov8_obb_msgs/yolov8_obb_msgs/msg
[0.526s] -- Up-to-date: /home/nithish/ROS/moveit2_ws/install/yolov8_obb_msgs/include/yolov8_obb_msgs/yolov8_obb_msgs/msg/inference_result.hpp
[0.527s] -- Up-to-date: /home/nithish/ROS/moveit2_ws/install/yolov8_obb_msgs/include/yolov8_obb_msgs/yolov8_obb_msgs/msg/rosidl_generator_cpp__visibility_control.hpp
[0.527s] -- Up-to-date: /home/nithish/ROS/moveit2_ws/install/yolov8_obb_msgs/include/yolov8_obb_msgs/yolov8_obb_msgs/msg/detail
[0.527s] -- Up-to-date: /home/nithish/ROS/moveit2_ws/install/yolov8_obb_msgs/include/yolov8_obb_msgs/yolov8_obb_msgs/msg/detail/yolov8_inference__type_support.hpp
[0.527s] -- Up-to-date: /home/nithish/ROS/moveit2_ws/install/yolov8_obb_msgs/include/yolov8_obb_msgs/yolov8_obb_msgs/msg/detail/yolov8_inference__traits.hpp
[0.527s] -- Up-to-date: /home/nithish/ROS/moveit2_ws/install/yolov8_obb_msgs/include/yolov8_obb_msgs/yolov8_obb_msgs/msg/detail/yolov8_inference__builder.hpp
[0.527s] -- Up-to-date: /home/nithish/ROS/moveit2_ws/install/yolov8_obb_msgs/include/yolov8_obb_msgs/yolov8_obb_msgs/msg/detail/yolov8_inference__struct.hpp
[0.527s] -- Up-to-date: /home/nithish/ROS/moveit2_ws/install/yolov8_obb_msgs/include/yolov8_obb_msgs/yolov8_obb_msgs/msg/detail/inference_result__traits.hpp
[0.527s] -- Up-to-date: /home/nithish/ROS/moveit2_ws/install/yolov8_obb_msgs/include/yolov8_obb_msgs/yolov8_obb_msgs/msg/detail/inference_result__struct.hpp
[0.527s] -- Up-to-date: /home/nithish/ROS/moveit2_ws/install/yolov8_obb_msgs/include/yolov8_obb_msgs/yolov8_obb_msgs/msg/detail/inference_result__builder.hpp
[0.527s] -- Up-to-date: /home/nithish/ROS/moveit2_ws/install/yolov8_obb_msgs/include/yolov8_obb_msgs/yolov8_obb_msgs/msg/detail/inference_result__type_support.hpp
[0.527s] -- Up-to-date: /home/nithish/ROS/moveit2_ws/install/yolov8_obb_msgs/include/yolov8_obb_msgs/yolov8_obb_msgs/msg/yolov8_inference.hpp
[0.527s] -- Up-to-date: /home/nithish/ROS/moveit2_ws/install/yolov8_obb_msgs/include/yolov8_obb_msgs/yolov8_obb_msgs
[0.527s] -- Up-to-date: /home/nithish/ROS/moveit2_ws/install/yolov8_obb_msgs/include/yolov8_obb_msgs/yolov8_obb_msgs/msg
[0.527s] -- Up-to-date: /home/nithish/ROS/moveit2_ws/install/yolov8_obb_msgs/include/yolov8_obb_msgs/yolov8_obb_msgs/msg/rosidl_typesupport_fastrtps_cpp__visibility_control.h
[0.527s] -- Up-to-date: /home/nithish/ROS/moveit2_ws/install/yolov8_obb_msgs/include/yolov8_obb_msgs/yolov8_obb_msgs/msg/detail
[0.527s] -- Up-to-date: /home/nithish/ROS/moveit2_ws/install/yolov8_obb_msgs/include/yolov8_obb_msgs/yolov8_obb_msgs/msg/detail/yolov8_inference__rosidl_typesupport_fastrtps_cpp.hpp
[0.527s] -- Up-to-date: /home/nithish/ROS/moveit2_ws/install/yolov8_obb_msgs/include/yolov8_obb_msgs/yolov8_obb_msgs/msg/detail/inference_result__rosidl_typesupport_fastrtps_cpp.hpp
[0.527s] -- Up-to-date: /home/nithish/ROS/moveit2_ws/install/yolov8_obb_msgs/include/yolov8_obb_msgs/yolov8_obb_msgs/msg/detail/dds_fastrtps
[0.527s] -- Up-to-date: /home/nithish/ROS/moveit2_ws/install/yolov8_obb_msgs/lib/libyolov8_obb_msgs__rosidl_typesupport_fastrtps_cpp.so
[0.527s] -- Up-to-date: /home/nithish/ROS/moveit2_ws/install/yolov8_obb_msgs/include/yolov8_obb_msgs/yolov8_obb_msgs
[0.527s] -- Up-to-date: /home/nithish/ROS/moveit2_ws/install/yolov8_obb_msgs/include/yolov8_obb_msgs/yolov8_obb_msgs/msg
[0.527s] -- Up-to-date: /home/nithish/ROS/moveit2_ws/install/yolov8_obb_msgs/include/yolov8_obb_msgs/yolov8_obb_msgs/msg/rosidl_typesupport_introspection_c__visibility_control.h
[0.528s] -- Up-to-date: /home/nithish/ROS/moveit2_ws/install/yolov8_obb_msgs/include/yolov8_obb_msgs/yolov8_obb_msgs/msg/detail
[0.528s] -- Up-to-date: /home/nithish/ROS/moveit2_ws/install/yolov8_obb_msgs/include/yolov8_obb_msgs/yolov8_obb_msgs/msg/detail/yolov8_inference__type_support.c
[0.528s] -- Up-to-date: /home/nithish/ROS/moveit2_ws/install/yolov8_obb_msgs/include/yolov8_obb_msgs/yolov8_obb_msgs/msg/detail/inference_result__rosidl_typesupport_introspection_c.h
[0.528s] -- Up-to-date: /home/nithish/ROS/moveit2_ws/install/yolov8_obb_msgs/include/yolov8_obb_msgs/yolov8_obb_msgs/msg/detail/inference_result__type_support.c
[0.528s] -- Up-to-date: /home/nithish/ROS/moveit2_ws/install/yolov8_obb_msgs/include/yolov8_obb_msgs/yolov8_obb_msgs/msg/detail/yolov8_inference__rosidl_typesupport_introspection_c.h
[0.528s] -- Up-to-date: /home/nithish/ROS/moveit2_ws/install/yolov8_obb_msgs/lib/libyolov8_obb_msgs__rosidl_typesupport_introspection_c.so
[0.528s] -- Up-to-date: /home/nithish/ROS/moveit2_ws/install/yolov8_obb_msgs/lib/libyolov8_obb_msgs__rosidl_typesupport_c.so
[0.528s] -- Up-to-date: /home/nithish/ROS/moveit2_ws/install/yolov8_obb_msgs/include/yolov8_obb_msgs/yolov8_obb_msgs
[0.528s] -- Up-to-date: /home/nithish/ROS/moveit2_ws/install/yolov8_obb_msgs/include/yolov8_obb_msgs/yolov8_obb_msgs/msg
[0.528s] -- Up-to-date: /home/nithish/ROS/moveit2_ws/install/yolov8_obb_msgs/include/yolov8_obb_msgs/yolov8_obb_msgs/msg/detail
[0.528s] -- Up-to-date: /home/nithish/ROS/moveit2_ws/install/yolov8_obb_msgs/include/yolov8_obb_msgs/yolov8_obb_msgs/msg/detail/inference_result__type_support.cpp
[0.528s] -- Up-to-date: /home/nithish/ROS/moveit2_ws/install/yolov8_obb_msgs/include/yolov8_obb_msgs/yolov8_obb_msgs/msg/detail/inference_result__rosidl_typesupport_introspection_cpp.hpp
[0.528s] -- Up-to-date: /home/nithish/ROS/moveit2_ws/install/yolov8_obb_msgs/include/yolov8_obb_msgs/yolov8_obb_msgs/msg/detail/yolov8_inference__rosidl_typesupport_introspection_cpp.hpp
[0.528s] -- Up-to-date: /home/nithish/ROS/moveit2_ws/install/yolov8_obb_msgs/include/yolov8_obb_msgs/yolov8_obb_msgs/msg/detail/yolov8_inference__type_support.cpp
[0.528s] -- Up-to-date: /home/nithish/ROS/moveit2_ws/install/yolov8_obb_msgs/lib/libyolov8_obb_msgs__rosidl_typesupport_introspection_cpp.so
[0.528s] -- Up-to-date: /home/nithish/ROS/moveit2_ws/install/yolov8_obb_msgs/lib/libyolov8_obb_msgs__rosidl_typesupport_cpp.so
[0.528s] -- Up-to-date: /home/nithish/ROS/moveit2_ws/install/yolov8_obb_msgs/share/yolov8_obb_msgs/environment/pythonpath.sh
[0.528s] -- Up-to-date: /home/nithish/ROS/moveit2_ws/install/yolov8_obb_msgs/share/yolov8_obb_msgs/environment/pythonpath.dsv
[0.528s] -- Up-to-date: /home/nithish/ROS/moveit2_ws/install/yolov8_obb_msgs/lib/python3.12/site-packages/yolov8_obb_msgs-0.0.0-py3.12.egg-info
[0.528s] -- Installing: /home/nithish/ROS/moveit2_ws/install/yolov8_obb_msgs/lib/python3.12/site-packages/yolov8_obb_msgs-0.0.0-py3.12.egg-info/SOURCES.txt
[0.528s] -- Installing: /home/nithish/ROS/moveit2_ws/install/yolov8_obb_msgs/lib/python3.12/site-packages/yolov8_obb_msgs-0.0.0-py3.12.egg-info/PKG-INFO
[0.528s] -- Installing: /home/nithish/ROS/moveit2_ws/install/yolov8_obb_msgs/lib/python3.12/site-packages/yolov8_obb_msgs-0.0.0-py3.12.egg-info/dependency_links.txt
[0.528s] -- Installing: /home/nithish/ROS/moveit2_ws/install/yolov8_obb_msgs/lib/python3.12/site-packages/yolov8_obb_msgs-0.0.0-py3.12.egg-info/top_level.txt
[0.528s] -- Up-to-date: /home/nithish/ROS/moveit2_ws/install/yolov8_obb_msgs/lib/python3.12/site-packages/yolov8_obb_msgs
[0.529s] -- Up-to-date: /home/nithish/ROS/moveit2_ws/install/yolov8_obb_msgs/lib/python3.12/site-packages/yolov8_obb_msgs/_yolov8_obb_msgs_s.ep.rosidl_typesupport_fastrtps_c.c
[0.529s] -- Up-to-date: /home/nithish/ROS/moveit2_ws/install/yolov8_obb_msgs/lib/python3.12/site-packages/yolov8_obb_msgs/_yolov8_obb_msgs_s.ep.rosidl_typesupport_introspection_c.c
[0.529s] -- Up-to-date: /home/nithish/ROS/moveit2_ws/install/yolov8_obb_msgs/lib/python3.12/site-packages/yolov8_obb_msgs/yolov8_obb_msgs_s__rosidl_typesupport_c.so
[0.529s] -- Up-to-date: /home/nithish/ROS/moveit2_ws/install/yolov8_obb_msgs/lib/python3.12/site-packages/yolov8_obb_msgs/yolov8_obb_msgs_s__rosidl_typesupport_introspection_c.so
[0.529s] -- Up-to-date: /home/nithish/ROS/moveit2_ws/install/yolov8_obb_msgs/lib/python3.12/site-packages/yolov8_obb_msgs/__init__.py
[0.529s] -- Up-to-date: /home/nithish/ROS/moveit2_ws/install/yolov8_obb_msgs/lib/python3.12/site-packages/yolov8_obb_msgs/yolov8_obb_msgs_s__rosidl_typesupport_fastrtps_c.so
[0.529s] -- Up-to-date: /home/nithish/ROS/moveit2_ws/install/yolov8_obb_msgs/lib/python3.12/site-packages/yolov8_obb_msgs/_yolov8_obb_msgs_s.ep.rosidl_typesupport_c.c
[0.529s] -- Up-to-date: /home/nithish/ROS/moveit2_ws/install/yolov8_obb_msgs/lib/python3.12/site-packages/yolov8_obb_msgs/msg
[0.529s] -- Up-to-date: /home/nithish/ROS/moveit2_ws/install/yolov8_obb_msgs/lib/python3.12/site-packages/yolov8_obb_msgs/msg/_yolov8_inference.py
[0.529s] -- Up-to-date: /home/nithish/ROS/moveit2_ws/install/yolov8_obb_msgs/lib/python3.12/site-packages/yolov8_obb_msgs/msg/_yolov8_inference_s.c
[0.529s] -- Up-to-date: /home/nithish/ROS/moveit2_ws/install/yolov8_obb_msgs/lib/python3.12/site-packages/yolov8_obb_msgs/msg/_inference_result_s.c
[0.529s] -- Up-to-date: /home/nithish/ROS/moveit2_ws/install/yolov8_obb_msgs/lib/python3.12/site-packages/yolov8_obb_msgs/msg/__init__.py
[0.529s] -- Up-to-date: /home/nithish/ROS/moveit2_ws/install/yolov8_obb_msgs/lib/python3.12/site-packages/yolov8_obb_msgs/msg/_inference_result.py
[0.554s] Listing '/home/nithish/ROS/moveit2_ws/install/yolov8_obb_msgs/lib/python3.12/site-packages/yolov8_obb_msgs'...
[0.554s] Listing '/home/nithish/ROS/moveit2_ws/install/yolov8_obb_msgs/lib/python3.12/site-packages/yolov8_obb_msgs/msg'...
[0.558s] -- Up-to-date: /home/nithish/ROS/moveit2_ws/install/yolov8_obb_msgs/lib/python3.12/site-packages/yolov8_obb_msgs/yolov8_obb_msgs_s__rosidl_typesupport_fastrtps_c.so
[0.558s] -- Up-to-date: /home/nithish/ROS/moveit2_ws/install/yolov8_obb_msgs/lib/python3.12/site-packages/yolov8_obb_msgs/yolov8_obb_msgs_s__rosidl_typesupport_introspection_c.so
[0.559s] -- Up-to-date: /home/nithish/ROS/moveit2_ws/install/yolov8_obb_msgs/lib/python3.12/site-packages/yolov8_obb_msgs/yolov8_obb_msgs_s__rosidl_typesupport_c.so
[0.559s] -- Up-to-date: /home/nithish/ROS/moveit2_ws/install/yolov8_obb_msgs/lib/libyolov8_obb_msgs__rosidl_generator_py.so
[0.559s] -- Up-to-date: /home/nithish/ROS/moveit2_ws/install/yolov8_obb_msgs/share/yolov8_obb_msgs/msg/InferenceResult.idl
[0.559s] -- Up-to-date: /home/nithish/ROS/moveit2_ws/install/yolov8_obb_msgs/share/yolov8_obb_msgs/msg/Yolov8Inference.idl
[0.559s] -- Up-to-date: /home/nithish/ROS/moveit2_ws/install/yolov8_obb_msgs/share/yolov8_obb_msgs/msg/InferenceResult.msg
[0.559s] -- Up-to-date: /home/nithish/ROS/moveit2_ws/install/yolov8_obb_msgs/share/yolov8_obb_msgs/msg/Yolov8Inference.msg
[0.559s] -- Up-to-date: /home/nithish/ROS/moveit2_ws/install/yolov8_obb_msgs/share/ament_index/resource_index/package_run_dependencies/yolov8_obb_msgs
[0.559s] -- Up-to-date: /home/nithish/ROS/moveit2_ws/install/yolov8_obb_msgs/share/ament_index/resource_index/parent_prefix_path/yolov8_obb_msgs
[0.559s] -- Up-to-date: /home/nithish/ROS/moveit2_ws/install/yolov8_obb_msgs/share/yolov8_obb_msgs/environment/ament_prefix_path.sh
[0.559s] -- Up-to-date: /home/nithish/ROS/moveit2_ws/install/yolov8_obb_msgs/share/yolov8_obb_msgs/environment/ament_prefix_path.dsv
[0.559s] -- Up-to-date: /home/nithish/ROS/moveit2_ws/install/yolov8_obb_msgs/share/yolov8_obb_msgs/environment/path.sh
[0.559s] -- Up-to-date: /home/nithish/ROS/moveit2_ws/install/yolov8_obb_msgs/share/yolov8_obb_msgs/environment/path.dsv
[0.559s] -- Up-to-date: /home/nithish/ROS/moveit2_ws/install/yolov8_obb_msgs/share/yolov8_obb_msgs/local_setup.bash
[0.559s] -- Up-to-date: /home/nithish/ROS/moveit2_ws/install/yolov8_obb_msgs/share/yolov8_obb_msgs/local_setup.sh
[0.559s] -- Up-to-date: /home/nithish/ROS/moveit2_ws/install/yolov8_obb_msgs/share/yolov8_obb_msgs/local_setup.zsh
[0.560s] -- Up-to-date: /home/nithish/ROS/moveit2_ws/install/yolov8_obb_msgs/share/yolov8_obb_msgs/local_setup.dsv
[0.560s] -- Installing: /home/nithish/ROS/moveit2_ws/install/yolov8_obb_msgs/share/yolov8_obb_msgs/package.dsv
[0.560s] -- Up-to-date: /home/nithish/ROS/moveit2_ws/install/yolov8_obb_msgs/share/ament_index/resource_index/packages/yolov8_obb_msgs
[0.560s] -- Up-to-date: /home/nithish/ROS/moveit2_ws/install/yolov8_obb_msgs/share/yolov8_obb_msgs/cmake/export_yolov8_obb_msgs__rosidl_generator_cExport.cmake
[0.560s] -- Up-to-date: /home/nithish/ROS/moveit2_ws/install/yolov8_obb_msgs/share/yolov8_obb_msgs/cmake/export_yolov8_obb_msgs__rosidl_generator_cExport-noconfig.cmake
[0.560s] -- Up-to-date: /home/nithish/ROS/moveit2_ws/install/yolov8_obb_msgs/share/yolov8_obb_msgs/cmake/export_yolov8_obb_msgs__rosidl_typesupport_fastrtps_cExport.cmake
[0.560s] -- Up-to-date: /home/nithish/ROS/moveit2_ws/install/yolov8_obb_msgs/share/yolov8_obb_msgs/cmake/export_yolov8_obb_msgs__rosidl_typesupport_fastrtps_cExport-noconfig.cmake
[0.560s] -- Up-to-date: /home/nithish/ROS/moveit2_ws/install/yolov8_obb_msgs/share/yolov8_obb_msgs/cmake/export_yolov8_obb_msgs__rosidl_generator_cppExport.cmake
[0.560s] -- Up-to-date: /home/nithish/ROS/moveit2_ws/install/yolov8_obb_msgs/share/yolov8_obb_msgs/cmake/export_yolov8_obb_msgs__rosidl_typesupport_fastrtps_cppExport.cmake
[0.560s] -- Up-to-date: /home/nithish/ROS/moveit2_ws/install/yolov8_obb_msgs/share/yolov8_obb_msgs/cmake/export_yolov8_obb_msgs__rosidl_typesupport_fastrtps_cppExport-noconfig.cmake
[0.560s] -- Up-to-date: /home/nithish/ROS/moveit2_ws/install/yolov8_obb_msgs/share/yolov8_obb_msgs/cmake/yolov8_obb_msgs__rosidl_typesupport_introspection_cExport.cmake
[0.560s] -- Up-to-date: /home/nithish/ROS/moveit2_ws/install/yolov8_obb_msgs/share/yolov8_obb_msgs/cmake/yolov8_obb_msgs__rosidl_typesupport_introspection_cExport-noconfig.cmake
[0.560s] -- Up-to-date: /home/nithish/ROS/moveit2_ws/install/yolov8_obb_msgs/share/yolov8_obb_msgs/cmake/yolov8_obb_msgs__rosidl_typesupport_cExport.cmake
[0.560s] -- Up-to-date: /home/nithish/ROS/moveit2_ws/install/yolov8_obb_msgs/share/yolov8_obb_msgs/cmake/yolov8_obb_msgs__rosidl_typesupport_cExport-noconfig.cmake
[0.560s] -- Up-to-date: /home/nithish/ROS/moveit2_ws/install/yolov8_obb_msgs/share/yolov8_obb_msgs/cmake/yolov8_obb_msgs__rosidl_typesupport_introspection_cppExport.cmake
[0.560s] -- Up-to-date: /home/nithish/ROS/moveit2_ws/install/yolov8_obb_msgs/share/yolov8_obb_msgs/cmake/yolov8_obb_msgs__rosidl_typesupport_introspection_cppExport-noconfig.cmake
[0.560s] -- Up-to-date: /home/nithish/ROS/moveit2_ws/install/yolov8_obb_msgs/share/yolov8_obb_msgs/cmake/yolov8_obb_msgs__rosidl_typesupport_cppExport.cmake
[0.560s] -- Up-to-date: /home/nithish/ROS/moveit2_ws/install/yolov8_obb_msgs/share/yolov8_obb_msgs/cmake/yolov8_obb_msgs__rosidl_typesupport_cppExport-noconfig.cmake
[0.560s] -- Up-to-date: /home/nithish/ROS/moveit2_ws/install/yolov8_obb_msgs/share/yolov8_obb_msgs/cmake/export_yolov8_obb_msgs__rosidl_generator_pyExport.cmake
[0.561s] -- Up-to-date: /home/nithish/ROS/moveit2_ws/install/yolov8_obb_msgs/share/yolov8_obb_msgs/cmake/export_yolov8_obb_msgs__rosidl_generator_pyExport-noconfig.cmake
[0.561s] -- Up-to-date: /home/nithish/ROS/moveit2_ws/install/yolov8_obb_msgs/share/yolov8_obb_msgs/cmake/rosidl_cmake-extras.cmake
[0.561s] -- Up-to-date: /home/nithish/ROS/moveit2_ws/install/yolov8_obb_msgs/share/yolov8_obb_msgs/cmake/ament_cmake_export_dependencies-extras.cmake
[0.561s] -- Up-to-date: /home/nithish/ROS/moveit2_ws/install/yolov8_obb_msgs/share/yolov8_obb_msgs/cmake/ament_cmake_export_include_directories-extras.cmake
[0.561s] -- Up-to-date: /home/nithish/ROS/moveit2_ws/install/yolov8_obb_msgs/share/yolov8_obb_msgs/cmake/ament_cmake_export_libraries-extras.cmake
[0.561s] -- Up-to-date: /home/nithish/ROS/moveit2_ws/install/yolov8_obb_msgs/share/yolov8_obb_msgs/cmake/ament_cmake_export_targets-extras.cmake
[0.561s] -- Up-to-date: /home/nithish/ROS/moveit2_ws/install/yolov8_obb_msgs/share/yolov8_obb_msgs/cmake/rosidl_cmake_export_typesupport_targets-extras.cmake
[0.561s] -- Up-to-date: /home/nithish/ROS/moveit2_ws/install/yolov8_obb_msgs/share/yolov8_obb_msgs/cmake/rosidl_cmake_export_typesupport_libraries-extras.cmake
[0.561s] -- Up-to-date: /home/nithish/ROS/moveit2_ws/install/yolov8_obb_msgs/share/yolov8_obb_msgs/cmake/yolov8_obb_msgsConfig.cmake
[0.561s] -- Up-to-date: /home/nithish/ROS/moveit2_ws/install/yolov8_obb_msgs/share/yolov8_obb_msgs/cmake/yolov8_obb_msgsConfig-version.cmake
[0.561s] -- Up-to-date: /home/nithish/ROS/moveit2_ws/install/yolov8_obb_msgs/share/yolov8_obb_msgs/package.xml
[0.562s] Invoked command in '/home/nithish/ROS/moveit2_ws/build/yolov8_obb_msgs' returned '0': CMAKE_PREFIX_PATH=${CMAKE_PREFIX_PATH}:/opt/ros/jazzy DEBUGINFOD_URLS=https://debuginfod.ubuntu.com /usr/bin/cmake --install /home/nithish/ROS/moveit2_ws/build/yolov8_obb_msgs
