[0.014s] Invoking command in '/home/nithish/ROS/moveit2_ws/build/moveit2_moveit': CMAKE_PREFIX_PATH=${CMAKE_PREFIX_PATH}:/opt/ros/jazzy DEBUGINFOD_URLS=https://debuginfod.ubuntu.com /usr/bin/cmake /home/nithish/ROS/moveit2_ws/src/moveit2_moveit -DCMAKE_INSTALL_PREFIX=/home/nithish/ROS/moveit2_ws/install/moveit2_moveit
[0.065s] -- The C compiler identification is GNU 13.3.0
[0.109s] -- The CXX compiler identification is GNU 13.3.0
[0.121s] -- Detecting C compiler ABI info
[0.184s] -- Detecting C compiler ABI info - done
[0.191s] -- Check for working C compiler: /usr/bin/cc - skipped
[0.191s] -- Detecting C compile features
[0.191s] -- Detecting C compile features - done
[0.198s] -- Detecting CXX compiler ABI info
[0.269s] -- Detecting CXX compiler ABI info - done
[0.277s] -- Check for working CXX compiler: /usr/bin/c++ - skipped
[0.277s] -- Detecting CXX compile features
[0.277s] -- Detecting CXX compile features - done
[0.284s] -- Found ament_cmake: 2.5.4 (/opt/ros/jazzy/share/ament_cmake/cmake)
[0.402s] -- Found Python3: /usr/bin/python3 (found version "3.12.3") found components: Interpreter 
[0.521s] -- Found ament_lint_auto: 0.17.3 (/opt/ros/jazzy/share/ament_lint_auto/cmake)
[0.618s] -- Added test 'flake8' to check Python code syntax and style conventions
[0.618s] -- Configured 'flake8' exclude dirs and/or files: 
[0.618s] -- Added test 'lint_cmake' to check CMake code style
[0.619s] -- Added test 'pep257' to check Python code against some of the docstring style conventions in PEP 257
[0.620s] -- Added test 'xmllint' to check XML markup files
[0.622s] -- Configuring done (0.6s)
[0.624s] -- Generating done (0.0s)
[0.625s] -- Build files have been written to: /home/nithish/ROS/moveit2_ws/build/moveit2_moveit
[0.629s] Invoked command in '/home/nithish/ROS/moveit2_ws/build/moveit2_moveit' returned '0': CMAKE_PREFIX_PATH=${CMAKE_PREFIX_PATH}:/opt/ros/jazzy DEBUGINFOD_URLS=https://debuginfod.ubuntu.com /usr/bin/cmake /home/nithish/ROS/moveit2_ws/src/moveit2_moveit -DCMAKE_INSTALL_PREFIX=/home/nithish/ROS/moveit2_ws/install/moveit2_moveit
[0.630s] Invoking command in '/home/nithish/ROS/moveit2_ws/build/moveit2_moveit': CMAKE_PREFIX_PATH=${CMAKE_PREFIX_PATH}:/opt/ros/jazzy DEBUGINFOD_URLS=https://debuginfod.ubuntu.com /usr/bin/cmake --build /home/nithish/ROS/moveit2_ws/build/moveit2_moveit -- -j8 -l8
[0.663s] Invoked command in '/home/nithish/ROS/moveit2_ws/build/moveit2_moveit' returned '0': CMAKE_PREFIX_PATH=${CMAKE_PREFIX_PATH}:/opt/ros/jazzy DEBUGINFOD_URLS=https://debuginfod.ubuntu.com /usr/bin/cmake --build /home/nithish/ROS/moveit2_ws/build/moveit2_moveit -- -j8 -l8
[0.663s] Invoking command in '/home/nithish/ROS/moveit2_ws/build/moveit2_moveit': CMAKE_PREFIX_PATH=${CMAKE_PREFIX_PATH}:/opt/ros/jazzy DEBUGINFOD_URLS=https://debuginfod.ubuntu.com /usr/bin/cmake --install /home/nithish/ROS/moveit2_ws/build/moveit2_moveit
[0.669s] -- Install configuration: ""
[0.670s] -- Installing: /home/nithish/ROS/moveit2_ws/install/moveit2_moveit/share/ament_index/resource_index/package_run_dependencies/moveit2_moveit
[0.670s] -- Installing: /home/nithish/ROS/moveit2_ws/install/moveit2_moveit/share/ament_index/resource_index/parent_prefix_path/moveit2_moveit
[0.670s] -- Installing: /home/nithish/ROS/moveit2_ws/install/moveit2_moveit/share/moveit2_moveit/environment/ament_prefix_path.sh
[0.670s] -- Installing: /home/nithish/ROS/moveit2_ws/install/moveit2_moveit/share/moveit2_moveit/environment/ament_prefix_path.dsv
[0.670s] -- Installing: /home/nithish/ROS/moveit2_ws/install/moveit2_moveit/share/moveit2_moveit/environment/path.sh
[0.670s] -- Installing: /home/nithish/ROS/moveit2_ws/install/moveit2_moveit/share/moveit2_moveit/environment/path.dsv
[0.670s] -- Installing: /home/nithish/ROS/moveit2_ws/install/moveit2_moveit/share/moveit2_moveit/local_setup.bash
[0.670s] -- Installing: /home/nithish/ROS/moveit2_ws/install/moveit2_moveit/share/moveit2_moveit/local_setup.sh
[0.670s] -- Installing: /home/nithish/ROS/moveit2_ws/install/moveit2_moveit/share/moveit2_moveit/local_setup.zsh
[0.670s] -- Installing: /home/nithish/ROS/moveit2_ws/install/moveit2_moveit/share/moveit2_moveit/local_setup.dsv
[0.670s] -- Installing: /home/nithish/ROS/moveit2_ws/install/moveit2_moveit/share/moveit2_moveit/package.dsv
[0.670s] -- Installing: /home/nithish/ROS/moveit2_ws/install/moveit2_moveit/share/ament_index/resource_index/packages/moveit2_moveit
[0.671s] -- Installing: /home/nithish/ROS/moveit2_ws/install/moveit2_moveit/share/moveit2_moveit/cmake/moveit2_moveitConfig.cmake
[0.671s] -- Installing: /home/nithish/ROS/moveit2_ws/install/moveit2_moveit/share/moveit2_moveit/cmake/moveit2_moveitConfig-version.cmake
[0.671s] -- Installing: /home/nithish/ROS/moveit2_ws/install/moveit2_moveit/share/moveit2_moveit/package.xml
[0.672s] Invoked command in '/home/nithish/ROS/moveit2_ws/build/moveit2_moveit' returned '0': CMAKE_PREFIX_PATH=${CMAKE_PREFIX_PATH}:/opt/ros/jazzy DEBUGINFOD_URLS=https://debuginfod.ubuntu.com /usr/bin/cmake --install /home/nithish/ROS/moveit2_ws/build/moveit2_moveit
