[0.123s] DEBUG:colcon:Command line arguments: ['/usr/bin/colcon', 'build', '--packages-select', 'yolov8_obb']
[0.123s] DEBUG:colcon:Parsed command line arguments: Namespace(log_base=None, log_level=None, verb_name='build', build_base='build', install_base='install', merge_install=False, symlink_install=False, test_result_base=None, continue_on_error=False, executor='parallel', parallel_workers=8, event_handlers=None, ignore_user_meta=False, metas=['./colcon.meta'], base_paths=['.'], packages_ignore=None, packages_ignore_regex=None, paths=None, packages_up_to=None, packages_up_to_regex=None, packages_above=None, packages_above_and_dependencies=None, packages_above_depth=None, packages_select_by_dep=None, packages_skip_by_dep=None, packages_skip_up_to=None, packages_select_build_failed=False, packages_skip_build_finished=False, packages_select_test_failures=False, packages_skip_test_passed=False, packages_select=['yolov8_obb'], packages_skip=None, packages_select_regex=None, packages_skip_regex=None, packages_start=None, packages_end=None, allow_overriding=[], cmake_args=None, cmake_target=None, cmake_target_skip_unavailable=False, cmake_clean_cache=False, cmake_clean_first=False, cmake_force_configure=False, ament_cmake_args=None, catkin_cmake_args=None, catkin_skip_building_tests=False, mixin_files=None, mixin=None, verb_parser=<colcon_mixin.mixin.mixin_argument.MixinArgumentDecorator object at 0x754946300b90>, verb_extension=<colcon_core.verb.build.BuildVerb object at 0x754946300590>, main=<bound method BuildVerb.main of <colcon_core.verb.build.BuildVerb object at 0x754946300590>>, mixin_verb=('build',))
[0.159s] Level 1:colcon.colcon_core.package_discovery:discover_packages(colcon_meta) check parameters
[0.159s] Level 1:colcon.colcon_core.package_discovery:discover_packages(recursive) check parameters
[0.159s] Level 1:colcon.colcon_core.package_discovery:discover_packages(ignore) check parameters
[0.159s] Level 1:colcon.colcon_core.package_discovery:discover_packages(path) check parameters
[0.159s] Level 1:colcon.colcon_core.package_discovery:discover_packages(colcon_meta) discover
[0.159s] Level 1:colcon.colcon_core.package_discovery:discover_packages(recursive) discover
[0.159s] INFO:colcon.colcon_core.package_discovery:Crawling recursively for packages in '/home/nithish/ROS/moveit2_ws'
[0.159s] Level 1:colcon.colcon_core.package_identification:_identify(.) by extensions ['ignore', 'ignore_ament_install']
[0.160s] Level 1:colcon.colcon_core.package_identification:_identify(.) by extension 'ignore'
[0.160s] Level 1:colcon.colcon_core.package_identification:_identify(.) by extension 'ignore_ament_install'
[0.160s] Level 1:colcon.colcon_core.package_identification:_identify(.) by extensions ['colcon_pkg']
[0.160s] Level 1:colcon.colcon_core.package_identification:_identify(.) by extension 'colcon_pkg'
[0.160s] Level 1:colcon.colcon_core.package_identification:_identify(.) by extensions ['colcon_meta']
[0.160s] Level 1:colcon.colcon_core.package_identification:_identify(.) by extension 'colcon_meta'
[0.160s] Level 1:colcon.colcon_core.package_identification:_identify(.) by extensions ['ros']
[0.160s] Level 1:colcon.colcon_core.package_identification:_identify(.) by extension 'ros'
[0.185s] Level 1:colcon.colcon_core.package_identification:_identify(.) by extensions ['cmake', 'python']
[0.185s] Level 1:colcon.colcon_core.package_identification:_identify(.) by extension 'cmake'
[0.185s] Level 1:colcon.colcon_core.package_identification:_identify(.) by extension 'python'
[0.185s] Level 1:colcon.colcon_core.package_identification:_identify(.) by extensions ['python_setup_py']
[0.185s] Level 1:colcon.colcon_core.package_identification:_identify(.) by extension 'python_setup_py'
[0.186s] Level 1:colcon.colcon_core.package_identification:_identify(build) by extensions ['ignore', 'ignore_ament_install']
[0.186s] Level 1:colcon.colcon_core.package_identification:_identify(build) by extension 'ignore'
[0.186s] Level 1:colcon.colcon_core.package_identification:_identify(build) ignored
[0.186s] Level 1:colcon.colcon_core.package_identification:_identify(install) by extensions ['ignore', 'ignore_ament_install']
[0.186s] Level 1:colcon.colcon_core.package_identification:_identify(install) by extension 'ignore'
[0.186s] Level 1:colcon.colcon_core.package_identification:_identify(install) ignored
[0.186s] Level 1:colcon.colcon_core.package_identification:_identify(log) by extensions ['ignore', 'ignore_ament_install']
[0.186s] Level 1:colcon.colcon_core.package_identification:_identify(log) by extension 'ignore'
[0.186s] Level 1:colcon.colcon_core.package_identification:_identify(log) ignored
[0.186s] Level 1:colcon.colcon_core.package_identification:_identify(src) by extensions ['ignore', 'ignore_ament_install']
[0.186s] Level 1:colcon.colcon_core.package_identification:_identify(src) by extension 'ignore'
[0.186s] Level 1:colcon.colcon_core.package_identification:_identify(src) by extension 'ignore_ament_install'
[0.186s] Level 1:colcon.colcon_core.package_identification:_identify(src) by extensions ['colcon_pkg']
[0.186s] Level 1:colcon.colcon_core.package_identification:_identify(src) by extension 'colcon_pkg'
[0.186s] Level 1:colcon.colcon_core.package_identification:_identify(src) by extensions ['colcon_meta']
[0.187s] Level 1:colcon.colcon_core.package_identification:_identify(src) by extension 'colcon_meta'
[0.187s] Level 1:colcon.colcon_core.package_identification:_identify(src) by extensions ['ros']
[0.187s] Level 1:colcon.colcon_core.package_identification:_identify(src) by extension 'ros'
[0.187s] Level 1:colcon.colcon_core.package_identification:_identify(src) by extensions ['cmake', 'python']
[0.187s] Level 1:colcon.colcon_core.package_identification:_identify(src) by extension 'cmake'
[0.187s] Level 1:colcon.colcon_core.package_identification:_identify(src) by extension 'python'
[0.187s] Level 1:colcon.colcon_core.package_identification:_identify(src) by extensions ['python_setup_py']
[0.187s] Level 1:colcon.colcon_core.package_identification:_identify(src) by extension 'python_setup_py'
[0.187s] Level 1:colcon.colcon_core.package_identification:_identify(src/moveit2_controller) by extensions ['ignore', 'ignore_ament_install']
[0.187s] Level 1:colcon.colcon_core.package_identification:_identify(src/moveit2_controller) by extension 'ignore'
[0.187s] Level 1:colcon.colcon_core.package_identification:_identify(src/moveit2_controller) by extension 'ignore_ament_install'
[0.187s] Level 1:colcon.colcon_core.package_identification:_identify(src/moveit2_controller) by extensions ['colcon_pkg']
[0.187s] Level 1:colcon.colcon_core.package_identification:_identify(src/moveit2_controller) by extension 'colcon_pkg'
[0.187s] Level 1:colcon.colcon_core.package_identification:_identify(src/moveit2_controller) by extensions ['colcon_meta']
[0.187s] Level 1:colcon.colcon_core.package_identification:_identify(src/moveit2_controller) by extension 'colcon_meta'
[0.187s] Level 1:colcon.colcon_core.package_identification:_identify(src/moveit2_controller) by extensions ['ros']
[0.187s] Level 1:colcon.colcon_core.package_identification:_identify(src/moveit2_controller) by extension 'ros'
[0.189s] DEBUG:colcon.colcon_core.package_identification:Package 'src/moveit2_controller' with type 'ros.ament_cmake' and name 'moveit2_controller'
[0.189s] Level 1:colcon.colcon_core.package_identification:_identify(src/moveit2_description) by extensions ['ignore', 'ignore_ament_install']
[0.189s] Level 1:colcon.colcon_core.package_identification:_identify(src/moveit2_description) by extension 'ignore'
[0.189s] Level 1:colcon.colcon_core.package_identification:_identify(src/moveit2_description) by extension 'ignore_ament_install'
[0.190s] Level 1:colcon.colcon_core.package_identification:_identify(src/moveit2_description) by extensions ['colcon_pkg']
[0.190s] Level 1:colcon.colcon_core.package_identification:_identify(src/moveit2_description) by extension 'colcon_pkg'
[0.190s] Level 1:colcon.colcon_core.package_identification:_identify(src/moveit2_description) by extensions ['colcon_meta']
[0.190s] Level 1:colcon.colcon_core.package_identification:_identify(src/moveit2_description) by extension 'colcon_meta'
[0.190s] Level 1:colcon.colcon_core.package_identification:_identify(src/moveit2_description) by extensions ['ros']
[0.190s] Level 1:colcon.colcon_core.package_identification:_identify(src/moveit2_description) by extension 'ros'
[0.190s] DEBUG:colcon.colcon_core.package_identification:Package 'src/moveit2_description' with type 'ros.ament_cmake' and name 'moveit2_description'
[0.190s] Level 1:colcon.colcon_core.package_identification:_identify(src/moveit2_moveit) by extensions ['ignore', 'ignore_ament_install']
[0.190s] Level 1:colcon.colcon_core.package_identification:_identify(src/moveit2_moveit) by extension 'ignore'
[0.190s] Level 1:colcon.colcon_core.package_identification:_identify(src/moveit2_moveit) by extension 'ignore_ament_install'
[0.190s] Level 1:colcon.colcon_core.package_identification:_identify(src/moveit2_moveit) by extensions ['colcon_pkg']
[0.190s] Level 1:colcon.colcon_core.package_identification:_identify(src/moveit2_moveit) by extension 'colcon_pkg'
[0.190s] Level 1:colcon.colcon_core.package_identification:_identify(src/moveit2_moveit) by extensions ['colcon_meta']
[0.190s] Level 1:colcon.colcon_core.package_identification:_identify(src/moveit2_moveit) by extension 'colcon_meta'
[0.190s] Level 1:colcon.colcon_core.package_identification:_identify(src/moveit2_moveit) by extensions ['ros']
[0.190s] Level 1:colcon.colcon_core.package_identification:_identify(src/moveit2_moveit) by extension 'ros'
[0.191s] DEBUG:colcon.colcon_core.package_identification:Package 'src/moveit2_moveit' with type 'ros.ament_cmake' and name 'moveit2_moveit'
[0.191s] Level 1:colcon.colcon_core.package_identification:_identify(src/yolov8_obb) by extensions ['ignore', 'ignore_ament_install']
[0.191s] Level 1:colcon.colcon_core.package_identification:_identify(src/yolov8_obb) by extension 'ignore'
[0.191s] Level 1:colcon.colcon_core.package_identification:_identify(src/yolov8_obb) by extension 'ignore_ament_install'
[0.191s] Level 1:colcon.colcon_core.package_identification:_identify(src/yolov8_obb) by extensions ['colcon_pkg']
[0.191s] Level 1:colcon.colcon_core.package_identification:_identify(src/yolov8_obb) by extension 'colcon_pkg'
[0.191s] Level 1:colcon.colcon_core.package_identification:_identify(src/yolov8_obb) by extensions ['colcon_meta']
[0.191s] Level 1:colcon.colcon_core.package_identification:_identify(src/yolov8_obb) by extension 'colcon_meta'
[0.191s] Level 1:colcon.colcon_core.package_identification:_identify(src/yolov8_obb) by extensions ['ros']
[0.191s] Level 1:colcon.colcon_core.package_identification:_identify(src/yolov8_obb) by extension 'ros'
[0.192s] DEBUG:colcon.colcon_core.package_identification:Package 'src/yolov8_obb' with type 'ros.ament_cmake' and name 'yolov8_obb'
[0.192s] Level 1:colcon.colcon_core.package_identification:_identify(src/yolov8_obb_msgs) by extensions ['ignore', 'ignore_ament_install']
[0.192s] Level 1:colcon.colcon_core.package_identification:_identify(src/yolov8_obb_msgs) by extension 'ignore'
[0.192s] Level 1:colcon.colcon_core.package_identification:_identify(src/yolov8_obb_msgs) by extension 'ignore_ament_install'
[0.192s] Level 1:colcon.colcon_core.package_identification:_identify(src/yolov8_obb_msgs) by extensions ['colcon_pkg']
[0.192s] Level 1:colcon.colcon_core.package_identification:_identify(src/yolov8_obb_msgs) by extension 'colcon_pkg'
[0.192s] Level 1:colcon.colcon_core.package_identification:_identify(src/yolov8_obb_msgs) by extensions ['colcon_meta']
[0.192s] Level 1:colcon.colcon_core.package_identification:_identify(src/yolov8_obb_msgs) by extension 'colcon_meta'
[0.192s] Level 1:colcon.colcon_core.package_identification:_identify(src/yolov8_obb_msgs) by extensions ['ros']
[0.192s] Level 1:colcon.colcon_core.package_identification:_identify(src/yolov8_obb_msgs) by extension 'ros'
[0.192s] DEBUG:colcon.colcon_core.package_identification:Package 'src/yolov8_obb_msgs' with type 'ros.ament_cmake' and name 'yolov8_obb_msgs'
[0.192s] Level 1:colcon.colcon_core.package_discovery:discover_packages(recursive) using defaults
[0.192s] Level 1:colcon.colcon_core.package_discovery:discover_packages(ignore) discover
[0.192s] Level 1:colcon.colcon_core.package_discovery:discover_packages(ignore) using defaults
[0.192s] Level 1:colcon.colcon_core.package_discovery:discover_packages(path) discover
[0.192s] Level 1:colcon.colcon_core.package_discovery:discover_packages(path) using defaults
[0.208s] INFO:colcon.colcon_core.package_selection:Skipping not selected package 'moveit2_controller' in 'src/moveit2_controller'
[0.209s] INFO:colcon.colcon_core.package_selection:Skipping not selected package 'moveit2_description' in 'src/moveit2_description'
[0.209s] INFO:colcon.colcon_core.package_selection:Skipping not selected package 'moveit2_moveit' in 'src/moveit2_moveit'
[0.209s] INFO:colcon.colcon_core.package_selection:Skipping not selected package 'yolov8_obb_msgs' in 'src/yolov8_obb_msgs'
[0.209s] Level 1:colcon.colcon_core.package_discovery:discover_packages(prefix_path) check parameters
[0.209s] Level 1:colcon.colcon_core.package_discovery:discover_packages(prefix_path) discover
[0.212s] DEBUG:colcon.colcon_installed_package_information.package_discovery:Found 529 installed packages in /opt/ros/jazzy
[0.214s] Level 1:colcon.colcon_core.package_discovery:discover_packages(prefix_path) using defaults
[0.290s] Level 5:colcon.colcon_core.verb:set package 'yolov8_obb' build argument 'cmake_args' from command line to 'None'
[0.290s] Level 5:colcon.colcon_core.verb:set package 'yolov8_obb' build argument 'cmake_target' from command line to 'None'
[0.290s] Level 5:colcon.colcon_core.verb:set package 'yolov8_obb' build argument 'cmake_target_skip_unavailable' from command line to 'False'
[0.290s] Level 5:colcon.colcon_core.verb:set package 'yolov8_obb' build argument 'cmake_clean_cache' from command line to 'False'
[0.290s] Level 5:colcon.colcon_core.verb:set package 'yolov8_obb' build argument 'cmake_clean_first' from command line to 'False'
[0.290s] Level 5:colcon.colcon_core.verb:set package 'yolov8_obb' build argument 'cmake_force_configure' from command line to 'False'
[0.290s] Level 5:colcon.colcon_core.verb:set package 'yolov8_obb' build argument 'ament_cmake_args' from command line to 'None'
[0.290s] Level 5:colcon.colcon_core.verb:set package 'yolov8_obb' build argument 'catkin_cmake_args' from command line to 'None'
[0.290s] Level 5:colcon.colcon_core.verb:set package 'yolov8_obb' build argument 'catkin_skip_building_tests' from command line to 'False'
[0.290s] DEBUG:colcon.colcon_core.verb:Building package 'yolov8_obb' with the following arguments: {'ament_cmake_args': None, 'build_base': '/home/nithish/ROS/moveit2_ws/build/yolov8_obb', 'catkin_cmake_args': None, 'catkin_skip_building_tests': False, 'cmake_args': None, 'cmake_clean_cache': False, 'cmake_clean_first': False, 'cmake_force_configure': False, 'cmake_target': None, 'cmake_target_skip_unavailable': False, 'install_base': '/home/nithish/ROS/moveit2_ws/install/yolov8_obb', 'merge_install': False, 'path': '/home/nithish/ROS/moveit2_ws/src/yolov8_obb', 'symlink_install': False, 'test_result_base': None}
[0.290s] INFO:colcon.colcon_core.executor:Executing jobs using 'parallel' executor
[0.291s] DEBUG:colcon.colcon_parallel_executor.executor.parallel:run_until_complete
[0.291s] INFO:colcon.colcon_ros.task.ament_cmake.build:Building ROS package in '/home/nithish/ROS/moveit2_ws/src/yolov8_obb' with build type 'ament_cmake'
[0.291s] INFO:colcon.colcon_cmake.task.cmake.build:Building CMake package in '/home/nithish/ROS/moveit2_ws/src/yolov8_obb'
[0.293s] INFO:colcon.colcon_core.plugin_system:Skipping extension 'colcon_core.shell.bat': Not used on non-Windows systems
[0.293s] INFO:colcon.colcon_core.shell:Skip shell extension 'powershell' for command environment: Not usable outside of PowerShell
[0.293s] DEBUG:colcon.colcon_core.shell:Skip shell extension 'dsv' for command environment
[0.301s] DEBUG:colcon.colcon_core.event_handler.log_command:Invoking command in '/home/nithish/ROS/moveit2_ws/build/yolov8_obb': CMAKE_PREFIX_PATH=${CMAKE_PREFIX_PATH}:/opt/ros/jazzy DEBUGINFOD_URLS=https://debuginfod.ubuntu.com /usr/bin/cmake --build /home/nithish/ROS/moveit2_ws/build/yolov8_obb -- -j8 -l8
[0.344s] DEBUG:colcon.colcon_core.event_handler.log_command:Invoked command in '/home/nithish/ROS/moveit2_ws/build/yolov8_obb' returned '0': CMAKE_PREFIX_PATH=${CMAKE_PREFIX_PATH}:/opt/ros/jazzy DEBUGINFOD_URLS=https://debuginfod.ubuntu.com /usr/bin/cmake --build /home/nithish/ROS/moveit2_ws/build/yolov8_obb -- -j8 -l8
[0.354s] DEBUG:colcon.colcon_core.event_handler.log_command:Invoking command in '/home/nithish/ROS/moveit2_ws/build/yolov8_obb': CMAKE_PREFIX_PATH=${CMAKE_PREFIX_PATH}:/opt/ros/jazzy DEBUGINFOD_URLS=https://debuginfod.ubuntu.com /usr/bin/cmake --install /home/nithish/ROS/moveit2_ws/build/yolov8_obb
[0.363s] Level 1:colcon.colcon_core.environment:create_environment_scripts_only(yolov8_obb)
[0.363s] DEBUG:colcon.colcon_core.event_handler.log_command:Invoked command in '/home/nithish/ROS/moveit2_ws/build/yolov8_obb' returned '0': CMAKE_PREFIX_PATH=${CMAKE_PREFIX_PATH}:/opt/ros/jazzy DEBUGINFOD_URLS=https://debuginfod.ubuntu.com /usr/bin/cmake --install /home/nithish/ROS/moveit2_ws/build/yolov8_obb
[0.365s] Level 1:colcon.colcon_core.environment:checking '/home/nithish/ROS/moveit2_ws/install/yolov8_obb' for CMake module files
[0.365s] Level 1:colcon.colcon_core.environment:checking '/home/nithish/ROS/moveit2_ws/install/yolov8_obb' for CMake config files
[0.365s] Level 1:colcon.colcon_core.shell:create_environment_hook('yolov8_obb', 'cmake_prefix_path')
[0.366s] INFO:colcon.colcon_core.shell:Creating environment hook '/home/nithish/ROS/moveit2_ws/install/yolov8_obb/share/yolov8_obb/hook/cmake_prefix_path.ps1'
[0.366s] INFO:colcon.colcon_core.shell:Creating environment descriptor '/home/nithish/ROS/moveit2_ws/install/yolov8_obb/share/yolov8_obb/hook/cmake_prefix_path.dsv'
[0.367s] INFO:colcon.colcon_core.shell:Creating environment hook '/home/nithish/ROS/moveit2_ws/install/yolov8_obb/share/yolov8_obb/hook/cmake_prefix_path.sh'
[0.368s] Level 1:colcon.colcon_core.environment:checking '/home/nithish/ROS/moveit2_ws/install/yolov8_obb/lib'
[0.368s] Level 1:colcon.colcon_core.environment:checking '/home/nithish/ROS/moveit2_ws/install/yolov8_obb/bin'
[0.368s] Level 1:colcon.colcon_core.environment:checking '/home/nithish/ROS/moveit2_ws/install/yolov8_obb/lib/pkgconfig/yolov8_obb.pc'
[0.368s] Level 1:colcon.colcon_core.environment:checking '/home/nithish/ROS/moveit2_ws/install/yolov8_obb/lib/python3.12/site-packages'
[0.368s] Level 1:colcon.colcon_core.environment:checking '/home/nithish/ROS/moveit2_ws/install/yolov8_obb/bin'
[0.369s] INFO:colcon.colcon_core.shell:Creating package script '/home/nithish/ROS/moveit2_ws/install/yolov8_obb/share/yolov8_obb/package.ps1'
[0.369s] INFO:colcon.colcon_core.shell:Creating package descriptor '/home/nithish/ROS/moveit2_ws/install/yolov8_obb/share/yolov8_obb/package.dsv'
[0.370s] INFO:colcon.colcon_core.shell:Creating package script '/home/nithish/ROS/moveit2_ws/install/yolov8_obb/share/yolov8_obb/package.sh'
[0.370s] INFO:colcon.colcon_core.shell:Creating package script '/home/nithish/ROS/moveit2_ws/install/yolov8_obb/share/yolov8_obb/package.bash'
[0.371s] INFO:colcon.colcon_core.shell:Creating package script '/home/nithish/ROS/moveit2_ws/install/yolov8_obb/share/yolov8_obb/package.zsh'
[0.371s] Level 1:colcon.colcon_core.environment:create_file_with_runtime_dependencies(/home/nithish/ROS/moveit2_ws/install/yolov8_obb/share/colcon-core/packages/yolov8_obb)
[0.372s] Level 1:colcon.colcon_core.environment:create_environment_scripts_only(yolov8_obb)
[0.372s] Level 1:colcon.colcon_core.environment:checking '/home/nithish/ROS/moveit2_ws/install/yolov8_obb' for CMake module files
[0.372s] Level 1:colcon.colcon_core.environment:checking '/home/nithish/ROS/moveit2_ws/install/yolov8_obb' for CMake config files
[0.372s] Level 1:colcon.colcon_core.shell:create_environment_hook('yolov8_obb', 'cmake_prefix_path')
[0.373s] INFO:colcon.colcon_core.shell:Creating environment hook '/home/nithish/ROS/moveit2_ws/install/yolov8_obb/share/yolov8_obb/hook/cmake_prefix_path.ps1'
[0.373s] INFO:colcon.colcon_core.shell:Creating environment descriptor '/home/nithish/ROS/moveit2_ws/install/yolov8_obb/share/yolov8_obb/hook/cmake_prefix_path.dsv'
[0.373s] INFO:colcon.colcon_core.shell:Creating environment hook '/home/nithish/ROS/moveit2_ws/install/yolov8_obb/share/yolov8_obb/hook/cmake_prefix_path.sh'
[0.374s] Level 1:colcon.colcon_core.environment:checking '/home/nithish/ROS/moveit2_ws/install/yolov8_obb/lib'
[0.374s] Level 1:colcon.colcon_core.environment:checking '/home/nithish/ROS/moveit2_ws/install/yolov8_obb/bin'
[0.374s] Level 1:colcon.colcon_core.environment:checking '/home/nithish/ROS/moveit2_ws/install/yolov8_obb/lib/pkgconfig/yolov8_obb.pc'
[0.374s] Level 1:colcon.colcon_core.environment:checking '/home/nithish/ROS/moveit2_ws/install/yolov8_obb/lib/python3.12/site-packages'
[0.374s] Level 1:colcon.colcon_core.environment:checking '/home/nithish/ROS/moveit2_ws/install/yolov8_obb/bin'
[0.374s] INFO:colcon.colcon_core.shell:Creating package script '/home/nithish/ROS/moveit2_ws/install/yolov8_obb/share/yolov8_obb/package.ps1'
[0.375s] INFO:colcon.colcon_core.shell:Creating package descriptor '/home/nithish/ROS/moveit2_ws/install/yolov8_obb/share/yolov8_obb/package.dsv'
[0.375s] INFO:colcon.colcon_core.shell:Creating package script '/home/nithish/ROS/moveit2_ws/install/yolov8_obb/share/yolov8_obb/package.sh'
[0.375s] INFO:colcon.colcon_core.shell:Creating package script '/home/nithish/ROS/moveit2_ws/install/yolov8_obb/share/yolov8_obb/package.bash'
[0.376s] INFO:colcon.colcon_core.shell:Creating package script '/home/nithish/ROS/moveit2_ws/install/yolov8_obb/share/yolov8_obb/package.zsh'
[0.376s] Level 1:colcon.colcon_core.environment:create_file_with_runtime_dependencies(/home/nithish/ROS/moveit2_ws/install/yolov8_obb/share/colcon-core/packages/yolov8_obb)
[0.376s] DEBUG:colcon.colcon_parallel_executor.executor.parallel:closing loop
[0.376s] DEBUG:colcon.colcon_parallel_executor.executor.parallel:loop closed
[0.376s] DEBUG:colcon.colcon_parallel_executor.executor.parallel:run_until_complete finished with '0'
[0.376s] DEBUG:colcon.colcon_core.event_reactor:joining thread
[0.381s] INFO:colcon.colcon_core.plugin_system:Skipping extension 'colcon_notification.desktop_notification.terminal_notifier': Not used on non-Darwin systems
[0.381s] INFO:colcon.colcon_core.plugin_system:Skipping extension 'colcon_notification.desktop_notification.win32': Not used on non-Windows systems
[0.381s] INFO:colcon.colcon_notification.desktop_notification:Sending desktop notification using 'notify2'
[0.399s] DEBUG:colcon.colcon_core.event_reactor:joined thread
[0.399s] INFO:colcon.colcon_core.shell:Creating prefix script '/home/nithish/ROS/moveit2_ws/install/local_setup.ps1'
[0.401s] INFO:colcon.colcon_core.shell:Creating prefix util module '/home/nithish/ROS/moveit2_ws/install/_local_setup_util_ps1.py'
[0.403s] INFO:colcon.colcon_core.shell:Creating prefix chain script '/home/nithish/ROS/moveit2_ws/install/setup.ps1'
[0.404s] INFO:colcon.colcon_core.shell:Creating prefix script '/home/nithish/ROS/moveit2_ws/install/local_setup.sh'
[0.405s] INFO:colcon.colcon_core.shell:Creating prefix util module '/home/nithish/ROS/moveit2_ws/install/_local_setup_util_sh.py'
[0.406s] INFO:colcon.colcon_core.shell:Creating prefix chain script '/home/nithish/ROS/moveit2_ws/install/setup.sh'
[0.407s] INFO:colcon.colcon_core.shell:Creating prefix script '/home/nithish/ROS/moveit2_ws/install/local_setup.bash'
[0.408s] INFO:colcon.colcon_core.shell:Creating prefix chain script '/home/nithish/ROS/moveit2_ws/install/setup.bash'
[0.409s] INFO:colcon.colcon_core.shell:Creating prefix script '/home/nithish/ROS/moveit2_ws/install/local_setup.zsh'
[0.409s] INFO:colcon.colcon_core.shell:Creating prefix chain script '/home/nithish/ROS/moveit2_ws/install/setup.zsh'
