[0.126s] DEBUG:colcon:Command line arguments: ['/usr/bin/colcon', 'build']
[0.127s] DEBUG:colcon:Parsed command line arguments: Namespace(log_base=None, log_level=None, verb_name='build', build_base='build', install_base='install', merge_install=False, symlink_install=False, test_result_base=None, continue_on_error=False, executor='parallel', parallel_workers=8, event_handlers=None, ignore_user_meta=False, metas=['./colcon.meta'], base_paths=['.'], packages_ignore=None, packages_ignore_regex=None, paths=None, packages_up_to=None, packages_up_to_regex=None, packages_above=None, packages_above_and_dependencies=None, packages_above_depth=None, packages_select_by_dep=None, packages_skip_by_dep=None, packages_skip_up_to=None, packages_select_build_failed=False, packages_skip_build_finished=False, packages_select_test_failures=False, packages_skip_test_passed=False, packages_select=None, packages_skip=None, packages_select_regex=None, packages_skip_regex=None, packages_start=None, packages_end=None, allow_overriding=[], cmake_args=None, cmake_target=None, cmake_target_skip_unavailable=False, cmake_clean_cache=False, cmake_clean_first=False, cmake_force_configure=False, ament_cmake_args=None, catkin_cmake_args=None, catkin_skip_building_tests=False, mixin_files=None, mixin=None, verb_parser=<colcon_mixin.mixin.mixin_argument.MixinArgumentDecorator object at 0x7830495f0da0>, verb_extension=<colcon_core.verb.build.BuildVerb object at 0x7830495f0740>, main=<bound method BuildVerb.main of <colcon_core.verb.build.BuildVerb object at 0x7830495f0740>>, mixin_verb=('build',))
[0.165s] Level 1:colcon.colcon_core.package_discovery:discover_packages(colcon_meta) check parameters
[0.165s] Level 1:colcon.colcon_core.package_discovery:discover_packages(recursive) check parameters
[0.165s] Level 1:colcon.colcon_core.package_discovery:discover_packages(ignore) check parameters
[0.165s] Level 1:colcon.colcon_core.package_discovery:discover_packages(path) check parameters
[0.165s] Level 1:colcon.colcon_core.package_discovery:discover_packages(colcon_meta) discover
[0.165s] Level 1:colcon.colcon_core.package_discovery:discover_packages(recursive) discover
[0.165s] INFO:colcon.colcon_core.package_discovery:Crawling recursively for packages in '/home/nithish/ROS/moveit2_ws'
[0.165s] Level 1:colcon.colcon_core.package_identification:_identify(.) by extensions ['ignore', 'ignore_ament_install']
[0.166s] Level 1:colcon.colcon_core.package_identification:_identify(.) by extension 'ignore'
[0.166s] Level 1:colcon.colcon_core.package_identification:_identify(.) by extension 'ignore_ament_install'
[0.166s] Level 1:colcon.colcon_core.package_identification:_identify(.) by extensions ['colcon_pkg']
[0.166s] Level 1:colcon.colcon_core.package_identification:_identify(.) by extension 'colcon_pkg'
[0.166s] Level 1:colcon.colcon_core.package_identification:_identify(.) by extensions ['colcon_meta']
[0.166s] Level 1:colcon.colcon_core.package_identification:_identify(.) by extension 'colcon_meta'
[0.167s] Level 1:colcon.colcon_core.package_identification:_identify(.) by extensions ['ros']
[0.167s] Level 1:colcon.colcon_core.package_identification:_identify(.) by extension 'ros'
[0.192s] Level 1:colcon.colcon_core.package_identification:_identify(.) by extensions ['cmake', 'python']
[0.192s] Level 1:colcon.colcon_core.package_identification:_identify(.) by extension 'cmake'
[0.192s] Level 1:colcon.colcon_core.package_identification:_identify(.) by extension 'python'
[0.192s] Level 1:colcon.colcon_core.package_identification:_identify(.) by extensions ['python_setup_py']
[0.193s] Level 1:colcon.colcon_core.package_identification:_identify(.) by extension 'python_setup_py'
[0.193s] Level 1:colcon.colcon_core.package_identification:_identify(build) by extensions ['ignore', 'ignore_ament_install']
[0.193s] Level 1:colcon.colcon_core.package_identification:_identify(build) by extension 'ignore'
[0.193s] Level 1:colcon.colcon_core.package_identification:_identify(build) ignored
[0.193s] Level 1:colcon.colcon_core.package_identification:_identify(install) by extensions ['ignore', 'ignore_ament_install']
[0.193s] Level 1:colcon.colcon_core.package_identification:_identify(install) by extension 'ignore'
[0.193s] Level 1:colcon.colcon_core.package_identification:_identify(install) ignored
[0.193s] Level 1:colcon.colcon_core.package_identification:_identify(log) by extensions ['ignore', 'ignore_ament_install']
[0.193s] Level 1:colcon.colcon_core.package_identification:_identify(log) by extension 'ignore'
[0.193s] Level 1:colcon.colcon_core.package_identification:_identify(log) ignored
[0.193s] Level 1:colcon.colcon_core.package_identification:_identify(src) by extensions ['ignore', 'ignore_ament_install']
[0.193s] Level 1:colcon.colcon_core.package_identification:_identify(src) by extension 'ignore'
[0.193s] Level 1:colcon.colcon_core.package_identification:_identify(src) by extension 'ignore_ament_install'
[0.193s] Level 1:colcon.colcon_core.package_identification:_identify(src) by extensions ['colcon_pkg']
[0.193s] Level 1:colcon.colcon_core.package_identification:_identify(src) by extension 'colcon_pkg'
[0.194s] Level 1:colcon.colcon_core.package_identification:_identify(src) by extensions ['colcon_meta']
[0.194s] Level 1:colcon.colcon_core.package_identification:_identify(src) by extension 'colcon_meta'
[0.194s] Level 1:colcon.colcon_core.package_identification:_identify(src) by extensions ['ros']
[0.194s] Level 1:colcon.colcon_core.package_identification:_identify(src) by extension 'ros'
[0.194s] Level 1:colcon.colcon_core.package_identification:_identify(src) by extensions ['cmake', 'python']
[0.194s] Level 1:colcon.colcon_core.package_identification:_identify(src) by extension 'cmake'
[0.194s] Level 1:colcon.colcon_core.package_identification:_identify(src) by extension 'python'
[0.194s] Level 1:colcon.colcon_core.package_identification:_identify(src) by extensions ['python_setup_py']
[0.194s] Level 1:colcon.colcon_core.package_identification:_identify(src) by extension 'python_setup_py'
[0.194s] Level 1:colcon.colcon_core.package_identification:_identify(src/moveit2_controller) by extensions ['ignore', 'ignore_ament_install']
[0.194s] Level 1:colcon.colcon_core.package_identification:_identify(src/moveit2_controller) by extension 'ignore'
[0.194s] Level 1:colcon.colcon_core.package_identification:_identify(src/moveit2_controller) by extension 'ignore_ament_install'
[0.194s] Level 1:colcon.colcon_core.package_identification:_identify(src/moveit2_controller) by extensions ['colcon_pkg']
[0.194s] Level 1:colcon.colcon_core.package_identification:_identify(src/moveit2_controller) by extension 'colcon_pkg'
[0.194s] Level 1:colcon.colcon_core.package_identification:_identify(src/moveit2_controller) by extensions ['colcon_meta']
[0.194s] Level 1:colcon.colcon_core.package_identification:_identify(src/moveit2_controller) by extension 'colcon_meta'
[0.194s] Level 1:colcon.colcon_core.package_identification:_identify(src/moveit2_controller) by extensions ['ros']
[0.194s] Level 1:colcon.colcon_core.package_identification:_identify(src/moveit2_controller) by extension 'ros'
[0.196s] DEBUG:colcon.colcon_core.package_identification:Package 'src/moveit2_controller' with type 'ros.ament_cmake' and name 'moveit2_controller'
[0.197s] Level 1:colcon.colcon_core.package_identification:_identify(src/moveit2_description) by extensions ['ignore', 'ignore_ament_install']
[0.197s] Level 1:colcon.colcon_core.package_identification:_identify(src/moveit2_description) by extension 'ignore'
[0.197s] Level 1:colcon.colcon_core.package_identification:_identify(src/moveit2_description) by extension 'ignore_ament_install'
[0.197s] Level 1:colcon.colcon_core.package_identification:_identify(src/moveit2_description) by extensions ['colcon_pkg']
[0.197s] Level 1:colcon.colcon_core.package_identification:_identify(src/moveit2_description) by extension 'colcon_pkg'
[0.197s] Level 1:colcon.colcon_core.package_identification:_identify(src/moveit2_description) by extensions ['colcon_meta']
[0.197s] Level 1:colcon.colcon_core.package_identification:_identify(src/moveit2_description) by extension 'colcon_meta'
[0.197s] Level 1:colcon.colcon_core.package_identification:_identify(src/moveit2_description) by extensions ['ros']
[0.197s] Level 1:colcon.colcon_core.package_identification:_identify(src/moveit2_description) by extension 'ros'
[0.197s] DEBUG:colcon.colcon_core.package_identification:Package 'src/moveit2_description' with type 'ros.ament_cmake' and name 'moveit2_description'
[0.197s] Level 1:colcon.colcon_core.package_discovery:discover_packages(recursive) using defaults
[0.197s] Level 1:colcon.colcon_core.package_discovery:discover_packages(ignore) discover
[0.198s] Level 1:colcon.colcon_core.package_discovery:discover_packages(ignore) using defaults
[0.198s] Level 1:colcon.colcon_core.package_discovery:discover_packages(path) discover
[0.198s] Level 1:colcon.colcon_core.package_discovery:discover_packages(path) using defaults
[0.216s] Level 1:colcon.colcon_core.package_discovery:discover_packages(prefix_path) check parameters
[0.216s] Level 1:colcon.colcon_core.package_discovery:discover_packages(prefix_path) discover
[0.219s] DEBUG:colcon.colcon_installed_package_information.package_discovery:Found 529 installed packages in /opt/ros/jazzy
[0.221s] Level 1:colcon.colcon_core.package_discovery:discover_packages(prefix_path) using defaults
[0.300s] Level 5:colcon.colcon_core.verb:set package 'moveit2_controller' build argument 'cmake_args' from command line to 'None'
[0.300s] Level 5:colcon.colcon_core.verb:set package 'moveit2_controller' build argument 'cmake_target' from command line to 'None'
[0.300s] Level 5:colcon.colcon_core.verb:set package 'moveit2_controller' build argument 'cmake_target_skip_unavailable' from command line to 'False'
[0.300s] Level 5:colcon.colcon_core.verb:set package 'moveit2_controller' build argument 'cmake_clean_cache' from command line to 'False'
[0.300s] Level 5:colcon.colcon_core.verb:set package 'moveit2_controller' build argument 'cmake_clean_first' from command line to 'False'
[0.300s] Level 5:colcon.colcon_core.verb:set package 'moveit2_controller' build argument 'cmake_force_configure' from command line to 'False'
[0.300s] Level 5:colcon.colcon_core.verb:set package 'moveit2_controller' build argument 'ament_cmake_args' from command line to 'None'
[0.300s] Level 5:colcon.colcon_core.verb:set package 'moveit2_controller' build argument 'catkin_cmake_args' from command line to 'None'
[0.300s] Level 5:colcon.colcon_core.verb:set package 'moveit2_controller' build argument 'catkin_skip_building_tests' from command line to 'False'
[0.300s] DEBUG:colcon.colcon_core.verb:Building package 'moveit2_controller' with the following arguments: {'ament_cmake_args': None, 'build_base': '/home/nithish/ROS/moveit2_ws/build/moveit2_controller', 'catkin_cmake_args': None, 'catkin_skip_building_tests': False, 'cmake_args': None, 'cmake_clean_cache': False, 'cmake_clean_first': False, 'cmake_force_configure': False, 'cmake_target': None, 'cmake_target_skip_unavailable': False, 'install_base': '/home/nithish/ROS/moveit2_ws/install/moveit2_controller', 'merge_install': False, 'path': '/home/nithish/ROS/moveit2_ws/src/moveit2_controller', 'symlink_install': False, 'test_result_base': None}
[0.300s] Level 5:colcon.colcon_core.verb:set package 'moveit2_description' build argument 'cmake_args' from command line to 'None'
[0.300s] Level 5:colcon.colcon_core.verb:set package 'moveit2_description' build argument 'cmake_target' from command line to 'None'
[0.300s] Level 5:colcon.colcon_core.verb:set package 'moveit2_description' build argument 'cmake_target_skip_unavailable' from command line to 'False'
[0.300s] Level 5:colcon.colcon_core.verb:set package 'moveit2_description' build argument 'cmake_clean_cache' from command line to 'False'
[0.300s] Level 5:colcon.colcon_core.verb:set package 'moveit2_description' build argument 'cmake_clean_first' from command line to 'False'
[0.300s] Level 5:colcon.colcon_core.verb:set package 'moveit2_description' build argument 'cmake_force_configure' from command line to 'False'
[0.300s] Level 5:colcon.colcon_core.verb:set package 'moveit2_description' build argument 'ament_cmake_args' from command line to 'None'
[0.300s] Level 5:colcon.colcon_core.verb:set package 'moveit2_description' build argument 'catkin_cmake_args' from command line to 'None'
[0.301s] Level 5:colcon.colcon_core.verb:set package 'moveit2_description' build argument 'catkin_skip_building_tests' from command line to 'False'
[0.301s] DEBUG:colcon.colcon_core.verb:Building package 'moveit2_description' with the following arguments: {'ament_cmake_args': None, 'build_base': '/home/nithish/ROS/moveit2_ws/build/moveit2_description', 'catkin_cmake_args': None, 'catkin_skip_building_tests': False, 'cmake_args': None, 'cmake_clean_cache': False, 'cmake_clean_first': False, 'cmake_force_configure': False, 'cmake_target': None, 'cmake_target_skip_unavailable': False, 'install_base': '/home/nithish/ROS/moveit2_ws/install/moveit2_description', 'merge_install': False, 'path': '/home/nithish/ROS/moveit2_ws/src/moveit2_description', 'symlink_install': False, 'test_result_base': None}
[0.301s] INFO:colcon.colcon_core.executor:Executing jobs using 'parallel' executor
[0.302s] DEBUG:colcon.colcon_parallel_executor.executor.parallel:run_until_complete
[0.302s] INFO:colcon.colcon_ros.task.ament_cmake.build:Building ROS package in '/home/nithish/ROS/moveit2_ws/src/moveit2_controller' with build type 'ament_cmake'
[0.302s] INFO:colcon.colcon_cmake.task.cmake.build:Building CMake package in '/home/nithish/ROS/moveit2_ws/src/moveit2_controller'
[0.304s] INFO:colcon.colcon_core.plugin_system:Skipping extension 'colcon_core.shell.bat': Not used on non-Windows systems
[0.304s] INFO:colcon.colcon_core.shell:Skip shell extension 'powershell' for command environment: Not usable outside of PowerShell
[0.304s] DEBUG:colcon.colcon_core.shell:Skip shell extension 'dsv' for command environment
[0.308s] INFO:colcon.colcon_ros.task.ament_cmake.build:Building ROS package in '/home/nithish/ROS/moveit2_ws/src/moveit2_description' with build type 'ament_cmake'
[0.308s] INFO:colcon.colcon_cmake.task.cmake.build:Building CMake package in '/home/nithish/ROS/moveit2_ws/src/moveit2_description'
[0.309s] INFO:colcon.colcon_core.shell:Skip shell extension 'powershell' for command environment: Not usable outside of PowerShell
[0.309s] DEBUG:colcon.colcon_core.shell:Skip shell extension 'dsv' for command environment
[0.320s] DEBUG:colcon.colcon_core.event_handler.log_command:Invoking command in '/home/nithish/ROS/moveit2_ws/build/moveit2_controller': CMAKE_PREFIX_PATH=${CMAKE_PREFIX_PATH}:/opt/ros/jazzy DEBUGINFOD_URLS=https://debuginfod.ubuntu.com /usr/bin/cmake --build /home/nithish/ROS/moveit2_ws/build/moveit2_controller -- -j8 -l8
[0.330s] DEBUG:colcon.colcon_core.event_handler.log_command:Invoking command in '/home/nithish/ROS/moveit2_ws/build/moveit2_description': CMAKE_PREFIX_PATH=${CMAKE_PREFIX_PATH}:/opt/ros/jazzy DEBUGINFOD_URLS=https://debuginfod.ubuntu.com /usr/bin/cmake --build /home/nithish/ROS/moveit2_ws/build/moveit2_description -- -j8 -l8
[0.390s] DEBUG:colcon.colcon_core.event_handler.log_command:Invoked command in '/home/nithish/ROS/moveit2_ws/build/moveit2_controller' returned '0': CMAKE_PREFIX_PATH=${CMAKE_PREFIX_PATH}:/opt/ros/jazzy DEBUGINFOD_URLS=https://debuginfod.ubuntu.com /usr/bin/cmake --build /home/nithish/ROS/moveit2_ws/build/moveit2_controller -- -j8 -l8
[0.405s] DEBUG:colcon.colcon_core.event_handler.log_command:Invoking command in '/home/nithish/ROS/moveit2_ws/build/moveit2_controller': CMAKE_PREFIX_PATH=${CMAKE_PREFIX_PATH}:/opt/ros/jazzy DEBUGINFOD_URLS=https://debuginfod.ubuntu.com /usr/bin/cmake --install /home/nithish/ROS/moveit2_ws/build/moveit2_controller
[0.406s] DEBUG:colcon.colcon_core.event_handler.log_command:Invoked command in '/home/nithish/ROS/moveit2_ws/build/moveit2_description' returned '0': CMAKE_PREFIX_PATH=${CMAKE_PREFIX_PATH}:/opt/ros/jazzy DEBUGINFOD_URLS=https://debuginfod.ubuntu.com /usr/bin/cmake --build /home/nithish/ROS/moveit2_ws/build/moveit2_description -- -j8 -l8
[0.408s] DEBUG:colcon.colcon_core.event_handler.log_command:Invoking command in '/home/nithish/ROS/moveit2_ws/build/moveit2_description': CMAKE_PREFIX_PATH=${CMAKE_PREFIX_PATH}:/opt/ros/jazzy DEBUGINFOD_URLS=https://debuginfod.ubuntu.com /usr/bin/cmake --install /home/nithish/ROS/moveit2_ws/build/moveit2_description
[0.424s] Level 1:colcon.colcon_core.environment:create_environment_scripts_only(moveit2_controller)
[0.426s] DEBUG:colcon.colcon_core.event_handler.log_command:Invoked command in '/home/nithish/ROS/moveit2_ws/build/moveit2_controller' returned '0': CMAKE_PREFIX_PATH=${CMAKE_PREFIX_PATH}:/opt/ros/jazzy DEBUGINFOD_URLS=https://debuginfod.ubuntu.com /usr/bin/cmake --install /home/nithish/ROS/moveit2_ws/build/moveit2_controller
[0.431s] Level 1:colcon.colcon_core.environment:checking '/home/nithish/ROS/moveit2_ws/install/moveit2_controller' for CMake module files
[0.431s] Level 1:colcon.colcon_core.environment:checking '/home/nithish/ROS/moveit2_ws/install/moveit2_controller' for CMake config files
[0.431s] Level 1:colcon.colcon_core.shell:create_environment_hook('moveit2_controller', 'cmake_prefix_path')
[0.431s] INFO:colcon.colcon_core.shell:Creating environment hook '/home/nithish/ROS/moveit2_ws/install/moveit2_controller/share/moveit2_controller/hook/cmake_prefix_path.ps1'
[0.432s] INFO:colcon.colcon_core.shell:Creating environment descriptor '/home/nithish/ROS/moveit2_ws/install/moveit2_controller/share/moveit2_controller/hook/cmake_prefix_path.dsv'
[0.432s] INFO:colcon.colcon_core.shell:Creating environment hook '/home/nithish/ROS/moveit2_ws/install/moveit2_controller/share/moveit2_controller/hook/cmake_prefix_path.sh'
[0.433s] Level 1:colcon.colcon_core.environment:checking '/home/nithish/ROS/moveit2_ws/install/moveit2_controller/bin'
[0.433s] Level 1:colcon.colcon_core.environment:checking '/home/nithish/ROS/moveit2_ws/install/moveit2_controller/lib/pkgconfig/moveit2_controller.pc'
[0.433s] Level 1:colcon.colcon_core.environment:checking '/home/nithish/ROS/moveit2_ws/install/moveit2_controller/lib/python3.12/site-packages'
[0.434s] Level 1:colcon.colcon_core.environment:checking '/home/nithish/ROS/moveit2_ws/install/moveit2_controller/bin'
[0.434s] INFO:colcon.colcon_core.shell:Creating package script '/home/nithish/ROS/moveit2_ws/install/moveit2_controller/share/moveit2_controller/package.ps1'
[0.434s] INFO:colcon.colcon_core.shell:Creating package descriptor '/home/nithish/ROS/moveit2_ws/install/moveit2_controller/share/moveit2_controller/package.dsv'
[0.435s] INFO:colcon.colcon_core.shell:Creating package script '/home/nithish/ROS/moveit2_ws/install/moveit2_controller/share/moveit2_controller/package.sh'
[0.436s] INFO:colcon.colcon_core.shell:Creating package script '/home/nithish/ROS/moveit2_ws/install/moveit2_controller/share/moveit2_controller/package.bash'
[0.436s] INFO:colcon.colcon_core.shell:Creating package script '/home/nithish/ROS/moveit2_ws/install/moveit2_controller/share/moveit2_controller/package.zsh'
[0.437s] Level 1:colcon.colcon_core.environment:create_file_with_runtime_dependencies(/home/nithish/ROS/moveit2_ws/install/moveit2_controller/share/colcon-core/packages/moveit2_controller)
[0.437s] Level 1:colcon.colcon_core.environment:create_environment_scripts_only(moveit2_controller)
[0.437s] Level 1:colcon.colcon_core.environment:checking '/home/nithish/ROS/moveit2_ws/install/moveit2_controller' for CMake module files
[0.438s] Level 1:colcon.colcon_core.environment:checking '/home/nithish/ROS/moveit2_ws/install/moveit2_controller' for CMake config files
[0.438s] Level 1:colcon.colcon_core.shell:create_environment_hook('moveit2_controller', 'cmake_prefix_path')
[0.438s] INFO:colcon.colcon_core.shell:Creating environment hook '/home/nithish/ROS/moveit2_ws/install/moveit2_controller/share/moveit2_controller/hook/cmake_prefix_path.ps1'
[0.439s] INFO:colcon.colcon_core.shell:Creating environment descriptor '/home/nithish/ROS/moveit2_ws/install/moveit2_controller/share/moveit2_controller/hook/cmake_prefix_path.dsv'
[0.439s] INFO:colcon.colcon_core.shell:Creating environment hook '/home/nithish/ROS/moveit2_ws/install/moveit2_controller/share/moveit2_controller/hook/cmake_prefix_path.sh'
[0.440s] Level 1:colcon.colcon_core.environment:checking '/home/nithish/ROS/moveit2_ws/install/moveit2_controller/bin'
[0.440s] Level 1:colcon.colcon_core.environment:checking '/home/nithish/ROS/moveit2_ws/install/moveit2_controller/lib/pkgconfig/moveit2_controller.pc'
[0.441s] Level 1:colcon.colcon_core.environment:checking '/home/nithish/ROS/moveit2_ws/install/moveit2_controller/lib/python3.12/site-packages'
[0.441s] Level 1:colcon.colcon_core.environment:checking '/home/nithish/ROS/moveit2_ws/install/moveit2_controller/bin'
[0.441s] INFO:colcon.colcon_core.shell:Creating package script '/home/nithish/ROS/moveit2_ws/install/moveit2_controller/share/moveit2_controller/package.ps1'
[0.442s] INFO:colcon.colcon_core.shell:Creating package descriptor '/home/nithish/ROS/moveit2_ws/install/moveit2_controller/share/moveit2_controller/package.dsv'
[0.442s] INFO:colcon.colcon_core.shell:Creating package script '/home/nithish/ROS/moveit2_ws/install/moveit2_controller/share/moveit2_controller/package.sh'
[0.443s] INFO:colcon.colcon_core.shell:Creating package script '/home/nithish/ROS/moveit2_ws/install/moveit2_controller/share/moveit2_controller/package.bash'
[0.443s] INFO:colcon.colcon_core.shell:Creating package script '/home/nithish/ROS/moveit2_ws/install/moveit2_controller/share/moveit2_controller/package.zsh'
[0.444s] Level 1:colcon.colcon_core.environment:create_file_with_runtime_dependencies(/home/nithish/ROS/moveit2_ws/install/moveit2_controller/share/colcon-core/packages/moveit2_controller)
[0.445s] Level 1:colcon.colcon_core.environment:create_environment_scripts_only(moveit2_description)
[0.446s] Level 1:colcon.colcon_core.environment:checking '/home/nithish/ROS/moveit2_ws/install/moveit2_description' for CMake module files
[0.447s] DEBUG:colcon.colcon_core.event_handler.log_command:Invoked command in '/home/nithish/ROS/moveit2_ws/build/moveit2_description' returned '0': CMAKE_PREFIX_PATH=${CMAKE_PREFIX_PATH}:/opt/ros/jazzy DEBUGINFOD_URLS=https://debuginfod.ubuntu.com /usr/bin/cmake --install /home/nithish/ROS/moveit2_ws/build/moveit2_description
[0.447s] Level 1:colcon.colcon_core.environment:checking '/home/nithish/ROS/moveit2_ws/install/moveit2_description' for CMake config files
[0.447s] Level 1:colcon.colcon_core.shell:create_environment_hook('moveit2_description', 'cmake_prefix_path')
[0.447s] INFO:colcon.colcon_core.shell:Creating environment hook '/home/nithish/ROS/moveit2_ws/install/moveit2_description/share/moveit2_description/hook/cmake_prefix_path.ps1'
[0.448s] INFO:colcon.colcon_core.shell:Creating environment descriptor '/home/nithish/ROS/moveit2_ws/install/moveit2_description/share/moveit2_description/hook/cmake_prefix_path.dsv'
[0.448s] INFO:colcon.colcon_core.shell:Creating environment hook '/home/nithish/ROS/moveit2_ws/install/moveit2_description/share/moveit2_description/hook/cmake_prefix_path.sh'
[0.448s] Level 1:colcon.colcon_core.environment:checking '/home/nithish/ROS/moveit2_ws/install/moveit2_description/bin'
[0.448s] Level 1:colcon.colcon_core.environment:checking '/home/nithish/ROS/moveit2_ws/install/moveit2_description/lib/pkgconfig/moveit2_description.pc'
[0.449s] Level 1:colcon.colcon_core.environment:checking '/home/nithish/ROS/moveit2_ws/install/moveit2_description/lib/python3.12/site-packages'
[0.449s] Level 1:colcon.colcon_core.environment:checking '/home/nithish/ROS/moveit2_ws/install/moveit2_description/bin'
[0.449s] INFO:colcon.colcon_core.shell:Creating package script '/home/nithish/ROS/moveit2_ws/install/moveit2_description/share/moveit2_description/package.ps1'
[0.449s] INFO:colcon.colcon_core.shell:Creating package descriptor '/home/nithish/ROS/moveit2_ws/install/moveit2_description/share/moveit2_description/package.dsv'
[0.450s] INFO:colcon.colcon_core.shell:Creating package script '/home/nithish/ROS/moveit2_ws/install/moveit2_description/share/moveit2_description/package.sh'
[0.450s] INFO:colcon.colcon_core.shell:Creating package script '/home/nithish/ROS/moveit2_ws/install/moveit2_description/share/moveit2_description/package.bash'
[0.450s] INFO:colcon.colcon_core.shell:Creating package script '/home/nithish/ROS/moveit2_ws/install/moveit2_description/share/moveit2_description/package.zsh'
[0.450s] Level 1:colcon.colcon_core.environment:create_file_with_runtime_dependencies(/home/nithish/ROS/moveit2_ws/install/moveit2_description/share/colcon-core/packages/moveit2_description)
[0.451s] Level 1:colcon.colcon_core.environment:create_environment_scripts_only(moveit2_description)
[0.451s] Level 1:colcon.colcon_core.environment:checking '/home/nithish/ROS/moveit2_ws/install/moveit2_description' for CMake module files
[0.451s] Level 1:colcon.colcon_core.environment:checking '/home/nithish/ROS/moveit2_ws/install/moveit2_description' for CMake config files
[0.452s] Level 1:colcon.colcon_core.shell:create_environment_hook('moveit2_description', 'cmake_prefix_path')
[0.452s] INFO:colcon.colcon_core.shell:Creating environment hook '/home/nithish/ROS/moveit2_ws/install/moveit2_description/share/moveit2_description/hook/cmake_prefix_path.ps1'
[0.452s] INFO:colcon.colcon_core.shell:Creating environment descriptor '/home/nithish/ROS/moveit2_ws/install/moveit2_description/share/moveit2_description/hook/cmake_prefix_path.dsv'
[0.452s] INFO:colcon.colcon_core.shell:Creating environment hook '/home/nithish/ROS/moveit2_ws/install/moveit2_description/share/moveit2_description/hook/cmake_prefix_path.sh'
[0.453s] Level 1:colcon.colcon_core.environment:checking '/home/nithish/ROS/moveit2_ws/install/moveit2_description/bin'
[0.453s] Level 1:colcon.colcon_core.environment:checking '/home/nithish/ROS/moveit2_ws/install/moveit2_description/lib/pkgconfig/moveit2_description.pc'
[0.453s] Level 1:colcon.colcon_core.environment:checking '/home/nithish/ROS/moveit2_ws/install/moveit2_description/lib/python3.12/site-packages'
[0.453s] Level 1:colcon.colcon_core.environment:checking '/home/nithish/ROS/moveit2_ws/install/moveit2_description/bin'
[0.454s] INFO:colcon.colcon_core.shell:Creating package script '/home/nithish/ROS/moveit2_ws/install/moveit2_description/share/moveit2_description/package.ps1'
[0.454s] INFO:colcon.colcon_core.shell:Creating package descriptor '/home/nithish/ROS/moveit2_ws/install/moveit2_description/share/moveit2_description/package.dsv'
[0.455s] INFO:colcon.colcon_core.shell:Creating package script '/home/nithish/ROS/moveit2_ws/install/moveit2_description/share/moveit2_description/package.sh'
[0.455s] INFO:colcon.colcon_core.shell:Creating package script '/home/nithish/ROS/moveit2_ws/install/moveit2_description/share/moveit2_description/package.bash'
[0.455s] INFO:colcon.colcon_core.shell:Creating package script '/home/nithish/ROS/moveit2_ws/install/moveit2_description/share/moveit2_description/package.zsh'
[0.456s] Level 1:colcon.colcon_core.environment:create_file_with_runtime_dependencies(/home/nithish/ROS/moveit2_ws/install/moveit2_description/share/colcon-core/packages/moveit2_description)
[0.456s] DEBUG:colcon.colcon_parallel_executor.executor.parallel:closing loop
[0.457s] DEBUG:colcon.colcon_parallel_executor.executor.parallel:loop closed
[0.457s] DEBUG:colcon.colcon_parallel_executor.executor.parallel:run_until_complete finished with '0'
[0.457s] DEBUG:colcon.colcon_core.event_reactor:joining thread
[0.463s] INFO:colcon.colcon_core.plugin_system:Skipping extension 'colcon_notification.desktop_notification.terminal_notifier': Not used on non-Darwin systems
[0.463s] INFO:colcon.colcon_core.plugin_system:Skipping extension 'colcon_notification.desktop_notification.win32': Not used on non-Windows systems
[0.463s] INFO:colcon.colcon_notification.desktop_notification:Sending desktop notification using 'notify2'
[0.484s] DEBUG:colcon.colcon_core.event_reactor:joined thread
[0.484s] INFO:colcon.colcon_core.shell:Creating prefix script '/home/nithish/ROS/moveit2_ws/install/local_setup.ps1'
[0.485s] INFO:colcon.colcon_core.shell:Creating prefix util module '/home/nithish/ROS/moveit2_ws/install/_local_setup_util_ps1.py'
[0.487s] INFO:colcon.colcon_core.shell:Creating prefix chain script '/home/nithish/ROS/moveit2_ws/install/setup.ps1'
[0.489s] INFO:colcon.colcon_core.shell:Creating prefix script '/home/nithish/ROS/moveit2_ws/install/local_setup.sh'
[0.491s] INFO:colcon.colcon_core.shell:Creating prefix util module '/home/nithish/ROS/moveit2_ws/install/_local_setup_util_sh.py'
[0.492s] INFO:colcon.colcon_core.shell:Creating prefix chain script '/home/nithish/ROS/moveit2_ws/install/setup.sh'
[0.494s] INFO:colcon.colcon_core.shell:Creating prefix script '/home/nithish/ROS/moveit2_ws/install/local_setup.bash'
[0.494s] INFO:colcon.colcon_core.shell:Creating prefix chain script '/home/nithish/ROS/moveit2_ws/install/setup.bash'
[0.495s] INFO:colcon.colcon_core.shell:Creating prefix script '/home/nithish/ROS/moveit2_ws/install/local_setup.zsh'
[0.496s] INFO:colcon.colcon_core.shell:Creating prefix chain script '/home/nithish/ROS/moveit2_ws/install/setup.zsh'
