[0.007s] Invoking command in '/home/nithish/ROS/moveit2_ws/build/yolov8_obb_msgs': CMAKE_PREFIX_PATH=${CMAKE_PREFIX_PATH}:/opt/ros/jazzy DEBUGINFOD_URLS=https://debuginfod.ubuntu.com /usr/bin/cmake /home/nithish/ROS/moveit2_ws/src/yolov8_obb_msgs -DCMAKE_INSTALL_PREFIX=/home/nithish/ROS/moveit2_ws/install/yolov8_obb_msgs
[0.018s] -- Found ament_cmake: 2.5.4 (/opt/ros/jazzy/share/ament_cmake/cmake)
[0.174s] -- Found std_msgs: 5.3.6 (/opt/ros/jazzy/share/std_msgs/cmake)
[0.193s] -- Found rosidl_generator_c: 4.6.6 (/opt/ros/jazzy/share/rosidl_generator_c/cmake)
[0.199s] -- Found rosidl_generator_cpp: 4.6.6 (/opt/ros/jazzy/share/rosidl_generator_cpp/cmake)
[0.208s] -- Using all available rosidl_typesupport_c: rosidl_typesupport_fastrtps_c;rosidl_typesupport_introspection_c
[0.218s] -- Using all available rosidl_typesupport_cpp: rosidl_typesupport_fastrtps_cpp;rosidl_typesupport_introspection_cpp
[0.237s] -- Found rosidl_default_generators: 1.6.0 (/opt/ros/jazzy/share/rosidl_default_generators/cmake)
[0.242s] -- Found rosidl_adapter: 4.6.6 (/opt/ros/jazzy/share/rosidl_adapter/cmake)
[0.683s] -- Found ament_cmake_ros: 0.12.0 (/opt/ros/jazzy/share/ament_cmake_ros/cmake)
[1.266s] -- Using all available rosidl_typesupport_c: rosidl_typesupport_fastrtps_c;rosidl_typesupport_introspection_c
[1.488s] -- Using all available rosidl_typesupport_cpp: rosidl_typesupport_fastrtps_cpp;rosidl_typesupport_introspection_cpp
[1.493s] -- Found python_cmake_module: 0.11.1 (/opt/ros/jazzy/share/python_cmake_module/cmake)
[1.592s] -- Found PythonExtra: /usr/bin/python3  
[1.934s] -- Found Python3: /usr/bin/python3 (found version "3.12.3") found components: Interpreter Development NumPy Development.Module Development.Embed 
[1.968s] -- Found ament_lint_auto: 0.17.3 (/opt/ros/jazzy/share/ament_lint_auto/cmake)
[1.997s] -- Added test 'lint_cmake' to check CMake code style
[1.998s] -- Added test 'xmllint' to check XML markup files
[2.000s] -- Configuring done (2.0s)
[2.024s] -- Generating done (0.0s)
[2.032s] -- Build files have been written to: /home/nithish/ROS/moveit2_ws/build/yolov8_obb_msgs
[2.039s] Invoked command in '/home/nithish/ROS/moveit2_ws/build/yolov8_obb_msgs' returned '0': CMAKE_PREFIX_PATH=${CMAKE_PREFIX_PATH}:/opt/ros/jazzy DEBUGINFOD_URLS=https://debuginfod.ubuntu.com /usr/bin/cmake /home/nithish/ROS/moveit2_ws/src/yolov8_obb_msgs -DCMAKE_INSTALL_PREFIX=/home/nithish/ROS/moveit2_ws/install/yolov8_obb_msgs
[2.040s] Invoking command in '/home/nithish/ROS/moveit2_ws/build/yolov8_obb_msgs': CMAKE_PREFIX_PATH=${CMAKE_PREFIX_PATH}:/opt/ros/jazzy DEBUGINFOD_URLS=https://debuginfod.ubuntu.com /usr/bin/cmake --build /home/nithish/ROS/moveit2_ws/build/yolov8_obb_msgs -- -j8 -l8
[2.078s] [  2%] [34m[1mGenerating type hashes for ROS interfaces[0m
[2.085s] [  2%] Built target ament_cmake_python_copy_yolov8_obb_msgs
[2.227s] [  2%] Built target yolov8_obb_msgs__rosidl_generator_type_description
[2.236s] [  4%] [34m[1mGenerating C code for ROS interfaces[0m
[2.244s] [  6%] [34m[1mGenerating C++ code for ROS interfaces[0m
[2.291s] running egg_info
[2.292s] creating yolov8_obb_msgs.egg-info
[2.315s] writing yolov8_obb_msgs.egg-info/PKG-INFO
[2.315s] writing dependency_links to yolov8_obb_msgs.egg-info/dependency_links.txt
[2.315s] writing top-level names to yolov8_obb_msgs.egg-info/top_level.txt
[2.315s] writing manifest file 'yolov8_obb_msgs.egg-info/SOURCES.txt'
[2.386s] reading manifest file 'yolov8_obb_msgs.egg-info/SOURCES.txt'
[2.386s] writing manifest file 'yolov8_obb_msgs.egg-info/SOURCES.txt'
[2.410s] [  6%] Built target ament_cmake_python_build_yolov8_obb_msgs_egg
[2.449s] [  6%] Built target yolov8_obb_msgs__cpp
[2.481s] [ 11%] [32mBuilding C object CMakeFiles/yolov8_obb_msgs__rosidl_generator_c.dir/rosidl_generator_c/yolov8_obb_msgs/msg/detail/yolov8_inference__description.c.o[0m
[2.481s] [ 11%] [32mBuilding C object CMakeFiles/yolov8_obb_msgs__rosidl_generator_c.dir/rosidl_generator_c/yolov8_obb_msgs/msg/detail/yolov8_inference__type_support.c.o[0m
[2.482s] [ 15%] [32mBuilding C object CMakeFiles/yolov8_obb_msgs__rosidl_generator_c.dir/rosidl_generator_c/yolov8_obb_msgs/msg/detail/inference_result__functions.c.o[0m
[2.482s] [ 15%] [32mBuilding C object CMakeFiles/yolov8_obb_msgs__rosidl_generator_c.dir/rosidl_generator_c/yolov8_obb_msgs/msg/detail/inference_result__description.c.o[0m
[2.482s] [ 18%] [32mBuilding C object CMakeFiles/yolov8_obb_msgs__rosidl_generator_c.dir/rosidl_generator_c/yolov8_obb_msgs/msg/detail/yolov8_inference__functions.c.o[0m
[2.482s] [ 20%] [32mBuilding C object CMakeFiles/yolov8_obb_msgs__rosidl_generator_c.dir/rosidl_generator_c/yolov8_obb_msgs/msg/detail/inference_result__type_support.c.o[0m
[2.533s] [ 22%] [32m[1mLinking C shared library libyolov8_obb_msgs__rosidl_generator_c.so[0m
[2.560s] [ 22%] Built target yolov8_obb_msgs__rosidl_generator_c
[2.569s] [ 27%] [34m[1mGenerating C type support for eProsima Fast-RTPS[0m
[2.569s] [ 27%] [34m[1mGenerating C++ introspection for ROS interfaces[0m
[2.570s] [ 29%] [34m[1mGenerating C++ type support dispatch for ROS interfaces[0m
[2.570s] [ 31%] [34m[1mGenerating C introspection for ROS interfaces[0m
[2.570s] [ 36%] [34m[1mGenerating C++ type support for eProsima Fast-RTPS[0m
[2.570s] [ 36%] [34m[1mGenerating C type support dispatch for ROS interfaces[0m
[2.775s] [ 43%] [32mBuilding CXX object CMakeFiles/yolov8_obb_msgs__rosidl_typesupport_c.dir/rosidl_typesupport_c/yolov8_obb_msgs/msg/inference_result__type_support.cpp.o[0m
[2.775s] [ 45%] [32mBuilding CXX object CMakeFiles/yolov8_obb_msgs__rosidl_typesupport_cpp.dir/rosidl_typesupport_cpp/yolov8_obb_msgs/msg/yolov8_inference__type_support.cpp.o[0m
[2.775s] [ 45%] [32mBuilding CXX object CMakeFiles/yolov8_obb_msgs__rosidl_typesupport_cpp.dir/rosidl_typesupport_cpp/yolov8_obb_msgs/msg/inference_result__type_support.cpp.o[0m
[2.775s] [ 45%] [32mBuilding CXX object CMakeFiles/yolov8_obb_msgs__rosidl_typesupport_c.dir/rosidl_typesupport_c/yolov8_obb_msgs/msg/yolov8_inference__type_support.cpp.o[0m
[2.827s] [ 47%] [32m[1mLinking CXX shared library libyolov8_obb_msgs__rosidl_typesupport_c.so[0m
[2.864s] [ 47%] Built target yolov8_obb_msgs__rosidl_typesupport_c
[2.922s] [ 50%] [32mBuilding CXX object CMakeFiles/yolov8_obb_msgs__rosidl_typesupport_introspection_cpp.dir/rosidl_typesupport_introspection_cpp/yolov8_obb_msgs/msg/detail/inference_result__type_support.cpp.o[0m
[2.922s] [ 52%] [32mBuilding CXX object CMakeFiles/yolov8_obb_msgs__rosidl_typesupport_introspection_cpp.dir/rosidl_typesupport_introspection_cpp/yolov8_obb_msgs/msg/detail/yolov8_inference__type_support.cpp.o[0m
[2.936s] [ 54%] [32mBuilding C object CMakeFiles/yolov8_obb_msgs__rosidl_typesupport_introspection_c.dir/rosidl_typesupport_introspection_c/yolov8_obb_msgs/msg/detail/inference_result__type_support.c.o[0m
[2.938s] [ 56%] [32mBuilding C object CMakeFiles/yolov8_obb_msgs__rosidl_typesupport_introspection_c.dir/rosidl_typesupport_introspection_c/yolov8_obb_msgs/msg/detail/yolov8_inference__type_support.c.o[0m
[3.020s] [ 59%] [32m[1mLinking C shared library libyolov8_obb_msgs__rosidl_typesupport_introspection_c.so[0m
[3.021s] [ 61%] [32mBuilding CXX object CMakeFiles/yolov8_obb_msgs__rosidl_typesupport_fastrtps_cpp.dir/rosidl_typesupport_fastrtps_cpp/yolov8_obb_msgs/msg/detail/dds_fastrtps/inference_result__type_support.cpp.o[0m
[3.025s] [ 63%] [32mBuilding CXX object CMakeFiles/yolov8_obb_msgs__rosidl_typesupport_fastrtps_cpp.dir/rosidl_typesupport_fastrtps_cpp/yolov8_obb_msgs/msg/detail/dds_fastrtps/yolov8_inference__type_support.cpp.o[0m
[3.035s] [ 65%] [32mBuilding CXX object CMakeFiles/yolov8_obb_msgs__rosidl_typesupport_fastrtps_c.dir/rosidl_typesupport_fastrtps_c/yolov8_obb_msgs/msg/detail/inference_result__type_support_c.cpp.o[0m
[3.073s] [ 65%] Built target yolov8_obb_msgs__rosidl_typesupport_introspection_c
[3.089s] [ 68%] [32mBuilding CXX object CMakeFiles/yolov8_obb_msgs__rosidl_typesupport_fastrtps_c.dir/rosidl_typesupport_fastrtps_c/yolov8_obb_msgs/msg/detail/yolov8_inference__type_support_c.cpp.o[0m
[3.222s] [ 70%] [32m[1mLinking CXX shared library libyolov8_obb_msgs__rosidl_typesupport_cpp.so[0m
[3.287s] [ 70%] Built target yolov8_obb_msgs__rosidl_typesupport_cpp
[3.474s] [ 72%] [32m[1mLinking CXX shared library libyolov8_obb_msgs__rosidl_typesupport_introspection_cpp.so[0m
[3.586s] [ 72%] Built target yolov8_obb_msgs__rosidl_typesupport_introspection_cpp
[3.599s] [ 75%] [32m[1mLinking CXX shared library libyolov8_obb_msgs__rosidl_typesupport_fastrtps_c.so[0m
[3.602s] [ 77%] [32m[1mLinking CXX shared library libyolov8_obb_msgs__rosidl_typesupport_fastrtps_cpp.so[0m
[3.668s] [ 77%] Built target yolov8_obb_msgs__rosidl_typesupport_fastrtps_c
[3.672s] [ 77%] Built target yolov8_obb_msgs__rosidl_typesupport_fastrtps_cpp
[3.689s] [ 77%] Built target yolov8_obb_msgs
[3.705s] [ 79%] [34m[1mGenerating Python code for ROS interfaces[0m
[3.942s] [ 79%] Built target yolov8_obb_msgs__py
[3.959s] [ 84%] [32mBuilding C object CMakeFiles/yolov8_obb_msgs__rosidl_generator_py.dir/rosidl_generator_py/yolov8_obb_msgs/msg/_yolov8_inference_s.c.o[0m
[3.959s] [ 84%] [32mBuilding C object CMakeFiles/yolov8_obb_msgs__rosidl_generator_py.dir/rosidl_generator_py/yolov8_obb_msgs/msg/_inference_result_s.c.o[0m
[4.077s] [ 86%] [32m[1mLinking C shared library libyolov8_obb_msgs__rosidl_generator_py.so[0m
[4.107s] [ 86%] Built target yolov8_obb_msgs__rosidl_generator_py
[4.123s] [ 90%] [32mBuilding C object CMakeFiles/yolov8_obb_msgs_s__rosidl_typesupport_c.dir/rosidl_generator_py/yolov8_obb_msgs/_yolov8_obb_msgs_s.ep.rosidl_typesupport_c.c.o[0m
[4.124s] [ 90%] [32mBuilding C object CMakeFiles/yolov8_obb_msgs_s__rosidl_typesupport_introspection_c.dir/rosidl_generator_py/yolov8_obb_msgs/_yolov8_obb_msgs_s.ep.rosidl_typesupport_introspection_c.c.o[0m
[4.124s] [ 93%] [32mBuilding C object CMakeFiles/yolov8_obb_msgs_s__rosidl_typesupport_fastrtps_c.dir/rosidl_generator_py/yolov8_obb_msgs/_yolov8_obb_msgs_s.ep.rosidl_typesupport_fastrtps_c.c.o[0m
[4.198s] [ 95%] [32m[1mLinking C shared module rosidl_generator_py/yolov8_obb_msgs/yolov8_obb_msgs_s__rosidl_typesupport_c.so[0m
[4.201s] [ 97%] [32m[1mLinking C shared module rosidl_generator_py/yolov8_obb_msgs/yolov8_obb_msgs_s__rosidl_typesupport_introspection_c.so[0m
[4.208s] [100%] [32m[1mLinking C shared module rosidl_generator_py/yolov8_obb_msgs/yolov8_obb_msgs_s__rosidl_typesupport_fastrtps_c.so[0m
[4.221s] [100%] Built target yolov8_obb_msgs_s__rosidl_typesupport_c
[4.224s] [100%] Built target yolov8_obb_msgs_s__rosidl_typesupport_introspection_c
[4.232s] [100%] Built target yolov8_obb_msgs_s__rosidl_typesupport_fastrtps_c
[4.241s] Invoked command in '/home/nithish/ROS/moveit2_ws/build/yolov8_obb_msgs' returned '0': CMAKE_PREFIX_PATH=${CMAKE_PREFIX_PATH}:/opt/ros/jazzy DEBUGINFOD_URLS=https://debuginfod.ubuntu.com /usr/bin/cmake --build /home/nithish/ROS/moveit2_ws/build/yolov8_obb_msgs -- -j8 -l8
[4.249s] Invoking command in '/home/nithish/ROS/moveit2_ws/build/yolov8_obb_msgs': CMAKE_PREFIX_PATH=${CMAKE_PREFIX_PATH}:/opt/ros/jazzy DEBUGINFOD_URLS=https://debuginfod.ubuntu.com /usr/bin/cmake --install /home/nithish/ROS/moveit2_ws/build/yolov8_obb_msgs
[4.255s] -- Install configuration: ""
[4.255s] -- Installing: /home/nithish/ROS/moveit2_ws/install/yolov8_obb_msgs/share/ament_index/resource_index/rosidl_interfaces/yolov8_obb_msgs
[4.255s] -- Installing: /home/nithish/ROS/moveit2_ws/install/yolov8_obb_msgs/share/yolov8_obb_msgs/msg/InferenceResult.json
[4.255s] -- Installing: /home/nithish/ROS/moveit2_ws/install/yolov8_obb_msgs/share/yolov8_obb_msgs/msg/Yolov8Inference.json
[4.255s] -- Installing: /home/nithish/ROS/moveit2_ws/install/yolov8_obb_msgs/include/yolov8_obb_msgs/yolov8_obb_msgs
[4.255s] -- Installing: /home/nithish/ROS/moveit2_ws/install/yolov8_obb_msgs/include/yolov8_obb_msgs/yolov8_obb_msgs/msg
[4.255s] -- Installing: /home/nithish/ROS/moveit2_ws/install/yolov8_obb_msgs/include/yolov8_obb_msgs/yolov8_obb_msgs/msg/yolov8_inference.h
[4.256s] -- Installing: /home/nithish/ROS/moveit2_ws/install/yolov8_obb_msgs/include/yolov8_obb_msgs/yolov8_obb_msgs/msg/detail
[4.256s] -- Installing: /home/nithish/ROS/moveit2_ws/install/yolov8_obb_msgs/include/yolov8_obb_msgs/yolov8_obb_msgs/msg/detail/inference_result__type_support.h
[4.256s] -- Installing: /home/nithish/ROS/moveit2_ws/install/yolov8_obb_msgs/include/yolov8_obb_msgs/yolov8_obb_msgs/msg/detail/yolov8_inference__type_support.c
[4.256s] -- Installing: /home/nithish/ROS/moveit2_ws/install/yolov8_obb_msgs/include/yolov8_obb_msgs/yolov8_obb_msgs/msg/detail/yolov8_inference__type_support.h
[4.256s] -- Installing: /home/nithish/ROS/moveit2_ws/install/yolov8_obb_msgs/include/yolov8_obb_msgs/yolov8_obb_msgs/msg/detail/inference_result__functions.h
[4.256s] -- Installing: /home/nithish/ROS/moveit2_ws/install/yolov8_obb_msgs/include/yolov8_obb_msgs/yolov8_obb_msgs/msg/detail/yolov8_inference__description.c
[4.256s] -- Installing: /home/nithish/ROS/moveit2_ws/install/yolov8_obb_msgs/include/yolov8_obb_msgs/yolov8_obb_msgs/msg/detail/inference_result__type_support.c
[4.256s] -- Installing: /home/nithish/ROS/moveit2_ws/install/yolov8_obb_msgs/include/yolov8_obb_msgs/yolov8_obb_msgs/msg/detail/inference_result__struct.h
[4.256s] -- Installing: /home/nithish/ROS/moveit2_ws/install/yolov8_obb_msgs/include/yolov8_obb_msgs/yolov8_obb_msgs/msg/detail/inference_result__description.c
[4.256s] -- Installing: /home/nithish/ROS/moveit2_ws/install/yolov8_obb_msgs/include/yolov8_obb_msgs/yolov8_obb_msgs/msg/detail/yolov8_inference__functions.c
[4.256s] -- Installing: /home/nithish/ROS/moveit2_ws/install/yolov8_obb_msgs/include/yolov8_obb_msgs/yolov8_obb_msgs/msg/detail/inference_result__functions.c
[4.256s] -- Installing: /home/nithish/ROS/moveit2_ws/install/yolov8_obb_msgs/include/yolov8_obb_msgs/yolov8_obb_msgs/msg/detail/yolov8_inference__struct.h
[4.256s] -- Installing: /home/nithish/ROS/moveit2_ws/install/yolov8_obb_msgs/include/yolov8_obb_msgs/yolov8_obb_msgs/msg/detail/yolov8_inference__functions.h
[4.256s] -- Installing: /home/nithish/ROS/moveit2_ws/install/yolov8_obb_msgs/include/yolov8_obb_msgs/yolov8_obb_msgs/msg/inference_result.h
[4.256s] -- Installing: /home/nithish/ROS/moveit2_ws/install/yolov8_obb_msgs/include/yolov8_obb_msgs/yolov8_obb_msgs/msg/rosidl_generator_c__visibility_control.h
[4.256s] -- Installing: /home/nithish/ROS/moveit2_ws/install/yolov8_obb_msgs/share/yolov8_obb_msgs/environment/library_path.sh
[4.256s] -- Installing: /home/nithish/ROS/moveit2_ws/install/yolov8_obb_msgs/share/yolov8_obb_msgs/environment/library_path.dsv
[4.257s] -- Installing: /home/nithish/ROS/moveit2_ws/install/yolov8_obb_msgs/lib/libyolov8_obb_msgs__rosidl_generator_c.so
[4.257s] -- Set non-toolchain portion of runtime path of "/home/nithish/ROS/moveit2_ws/install/yolov8_obb_msgs/lib/libyolov8_obb_msgs__rosidl_generator_c.so" to ""
[4.257s] -- Up-to-date: /home/nithish/ROS/moveit2_ws/install/yolov8_obb_msgs/include/yolov8_obb_msgs/yolov8_obb_msgs
[4.257s] -- Up-to-date: /home/nithish/ROS/moveit2_ws/install/yolov8_obb_msgs/include/yolov8_obb_msgs/yolov8_obb_msgs/msg
[4.257s] -- Installing: /home/nithish/ROS/moveit2_ws/install/yolov8_obb_msgs/include/yolov8_obb_msgs/yolov8_obb_msgs/msg/rosidl_typesupport_fastrtps_c__visibility_control.h
[4.257s] -- Up-to-date: /home/nithish/ROS/moveit2_ws/install/yolov8_obb_msgs/include/yolov8_obb_msgs/yolov8_obb_msgs/msg/detail
[4.257s] -- Installing: /home/nithish/ROS/moveit2_ws/install/yolov8_obb_msgs/include/yolov8_obb_msgs/yolov8_obb_msgs/msg/detail/inference_result__rosidl_typesupport_fastrtps_c.h
[4.257s] -- Installing: /home/nithish/ROS/moveit2_ws/install/yolov8_obb_msgs/include/yolov8_obb_msgs/yolov8_obb_msgs/msg/detail/yolov8_inference__rosidl_typesupport_fastrtps_c.h
[4.257s] -- Installing: /home/nithish/ROS/moveit2_ws/install/yolov8_obb_msgs/lib/libyolov8_obb_msgs__rosidl_typesupport_fastrtps_c.so
[4.257s] -- Set non-toolchain portion of runtime path of "/home/nithish/ROS/moveit2_ws/install/yolov8_obb_msgs/lib/libyolov8_obb_msgs__rosidl_typesupport_fastrtps_c.so" to ""
[4.257s] -- Up-to-date: /home/nithish/ROS/moveit2_ws/install/yolov8_obb_msgs/include/yolov8_obb_msgs/yolov8_obb_msgs
[4.258s] -- Up-to-date: /home/nithish/ROS/moveit2_ws/install/yolov8_obb_msgs/include/yolov8_obb_msgs/yolov8_obb_msgs/msg
[4.258s] -- Installing: /home/nithish/ROS/moveit2_ws/install/yolov8_obb_msgs/include/yolov8_obb_msgs/yolov8_obb_msgs/msg/inference_result.hpp
[4.258s] -- Installing: /home/nithish/ROS/moveit2_ws/install/yolov8_obb_msgs/include/yolov8_obb_msgs/yolov8_obb_msgs/msg/rosidl_generator_cpp__visibility_control.hpp
[4.258s] -- Up-to-date: /home/nithish/ROS/moveit2_ws/install/yolov8_obb_msgs/include/yolov8_obb_msgs/yolov8_obb_msgs/msg/detail
[4.258s] -- Installing: /home/nithish/ROS/moveit2_ws/install/yolov8_obb_msgs/include/yolov8_obb_msgs/yolov8_obb_msgs/msg/detail/yolov8_inference__type_support.hpp
[4.258s] -- Installing: /home/nithish/ROS/moveit2_ws/install/yolov8_obb_msgs/include/yolov8_obb_msgs/yolov8_obb_msgs/msg/detail/yolov8_inference__traits.hpp
[4.258s] -- Installing: /home/nithish/ROS/moveit2_ws/install/yolov8_obb_msgs/include/yolov8_obb_msgs/yolov8_obb_msgs/msg/detail/yolov8_inference__builder.hpp
[4.258s] -- Installing: /home/nithish/ROS/moveit2_ws/install/yolov8_obb_msgs/include/yolov8_obb_msgs/yolov8_obb_msgs/msg/detail/yolov8_inference__struct.hpp
[4.258s] -- Installing: /home/nithish/ROS/moveit2_ws/install/yolov8_obb_msgs/include/yolov8_obb_msgs/yolov8_obb_msgs/msg/detail/inference_result__traits.hpp
[4.258s] -- Installing: /home/nithish/ROS/moveit2_ws/install/yolov8_obb_msgs/include/yolov8_obb_msgs/yolov8_obb_msgs/msg/detail/inference_result__struct.hpp
[4.258s] -- Installing: /home/nithish/ROS/moveit2_ws/install/yolov8_obb_msgs/include/yolov8_obb_msgs/yolov8_obb_msgs/msg/detail/inference_result__builder.hpp
[4.258s] -- Installing: /home/nithish/ROS/moveit2_ws/install/yolov8_obb_msgs/include/yolov8_obb_msgs/yolov8_obb_msgs/msg/detail/inference_result__type_support.hpp
[4.258s] -- Installing: /home/nithish/ROS/moveit2_ws/install/yolov8_obb_msgs/include/yolov8_obb_msgs/yolov8_obb_msgs/msg/yolov8_inference.hpp
[4.258s] -- Up-to-date: /home/nithish/ROS/moveit2_ws/install/yolov8_obb_msgs/include/yolov8_obb_msgs/yolov8_obb_msgs
[4.258s] -- Up-to-date: /home/nithish/ROS/moveit2_ws/install/yolov8_obb_msgs/include/yolov8_obb_msgs/yolov8_obb_msgs/msg
[4.258s] -- Installing: /home/nithish/ROS/moveit2_ws/install/yolov8_obb_msgs/include/yolov8_obb_msgs/yolov8_obb_msgs/msg/rosidl_typesupport_fastrtps_cpp__visibility_control.h
[4.258s] -- Up-to-date: /home/nithish/ROS/moveit2_ws/install/yolov8_obb_msgs/include/yolov8_obb_msgs/yolov8_obb_msgs/msg/detail
[4.258s] -- Installing: /home/nithish/ROS/moveit2_ws/install/yolov8_obb_msgs/include/yolov8_obb_msgs/yolov8_obb_msgs/msg/detail/yolov8_inference__rosidl_typesupport_fastrtps_cpp.hpp
[4.258s] -- Installing: /home/nithish/ROS/moveit2_ws/install/yolov8_obb_msgs/include/yolov8_obb_msgs/yolov8_obb_msgs/msg/detail/inference_result__rosidl_typesupport_fastrtps_cpp.hpp
[4.258s] -- Installing: /home/nithish/ROS/moveit2_ws/install/yolov8_obb_msgs/include/yolov8_obb_msgs/yolov8_obb_msgs/msg/detail/dds_fastrtps
[4.259s] -- Installing: /home/nithish/ROS/moveit2_ws/install/yolov8_obb_msgs/lib/libyolov8_obb_msgs__rosidl_typesupport_fastrtps_cpp.so
[4.259s] -- Set non-toolchain portion of runtime path of "/home/nithish/ROS/moveit2_ws/install/yolov8_obb_msgs/lib/libyolov8_obb_msgs__rosidl_typesupport_fastrtps_cpp.so" to ""
[4.259s] -- Up-to-date: /home/nithish/ROS/moveit2_ws/install/yolov8_obb_msgs/include/yolov8_obb_msgs/yolov8_obb_msgs
[4.259s] -- Up-to-date: /home/nithish/ROS/moveit2_ws/install/yolov8_obb_msgs/include/yolov8_obb_msgs/yolov8_obb_msgs/msg
[4.259s] -- Installing: /home/nithish/ROS/moveit2_ws/install/yolov8_obb_msgs/include/yolov8_obb_msgs/yolov8_obb_msgs/msg/rosidl_typesupport_introspection_c__visibility_control.h
[4.259s] -- Up-to-date: /home/nithish/ROS/moveit2_ws/install/yolov8_obb_msgs/include/yolov8_obb_msgs/yolov8_obb_msgs/msg/detail
[4.259s] -- Up-to-date: /home/nithish/ROS/moveit2_ws/install/yolov8_obb_msgs/include/yolov8_obb_msgs/yolov8_obb_msgs/msg/detail/yolov8_inference__type_support.c
[4.259s] -- Installing: /home/nithish/ROS/moveit2_ws/install/yolov8_obb_msgs/include/yolov8_obb_msgs/yolov8_obb_msgs/msg/detail/inference_result__rosidl_typesupport_introspection_c.h
[4.259s] -- Up-to-date: /home/nithish/ROS/moveit2_ws/install/yolov8_obb_msgs/include/yolov8_obb_msgs/yolov8_obb_msgs/msg/detail/inference_result__type_support.c
[4.259s] -- Installing: /home/nithish/ROS/moveit2_ws/install/yolov8_obb_msgs/include/yolov8_obb_msgs/yolov8_obb_msgs/msg/detail/yolov8_inference__rosidl_typesupport_introspection_c.h
[4.259s] -- Installing: /home/nithish/ROS/moveit2_ws/install/yolov8_obb_msgs/lib/libyolov8_obb_msgs__rosidl_typesupport_introspection_c.so
[4.259s] -- Set non-toolchain portion of runtime path of "/home/nithish/ROS/moveit2_ws/install/yolov8_obb_msgs/lib/libyolov8_obb_msgs__rosidl_typesupport_introspection_c.so" to ""
[4.259s] -- Installing: /home/nithish/ROS/moveit2_ws/install/yolov8_obb_msgs/lib/libyolov8_obb_msgs__rosidl_typesupport_c.so
[4.259s] -- Set non-toolchain portion of runtime path of "/home/nithish/ROS/moveit2_ws/install/yolov8_obb_msgs/lib/libyolov8_obb_msgs__rosidl_typesupport_c.so" to ""
[4.259s] -- Up-to-date: /home/nithish/ROS/moveit2_ws/install/yolov8_obb_msgs/include/yolov8_obb_msgs/yolov8_obb_msgs
[4.260s] -- Up-to-date: /home/nithish/ROS/moveit2_ws/install/yolov8_obb_msgs/include/yolov8_obb_msgs/yolov8_obb_msgs/msg
[4.260s] -- Up-to-date: /home/nithish/ROS/moveit2_ws/install/yolov8_obb_msgs/include/yolov8_obb_msgs/yolov8_obb_msgs/msg/detail
[4.260s] -- Installing: /home/nithish/ROS/moveit2_ws/install/yolov8_obb_msgs/include/yolov8_obb_msgs/yolov8_obb_msgs/msg/detail/inference_result__type_support.cpp
[4.260s] -- Installing: /home/nithish/ROS/moveit2_ws/install/yolov8_obb_msgs/include/yolov8_obb_msgs/yolov8_obb_msgs/msg/detail/inference_result__rosidl_typesupport_introspection_cpp.hpp
[4.260s] -- Installing: /home/nithish/ROS/moveit2_ws/install/yolov8_obb_msgs/include/yolov8_obb_msgs/yolov8_obb_msgs/msg/detail/yolov8_inference__rosidl_typesupport_introspection_cpp.hpp
[4.260s] -- Installing: /home/nithish/ROS/moveit2_ws/install/yolov8_obb_msgs/include/yolov8_obb_msgs/yolov8_obb_msgs/msg/detail/yolov8_inference__type_support.cpp
[4.260s] -- Installing: /home/nithish/ROS/moveit2_ws/install/yolov8_obb_msgs/lib/libyolov8_obb_msgs__rosidl_typesupport_introspection_cpp.so
[4.260s] -- Set non-toolchain portion of runtime path of "/home/nithish/ROS/moveit2_ws/install/yolov8_obb_msgs/lib/libyolov8_obb_msgs__rosidl_typesupport_introspection_cpp.so" to ""
[4.260s] -- Installing: /home/nithish/ROS/moveit2_ws/install/yolov8_obb_msgs/lib/libyolov8_obb_msgs__rosidl_typesupport_cpp.so
[4.260s] -- Set non-toolchain portion of runtime path of "/home/nithish/ROS/moveit2_ws/install/yolov8_obb_msgs/lib/libyolov8_obb_msgs__rosidl_typesupport_cpp.so" to ""
[4.260s] -- Installing: /home/nithish/ROS/moveit2_ws/install/yolov8_obb_msgs/share/yolov8_obb_msgs/environment/pythonpath.sh
[4.260s] -- Installing: /home/nithish/ROS/moveit2_ws/install/yolov8_obb_msgs/share/yolov8_obb_msgs/environment/pythonpath.dsv
[4.260s] -- Installing: /home/nithish/ROS/moveit2_ws/install/yolov8_obb_msgs/lib/python3.12/site-packages/yolov8_obb_msgs-0.0.0-py3.12.egg-info
[4.260s] -- Installing: /home/nithish/ROS/moveit2_ws/install/yolov8_obb_msgs/lib/python3.12/site-packages/yolov8_obb_msgs-0.0.0-py3.12.egg-info/SOURCES.txt
[4.260s] -- Installing: /home/nithish/ROS/moveit2_ws/install/yolov8_obb_msgs/lib/python3.12/site-packages/yolov8_obb_msgs-0.0.0-py3.12.egg-info/PKG-INFO
[4.260s] -- Installing: /home/nithish/ROS/moveit2_ws/install/yolov8_obb_msgs/lib/python3.12/site-packages/yolov8_obb_msgs-0.0.0-py3.12.egg-info/dependency_links.txt
[4.260s] -- Installing: /home/nithish/ROS/moveit2_ws/install/yolov8_obb_msgs/lib/python3.12/site-packages/yolov8_obb_msgs-0.0.0-py3.12.egg-info/top_level.txt
[4.260s] -- Installing: /home/nithish/ROS/moveit2_ws/install/yolov8_obb_msgs/lib/python3.12/site-packages/yolov8_obb_msgs
[4.260s] -- Installing: /home/nithish/ROS/moveit2_ws/install/yolov8_obb_msgs/lib/python3.12/site-packages/yolov8_obb_msgs/_yolov8_obb_msgs_s.ep.rosidl_typesupport_fastrtps_c.c
[4.260s] -- Installing: /home/nithish/ROS/moveit2_ws/install/yolov8_obb_msgs/lib/python3.12/site-packages/yolov8_obb_msgs/_yolov8_obb_msgs_s.ep.rosidl_typesupport_introspection_c.c
[4.261s] -- Installing: /home/nithish/ROS/moveit2_ws/install/yolov8_obb_msgs/lib/python3.12/site-packages/yolov8_obb_msgs/yolov8_obb_msgs_s__rosidl_typesupport_c.so
[4.261s] -- Installing: /home/nithish/ROS/moveit2_ws/install/yolov8_obb_msgs/lib/python3.12/site-packages/yolov8_obb_msgs/yolov8_obb_msgs_s__rosidl_typesupport_introspection_c.so
[4.261s] -- Installing: /home/nithish/ROS/moveit2_ws/install/yolov8_obb_msgs/lib/python3.12/site-packages/yolov8_obb_msgs/__init__.py
[4.261s] -- Installing: /home/nithish/ROS/moveit2_ws/install/yolov8_obb_msgs/lib/python3.12/site-packages/yolov8_obb_msgs/yolov8_obb_msgs_s__rosidl_typesupport_fastrtps_c.so
[4.261s] -- Installing: /home/nithish/ROS/moveit2_ws/install/yolov8_obb_msgs/lib/python3.12/site-packages/yolov8_obb_msgs/_yolov8_obb_msgs_s.ep.rosidl_typesupport_c.c
[4.261s] -- Installing: /home/nithish/ROS/moveit2_ws/install/yolov8_obb_msgs/lib/python3.12/site-packages/yolov8_obb_msgs/msg
[4.261s] -- Installing: /home/nithish/ROS/moveit2_ws/install/yolov8_obb_msgs/lib/python3.12/site-packages/yolov8_obb_msgs/msg/_yolov8_inference.py
[4.261s] -- Installing: /home/nithish/ROS/moveit2_ws/install/yolov8_obb_msgs/lib/python3.12/site-packages/yolov8_obb_msgs/msg/_yolov8_inference_s.c
[4.261s] -- Installing: /home/nithish/ROS/moveit2_ws/install/yolov8_obb_msgs/lib/python3.12/site-packages/yolov8_obb_msgs/msg/_inference_result_s.c
[4.261s] -- Installing: /home/nithish/ROS/moveit2_ws/install/yolov8_obb_msgs/lib/python3.12/site-packages/yolov8_obb_msgs/msg/__init__.py
[4.261s] -- Installing: /home/nithish/ROS/moveit2_ws/install/yolov8_obb_msgs/lib/python3.12/site-packages/yolov8_obb_msgs/msg/_inference_result.py
[4.290s] Listing '/home/nithish/ROS/moveit2_ws/install/yolov8_obb_msgs/lib/python3.12/site-packages/yolov8_obb_msgs'...
[4.290s] Compiling '/home/nithish/ROS/moveit2_ws/install/yolov8_obb_msgs/lib/python3.12/site-packages/yolov8_obb_msgs/__init__.py'...
[4.290s] Listing '/home/nithish/ROS/moveit2_ws/install/yolov8_obb_msgs/lib/python3.12/site-packages/yolov8_obb_msgs/msg'...
[4.290s] Compiling '/home/nithish/ROS/moveit2_ws/install/yolov8_obb_msgs/lib/python3.12/site-packages/yolov8_obb_msgs/msg/__init__.py'...
[4.290s] Compiling '/home/nithish/ROS/moveit2_ws/install/yolov8_obb_msgs/lib/python3.12/site-packages/yolov8_obb_msgs/msg/_inference_result.py'...
[4.290s] Compiling '/home/nithish/ROS/moveit2_ws/install/yolov8_obb_msgs/lib/python3.12/site-packages/yolov8_obb_msgs/msg/_yolov8_inference.py'...
[4.294s] -- Installing: /home/nithish/ROS/moveit2_ws/install/yolov8_obb_msgs/lib/python3.12/site-packages/yolov8_obb_msgs/yolov8_obb_msgs_s__rosidl_typesupport_fastrtps_c.so
[4.294s] -- Set non-toolchain portion of runtime path of "/home/nithish/ROS/moveit2_ws/install/yolov8_obb_msgs/lib/python3.12/site-packages/yolov8_obb_msgs/yolov8_obb_msgs_s__rosidl_typesupport_fastrtps_c.so" to ""
[4.295s] -- Installing: /home/nithish/ROS/moveit2_ws/install/yolov8_obb_msgs/lib/python3.12/site-packages/yolov8_obb_msgs/yolov8_obb_msgs_s__rosidl_typesupport_introspection_c.so
[4.295s] -- Set non-toolchain portion of runtime path of "/home/nithish/ROS/moveit2_ws/install/yolov8_obb_msgs/lib/python3.12/site-packages/yolov8_obb_msgs/yolov8_obb_msgs_s__rosidl_typesupport_introspection_c.so" to ""
[4.295s] -- Installing: /home/nithish/ROS/moveit2_ws/install/yolov8_obb_msgs/lib/python3.12/site-packages/yolov8_obb_msgs/yolov8_obb_msgs_s__rosidl_typesupport_c.so
[4.295s] -- Set non-toolchain portion of runtime path of "/home/nithish/ROS/moveit2_ws/install/yolov8_obb_msgs/lib/python3.12/site-packages/yolov8_obb_msgs/yolov8_obb_msgs_s__rosidl_typesupport_c.so" to ""
[4.295s] -- Installing: /home/nithish/ROS/moveit2_ws/install/yolov8_obb_msgs/lib/libyolov8_obb_msgs__rosidl_generator_py.so
[4.295s] -- Set non-toolchain portion of runtime path of "/home/nithish/ROS/moveit2_ws/install/yolov8_obb_msgs/lib/libyolov8_obb_msgs__rosidl_generator_py.so" to ""
[4.295s] -- Installing: /home/nithish/ROS/moveit2_ws/install/yolov8_obb_msgs/share/yolov8_obb_msgs/msg/InferenceResult.idl
[4.295s] -- Installing: /home/nithish/ROS/moveit2_ws/install/yolov8_obb_msgs/share/yolov8_obb_msgs/msg/Yolov8Inference.idl
[4.295s] -- Installing: /home/nithish/ROS/moveit2_ws/install/yolov8_obb_msgs/share/yolov8_obb_msgs/msg/InferenceResult.msg
[4.295s] -- Installing: /home/nithish/ROS/moveit2_ws/install/yolov8_obb_msgs/share/yolov8_obb_msgs/msg/Yolov8Inference.msg
[4.296s] -- Installing: /home/nithish/ROS/moveit2_ws/install/yolov8_obb_msgs/share/ament_index/resource_index/package_run_dependencies/yolov8_obb_msgs
[4.296s] -- Installing: /home/nithish/ROS/moveit2_ws/install/yolov8_obb_msgs/share/ament_index/resource_index/parent_prefix_path/yolov8_obb_msgs
[4.296s] -- Installing: /home/nithish/ROS/moveit2_ws/install/yolov8_obb_msgs/share/yolov8_obb_msgs/environment/ament_prefix_path.sh
[4.296s] -- Installing: /home/nithish/ROS/moveit2_ws/install/yolov8_obb_msgs/share/yolov8_obb_msgs/environment/ament_prefix_path.dsv
[4.296s] -- Installing: /home/nithish/ROS/moveit2_ws/install/yolov8_obb_msgs/share/yolov8_obb_msgs/environment/path.sh
[4.296s] -- Installing: /home/nithish/ROS/moveit2_ws/install/yolov8_obb_msgs/share/yolov8_obb_msgs/environment/path.dsv
[4.296s] -- Installing: /home/nithish/ROS/moveit2_ws/install/yolov8_obb_msgs/share/yolov8_obb_msgs/local_setup.bash
[4.296s] -- Installing: /home/nithish/ROS/moveit2_ws/install/yolov8_obb_msgs/share/yolov8_obb_msgs/local_setup.sh
[4.296s] -- Installing: /home/nithish/ROS/moveit2_ws/install/yolov8_obb_msgs/share/yolov8_obb_msgs/local_setup.zsh
[4.296s] -- Installing: /home/nithish/ROS/moveit2_ws/install/yolov8_obb_msgs/share/yolov8_obb_msgs/local_setup.dsv
[4.296s] -- Installing: /home/nithish/ROS/moveit2_ws/install/yolov8_obb_msgs/share/yolov8_obb_msgs/package.dsv
[4.296s] -- Installing: /home/nithish/ROS/moveit2_ws/install/yolov8_obb_msgs/share/ament_index/resource_index/packages/yolov8_obb_msgs
[4.296s] -- Installing: /home/nithish/ROS/moveit2_ws/install/yolov8_obb_msgs/share/yolov8_obb_msgs/cmake/export_yolov8_obb_msgs__rosidl_generator_cExport.cmake
[4.296s] -- Installing: /home/nithish/ROS/moveit2_ws/install/yolov8_obb_msgs/share/yolov8_obb_msgs/cmake/export_yolov8_obb_msgs__rosidl_generator_cExport-noconfig.cmake
[4.296s] -- Installing: /home/nithish/ROS/moveit2_ws/install/yolov8_obb_msgs/share/yolov8_obb_msgs/cmake/export_yolov8_obb_msgs__rosidl_typesupport_fastrtps_cExport.cmake
[4.296s] -- Installing: /home/nithish/ROS/moveit2_ws/install/yolov8_obb_msgs/share/yolov8_obb_msgs/cmake/export_yolov8_obb_msgs__rosidl_typesupport_fastrtps_cExport-noconfig.cmake
[4.297s] -- Installing: /home/nithish/ROS/moveit2_ws/install/yolov8_obb_msgs/share/yolov8_obb_msgs/cmake/export_yolov8_obb_msgs__rosidl_generator_cppExport.cmake
[4.297s] -- Installing: /home/nithish/ROS/moveit2_ws/install/yolov8_obb_msgs/share/yolov8_obb_msgs/cmake/export_yolov8_obb_msgs__rosidl_typesupport_fastrtps_cppExport.cmake
[4.297s] -- Installing: /home/nithish/ROS/moveit2_ws/install/yolov8_obb_msgs/share/yolov8_obb_msgs/cmake/export_yolov8_obb_msgs__rosidl_typesupport_fastrtps_cppExport-noconfig.cmake
[4.297s] -- Installing: /home/nithish/ROS/moveit2_ws/install/yolov8_obb_msgs/share/yolov8_obb_msgs/cmake/yolov8_obb_msgs__rosidl_typesupport_introspection_cExport.cmake
[4.297s] -- Installing: /home/nithish/ROS/moveit2_ws/install/yolov8_obb_msgs/share/yolov8_obb_msgs/cmake/yolov8_obb_msgs__rosidl_typesupport_introspection_cExport-noconfig.cmake
[4.297s] -- Installing: /home/nithish/ROS/moveit2_ws/install/yolov8_obb_msgs/share/yolov8_obb_msgs/cmake/yolov8_obb_msgs__rosidl_typesupport_cExport.cmake
[4.297s] -- Installing: /home/nithish/ROS/moveit2_ws/install/yolov8_obb_msgs/share/yolov8_obb_msgs/cmake/yolov8_obb_msgs__rosidl_typesupport_cExport-noconfig.cmake
[4.297s] -- Installing: /home/nithish/ROS/moveit2_ws/install/yolov8_obb_msgs/share/yolov8_obb_msgs/cmake/yolov8_obb_msgs__rosidl_typesupport_introspection_cppExport.cmake
[4.297s] -- Installing: /home/nithish/ROS/moveit2_ws/install/yolov8_obb_msgs/share/yolov8_obb_msgs/cmake/yolov8_obb_msgs__rosidl_typesupport_introspection_cppExport-noconfig.cmake
[4.297s] -- Installing: /home/nithish/ROS/moveit2_ws/install/yolov8_obb_msgs/share/yolov8_obb_msgs/cmake/yolov8_obb_msgs__rosidl_typesupport_cppExport.cmake
[4.297s] -- Installing: /home/nithish/ROS/moveit2_ws/install/yolov8_obb_msgs/share/yolov8_obb_msgs/cmake/yolov8_obb_msgs__rosidl_typesupport_cppExport-noconfig.cmake
[4.297s] -- Installing: /home/nithish/ROS/moveit2_ws/install/yolov8_obb_msgs/share/yolov8_obb_msgs/cmake/export_yolov8_obb_msgs__rosidl_generator_pyExport.cmake
[4.297s] -- Installing: /home/nithish/ROS/moveit2_ws/install/yolov8_obb_msgs/share/yolov8_obb_msgs/cmake/export_yolov8_obb_msgs__rosidl_generator_pyExport-noconfig.cmake
[4.297s] -- Installing: /home/nithish/ROS/moveit2_ws/install/yolov8_obb_msgs/share/yolov8_obb_msgs/cmake/rosidl_cmake-extras.cmake
[4.298s] -- Installing: /home/nithish/ROS/moveit2_ws/install/yolov8_obb_msgs/share/yolov8_obb_msgs/cmake/ament_cmake_export_dependencies-extras.cmake
[4.298s] -- Installing: /home/nithish/ROS/moveit2_ws/install/yolov8_obb_msgs/share/yolov8_obb_msgs/cmake/ament_cmake_export_include_directories-extras.cmake
[4.298s] -- Installing: /home/nithish/ROS/moveit2_ws/install/yolov8_obb_msgs/share/yolov8_obb_msgs/cmake/ament_cmake_export_libraries-extras.cmake
[4.298s] -- Installing: /home/nithish/ROS/moveit2_ws/install/yolov8_obb_msgs/share/yolov8_obb_msgs/cmake/ament_cmake_export_targets-extras.cmake
[4.298s] -- Installing: /home/nithish/ROS/moveit2_ws/install/yolov8_obb_msgs/share/yolov8_obb_msgs/cmake/rosidl_cmake_export_typesupport_targets-extras.cmake
[4.298s] -- Installing: /home/nithish/ROS/moveit2_ws/install/yolov8_obb_msgs/share/yolov8_obb_msgs/cmake/rosidl_cmake_export_typesupport_libraries-extras.cmake
[4.298s] -- Installing: /home/nithish/ROS/moveit2_ws/install/yolov8_obb_msgs/share/yolov8_obb_msgs/cmake/yolov8_obb_msgsConfig.cmake
[4.298s] -- Installing: /home/nithish/ROS/moveit2_ws/install/yolov8_obb_msgs/share/yolov8_obb_msgs/cmake/yolov8_obb_msgsConfig-version.cmake
[4.298s] -- Installing: /home/nithish/ROS/moveit2_ws/install/yolov8_obb_msgs/share/yolov8_obb_msgs/package.xml
[4.300s] Invoked command in '/home/nithish/ROS/moveit2_ws/build/yolov8_obb_msgs' returned '0': CMAKE_PREFIX_PATH=${CMAKE_PREFIX_PATH}:/opt/ros/jazzy DEBUGINFOD_URLS=https://debuginfod.ubuntu.com /usr/bin/cmake --install /home/nithish/ROS/moveit2_ws/build/yolov8_obb_msgs
