[0.026s] Invoking command in '/home/nithish/ROS/moveit2_ws/build/moveit2_controller': CMAKE_PREFIX_PATH=${CMAKE_PREFIX_PATH}:/opt/ros/jazzy DEBUGINFOD_URLS=https://debuginfod.ubuntu.com /usr/bin/cmake /home/nithish/ROS/moveit2_ws/src/moveit2_controller -DCMAKE_INSTALL_PREFIX=/home/nithish/ROS/moveit2_ws/install/moveit2_controller
[0.121s] -- The C compiler identification is GNU 13.3.0
[0.196s] -- The CXX compiler identification is GNU 13.3.0
[0.232s] -- Detecting C compiler ABI info
[0.381s] -- Detecting C compiler ABI info - done
[0.396s] -- Check for working C compiler: /usr/bin/cc - skipped
[0.397s] -- Detecting C compile features
[0.398s] -- Detecting C compile features - done
[0.417s] -- Detecting CXX compiler ABI info
[0.594s] -- Detecting CXX compiler ABI info - done
[0.604s] -- Check for working CXX compiler: /usr/bin/c++ - skipped
[0.604s] -- Detecting CXX compile features
[0.605s] -- Detecting CXX compile features - done
[0.621s] -- Found ament_cmake: 2.5.4 (/opt/ros/jazzy/share/ament_cmake/cmake)
[0.871s] -- Found Python3: /usr/bin/python3 (found version "3.12.3") found components: Interpreter 
[1.068s] -- Found ament_lint_auto: 0.17.3 (/opt/ros/jazzy/share/ament_lint_auto/cmake)
[1.222s] -- Added test 'lint_cmake' to check CMake code style
[1.225s] -- Added test 'xmllint' to check XML markup files
[1.228s] -- Configuring done (1.2s)
[1.231s] -- Generating done (0.0s)
[1.233s] -- Build files have been written to: /home/nithish/ROS/moveit2_ws/build/moveit2_controller
[1.239s] Invoked command in '/home/nithish/ROS/moveit2_ws/build/moveit2_controller' returned '0': CMAKE_PREFIX_PATH=${CMAKE_PREFIX_PATH}:/opt/ros/jazzy DEBUGINFOD_URLS=https://debuginfod.ubuntu.com /usr/bin/cmake /home/nithish/ROS/moveit2_ws/src/moveit2_controller -DCMAKE_INSTALL_PREFIX=/home/nithish/ROS/moveit2_ws/install/moveit2_controller
[1.241s] Invoking command in '/home/nithish/ROS/moveit2_ws/build/moveit2_controller': CMAKE_PREFIX_PATH=${CMAKE_PREFIX_PATH}:/opt/ros/jazzy DEBUGINFOD_URLS=https://debuginfod.ubuntu.com /usr/bin/cmake --build /home/nithish/ROS/moveit2_ws/build/moveit2_controller -- -j8 -l8
[1.285s] Invoked command in '/home/nithish/ROS/moveit2_ws/build/moveit2_controller' returned '0': CMAKE_PREFIX_PATH=${CMAKE_PREFIX_PATH}:/opt/ros/jazzy DEBUGINFOD_URLS=https://debuginfod.ubuntu.com /usr/bin/cmake --build /home/nithish/ROS/moveit2_ws/build/moveit2_controller -- -j8 -l8
[1.297s] Invoking command in '/home/nithish/ROS/moveit2_ws/build/moveit2_controller': CMAKE_PREFIX_PATH=${CMAKE_PREFIX_PATH}:/opt/ros/jazzy DEBUGINFOD_URLS=https://debuginfod.ubuntu.com /usr/bin/cmake --install /home/nithish/ROS/moveit2_ws/build/moveit2_controller
[1.306s] -- Install configuration: ""
[1.306s] -- Installing: /home/nithish/ROS/moveit2_ws/install/moveit2_controller/share/moveit2_controller/config
[1.306s] -- Installing: /home/nithish/ROS/moveit2_ws/install/moveit2_controller/share/moveit2_controller/config/ros2_controllers.yaml
[1.306s] -- Installing: /home/nithish/ROS/moveit2_ws/install/moveit2_controller/share/ament_index/resource_index/package_run_dependencies/moveit2_controller
[1.306s] -- Installing: /home/nithish/ROS/moveit2_ws/install/moveit2_controller/share/ament_index/resource_index/parent_prefix_path/moveit2_controller
[1.307s] -- Installing: /home/nithish/ROS/moveit2_ws/install/moveit2_controller/share/moveit2_controller/environment/ament_prefix_path.sh
[1.307s] -- Installing: /home/nithish/ROS/moveit2_ws/install/moveit2_controller/share/moveit2_controller/environment/ament_prefix_path.dsv
[1.307s] -- Installing: /home/nithish/ROS/moveit2_ws/install/moveit2_controller/share/moveit2_controller/environment/path.sh
[1.307s] -- Installing: /home/nithish/ROS/moveit2_ws/install/moveit2_controller/share/moveit2_controller/environment/path.dsv
[1.307s] -- Installing: /home/nithish/ROS/moveit2_ws/install/moveit2_controller/share/moveit2_controller/local_setup.bash
[1.307s] -- Installing: /home/nithish/ROS/moveit2_ws/install/moveit2_controller/share/moveit2_controller/local_setup.sh
[1.307s] -- Installing: /home/nithish/ROS/moveit2_ws/install/moveit2_controller/share/moveit2_controller/local_setup.zsh
[1.308s] -- Installing: /home/nithish/ROS/moveit2_ws/install/moveit2_controller/share/moveit2_controller/local_setup.dsv
[1.308s] -- Installing: /home/nithish/ROS/moveit2_ws/install/moveit2_controller/share/moveit2_controller/package.dsv
[1.308s] -- Installing: /home/nithish/ROS/moveit2_ws/install/moveit2_controller/share/ament_index/resource_index/packages/moveit2_controller
[1.308s] -- Installing: /home/nithish/ROS/moveit2_ws/install/moveit2_controller/share/moveit2_controller/cmake/moveit2_controllerConfig.cmake
[1.308s] -- Installing: /home/nithish/ROS/moveit2_ws/install/moveit2_controller/share/moveit2_controller/cmake/moveit2_controllerConfig-version.cmake
[1.308s] -- Installing: /home/nithish/ROS/moveit2_ws/install/moveit2_controller/share/moveit2_controller/package.xml
[1.310s] Invoked command in '/home/nithish/ROS/moveit2_ws/build/moveit2_controller' returned '0': CMAKE_PREFIX_PATH=${CMAKE_PREFIX_PATH}:/opt/ros/jazzy DEBUGINFOD_URLS=https://debuginfod.ubuntu.com /usr/bin/cmake --install /home/nithish/ROS/moveit2_ws/build/moveit2_controller
