[0.021s] Invoking command in '/home/nithish/ROS/moveit2_ws/build/moveit2_moveit': CMAKE_PREFIX_PATH=${CMAKE_PREFIX_PATH}:/opt/ros/jazzy DEBUGINFOD_URLS=https://debuginfod.ubuntu.com PS1=(yolov8-env) \[\e]0;\u@\h: \w\a\]${debian_chroot:+($debian_chroot)}\[\033[01;32m\]\u@\h\[\033[00m\]:\[\033[01;34m\]\w\[\033[00m\]\$ VIRTUAL_ENV_PROMPT=(yolov8-env) /usr/bin/cmake --build /home/nithish/ROS/moveit2_ws/build/moveit2_moveit -- -j8 -l8
[0.063s] Invoked command in '/home/nithish/ROS/moveit2_ws/build/moveit2_moveit' returned '0': CMAKE_PREFIX_PATH=${CMAKE_PREFIX_PATH}:/opt/ros/jazzy DEBUGINFOD_URLS=https://debuginfod.ubuntu.com PS1=(yolov8-env) \[\e]0;\u@\h: \w\a\]${debian_chroot:+($debian_chroot)}\[\033[01;32m\]\u@\h\[\033[00m\]:\[\033[01;34m\]\w\[\033[00m\]\$ VIRTUAL_ENV_PROMPT=(yolov8-env) /usr/bin/cmake --build /home/nithish/ROS/moveit2_ws/build/moveit2_moveit -- -j8 -l8
[0.064s] Invoking command in '/home/nithish/ROS/moveit2_ws/build/moveit2_moveit': CMAKE_PREFIX_PATH=${CMAKE_PREFIX_PATH}:/opt/ros/jazzy DEBUGINFOD_URLS=https://debuginfod.ubuntu.com PS1=(yolov8-env) \[\e]0;\u@\h: \w\a\]${debian_chroot:+($debian_chroot)}\[\033[01;32m\]\u@\h\[\033[00m\]:\[\033[01;34m\]\w\[\033[00m\]\$ VIRTUAL_ENV_PROMPT=(yolov8-env) /usr/bin/cmake --install /home/nithish/ROS/moveit2_ws/build/moveit2_moveit
[0.080s] -- Install configuration: ""
[0.080s] -- Up-to-date: /home/nithish/ROS/moveit2_ws/install/moveit2_moveit/share/moveit2_moveit/config
[0.080s] -- Up-to-date: /home/nithish/ROS/moveit2_ws/install/moveit2_moveit/share/moveit2_moveit/config/moveit_controllers.yaml
[0.080s] -- Up-to-date: /home/nithish/ROS/moveit2_ws/install/moveit2_moveit/share/moveit2_moveit/config/sensors_kinect_depthmap.yaml
[0.080s] -- Up-to-date: /home/nithish/ROS/moveit2_ws/install/moveit2_moveit/share/moveit2_moveit/config/gripper_moveit_controllers.yaml
[0.080s] -- Up-to-date: /home/nithish/ROS/moveit2_ws/install/moveit2_moveit/share/moveit2_moveit/config/panda.srdf
[0.080s] -- Up-to-date: /home/nithish/ROS/moveit2_ws/install/moveit2_moveit/share/moveit2_moveit/config/motion_planning.rviz
[0.081s] -- Up-to-date: /home/nithish/ROS/moveit2_ws/install/moveit2_moveit/share/moveit2_moveit/config/trajopt_planning.yaml
[0.081s] -- Up-to-date: /home/nithish/ROS/moveit2_ws/install/moveit2_moveit/share/moveit2_moveit/config/joint_limits.yaml
[0.081s] -- Up-to-date: /home/nithish/ROS/moveit2_ws/install/moveit2_moveit/share/moveit2_moveit/config/kinematics.yaml
[0.081s] -- Up-to-date: /home/nithish/ROS/moveit2_ws/install/moveit2_moveit/share/moveit2_moveit/config/initial_positions.yaml
[0.081s] -- Up-to-date: /home/nithish/ROS/moveit2_ws/install/moveit2_moveit/share/moveit2_moveit/config/ompl_planning.yaml
[0.081s] -- Up-to-date: /home/nithish/ROS/moveit2_ws/install/moveit2_moveit/share/moveit2_moveit/config/sensors_kinect_pointcloud.yaml
[0.081s] -- Up-to-date: /home/nithish/ROS/moveit2_ws/install/moveit2_moveit/share/moveit2_moveit/config/controller_setting.yaml
[0.081s] -- Up-to-date: /home/nithish/ROS/moveit2_ws/install/moveit2_moveit/share/moveit2_moveit/config/pilz_cartesian_limits.yaml
[0.081s] -- Up-to-date: /home/nithish/ROS/moveit2_ws/install/moveit2_moveit/share/moveit2_moveit/config/lerp_planning.yaml
[0.081s] -- Up-to-date: /home/nithish/ROS/moveit2_ws/install/moveit2_moveit/share/moveit2_moveit/launch
[0.084s] -- Up-to-date: /home/nithish/ROS/moveit2_ws/install/moveit2_moveit/share/moveit2_moveit/launch/moveit.launch.py
[0.084s] -- Up-to-date: /home/nithish/ROS/moveit2_ws/install/moveit2_moveit/share/ament_index/resource_index/package_run_dependencies/moveit2_moveit
[0.084s] -- Up-to-date: /home/nithish/ROS/moveit2_ws/install/moveit2_moveit/share/ament_index/resource_index/parent_prefix_path/moveit2_moveit
[0.084s] -- Up-to-date: /home/nithish/ROS/moveit2_ws/install/moveit2_moveit/share/moveit2_moveit/environment/ament_prefix_path.sh
[0.084s] -- Up-to-date: /home/nithish/ROS/moveit2_ws/install/moveit2_moveit/share/moveit2_moveit/environment/ament_prefix_path.dsv
[0.084s] -- Up-to-date: /home/nithish/ROS/moveit2_ws/install/moveit2_moveit/share/moveit2_moveit/environment/path.sh
[0.084s] -- Up-to-date: /home/nithish/ROS/moveit2_ws/install/moveit2_moveit/share/moveit2_moveit/environment/path.dsv
[0.084s] -- Up-to-date: /home/nithish/ROS/moveit2_ws/install/moveit2_moveit/share/moveit2_moveit/local_setup.bash
[0.084s] -- Up-to-date: /home/nithish/ROS/moveit2_ws/install/moveit2_moveit/share/moveit2_moveit/local_setup.sh
[0.085s] -- Up-to-date: /home/nithish/ROS/moveit2_ws/install/moveit2_moveit/share/moveit2_moveit/local_setup.zsh
[0.085s] -- Up-to-date: /home/nithish/ROS/moveit2_ws/install/moveit2_moveit/share/moveit2_moveit/local_setup.dsv
[0.085s] -- Installing: /home/nithish/ROS/moveit2_ws/install/moveit2_moveit/share/moveit2_moveit/package.dsv
[0.085s] -- Up-to-date: /home/nithish/ROS/moveit2_ws/install/moveit2_moveit/share/ament_index/resource_index/packages/moveit2_moveit
[0.085s] -- Up-to-date: /home/nithish/ROS/moveit2_ws/install/moveit2_moveit/share/moveit2_moveit/cmake/moveit2_moveitConfig.cmake
[0.085s] -- Up-to-date: /home/nithish/ROS/moveit2_ws/install/moveit2_moveit/share/moveit2_moveit/cmake/moveit2_moveitConfig-version.cmake
[0.086s] -- Up-to-date: /home/nithish/ROS/moveit2_ws/install/moveit2_moveit/share/moveit2_moveit/package.xml
[0.130s] Invoked command in '/home/nithish/ROS/moveit2_ws/build/moveit2_moveit' returned '0': CMAKE_PREFIX_PATH=${CMAKE_PREFIX_PATH}:/opt/ros/jazzy DEBUGINFOD_URLS=https://debuginfod.ubuntu.com PS1=(yolov8-env) \[\e]0;\u@\h: \w\a\]${debian_chroot:+($debian_chroot)}\[\033[01;32m\]\u@\h\[\033[00m\]:\[\033[01;34m\]\w\[\033[00m\]\$ VIRTUAL_ENV_PROMPT=(yolov8-env) /usr/bin/cmake --install /home/nithish/ROS/moveit2_ws/build/moveit2_moveit
