[0.138s] DEBUG:colcon:Command line arguments: ['/usr/bin/colcon', 'build']
[0.138s] DEBUG:colcon:Parsed command line arguments: Namespace(log_base=None, log_level=None, verb_name='build', build_base='build', install_base='install', merge_install=False, symlink_install=False, test_result_base=None, continue_on_error=False, executor='parallel', parallel_workers=8, event_handlers=None, ignore_user_meta=False, metas=['./colcon.meta'], base_paths=['.'], packages_ignore=None, packages_ignore_regex=None, paths=None, packages_up_to=None, packages_up_to_regex=None, packages_above=None, packages_above_and_dependencies=None, packages_above_depth=None, packages_select_by_dep=None, packages_skip_by_dep=None, packages_skip_up_to=None, packages_select_build_failed=False, packages_skip_build_finished=False, packages_select_test_failures=False, packages_skip_test_passed=False, packages_select=None, packages_skip=None, packages_select_regex=None, packages_skip_regex=None, packages_start=None, packages_end=None, allow_overriding=[], cmake_args=None, cmake_target=None, cmake_target_skip_unavailable=False, cmake_clean_cache=False, cmake_clean_first=False, cmake_force_configure=False, ament_cmake_args=None, catkin_cmake_args=None, catkin_skip_building_tests=False, mixin_files=None, mixin=None, verb_parser=<colcon_mixin.mixin.mixin_argument.MixinArgumentDecorator object at 0x7568519f8e60>, verb_extension=<colcon_core.verb.build.BuildVerb object at 0x7568519f85f0>, main=<bound method BuildVerb.main of <colcon_core.verb.build.BuildVerb object at 0x7568519f85f0>>, mixin_verb=('build',))
[0.177s] Level 1:colcon.colcon_core.package_discovery:discover_packages(colcon_meta) check parameters
[0.178s] Level 1:colcon.colcon_core.package_discovery:discover_packages(recursive) check parameters
[0.178s] Level 1:colcon.colcon_core.package_discovery:discover_packages(ignore) check parameters
[0.178s] Level 1:colcon.colcon_core.package_discovery:discover_packages(path) check parameters
[0.178s] Level 1:colcon.colcon_core.package_discovery:discover_packages(colcon_meta) discover
[0.178s] Level 1:colcon.colcon_core.package_discovery:discover_packages(recursive) discover
[0.178s] INFO:colcon.colcon_core.package_discovery:Crawling recursively for packages in '/home/nithish/ROS/moveit2_ws'
[0.178s] Level 1:colcon.colcon_core.package_identification:_identify(.) by extensions ['ignore', 'ignore_ament_install']
[0.179s] Level 1:colcon.colcon_core.package_identification:_identify(.) by extension 'ignore'
[0.179s] Level 1:colcon.colcon_core.package_identification:_identify(.) by extension 'ignore_ament_install'
[0.179s] Level 1:colcon.colcon_core.package_identification:_identify(.) by extensions ['colcon_pkg']
[0.179s] Level 1:colcon.colcon_core.package_identification:_identify(.) by extension 'colcon_pkg'
[0.179s] Level 1:colcon.colcon_core.package_identification:_identify(.) by extensions ['colcon_meta']
[0.179s] Level 1:colcon.colcon_core.package_identification:_identify(.) by extension 'colcon_meta'
[0.179s] Level 1:colcon.colcon_core.package_identification:_identify(.) by extensions ['ros']
[0.179s] Level 1:colcon.colcon_core.package_identification:_identify(.) by extension 'ros'
[0.207s] Level 1:colcon.colcon_core.package_identification:_identify(.) by extensions ['cmake', 'python']
[0.207s] Level 1:colcon.colcon_core.package_identification:_identify(.) by extension 'cmake'
[0.207s] Level 1:colcon.colcon_core.package_identification:_identify(.) by extension 'python'
[0.207s] Level 1:colcon.colcon_core.package_identification:_identify(.) by extensions ['python_setup_py']
[0.207s] Level 1:colcon.colcon_core.package_identification:_identify(.) by extension 'python_setup_py'
[0.207s] Level 1:colcon.colcon_core.package_identification:_identify(build) by extensions ['ignore', 'ignore_ament_install']
[0.207s] Level 1:colcon.colcon_core.package_identification:_identify(build) by extension 'ignore'
[0.207s] Level 1:colcon.colcon_core.package_identification:_identify(build) ignored
[0.207s] Level 1:colcon.colcon_core.package_identification:_identify(install) by extensions ['ignore', 'ignore_ament_install']
[0.207s] Level 1:colcon.colcon_core.package_identification:_identify(install) by extension 'ignore'
[0.207s] Level 1:colcon.colcon_core.package_identification:_identify(install) ignored
[0.208s] Level 1:colcon.colcon_core.package_identification:_identify(log) by extensions ['ignore', 'ignore_ament_install']
[0.208s] Level 1:colcon.colcon_core.package_identification:_identify(log) by extension 'ignore'
[0.208s] Level 1:colcon.colcon_core.package_identification:_identify(log) ignored
[0.208s] Level 1:colcon.colcon_core.package_identification:_identify(src) by extensions ['ignore', 'ignore_ament_install']
[0.208s] Level 1:colcon.colcon_core.package_identification:_identify(src) by extension 'ignore'
[0.208s] Level 1:colcon.colcon_core.package_identification:_identify(src) by extension 'ignore_ament_install'
[0.208s] Level 1:colcon.colcon_core.package_identification:_identify(src) by extensions ['colcon_pkg']
[0.208s] Level 1:colcon.colcon_core.package_identification:_identify(src) by extension 'colcon_pkg'
[0.208s] Level 1:colcon.colcon_core.package_identification:_identify(src) by extensions ['colcon_meta']
[0.208s] Level 1:colcon.colcon_core.package_identification:_identify(src) by extension 'colcon_meta'
[0.208s] Level 1:colcon.colcon_core.package_identification:_identify(src) by extensions ['ros']
[0.208s] Level 1:colcon.colcon_core.package_identification:_identify(src) by extension 'ros'
[0.208s] Level 1:colcon.colcon_core.package_identification:_identify(src) by extensions ['cmake', 'python']
[0.208s] Level 1:colcon.colcon_core.package_identification:_identify(src) by extension 'cmake'
[0.208s] Level 1:colcon.colcon_core.package_identification:_identify(src) by extension 'python'
[0.208s] Level 1:colcon.colcon_core.package_identification:_identify(src) by extensions ['python_setup_py']
[0.208s] Level 1:colcon.colcon_core.package_identification:_identify(src) by extension 'python_setup_py'
[0.208s] Level 1:colcon.colcon_core.package_identification:_identify(src/moveit2_controller) by extensions ['ignore', 'ignore_ament_install']
[0.208s] Level 1:colcon.colcon_core.package_identification:_identify(src/moveit2_controller) by extension 'ignore'
[0.208s] Level 1:colcon.colcon_core.package_identification:_identify(src/moveit2_controller) by extension 'ignore_ament_install'
[0.208s] Level 1:colcon.colcon_core.package_identification:_identify(src/moveit2_controller) by extensions ['colcon_pkg']
[0.208s] Level 1:colcon.colcon_core.package_identification:_identify(src/moveit2_controller) by extension 'colcon_pkg'
[0.209s] Level 1:colcon.colcon_core.package_identification:_identify(src/moveit2_controller) by extensions ['colcon_meta']
[0.209s] Level 1:colcon.colcon_core.package_identification:_identify(src/moveit2_controller) by extension 'colcon_meta'
[0.209s] Level 1:colcon.colcon_core.package_identification:_identify(src/moveit2_controller) by extensions ['ros']
[0.209s] Level 1:colcon.colcon_core.package_identification:_identify(src/moveit2_controller) by extension 'ros'
[0.211s] DEBUG:colcon.colcon_core.package_identification:Package 'src/moveit2_controller' with type 'ros.ament_cmake' and name 'moveit2_controller'
[0.211s] Level 1:colcon.colcon_core.package_identification:_identify(src/moveit2_description) by extensions ['ignore', 'ignore_ament_install']
[0.211s] Level 1:colcon.colcon_core.package_identification:_identify(src/moveit2_description) by extension 'ignore'
[0.211s] Level 1:colcon.colcon_core.package_identification:_identify(src/moveit2_description) by extension 'ignore_ament_install'
[0.211s] Level 1:colcon.colcon_core.package_identification:_identify(src/moveit2_description) by extensions ['colcon_pkg']
[0.211s] Level 1:colcon.colcon_core.package_identification:_identify(src/moveit2_description) by extension 'colcon_pkg'
[0.211s] Level 1:colcon.colcon_core.package_identification:_identify(src/moveit2_description) by extensions ['colcon_meta']
[0.211s] Level 1:colcon.colcon_core.package_identification:_identify(src/moveit2_description) by extension 'colcon_meta'
[0.211s] Level 1:colcon.colcon_core.package_identification:_identify(src/moveit2_description) by extensions ['ros']
[0.211s] Level 1:colcon.colcon_core.package_identification:_identify(src/moveit2_description) by extension 'ros'
[0.212s] DEBUG:colcon.colcon_core.package_identification:Package 'src/moveit2_description' with type 'ros.ament_cmake' and name 'moveit2_description'
[0.212s] Level 1:colcon.colcon_core.package_identification:_identify(src/moveit2_moveit) by extensions ['ignore', 'ignore_ament_install']
[0.212s] Level 1:colcon.colcon_core.package_identification:_identify(src/moveit2_moveit) by extension 'ignore'
[0.212s] Level 1:colcon.colcon_core.package_identification:_identify(src/moveit2_moveit) by extension 'ignore_ament_install'
[0.212s] Level 1:colcon.colcon_core.package_identification:_identify(src/moveit2_moveit) by extensions ['colcon_pkg']
[0.212s] Level 1:colcon.colcon_core.package_identification:_identify(src/moveit2_moveit) by extension 'colcon_pkg'
[0.212s] Level 1:colcon.colcon_core.package_identification:_identify(src/moveit2_moveit) by extensions ['colcon_meta']
[0.212s] Level 1:colcon.colcon_core.package_identification:_identify(src/moveit2_moveit) by extension 'colcon_meta'
[0.212s] Level 1:colcon.colcon_core.package_identification:_identify(src/moveit2_moveit) by extensions ['ros']
[0.212s] Level 1:colcon.colcon_core.package_identification:_identify(src/moveit2_moveit) by extension 'ros'
[0.213s] DEBUG:colcon.colcon_core.package_identification:Package 'src/moveit2_moveit' with type 'ros.ament_cmake' and name 'moveit2_moveit'
[0.213s] Level 1:colcon.colcon_core.package_discovery:discover_packages(recursive) using defaults
[0.213s] Level 1:colcon.colcon_core.package_discovery:discover_packages(ignore) discover
[0.213s] Level 1:colcon.colcon_core.package_discovery:discover_packages(ignore) using defaults
[0.213s] Level 1:colcon.colcon_core.package_discovery:discover_packages(path) discover
[0.213s] Level 1:colcon.colcon_core.package_discovery:discover_packages(path) using defaults
[0.233s] Level 1:colcon.colcon_core.package_discovery:discover_packages(prefix_path) check parameters
[0.233s] Level 1:colcon.colcon_core.package_discovery:discover_packages(prefix_path) discover
[0.237s] DEBUG:colcon.colcon_installed_package_information.package_discovery:Found 529 installed packages in /opt/ros/jazzy
[0.239s] Level 1:colcon.colcon_core.package_discovery:discover_packages(prefix_path) using defaults
[0.324s] Level 5:colcon.colcon_core.verb:set package 'moveit2_controller' build argument 'cmake_args' from command line to 'None'
[0.324s] Level 5:colcon.colcon_core.verb:set package 'moveit2_controller' build argument 'cmake_target' from command line to 'None'
[0.324s] Level 5:colcon.colcon_core.verb:set package 'moveit2_controller' build argument 'cmake_target_skip_unavailable' from command line to 'False'
[0.324s] Level 5:colcon.colcon_core.verb:set package 'moveit2_controller' build argument 'cmake_clean_cache' from command line to 'False'
[0.324s] Level 5:colcon.colcon_core.verb:set package 'moveit2_controller' build argument 'cmake_clean_first' from command line to 'False'
[0.324s] Level 5:colcon.colcon_core.verb:set package 'moveit2_controller' build argument 'cmake_force_configure' from command line to 'False'
[0.324s] Level 5:colcon.colcon_core.verb:set package 'moveit2_controller' build argument 'ament_cmake_args' from command line to 'None'
[0.324s] Level 5:colcon.colcon_core.verb:set package 'moveit2_controller' build argument 'catkin_cmake_args' from command line to 'None'
[0.324s] Level 5:colcon.colcon_core.verb:set package 'moveit2_controller' build argument 'catkin_skip_building_tests' from command line to 'False'
[0.324s] DEBUG:colcon.colcon_core.verb:Building package 'moveit2_controller' with the following arguments: {'ament_cmake_args': None, 'build_base': '/home/nithish/ROS/moveit2_ws/build/moveit2_controller', 'catkin_cmake_args': None, 'catkin_skip_building_tests': False, 'cmake_args': None, 'cmake_clean_cache': False, 'cmake_clean_first': False, 'cmake_force_configure': False, 'cmake_target': None, 'cmake_target_skip_unavailable': False, 'install_base': '/home/nithish/ROS/moveit2_ws/install/moveit2_controller', 'merge_install': False, 'path': '/home/nithish/ROS/moveit2_ws/src/moveit2_controller', 'symlink_install': False, 'test_result_base': None}
[0.324s] Level 5:colcon.colcon_core.verb:set package 'moveit2_description' build argument 'cmake_args' from command line to 'None'
[0.324s] Level 5:colcon.colcon_core.verb:set package 'moveit2_description' build argument 'cmake_target' from command line to 'None'
[0.324s] Level 5:colcon.colcon_core.verb:set package 'moveit2_description' build argument 'cmake_target_skip_unavailable' from command line to 'False'
[0.324s] Level 5:colcon.colcon_core.verb:set package 'moveit2_description' build argument 'cmake_clean_cache' from command line to 'False'
[0.324s] Level 5:colcon.colcon_core.verb:set package 'moveit2_description' build argument 'cmake_clean_first' from command line to 'False'
[0.324s] Level 5:colcon.colcon_core.verb:set package 'moveit2_description' build argument 'cmake_force_configure' from command line to 'False'
[0.324s] Level 5:colcon.colcon_core.verb:set package 'moveit2_description' build argument 'ament_cmake_args' from command line to 'None'
[0.324s] Level 5:colcon.colcon_core.verb:set package 'moveit2_description' build argument 'catkin_cmake_args' from command line to 'None'
[0.324s] Level 5:colcon.colcon_core.verb:set package 'moveit2_description' build argument 'catkin_skip_building_tests' from command line to 'False'
[0.324s] DEBUG:colcon.colcon_core.verb:Building package 'moveit2_description' with the following arguments: {'ament_cmake_args': None, 'build_base': '/home/nithish/ROS/moveit2_ws/build/moveit2_description', 'catkin_cmake_args': None, 'catkin_skip_building_tests': False, 'cmake_args': None, 'cmake_clean_cache': False, 'cmake_clean_first': False, 'cmake_force_configure': False, 'cmake_target': None, 'cmake_target_skip_unavailable': False, 'install_base': '/home/nithish/ROS/moveit2_ws/install/moveit2_description', 'merge_install': False, 'path': '/home/nithish/ROS/moveit2_ws/src/moveit2_description', 'symlink_install': False, 'test_result_base': None}
[0.324s] Level 5:colcon.colcon_core.verb:set package 'moveit2_moveit' build argument 'cmake_args' from command line to 'None'
[0.324s] Level 5:colcon.colcon_core.verb:set package 'moveit2_moveit' build argument 'cmake_target' from command line to 'None'
[0.324s] Level 5:colcon.colcon_core.verb:set package 'moveit2_moveit' build argument 'cmake_target_skip_unavailable' from command line to 'False'
[0.324s] Level 5:colcon.colcon_core.verb:set package 'moveit2_moveit' build argument 'cmake_clean_cache' from command line to 'False'
[0.324s] Level 5:colcon.colcon_core.verb:set package 'moveit2_moveit' build argument 'cmake_clean_first' from command line to 'False'
[0.324s] Level 5:colcon.colcon_core.verb:set package 'moveit2_moveit' build argument 'cmake_force_configure' from command line to 'False'
[0.324s] Level 5:colcon.colcon_core.verb:set package 'moveit2_moveit' build argument 'ament_cmake_args' from command line to 'None'
[0.324s] Level 5:colcon.colcon_core.verb:set package 'moveit2_moveit' build argument 'catkin_cmake_args' from command line to 'None'
[0.324s] Level 5:colcon.colcon_core.verb:set package 'moveit2_moveit' build argument 'catkin_skip_building_tests' from command line to 'False'
[0.325s] DEBUG:colcon.colcon_core.verb:Building package 'moveit2_moveit' with the following arguments: {'ament_cmake_args': None, 'build_base': '/home/nithish/ROS/moveit2_ws/build/moveit2_moveit', 'catkin_cmake_args': None, 'catkin_skip_building_tests': False, 'cmake_args': None, 'cmake_clean_cache': False, 'cmake_clean_first': False, 'cmake_force_configure': False, 'cmake_target': None, 'cmake_target_skip_unavailable': False, 'install_base': '/home/nithish/ROS/moveit2_ws/install/moveit2_moveit', 'merge_install': False, 'path': '/home/nithish/ROS/moveit2_ws/src/moveit2_moveit', 'symlink_install': False, 'test_result_base': None}
[0.325s] INFO:colcon.colcon_core.executor:Executing jobs using 'parallel' executor
[0.326s] DEBUG:colcon.colcon_parallel_executor.executor.parallel:run_until_complete
[0.326s] INFO:colcon.colcon_ros.task.ament_cmake.build:Building ROS package in '/home/nithish/ROS/moveit2_ws/src/moveit2_controller' with build type 'ament_cmake'
[0.326s] INFO:colcon.colcon_cmake.task.cmake.build:Building CMake package in '/home/nithish/ROS/moveit2_ws/src/moveit2_controller'
[0.327s] INFO:colcon.colcon_core.plugin_system:Skipping extension 'colcon_core.shell.bat': Not used on non-Windows systems
[0.328s] INFO:colcon.colcon_core.shell:Skip shell extension 'powershell' for command environment: Not usable outside of PowerShell
[0.328s] DEBUG:colcon.colcon_core.shell:Skip shell extension 'dsv' for command environment
[0.332s] INFO:colcon.colcon_ros.task.ament_cmake.build:Building ROS package in '/home/nithish/ROS/moveit2_ws/src/moveit2_description' with build type 'ament_cmake'
[0.332s] INFO:colcon.colcon_cmake.task.cmake.build:Building CMake package in '/home/nithish/ROS/moveit2_ws/src/moveit2_description'
[0.333s] INFO:colcon.colcon_core.shell:Skip shell extension 'powershell' for command environment: Not usable outside of PowerShell
[0.333s] DEBUG:colcon.colcon_core.shell:Skip shell extension 'dsv' for command environment
[0.337s] INFO:colcon.colcon_ros.task.ament_cmake.build:Building ROS package in '/home/nithish/ROS/moveit2_ws/src/moveit2_moveit' with build type 'ament_cmake'
[0.338s] INFO:colcon.colcon_cmake.task.cmake.build:Building CMake package in '/home/nithish/ROS/moveit2_ws/src/moveit2_moveit'
[0.338s] INFO:colcon.colcon_core.shell:Skip shell extension 'powershell' for command environment: Not usable outside of PowerShell
[0.338s] DEBUG:colcon.colcon_core.shell:Skip shell extension 'dsv' for command environment
[0.346s] DEBUG:colcon.colcon_core.event_handler.log_command:Invoking command in '/home/nithish/ROS/moveit2_ws/build/moveit2_controller': CMAKE_PREFIX_PATH=${CMAKE_PREFIX_PATH}:/opt/ros/jazzy DEBUGINFOD_URLS=https://debuginfod.ubuntu.com /usr/bin/cmake --build /home/nithish/ROS/moveit2_ws/build/moveit2_controller -- -j8 -l8
[0.350s] DEBUG:colcon.colcon_core.event_handler.log_command:Invoking command in '/home/nithish/ROS/moveit2_ws/build/moveit2_description': CMAKE_PREFIX_PATH=${CMAKE_PREFIX_PATH}:/opt/ros/jazzy DEBUGINFOD_URLS=https://debuginfod.ubuntu.com /usr/bin/cmake --build /home/nithish/ROS/moveit2_ws/build/moveit2_description -- -j8 -l8
[0.360s] DEBUG:colcon.colcon_core.event_handler.log_command:Invoking command in '/home/nithish/ROS/moveit2_ws/build/moveit2_moveit': CMAKE_PREFIX_PATH=${CMAKE_PREFIX_PATH}:/opt/ros/jazzy DEBUGINFOD_URLS=https://debuginfod.ubuntu.com /usr/bin/cmake --build /home/nithish/ROS/moveit2_ws/build/moveit2_moveit -- -j8 -l8
[0.401s] DEBUG:colcon.colcon_core.event_handler.log_command:Invoked command in '/home/nithish/ROS/moveit2_ws/build/moveit2_controller' returned '0': CMAKE_PREFIX_PATH=${CMAKE_PREFIX_PATH}:/opt/ros/jazzy DEBUGINFOD_URLS=https://debuginfod.ubuntu.com /usr/bin/cmake --build /home/nithish/ROS/moveit2_ws/build/moveit2_controller -- -j8 -l8
[0.412s] DEBUG:colcon.colcon_core.event_handler.log_command:Invoking command in '/home/nithish/ROS/moveit2_ws/build/moveit2_controller': CMAKE_PREFIX_PATH=${CMAKE_PREFIX_PATH}:/opt/ros/jazzy DEBUGINFOD_URLS=https://debuginfod.ubuntu.com /usr/bin/cmake --install /home/nithish/ROS/moveit2_ws/build/moveit2_controller
[0.413s] DEBUG:colcon.colcon_core.event_handler.log_command:Invoked command in '/home/nithish/ROS/moveit2_ws/build/moveit2_description' returned '0': CMAKE_PREFIX_PATH=${CMAKE_PREFIX_PATH}:/opt/ros/jazzy DEBUGINFOD_URLS=https://debuginfod.ubuntu.com /usr/bin/cmake --build /home/nithish/ROS/moveit2_ws/build/moveit2_description -- -j8 -l8
[0.414s] DEBUG:colcon.colcon_core.event_handler.log_command:Invoking command in '/home/nithish/ROS/moveit2_ws/build/moveit2_description': CMAKE_PREFIX_PATH=${CMAKE_PREFIX_PATH}:/opt/ros/jazzy DEBUGINFOD_URLS=https://debuginfod.ubuntu.com /usr/bin/cmake --install /home/nithish/ROS/moveit2_ws/build/moveit2_description
[0.430s] Level 1:colcon.colcon_core.environment:create_environment_scripts_only(moveit2_controller)
[0.433s] Level 1:colcon.colcon_core.environment:checking '/home/nithish/ROS/moveit2_ws/install/moveit2_controller' for CMake module files
[0.435s] Level 1:colcon.colcon_core.environment:checking '/home/nithish/ROS/moveit2_ws/install/moveit2_controller' for CMake config files
[0.439s] DEBUG:colcon.colcon_core.event_handler.log_command:Invoked command in '/home/nithish/ROS/moveit2_ws/build/moveit2_controller' returned '0': CMAKE_PREFIX_PATH=${CMAKE_PREFIX_PATH}:/opt/ros/jazzy DEBUGINFOD_URLS=https://debuginfod.ubuntu.com /usr/bin/cmake --install /home/nithish/ROS/moveit2_ws/build/moveit2_controller
[0.439s] Level 1:colcon.colcon_core.shell:create_environment_hook('moveit2_controller', 'cmake_prefix_path')
[0.439s] INFO:colcon.colcon_core.shell:Creating environment hook '/home/nithish/ROS/moveit2_ws/install/moveit2_controller/share/moveit2_controller/hook/cmake_prefix_path.ps1'
[0.440s] INFO:colcon.colcon_core.shell:Creating environment descriptor '/home/nithish/ROS/moveit2_ws/install/moveit2_controller/share/moveit2_controller/hook/cmake_prefix_path.dsv'
[0.440s] INFO:colcon.colcon_core.shell:Creating environment hook '/home/nithish/ROS/moveit2_ws/install/moveit2_controller/share/moveit2_controller/hook/cmake_prefix_path.sh'
[0.441s] Level 1:colcon.colcon_core.environment:checking '/home/nithish/ROS/moveit2_ws/install/moveit2_controller/bin'
[0.441s] Level 1:colcon.colcon_core.environment:checking '/home/nithish/ROS/moveit2_ws/install/moveit2_controller/lib/pkgconfig/moveit2_controller.pc'
[0.441s] Level 1:colcon.colcon_core.environment:checking '/home/nithish/ROS/moveit2_ws/install/moveit2_controller/lib/python3.12/site-packages'
[0.442s] Level 1:colcon.colcon_core.environment:checking '/home/nithish/ROS/moveit2_ws/install/moveit2_controller/bin'
[0.442s] INFO:colcon.colcon_core.shell:Creating package script '/home/nithish/ROS/moveit2_ws/install/moveit2_controller/share/moveit2_controller/package.ps1'
[0.442s] INFO:colcon.colcon_core.shell:Creating package descriptor '/home/nithish/ROS/moveit2_ws/install/moveit2_controller/share/moveit2_controller/package.dsv'
[0.443s] INFO:colcon.colcon_core.shell:Creating package script '/home/nithish/ROS/moveit2_ws/install/moveit2_controller/share/moveit2_controller/package.sh'
[0.443s] INFO:colcon.colcon_core.shell:Creating package script '/home/nithish/ROS/moveit2_ws/install/moveit2_controller/share/moveit2_controller/package.bash'
[0.444s] INFO:colcon.colcon_core.shell:Creating package script '/home/nithish/ROS/moveit2_ws/install/moveit2_controller/share/moveit2_controller/package.zsh'
[0.444s] Level 1:colcon.colcon_core.environment:create_file_with_runtime_dependencies(/home/nithish/ROS/moveit2_ws/install/moveit2_controller/share/colcon-core/packages/moveit2_controller)
[0.445s] Level 1:colcon.colcon_core.environment:create_environment_scripts_only(moveit2_controller)
[0.445s] Level 1:colcon.colcon_core.environment:checking '/home/nithish/ROS/moveit2_ws/install/moveit2_controller' for CMake module files
[0.446s] Level 1:colcon.colcon_core.environment:checking '/home/nithish/ROS/moveit2_ws/install/moveit2_controller' for CMake config files
[0.446s] Level 1:colcon.colcon_core.shell:create_environment_hook('moveit2_controller', 'cmake_prefix_path')
[0.446s] INFO:colcon.colcon_core.shell:Creating environment hook '/home/nithish/ROS/moveit2_ws/install/moveit2_controller/share/moveit2_controller/hook/cmake_prefix_path.ps1'
[0.446s] INFO:colcon.colcon_core.shell:Creating environment descriptor '/home/nithish/ROS/moveit2_ws/install/moveit2_controller/share/moveit2_controller/hook/cmake_prefix_path.dsv'
[0.447s] INFO:colcon.colcon_core.shell:Creating environment hook '/home/nithish/ROS/moveit2_ws/install/moveit2_controller/share/moveit2_controller/hook/cmake_prefix_path.sh'
[0.448s] Level 1:colcon.colcon_core.environment:checking '/home/nithish/ROS/moveit2_ws/install/moveit2_controller/bin'
[0.448s] Level 1:colcon.colcon_core.environment:checking '/home/nithish/ROS/moveit2_ws/install/moveit2_controller/lib/pkgconfig/moveit2_controller.pc'
[0.448s] Level 1:colcon.colcon_core.environment:checking '/home/nithish/ROS/moveit2_ws/install/moveit2_controller/lib/python3.12/site-packages'
[0.448s] Level 1:colcon.colcon_core.environment:checking '/home/nithish/ROS/moveit2_ws/install/moveit2_controller/bin'
[0.449s] INFO:colcon.colcon_core.shell:Creating package script '/home/nithish/ROS/moveit2_ws/install/moveit2_controller/share/moveit2_controller/package.ps1'
[0.450s] INFO:colcon.colcon_core.shell:Creating package descriptor '/home/nithish/ROS/moveit2_ws/install/moveit2_controller/share/moveit2_controller/package.dsv'
[0.450s] INFO:colcon.colcon_core.shell:Creating package script '/home/nithish/ROS/moveit2_ws/install/moveit2_controller/share/moveit2_controller/package.sh'
[0.451s] INFO:colcon.colcon_core.shell:Creating package script '/home/nithish/ROS/moveit2_ws/install/moveit2_controller/share/moveit2_controller/package.bash'
[0.452s] INFO:colcon.colcon_core.shell:Creating package script '/home/nithish/ROS/moveit2_ws/install/moveit2_controller/share/moveit2_controller/package.zsh'
[0.452s] Level 1:colcon.colcon_core.environment:create_file_with_runtime_dependencies(/home/nithish/ROS/moveit2_ws/install/moveit2_controller/share/colcon-core/packages/moveit2_controller)
[0.453s] Level 1:colcon.colcon_core.environment:create_environment_scripts_only(moveit2_description)
[0.453s] Level 1:colcon.colcon_core.environment:checking '/home/nithish/ROS/moveit2_ws/install/moveit2_description' for CMake module files
[0.454s] Level 1:colcon.colcon_core.environment:checking '/home/nithish/ROS/moveit2_ws/install/moveit2_description' for CMake config files
[0.455s] DEBUG:colcon.colcon_core.event_handler.log_command:Invoked command in '/home/nithish/ROS/moveit2_ws/build/moveit2_description' returned '0': CMAKE_PREFIX_PATH=${CMAKE_PREFIX_PATH}:/opt/ros/jazzy DEBUGINFOD_URLS=https://debuginfod.ubuntu.com /usr/bin/cmake --install /home/nithish/ROS/moveit2_ws/build/moveit2_description
[0.455s] Level 1:colcon.colcon_core.shell:create_environment_hook('moveit2_description', 'cmake_prefix_path')
[0.455s] INFO:colcon.colcon_core.shell:Creating environment hook '/home/nithish/ROS/moveit2_ws/install/moveit2_description/share/moveit2_description/hook/cmake_prefix_path.ps1'
[0.456s] INFO:colcon.colcon_core.shell:Creating environment descriptor '/home/nithish/ROS/moveit2_ws/install/moveit2_description/share/moveit2_description/hook/cmake_prefix_path.dsv'
[0.457s] INFO:colcon.colcon_core.shell:Creating environment hook '/home/nithish/ROS/moveit2_ws/install/moveit2_description/share/moveit2_description/hook/cmake_prefix_path.sh'
[0.457s] Level 1:colcon.colcon_core.environment:checking '/home/nithish/ROS/moveit2_ws/install/moveit2_description/bin'
[0.457s] Level 1:colcon.colcon_core.environment:checking '/home/nithish/ROS/moveit2_ws/install/moveit2_description/lib/pkgconfig/moveit2_description.pc'
[0.458s] Level 1:colcon.colcon_core.environment:checking '/home/nithish/ROS/moveit2_ws/install/moveit2_description/lib/python3.12/site-packages'
[0.458s] Level 1:colcon.colcon_core.environment:checking '/home/nithish/ROS/moveit2_ws/install/moveit2_description/bin'
[0.458s] INFO:colcon.colcon_core.shell:Creating package script '/home/nithish/ROS/moveit2_ws/install/moveit2_description/share/moveit2_description/package.ps1'
[0.459s] INFO:colcon.colcon_core.shell:Creating package descriptor '/home/nithish/ROS/moveit2_ws/install/moveit2_description/share/moveit2_description/package.dsv'
[0.459s] INFO:colcon.colcon_core.shell:Creating package script '/home/nithish/ROS/moveit2_ws/install/moveit2_description/share/moveit2_description/package.sh'
[0.459s] INFO:colcon.colcon_core.shell:Creating package script '/home/nithish/ROS/moveit2_ws/install/moveit2_description/share/moveit2_description/package.bash'
[0.460s] INFO:colcon.colcon_core.shell:Creating package script '/home/nithish/ROS/moveit2_ws/install/moveit2_description/share/moveit2_description/package.zsh'
[0.460s] Level 1:colcon.colcon_core.environment:create_file_with_runtime_dependencies(/home/nithish/ROS/moveit2_ws/install/moveit2_description/share/colcon-core/packages/moveit2_description)
[0.461s] Level 1:colcon.colcon_core.environment:create_environment_scripts_only(moveit2_description)
[0.461s] Level 1:colcon.colcon_core.environment:checking '/home/nithish/ROS/moveit2_ws/install/moveit2_description' for CMake module files
[0.462s] Level 1:colcon.colcon_core.environment:checking '/home/nithish/ROS/moveit2_ws/install/moveit2_description' for CMake config files
[0.462s] Level 1:colcon.colcon_core.shell:create_environment_hook('moveit2_description', 'cmake_prefix_path')
[0.462s] INFO:colcon.colcon_core.shell:Creating environment hook '/home/nithish/ROS/moveit2_ws/install/moveit2_description/share/moveit2_description/hook/cmake_prefix_path.ps1'
[0.463s] INFO:colcon.colcon_core.shell:Creating environment descriptor '/home/nithish/ROS/moveit2_ws/install/moveit2_description/share/moveit2_description/hook/cmake_prefix_path.dsv'
[0.463s] INFO:colcon.colcon_core.shell:Creating environment hook '/home/nithish/ROS/moveit2_ws/install/moveit2_description/share/moveit2_description/hook/cmake_prefix_path.sh'
[0.465s] Level 1:colcon.colcon_core.environment:checking '/home/nithish/ROS/moveit2_ws/install/moveit2_description/bin'
[0.465s] Level 1:colcon.colcon_core.environment:checking '/home/nithish/ROS/moveit2_ws/install/moveit2_description/lib/pkgconfig/moveit2_description.pc'
[0.465s] Level 1:colcon.colcon_core.environment:checking '/home/nithish/ROS/moveit2_ws/install/moveit2_description/lib/python3.12/site-packages'
[0.465s] Level 1:colcon.colcon_core.environment:checking '/home/nithish/ROS/moveit2_ws/install/moveit2_description/bin'
[0.466s] INFO:colcon.colcon_core.shell:Creating package script '/home/nithish/ROS/moveit2_ws/install/moveit2_description/share/moveit2_description/package.ps1'
[0.467s] INFO:colcon.colcon_core.shell:Creating package descriptor '/home/nithish/ROS/moveit2_ws/install/moveit2_description/share/moveit2_description/package.dsv'
[0.467s] INFO:colcon.colcon_core.shell:Creating package script '/home/nithish/ROS/moveit2_ws/install/moveit2_description/share/moveit2_description/package.sh'
[0.468s] INFO:colcon.colcon_core.shell:Creating package script '/home/nithish/ROS/moveit2_ws/install/moveit2_description/share/moveit2_description/package.bash'
[0.469s] INFO:colcon.colcon_core.shell:Creating package script '/home/nithish/ROS/moveit2_ws/install/moveit2_description/share/moveit2_description/package.zsh'
[0.469s] Level 1:colcon.colcon_core.environment:create_file_with_runtime_dependencies(/home/nithish/ROS/moveit2_ws/install/moveit2_description/share/colcon-core/packages/moveit2_description)
[0.771s] DEBUG:colcon.colcon_core.event_handler.log_command:Invoked command in '/home/nithish/ROS/moveit2_ws/build/moveit2_moveit' returned '0': CMAKE_PREFIX_PATH=${CMAKE_PREFIX_PATH}:/opt/ros/jazzy DEBUGINFOD_URLS=https://debuginfod.ubuntu.com /usr/bin/cmake --build /home/nithish/ROS/moveit2_ws/build/moveit2_moveit -- -j8 -l8
[0.772s] DEBUG:colcon.colcon_core.event_handler.log_command:Invoking command in '/home/nithish/ROS/moveit2_ws/build/moveit2_moveit': CMAKE_PREFIX_PATH=${CMAKE_PREFIX_PATH}:/opt/ros/jazzy DEBUGINFOD_URLS=https://debuginfod.ubuntu.com /usr/bin/cmake --install /home/nithish/ROS/moveit2_ws/build/moveit2_moveit
[0.783s] Level 1:colcon.colcon_core.environment:create_environment_scripts_only(moveit2_moveit)
[0.783s] Level 1:colcon.colcon_core.environment:checking '/home/nithish/ROS/moveit2_ws/install/moveit2_moveit' for CMake module files
[0.784s] DEBUG:colcon.colcon_core.event_handler.log_command:Invoked command in '/home/nithish/ROS/moveit2_ws/build/moveit2_moveit' returned '0': CMAKE_PREFIX_PATH=${CMAKE_PREFIX_PATH}:/opt/ros/jazzy DEBUGINFOD_URLS=https://debuginfod.ubuntu.com /usr/bin/cmake --install /home/nithish/ROS/moveit2_ws/build/moveit2_moveit
[0.784s] Level 1:colcon.colcon_core.environment:checking '/home/nithish/ROS/moveit2_ws/install/moveit2_moveit' for CMake config files
[0.784s] Level 1:colcon.colcon_core.shell:create_environment_hook('moveit2_moveit', 'cmake_prefix_path')
[0.784s] INFO:colcon.colcon_core.shell:Creating environment hook '/home/nithish/ROS/moveit2_ws/install/moveit2_moveit/share/moveit2_moveit/hook/cmake_prefix_path.ps1'
[0.785s] INFO:colcon.colcon_core.shell:Creating environment descriptor '/home/nithish/ROS/moveit2_ws/install/moveit2_moveit/share/moveit2_moveit/hook/cmake_prefix_path.dsv'
[0.785s] INFO:colcon.colcon_core.shell:Creating environment hook '/home/nithish/ROS/moveit2_ws/install/moveit2_moveit/share/moveit2_moveit/hook/cmake_prefix_path.sh'
[0.786s] Level 1:colcon.colcon_core.environment:checking '/home/nithish/ROS/moveit2_ws/install/moveit2_moveit/bin'
[0.786s] Level 1:colcon.colcon_core.environment:checking '/home/nithish/ROS/moveit2_ws/install/moveit2_moveit/lib/pkgconfig/moveit2_moveit.pc'
[0.786s] Level 1:colcon.colcon_core.environment:checking '/home/nithish/ROS/moveit2_ws/install/moveit2_moveit/lib/python3.12/site-packages'
[0.786s] Level 1:colcon.colcon_core.environment:checking '/home/nithish/ROS/moveit2_ws/install/moveit2_moveit/bin'
[0.787s] INFO:colcon.colcon_core.shell:Creating package script '/home/nithish/ROS/moveit2_ws/install/moveit2_moveit/share/moveit2_moveit/package.ps1'
[0.787s] INFO:colcon.colcon_core.shell:Creating package descriptor '/home/nithish/ROS/moveit2_ws/install/moveit2_moveit/share/moveit2_moveit/package.dsv'
[0.787s] INFO:colcon.colcon_core.shell:Creating package script '/home/nithish/ROS/moveit2_ws/install/moveit2_moveit/share/moveit2_moveit/package.sh'
[0.788s] INFO:colcon.colcon_core.shell:Creating package script '/home/nithish/ROS/moveit2_ws/install/moveit2_moveit/share/moveit2_moveit/package.bash'
[0.788s] INFO:colcon.colcon_core.shell:Creating package script '/home/nithish/ROS/moveit2_ws/install/moveit2_moveit/share/moveit2_moveit/package.zsh'
[0.788s] Level 1:colcon.colcon_core.environment:create_file_with_runtime_dependencies(/home/nithish/ROS/moveit2_ws/install/moveit2_moveit/share/colcon-core/packages/moveit2_moveit)
[0.788s] Level 1:colcon.colcon_core.environment:create_environment_scripts_only(moveit2_moveit)
[0.788s] Level 1:colcon.colcon_core.environment:checking '/home/nithish/ROS/moveit2_ws/install/moveit2_moveit' for CMake module files
[0.789s] Level 1:colcon.colcon_core.environment:checking '/home/nithish/ROS/moveit2_ws/install/moveit2_moveit' for CMake config files
[0.789s] Level 1:colcon.colcon_core.shell:create_environment_hook('moveit2_moveit', 'cmake_prefix_path')
[0.789s] INFO:colcon.colcon_core.shell:Creating environment hook '/home/nithish/ROS/moveit2_ws/install/moveit2_moveit/share/moveit2_moveit/hook/cmake_prefix_path.ps1'
[0.789s] INFO:colcon.colcon_core.shell:Creating environment descriptor '/home/nithish/ROS/moveit2_ws/install/moveit2_moveit/share/moveit2_moveit/hook/cmake_prefix_path.dsv'
[0.789s] INFO:colcon.colcon_core.shell:Creating environment hook '/home/nithish/ROS/moveit2_ws/install/moveit2_moveit/share/moveit2_moveit/hook/cmake_prefix_path.sh'
[0.790s] Level 1:colcon.colcon_core.environment:checking '/home/nithish/ROS/moveit2_ws/install/moveit2_moveit/bin'
[0.790s] Level 1:colcon.colcon_core.environment:checking '/home/nithish/ROS/moveit2_ws/install/moveit2_moveit/lib/pkgconfig/moveit2_moveit.pc'
[0.790s] Level 1:colcon.colcon_core.environment:checking '/home/nithish/ROS/moveit2_ws/install/moveit2_moveit/lib/python3.12/site-packages'
[0.790s] Level 1:colcon.colcon_core.environment:checking '/home/nithish/ROS/moveit2_ws/install/moveit2_moveit/bin'
[0.790s] INFO:colcon.colcon_core.shell:Creating package script '/home/nithish/ROS/moveit2_ws/install/moveit2_moveit/share/moveit2_moveit/package.ps1'
[0.791s] INFO:colcon.colcon_core.shell:Creating package descriptor '/home/nithish/ROS/moveit2_ws/install/moveit2_moveit/share/moveit2_moveit/package.dsv'
[0.791s] INFO:colcon.colcon_core.shell:Creating package script '/home/nithish/ROS/moveit2_ws/install/moveit2_moveit/share/moveit2_moveit/package.sh'
[0.791s] INFO:colcon.colcon_core.shell:Creating package script '/home/nithish/ROS/moveit2_ws/install/moveit2_moveit/share/moveit2_moveit/package.bash'
[0.791s] INFO:colcon.colcon_core.shell:Creating package script '/home/nithish/ROS/moveit2_ws/install/moveit2_moveit/share/moveit2_moveit/package.zsh'
[0.792s] Level 1:colcon.colcon_core.environment:create_file_with_runtime_dependencies(/home/nithish/ROS/moveit2_ws/install/moveit2_moveit/share/colcon-core/packages/moveit2_moveit)
[0.792s] DEBUG:colcon.colcon_parallel_executor.executor.parallel:closing loop
[0.792s] DEBUG:colcon.colcon_parallel_executor.executor.parallel:loop closed
[0.792s] DEBUG:colcon.colcon_parallel_executor.executor.parallel:run_until_complete finished with '0'
[0.792s] DEBUG:colcon.colcon_core.event_reactor:joining thread
[0.797s] INFO:colcon.colcon_core.plugin_system:Skipping extension 'colcon_notification.desktop_notification.terminal_notifier': Not used on non-Darwin systems
[0.797s] INFO:colcon.colcon_core.plugin_system:Skipping extension 'colcon_notification.desktop_notification.win32': Not used on non-Windows systems
[0.797s] INFO:colcon.colcon_notification.desktop_notification:Sending desktop notification using 'notify2'
[0.818s] DEBUG:colcon.colcon_core.event_reactor:joined thread
[0.818s] INFO:colcon.colcon_core.shell:Creating prefix script '/home/nithish/ROS/moveit2_ws/install/local_setup.ps1'
[0.819s] INFO:colcon.colcon_core.shell:Creating prefix util module '/home/nithish/ROS/moveit2_ws/install/_local_setup_util_ps1.py'
[0.820s] INFO:colcon.colcon_core.shell:Creating prefix chain script '/home/nithish/ROS/moveit2_ws/install/setup.ps1'
[0.821s] INFO:colcon.colcon_core.shell:Creating prefix script '/home/nithish/ROS/moveit2_ws/install/local_setup.sh'
[0.822s] INFO:colcon.colcon_core.shell:Creating prefix util module '/home/nithish/ROS/moveit2_ws/install/_local_setup_util_sh.py'
[0.822s] INFO:colcon.colcon_core.shell:Creating prefix chain script '/home/nithish/ROS/moveit2_ws/install/setup.sh'
[0.823s] INFO:colcon.colcon_core.shell:Creating prefix script '/home/nithish/ROS/moveit2_ws/install/local_setup.bash'
[0.824s] INFO:colcon.colcon_core.shell:Creating prefix chain script '/home/nithish/ROS/moveit2_ws/install/setup.bash'
[0.825s] INFO:colcon.colcon_core.shell:Creating prefix script '/home/nithish/ROS/moveit2_ws/install/local_setup.zsh'
[0.825s] INFO:colcon.colcon_core.shell:Creating prefix chain script '/home/nithish/ROS/moveit2_ws/install/setup.zsh'
