[0.017s] Invoking command in '/home/nithish/ROS/moveit2_ws/build/moveit2_controller': CMAKE_PREFIX_PATH=${CMAKE_PREFIX_PATH}:/opt/ros/jazzy DEBUGINFOD_URLS=https://debuginfod.ubuntu.com /usr/bin/cmake --build /home/nithish/ROS/moveit2_ws/build/moveit2_controller -- -j8 -l8
[0.065s] Invoked command in '/home/nithish/ROS/moveit2_ws/build/moveit2_controller' returned '0': CMAKE_PREFIX_PATH=${CMAKE_PREFIX_PATH}:/opt/ros/jazzy DEBUGINFOD_URLS=https://debuginfod.ubuntu.com /usr/bin/cmake --build /home/nithish/ROS/moveit2_ws/build/moveit2_controller -- -j8 -l8
[0.078s] Invoking command in '/home/nithish/ROS/moveit2_ws/build/moveit2_controller': CMAKE_PREFIX_PATH=${CMAKE_PREFIX_PATH}:/opt/ros/jazzy DEBUGINFOD_URLS=https://debuginfod.ubuntu.com /usr/bin/cmake --install /home/nithish/ROS/moveit2_ws/build/moveit2_controller
[0.088s] -- Install configuration: ""
[0.088s] -- Up-to-date: /home/nithish/ROS/moveit2_ws/install/moveit2_controller/share/moveit2_controller/config
[0.089s] -- Up-to-date: /home/nithish/ROS/moveit2_ws/install/moveit2_controller/share/moveit2_controller/config/ros2_controllers.yaml
[0.089s] -- Up-to-date: /home/nithish/ROS/moveit2_ws/install/moveit2_controller/share/ament_index/resource_index/package_run_dependencies/moveit2_controller
[0.089s] -- Up-to-date: /home/nithish/ROS/moveit2_ws/install/moveit2_controller/share/ament_index/resource_index/parent_prefix_path/moveit2_controller
[0.089s] -- Up-to-date: /home/nithish/ROS/moveit2_ws/install/moveit2_controller/share/moveit2_controller/environment/ament_prefix_path.sh
[0.089s] -- Up-to-date: /home/nithish/ROS/moveit2_ws/install/moveit2_controller/share/moveit2_controller/environment/ament_prefix_path.dsv
[0.090s] -- Up-to-date: /home/nithish/ROS/moveit2_ws/install/moveit2_controller/share/moveit2_controller/environment/path.sh
[0.090s] -- Up-to-date: /home/nithish/ROS/moveit2_ws/install/moveit2_controller/share/moveit2_controller/environment/path.dsv
[0.090s] -- Up-to-date: /home/nithish/ROS/moveit2_ws/install/moveit2_controller/share/moveit2_controller/local_setup.bash
[0.090s] -- Up-to-date: /home/nithish/ROS/moveit2_ws/install/moveit2_controller/share/moveit2_controller/local_setup.sh
[0.090s] -- Up-to-date: /home/nithish/ROS/moveit2_ws/install/moveit2_controller/share/moveit2_controller/local_setup.zsh
[0.091s] -- Up-to-date: /home/nithish/ROS/moveit2_ws/install/moveit2_controller/share/moveit2_controller/local_setup.dsv
[0.091s] -- Up-to-date: /home/nithish/ROS/moveit2_ws/install/moveit2_controller/share/moveit2_controller/package.dsv
[0.091s] -- Up-to-date: /home/nithish/ROS/moveit2_ws/install/moveit2_controller/share/ament_index/resource_index/packages/moveit2_controller
[0.091s] -- Up-to-date: /home/nithish/ROS/moveit2_ws/install/moveit2_controller/share/moveit2_controller/cmake/moveit2_controllerConfig.cmake
[0.092s] -- Up-to-date: /home/nithish/ROS/moveit2_ws/install/moveit2_controller/share/moveit2_controller/cmake/moveit2_controllerConfig-version.cmake
[0.092s] -- Up-to-date: /home/nithish/ROS/moveit2_ws/install/moveit2_controller/share/moveit2_controller/package.xml
[0.093s] Invoked command in '/home/nithish/ROS/moveit2_ws/build/moveit2_controller' returned '0': CMAKE_PREFIX_PATH=${CMAKE_PREFIX_PATH}:/opt/ros/jazzy DEBUGINFOD_URLS=https://debuginfod.ubuntu.com /usr/bin/cmake --install /home/nithish/ROS/moveit2_ws/build/moveit2_controller
