[0.021s] Invoking command in '/home/nithish/ROS/moveit2_ws/build/moveit2_moveit': CMAKE_PREFIX_PATH=${CMAKE_PREFIX_PATH}:/opt/ros/jazzy DEBUGINFOD_URLS=https://debuginfod.ubuntu.com /usr/bin/cmake --build /home/nithish/ROS/moveit2_ws/build/moveit2_moveit -- -j8 -l8
[0.094s] Invoked command in '/home/nithish/ROS/moveit2_ws/build/moveit2_moveit' returned '0': CMAKE_PREFIX_PATH=${CMAKE_PREFIX_PATH}:/opt/ros/jazzy DEBUGINFOD_URLS=https://debuginfod.ubuntu.com /usr/bin/cmake --build /home/nithish/ROS/moveit2_ws/build/moveit2_moveit -- -j8 -l8
[0.096s] Invoking command in '/home/nithish/ROS/moveit2_ws/build/moveit2_moveit': CMAKE_PREFIX_PATH=${CMAKE_PREFIX_PATH}:/opt/ros/jazzy DEBUGINFOD_URLS=https://debuginfod.ubuntu.com /usr/bin/cmake --install /home/nithish/ROS/moveit2_ws/build/moveit2_moveit
[0.120s] -- Install configuration: ""
[0.120s] -- Up-to-date: /home/nithish/ROS/moveit2_ws/install/moveit2_moveit/share/moveit2_moveit/config
[0.120s] -- Up-to-date: /home/nithish/ROS/moveit2_ws/install/moveit2_moveit/share/moveit2_moveit/config/gripper_moveit_controllers.yaml
[0.120s] -- Up-to-date: /home/nithish/ROS/moveit2_ws/install/moveit2_moveit/share/moveit2_moveit/config/panda.srdf
[0.120s] -- Up-to-date: /home/nithish/ROS/moveit2_ws/install/moveit2_moveit/share/moveit2_moveit/config/motion_planning.rviz
[0.120s] -- Up-to-date: /home/nithish/ROS/moveit2_ws/install/moveit2_moveit/share/moveit2_moveit/config/joint_limits.yaml
[0.120s] -- Up-to-date: /home/nithish/ROS/moveit2_ws/install/moveit2_moveit/share/moveit2_moveit/config/kinematics.yaml
[0.120s] -- Up-to-date: /home/nithish/ROS/moveit2_ws/install/moveit2_moveit/share/moveit2_moveit/config/initial_positions.yaml
[0.120s] -- Up-to-date: /home/nithish/ROS/moveit2_ws/install/moveit2_moveit/share/moveit2_moveit/config/controller_setting.yaml
[0.121s] -- Installing: /home/nithish/ROS/moveit2_ws/install/moveit2_moveit/share/moveit2_moveit/config/pilz_cartesian_limits.yaml
[0.121s] -- Up-to-date: /home/nithish/ROS/moveit2_ws/install/moveit2_moveit/share/moveit2_moveit/launch
[0.121s] -- Up-to-date: /home/nithish/ROS/moveit2_ws/install/moveit2_moveit/share/moveit2_moveit/launch/moveit.launch.py
[0.121s] -- Up-to-date: /home/nithish/ROS/moveit2_ws/install/moveit2_moveit/share/ament_index/resource_index/package_run_dependencies/moveit2_moveit
[0.121s] -- Up-to-date: /home/nithish/ROS/moveit2_ws/install/moveit2_moveit/share/ament_index/resource_index/parent_prefix_path/moveit2_moveit
[0.121s] -- Up-to-date: /home/nithish/ROS/moveit2_ws/install/moveit2_moveit/share/moveit2_moveit/environment/ament_prefix_path.sh
[0.121s] -- Up-to-date: /home/nithish/ROS/moveit2_ws/install/moveit2_moveit/share/moveit2_moveit/environment/ament_prefix_path.dsv
[0.121s] -- Up-to-date: /home/nithish/ROS/moveit2_ws/install/moveit2_moveit/share/moveit2_moveit/environment/path.sh
[0.121s] -- Up-to-date: /home/nithish/ROS/moveit2_ws/install/moveit2_moveit/share/moveit2_moveit/environment/path.dsv
[0.121s] -- Up-to-date: /home/nithish/ROS/moveit2_ws/install/moveit2_moveit/share/moveit2_moveit/local_setup.bash
[0.121s] -- Up-to-date: /home/nithish/ROS/moveit2_ws/install/moveit2_moveit/share/moveit2_moveit/local_setup.sh
[0.121s] -- Up-to-date: /home/nithish/ROS/moveit2_ws/install/moveit2_moveit/share/moveit2_moveit/local_setup.zsh
[0.122s] -- Up-to-date: /home/nithish/ROS/moveit2_ws/install/moveit2_moveit/share/moveit2_moveit/local_setup.dsv
[0.122s] -- Installing: /home/nithish/ROS/moveit2_ws/install/moveit2_moveit/share/moveit2_moveit/package.dsv
[0.122s] -- Up-to-date: /home/nithish/ROS/moveit2_ws/install/moveit2_moveit/share/ament_index/resource_index/packages/moveit2_moveit
[0.122s] -- Up-to-date: /home/nithish/ROS/moveit2_ws/install/moveit2_moveit/share/moveit2_moveit/cmake/moveit2_moveitConfig.cmake
[0.122s] -- Up-to-date: /home/nithish/ROS/moveit2_ws/install/moveit2_moveit/share/moveit2_moveit/cmake/moveit2_moveitConfig-version.cmake
[0.122s] -- Up-to-date: /home/nithish/ROS/moveit2_ws/install/moveit2_moveit/share/moveit2_moveit/package.xml
[0.166s] Invoked command in '/home/nithish/ROS/moveit2_ws/build/moveit2_moveit' returned '0': CMAKE_PREFIX_PATH=${CMAKE_PREFIX_PATH}:/opt/ros/jazzy DEBUGINFOD_URLS=https://debuginfod.ubuntu.com /usr/bin/cmake --install /home/nithish/ROS/moveit2_ws/build/moveit2_moveit
