-- Found ament_cmake: 2.5.4 (/opt/ros/jazzy/share/ament_cmake/cmake)
-- Found ament_lint_auto: 0.17.3 (/opt/ros/jazzy/share/ament_lint_auto/cmake)
-- Added test 'flake8' to check Python code syntax and style conventions
-- Configured 'flake8' exclude dirs and/or files: 
-- Added test 'lint_cmake' to check CMake code style
-- Added test 'pep257' to check Python code against some of the docstring style conventions in PEP 257
-- Added test 'xmllint' to check XML markup files
-- Configuring done (0.4s)
-- Generating done (0.0s)
-- Build files have been written to: /home/nithish/ROS/moveit2_ws/build/moveit2_moveit
-- Install configuration: ""
-- Installing: /home/nithish/ROS/moveit2_ws/install/moveit2_moveit/share/moveit2_moveit/config
-- Installing: /home/nithish/ROS/moveit2_ws/install/moveit2_moveit/share/moveit2_moveit/config/gripper_moveit_controllers.yaml
-- Installing: /home/nithish/ROS/moveit2_ws/install/moveit2_moveit/share/moveit2_moveit/config/panda.srdf
-- Installing: /home/nithish/ROS/moveit2_ws/install/moveit2_moveit/share/moveit2_moveit/config/motion_planning.rviz
-- Installing: /home/nithish/ROS/moveit2_ws/install/moveit2_moveit/share/moveit2_moveit/config/joint_limits.yaml
-- Installing: /home/nithish/ROS/moveit2_ws/install/moveit2_moveit/share/moveit2_moveit/config/kinematics.yaml
-- Installing: /home/nithish/ROS/moveit2_ws/install/moveit2_moveit/share/moveit2_moveit/config/initial_positions.yaml
-- Installing: /home/nithish/ROS/moveit2_ws/install/moveit2_moveit/share/moveit2_moveit/config/controller_setting.yaml
-- Installing: /home/nithish/ROS/moveit2_ws/install/moveit2_moveit/share/moveit2_moveit/launch
-- Installing: /home/nithish/ROS/moveit2_ws/install/moveit2_moveit/share/moveit2_moveit/launch/moveit.launch.py
-- Up-to-date: /home/nithish/ROS/moveit2_ws/install/moveit2_moveit/share/ament_index/resource_index/package_run_dependencies/moveit2_moveit
-- Up-to-date: /home/nithish/ROS/moveit2_ws/install/moveit2_moveit/share/ament_index/resource_index/parent_prefix_path/moveit2_moveit
-- Up-to-date: /home/nithish/ROS/moveit2_ws/install/moveit2_moveit/share/moveit2_moveit/environment/ament_prefix_path.sh
-- Up-to-date: /home/nithish/ROS/moveit2_ws/install/moveit2_moveit/share/moveit2_moveit/environment/ament_prefix_path.dsv
-- Up-to-date: /home/nithish/ROS/moveit2_ws/install/moveit2_moveit/share/moveit2_moveit/environment/path.sh
-- Up-to-date: /home/nithish/ROS/moveit2_ws/install/moveit2_moveit/share/moveit2_moveit/environment/path.dsv
-- Up-to-date: /home/nithish/ROS/moveit2_ws/install/moveit2_moveit/share/moveit2_moveit/local_setup.bash
-- Up-to-date: /home/nithish/ROS/moveit2_ws/install/moveit2_moveit/share/moveit2_moveit/local_setup.sh
-- Up-to-date: /home/nithish/ROS/moveit2_ws/install/moveit2_moveit/share/moveit2_moveit/local_setup.zsh
-- Up-to-date: /home/nithish/ROS/moveit2_ws/install/moveit2_moveit/share/moveit2_moveit/local_setup.dsv
-- Up-to-date: /home/nithish/ROS/moveit2_ws/install/moveit2_moveit/share/moveit2_moveit/package.dsv
-- Up-to-date: /home/nithish/ROS/moveit2_ws/install/moveit2_moveit/share/ament_index/resource_index/packages/moveit2_moveit
-- Up-to-date: /home/nithish/ROS/moveit2_ws/install/moveit2_moveit/share/moveit2_moveit/cmake/moveit2_moveitConfig.cmake
-- Up-to-date: /home/nithish/ROS/moveit2_ws/install/moveit2_moveit/share/moveit2_moveit/cmake/moveit2_moveitConfig-version.cmake
-- Up-to-date: /home/nithish/ROS/moveit2_ws/install/moveit2_moveit/share/moveit2_moveit/package.xml
