[0.021s] Invoking command in '/home/nithish/ROS/moveit2_ws/build/moveit2_moveit': CMAKE_PREFIX_PATH=${CMAKE_PREFIX_PATH}:/opt/ros/jazzy DEBUGINFOD_URLS=https://debuginfod.ubuntu.com /usr/bin/cmake --build /home/nithish/ROS/moveit2_ws/build/moveit2_moveit -- -j8 -l8
[0.049s] -- Found ament_cmake: 2.5.4 (/opt/ros/jazzy/share/ament_cmake/cmake)
[0.300s] -- Found ament_lint_auto: 0.17.3 (/opt/ros/jazzy/share/ament_lint_auto/cmake)
[0.402s] -- Added test 'flake8' to check Python code syntax and style conventions
[0.402s] -- Configured 'flake8' exclude dirs and/or files: 
[0.402s] -- Added test 'lint_cmake' to check CMake code style
[0.402s] -- Added test 'pep257' to check Python code against some of the docstring style conventions in PEP 257
[0.403s] -- Added test 'xmllint' to check XML markup files
[0.404s] -- Configuring done (0.4s)
[0.406s] -- Generating done (0.0s)
[0.408s] -- Build files have been written to: /home/nithish/ROS/moveit2_ws/build/moveit2_moveit
[0.432s] Invoked command in '/home/nithish/ROS/moveit2_ws/build/moveit2_moveit' returned '0': CMAKE_PREFIX_PATH=${CMAKE_PREFIX_PATH}:/opt/ros/jazzy DEBUGINFOD_URLS=https://debuginfod.ubuntu.com /usr/bin/cmake --build /home/nithish/ROS/moveit2_ws/build/moveit2_moveit -- -j8 -l8
[0.433s] Invoking command in '/home/nithish/ROS/moveit2_ws/build/moveit2_moveit': CMAKE_PREFIX_PATH=${CMAKE_PREFIX_PATH}:/opt/ros/jazzy DEBUGINFOD_URLS=https://debuginfod.ubuntu.com /usr/bin/cmake --install /home/nithish/ROS/moveit2_ws/build/moveit2_moveit
[0.440s] -- Install configuration: ""
[0.440s] -- Installing: /home/nithish/ROS/moveit2_ws/install/moveit2_moveit/share/moveit2_moveit/config
[0.440s] -- Installing: /home/nithish/ROS/moveit2_ws/install/moveit2_moveit/share/moveit2_moveit/config/gripper_moveit_controllers.yaml
[0.441s] -- Installing: /home/nithish/ROS/moveit2_ws/install/moveit2_moveit/share/moveit2_moveit/config/panda.srdf
[0.441s] -- Installing: /home/nithish/ROS/moveit2_ws/install/moveit2_moveit/share/moveit2_moveit/config/motion_planning.rviz
[0.441s] -- Installing: /home/nithish/ROS/moveit2_ws/install/moveit2_moveit/share/moveit2_moveit/config/joint_limits.yaml
[0.441s] -- Installing: /home/nithish/ROS/moveit2_ws/install/moveit2_moveit/share/moveit2_moveit/config/kinematics.yaml
[0.441s] -- Installing: /home/nithish/ROS/moveit2_ws/install/moveit2_moveit/share/moveit2_moveit/config/initial_positions.yaml
[0.441s] -- Installing: /home/nithish/ROS/moveit2_ws/install/moveit2_moveit/share/moveit2_moveit/config/controller_setting.yaml
[0.441s] -- Installing: /home/nithish/ROS/moveit2_ws/install/moveit2_moveit/share/moveit2_moveit/launch
[0.441s] -- Installing: /home/nithish/ROS/moveit2_ws/install/moveit2_moveit/share/moveit2_moveit/launch/moveit.launch.py
[0.442s] -- Up-to-date: /home/nithish/ROS/moveit2_ws/install/moveit2_moveit/share/ament_index/resource_index/package_run_dependencies/moveit2_moveit
[0.442s] -- Up-to-date: /home/nithish/ROS/moveit2_ws/install/moveit2_moveit/share/ament_index/resource_index/parent_prefix_path/moveit2_moveit
[0.442s] -- Up-to-date: /home/nithish/ROS/moveit2_ws/install/moveit2_moveit/share/moveit2_moveit/environment/ament_prefix_path.sh
[0.442s] -- Up-to-date: /home/nithish/ROS/moveit2_ws/install/moveit2_moveit/share/moveit2_moveit/environment/ament_prefix_path.dsv
[0.442s] -- Up-to-date: /home/nithish/ROS/moveit2_ws/install/moveit2_moveit/share/moveit2_moveit/environment/path.sh
[0.442s] -- Up-to-date: /home/nithish/ROS/moveit2_ws/install/moveit2_moveit/share/moveit2_moveit/environment/path.dsv
[0.442s] -- Up-to-date: /home/nithish/ROS/moveit2_ws/install/moveit2_moveit/share/moveit2_moveit/local_setup.bash
[0.442s] -- Up-to-date: /home/nithish/ROS/moveit2_ws/install/moveit2_moveit/share/moveit2_moveit/local_setup.sh
[0.442s] -- Up-to-date: /home/nithish/ROS/moveit2_ws/install/moveit2_moveit/share/moveit2_moveit/local_setup.zsh
[0.442s] -- Up-to-date: /home/nithish/ROS/moveit2_ws/install/moveit2_moveit/share/moveit2_moveit/local_setup.dsv
[0.442s] -- Up-to-date: /home/nithish/ROS/moveit2_ws/install/moveit2_moveit/share/moveit2_moveit/package.dsv
[0.443s] -- Up-to-date: /home/nithish/ROS/moveit2_ws/install/moveit2_moveit/share/ament_index/resource_index/packages/moveit2_moveit
[0.443s] -- Up-to-date: /home/nithish/ROS/moveit2_ws/install/moveit2_moveit/share/moveit2_moveit/cmake/moveit2_moveitConfig.cmake
[0.443s] -- Up-to-date: /home/nithish/ROS/moveit2_ws/install/moveit2_moveit/share/moveit2_moveit/cmake/moveit2_moveitConfig-version.cmake
[0.443s] -- Up-to-date: /home/nithish/ROS/moveit2_ws/install/moveit2_moveit/share/moveit2_moveit/package.xml
[0.445s] Invoked command in '/home/nithish/ROS/moveit2_ws/build/moveit2_moveit' returned '0': CMAKE_PREFIX_PATH=${CMAKE_PREFIX_PATH}:/opt/ros/jazzy DEBUGINFOD_URLS=https://debuginfod.ubuntu.com /usr/bin/cmake --install /home/nithish/ROS/moveit2_ws/build/moveit2_moveit
