[0.007s] Invoking command in '/home/nithish/ROS/moveit2_ws/build/yolov8_obb': CMAKE_PREFIX_PATH=${CMAKE_PREFIX_PATH}:/opt/ros/jazzy DEBUGINFOD_URLS=https://debuginfod.ubuntu.com /usr/bin/cmake /home/nithish/ROS/moveit2_ws/src/yolov8_obb -DCMAKE_INSTALL_PREFIX=/home/nithish/ROS/moveit2_ws/install/yolov8_obb
[0.046s] -- The C compiler identification is GNU 13.3.0
[0.085s] -- The CXX compiler identification is GNU 13.3.0
[0.096s] -- Detecting C compiler ABI info
[0.160s] -- Detecting C compiler ABI info - done
[0.166s] -- Check for working C compiler: /usr/bin/cc - skipped
[0.166s] -- Detecting C compile features
[0.166s] -- Detecting C compile features - done
[0.173s] -- Detecting CXX compiler ABI info
[0.241s] -- Detecting CXX compiler ABI info - done
[0.247s] -- Check for working CXX compiler: /usr/bin/c++ - skipped
[0.248s] -- Detecting CXX compile features
[0.248s] -- Detecting CXX compile features - done
[0.251s] -- Found ament_cmake: 2.5.4 (/opt/ros/jazzy/share/ament_cmake/cmake)
[0.365s] -- Found Python3: /usr/bin/python3 (found version "3.12.3") found components: Interpreter 
[0.455s] -- Found ament_lint_auto: 0.17.3 (/opt/ros/jazzy/share/ament_lint_auto/cmake)
[0.539s] -- Added test 'flake8' to check Python code syntax and style conventions
[0.539s] -- Configured 'flake8' exclude dirs and/or files: 
[0.540s] -- Added test 'lint_cmake' to check CMake code style
[0.540s] -- Added test 'pep257' to check Python code against some of the docstring style conventions in PEP 257
[0.541s] -- Added test 'xmllint' to check XML markup files
[0.542s] -- Configuring done (0.5s)
[0.544s] -- Generating done (0.0s)
[0.545s] -- Build files have been written to: /home/nithish/ROS/moveit2_ws/build/yolov8_obb
[0.549s] Invoked command in '/home/nithish/ROS/moveit2_ws/build/yolov8_obb' returned '0': CMAKE_PREFIX_PATH=${CMAKE_PREFIX_PATH}:/opt/ros/jazzy DEBUGINFOD_URLS=https://debuginfod.ubuntu.com /usr/bin/cmake /home/nithish/ROS/moveit2_ws/src/yolov8_obb -DCMAKE_INSTALL_PREFIX=/home/nithish/ROS/moveit2_ws/install/yolov8_obb
[0.549s] Invoking command in '/home/nithish/ROS/moveit2_ws/build/yolov8_obb': CMAKE_PREFIX_PATH=${CMAKE_PREFIX_PATH}:/opt/ros/jazzy DEBUGINFOD_URLS=https://debuginfod.ubuntu.com /usr/bin/cmake --build /home/nithish/ROS/moveit2_ws/build/yolov8_obb -- -j8 -l8
[0.578s] Invoked command in '/home/nithish/ROS/moveit2_ws/build/yolov8_obb' returned '0': CMAKE_PREFIX_PATH=${CMAKE_PREFIX_PATH}:/opt/ros/jazzy DEBUGINFOD_URLS=https://debuginfod.ubuntu.com /usr/bin/cmake --build /home/nithish/ROS/moveit2_ws/build/yolov8_obb -- -j8 -l8
[0.585s] Invoking command in '/home/nithish/ROS/moveit2_ws/build/yolov8_obb': CMAKE_PREFIX_PATH=${CMAKE_PREFIX_PATH}:/opt/ros/jazzy DEBUGINFOD_URLS=https://debuginfod.ubuntu.com /usr/bin/cmake --install /home/nithish/ROS/moveit2_ws/build/yolov8_obb
[0.591s] -- Install configuration: ""
[0.591s] -- Installing: /home/nithish/ROS/moveit2_ws/install/yolov8_obb/share/yolov8_obb//scripts
[0.591s] -- Installing: /home/nithish/ROS/moveit2_ws/install/yolov8_obb/share/yolov8_obb//scripts/yolov8_obb_publisher.py
[0.591s] -- Installing: /home/nithish/ROS/moveit2_ws/install/yolov8_obb/share/yolov8_obb//scripts/yolov8_obb_subscriber.py
[0.591s] -- Installing: /home/nithish/ROS/moveit2_ws/install/yolov8_obb/share/yolov8_obb//scripts/best.pt
[0.594s] -- Installing: /home/nithish/ROS/moveit2_ws/install/yolov8_obb/share/yolov8_obb//launch
[0.594s] -- Installing: /home/nithish/ROS/moveit2_ws/install/yolov8_obb/share/yolov8_obb//launch/yolov8_obb.launch.py
[0.594s] -- Installing: /home/nithish/ROS/moveit2_ws/install/yolov8_obb/lib/yolov8_obb/yolov8_obb_publisher.py
[0.594s] -- Installing: /home/nithish/ROS/moveit2_ws/install/yolov8_obb/lib/yolov8_obb/yolov8_obb_subscriber.py
[0.594s] -- Installing: /home/nithish/ROS/moveit2_ws/install/yolov8_obb/lib/yolov8_obb/yolov8_obb.launch.py
[0.594s] -- Installing: /home/nithish/ROS/moveit2_ws/install/yolov8_obb/share/ament_index/resource_index/package_run_dependencies/yolov8_obb
[0.594s] -- Installing: /home/nithish/ROS/moveit2_ws/install/yolov8_obb/share/ament_index/resource_index/parent_prefix_path/yolov8_obb
[0.594s] -- Installing: /home/nithish/ROS/moveit2_ws/install/yolov8_obb/share/yolov8_obb/environment/ament_prefix_path.sh
[0.594s] -- Installing: /home/nithish/ROS/moveit2_ws/install/yolov8_obb/share/yolov8_obb/environment/ament_prefix_path.dsv
[0.594s] -- Installing: /home/nithish/ROS/moveit2_ws/install/yolov8_obb/share/yolov8_obb/environment/path.sh
[0.594s] -- Installing: /home/nithish/ROS/moveit2_ws/install/yolov8_obb/share/yolov8_obb/environment/path.dsv
[0.595s] -- Installing: /home/nithish/ROS/moveit2_ws/install/yolov8_obb/share/yolov8_obb/local_setup.bash
[0.595s] -- Installing: /home/nithish/ROS/moveit2_ws/install/yolov8_obb/share/yolov8_obb/local_setup.sh
[0.595s] -- Installing: /home/nithish/ROS/moveit2_ws/install/yolov8_obb/share/yolov8_obb/local_setup.zsh
[0.595s] -- Installing: /home/nithish/ROS/moveit2_ws/install/yolov8_obb/share/yolov8_obb/local_setup.dsv
[0.595s] -- Installing: /home/nithish/ROS/moveit2_ws/install/yolov8_obb/share/yolov8_obb/package.dsv
[0.595s] -- Installing: /home/nithish/ROS/moveit2_ws/install/yolov8_obb/share/ament_index/resource_index/packages/yolov8_obb
[0.595s] -- Installing: /home/nithish/ROS/moveit2_ws/install/yolov8_obb/share/yolov8_obb/cmake/yolov8_obbConfig.cmake
[0.595s] -- Installing: /home/nithish/ROS/moveit2_ws/install/yolov8_obb/share/yolov8_obb/cmake/yolov8_obbConfig-version.cmake
[0.595s] -- Installing: /home/nithish/ROS/moveit2_ws/install/yolov8_obb/share/yolov8_obb/package.xml
[0.597s] Invoked command in '/home/nithish/ROS/moveit2_ws/build/yolov8_obb' returned '0': CMAKE_PREFIX_PATH=${CMAKE_PREFIX_PATH}:/opt/ros/jazzy DEBUGINFOD_URLS=https://debuginfod.ubuntu.com /usr/bin/cmake --install /home/nithish/ROS/moveit2_ws/build/yolov8_obb
