[0.015s] Invoking command in '/home/nithish/ROS/moveit2_ws/build/moveit2_description': CMAKE_PREFIX_PATH=${CMAKE_PREFIX_PATH}:/opt/ros/jazzy DEBUGINFOD_URLS=https://debuginfod.ubuntu.com /usr/bin/cmake --build /home/nithish/ROS/moveit2_ws/build/moveit2_description -- -j8 -l8
[0.042s] -- Found ament_cmake: 2.5.4 (/opt/ros/jazzy/share/ament_cmake/cmake)
[0.319s] -- Found urdf: 2.10.0 (/opt/ros/jazzy/share/urdf/cmake)
[0.354s] -- Found TinyXML2 via Config file: /usr/lib/x86_64-linux-gnu/cmake/tinyxml2
[0.361s] -- Found ament_lint_auto: 0.17.3 (/opt/ros/jazzy/share/ament_lint_auto/cmake)
[0.487s] -- Added test 'flake8' to check Python code syntax and style conventions
[0.487s] -- Configured 'flake8' exclude dirs and/or files: 
[0.487s] -- Added test 'lint_cmake' to check CMake code style
[0.488s] -- Added test 'pep257' to check Python code against some of the docstring style conventions in PEP 257
[0.489s] -- Added test 'xmllint' to check XML markup files
[0.490s] -- Configuring done (0.5s)
[0.493s] -- Generating done (0.0s)
[0.495s] -- Build files have been written to: /home/nithish/ROS/moveit2_ws/build/moveit2_description
[0.531s] Invoked command in '/home/nithish/ROS/moveit2_ws/build/moveit2_description' returned '0': CMAKE_PREFIX_PATH=${CMAKE_PREFIX_PATH}:/opt/ros/jazzy DEBUGINFOD_URLS=https://debuginfod.ubuntu.com /usr/bin/cmake --build /home/nithish/ROS/moveit2_ws/build/moveit2_description -- -j8 -l8
[0.532s] Invoking command in '/home/nithish/ROS/moveit2_ws/build/moveit2_description': CMAKE_PREFIX_PATH=${CMAKE_PREFIX_PATH}:/opt/ros/jazzy DEBUGINFOD_URLS=https://debuginfod.ubuntu.com /usr/bin/cmake --install /home/nithish/ROS/moveit2_ws/build/moveit2_description
[0.541s] -- Install configuration: ""
[0.541s] -- Up-to-date: /home/nithish/ROS/moveit2_ws/install/moveit2_description/share/moveit2_description/meshes
[0.541s] -- Up-to-date: /home/nithish/ROS/moveit2_ws/install/moveit2_description/share/moveit2_description/meshes/visual
[0.541s] -- Up-to-date: /home/nithish/ROS/moveit2_ws/install/moveit2_description/share/moveit2_description/meshes/visual/hand.dae
[0.541s] -- Up-to-date: /home/nithish/ROS/moveit2_ws/install/moveit2_description/share/moveit2_description/meshes/visual/link0.dae
[0.542s] -- Up-to-date: /home/nithish/ROS/moveit2_ws/install/moveit2_description/share/moveit2_description/meshes/visual/link6.dae
[0.542s] -- Up-to-date: /home/nithish/ROS/moveit2_ws/install/moveit2_description/share/moveit2_description/meshes/visual/link3.dae
[0.542s] -- Up-to-date: /home/nithish/ROS/moveit2_ws/install/moveit2_description/share/moveit2_description/meshes/visual/link5.dae
[0.542s] -- Up-to-date: /home/nithish/ROS/moveit2_ws/install/moveit2_description/share/moveit2_description/meshes/visual/finger.dae
[0.542s] -- Up-to-date: /home/nithish/ROS/moveit2_ws/install/moveit2_description/share/moveit2_description/meshes/visual/finger_old.dae
[0.542s] -- Up-to-date: /home/nithish/ROS/moveit2_ws/install/moveit2_description/share/moveit2_description/meshes/visual/link4.dae
[0.542s] -- Up-to-date: /home/nithish/ROS/moveit2_ws/install/moveit2_description/share/moveit2_description/meshes/visual/link7.dae
[0.542s] -- Up-to-date: /home/nithish/ROS/moveit2_ws/install/moveit2_description/share/moveit2_description/meshes/visual/link2.dae
[0.542s] -- Up-to-date: /home/nithish/ROS/moveit2_ws/install/moveit2_description/share/moveit2_description/meshes/visual/camera.dae
[0.542s] -- Up-to-date: /home/nithish/ROS/moveit2_ws/install/moveit2_description/share/moveit2_description/meshes/visual/link1.dae
[0.543s] -- Up-to-date: /home/nithish/ROS/moveit2_ws/install/moveit2_description/share/moveit2_description/meshes/collision
[0.543s] -- Up-to-date: /home/nithish/ROS/moveit2_ws/install/moveit2_description/share/moveit2_description/meshes/collision/link6.stl
[0.543s] -- Up-to-date: /home/nithish/ROS/moveit2_ws/install/moveit2_description/share/moveit2_description/meshes/collision/link1.stl
[0.543s] -- Up-to-date: /home/nithish/ROS/moveit2_ws/install/moveit2_description/share/moveit2_description/meshes/collision/finger.stl
[0.543s] -- Up-to-date: /home/nithish/ROS/moveit2_ws/install/moveit2_description/share/moveit2_description/meshes/collision/link3.stl
[0.543s] -- Up-to-date: /home/nithish/ROS/moveit2_ws/install/moveit2_description/share/moveit2_description/meshes/collision/finger_old.stl
[0.543s] -- Up-to-date: /home/nithish/ROS/moveit2_ws/install/moveit2_description/share/moveit2_description/meshes/collision/link2.stl
[0.543s] -- Up-to-date: /home/nithish/ROS/moveit2_ws/install/moveit2_description/share/moveit2_description/meshes/collision/link0.stl
[0.543s] -- Up-to-date: /home/nithish/ROS/moveit2_ws/install/moveit2_description/share/moveit2_description/meshes/collision/link5.stl
[0.544s] -- Up-to-date: /home/nithish/ROS/moveit2_ws/install/moveit2_description/share/moveit2_description/meshes/collision/hand.stl
[0.544s] -- Up-to-date: /home/nithish/ROS/moveit2_ws/install/moveit2_description/share/moveit2_description/meshes/collision/link4.stl
[0.544s] -- Up-to-date: /home/nithish/ROS/moveit2_ws/install/moveit2_description/share/moveit2_description/meshes/collision/camera.stl
[0.544s] -- Up-to-date: /home/nithish/ROS/moveit2_ws/install/moveit2_description/share/moveit2_description/meshes/collision/link7.stl
[0.544s] -- Up-to-date: /home/nithish/ROS/moveit2_ws/install/moveit2_description/share/moveit2_description/urdf
[0.544s] -- Up-to-date: /home/nithish/ROS/moveit2_ws/install/moveit2_description/share/moveit2_description/urdf/panda.gazebo_ros2_control.xacro
[0.544s] -- Up-to-date: /home/nithish/ROS/moveit2_ws/install/moveit2_description/share/moveit2_description/urdf/panda.urdf
[0.544s] -- Up-to-date: /home/nithish/ROS/moveit2_ws/install/moveit2_description/share/moveit2_description/urdf/panda.urdf.xacro
[0.545s] -- Up-to-date: /home/nithish/ROS/moveit2_ws/install/moveit2_description/share/moveit2_description/urdf/camera
[0.545s] -- Up-to-date: /home/nithish/ROS/moveit2_ws/install/moveit2_description/share/moveit2_description/urdf/camera/camera.gazebo
[0.545s] -- Up-to-date: /home/nithish/ROS/moveit2_ws/install/moveit2_description/share/moveit2_description/urdf/camera/camera.xacro
[0.545s] -- Up-to-date: /home/nithish/ROS/moveit2_ws/install/moveit2_description/share/moveit2_description/urdf/initial_positions.yaml
[0.545s] -- Up-to-date: /home/nithish/ROS/moveit2_ws/install/moveit2_description/share/moveit2_description/launch
[0.545s] -- Up-to-date: /home/nithish/ROS/moveit2_ws/install/moveit2_description/share/moveit2_description/launch/rviz.launch.py
[0.545s] -- Up-to-date: /home/nithish/ROS/moveit2_ws/install/moveit2_description/share/moveit2_description/launch/gazebo.launch.py
[0.545s] -- Up-to-date: /home/nithish/ROS/moveit2_ws/install/moveit2_description/share/moveit2_description/worlds
[0.545s] -- Up-to-date: /home/nithish/ROS/moveit2_ws/install/moveit2_description/share/moveit2_description/worlds/gazebo_world.sdf
[0.545s] -- Installing: /home/nithish/ROS/moveit2_ws/install/moveit2_description/share/moveit2_description/config
[0.545s] -- Installing: /home/nithish/ROS/moveit2_ws/install/moveit2_description/share/moveit2_description/config/ros_gz_bridge.yaml
[0.545s] -- Up-to-date: /home/nithish/ROS/moveit2_ws/install/moveit2_description/share/ament_index/resource_index/package_run_dependencies/moveit2_description
[0.546s] -- Up-to-date: /home/nithish/ROS/moveit2_ws/install/moveit2_description/share/ament_index/resource_index/parent_prefix_path/moveit2_description
[0.546s] -- Up-to-date: /home/nithish/ROS/moveit2_ws/install/moveit2_description/share/moveit2_description/environment/ament_prefix_path.sh
[0.546s] -- Up-to-date: /home/nithish/ROS/moveit2_ws/install/moveit2_description/share/moveit2_description/environment/ament_prefix_path.dsv
[0.546s] -- Up-to-date: /home/nithish/ROS/moveit2_ws/install/moveit2_description/share/moveit2_description/environment/path.sh
[0.546s] -- Up-to-date: /home/nithish/ROS/moveit2_ws/install/moveit2_description/share/moveit2_description/environment/path.dsv
[0.546s] -- Up-to-date: /home/nithish/ROS/moveit2_ws/install/moveit2_description/share/moveit2_description/local_setup.bash
[0.546s] -- Up-to-date: /home/nithish/ROS/moveit2_ws/install/moveit2_description/share/moveit2_description/local_setup.sh
[0.547s] -- Up-to-date: /home/nithish/ROS/moveit2_ws/install/moveit2_description/share/moveit2_description/local_setup.zsh
[0.547s] -- Up-to-date: /home/nithish/ROS/moveit2_ws/install/moveit2_description/share/moveit2_description/local_setup.dsv
[0.547s] -- Up-to-date: /home/nithish/ROS/moveit2_ws/install/moveit2_description/share/moveit2_description/package.dsv
[0.547s] -- Up-to-date: /home/nithish/ROS/moveit2_ws/install/moveit2_description/share/ament_index/resource_index/packages/moveit2_description
[0.547s] -- Up-to-date: /home/nithish/ROS/moveit2_ws/install/moveit2_description/share/moveit2_description/cmake/moveit2_descriptionConfig.cmake
[0.547s] -- Up-to-date: /home/nithish/ROS/moveit2_ws/install/moveit2_description/share/moveit2_description/cmake/moveit2_descriptionConfig-version.cmake
[0.547s] -- Up-to-date: /home/nithish/ROS/moveit2_ws/install/moveit2_description/share/moveit2_description/package.xml
[0.547s] Invoked command in '/home/nithish/ROS/moveit2_ws/build/moveit2_description' returned '0': CMAKE_PREFIX_PATH=${CMAKE_PREFIX_PATH}:/opt/ros/jazzy DEBUGINFOD_URLS=https://debuginfod.ubuntu.com /usr/bin/cmake --install /home/nithish/ROS/moveit2_ws/build/moveit2_description
